3	header
postResults v2.0.2	single_phase_equiaxed_tension.spectralOut --cr f,p
filterTable v2.0.2	--white inc,1_f,1_p
inc	1_f	1_p
0.0	1.0	1.36765726699e-05
1.0	1.0001	16336009.0734
2.0	1.0002	32677008.8472
3.0	1.0003	49022950.4775
4.0	1.0004	65373835.4716
5.0	1.0005	81729673.1343
6.0	1.0006	98090470.9295
7.0	1.0007	114456228.415
8.0	1.0008	130826938.929
9.0	1.0009	147202604.28
10.0	1.001	163583225.671
11.0	1.0011	179968804.287
12.0	1.0012	196359339.603
13.0	1.0013	212754833.26
14.0	1.0014	229155284.729
15.0	1.0015	245560695.296
16.0	1.0016	261971064.674
17.0	1.0017	278386394.048
18.0	1.0018	294806683.189
19.0	1.0019	311231933.225
20.0	1.002	327662143.973
21.0	1.0021	344097316.471
22.0	1.0022	360537450.13
23.0	1.0023	376982544.301
24.0	1.0024	393432594.147
25.0	1.0025	409887592.732
26.0	1.0026	426347523.128
27.0	1.0027	442812351.856
28.0	1.0028	459282010.862
29.0	1.0029	475756368.828
30.0	1.003	492235183.009
31.0	1.0031	508718007.027
32.0	1.0032	525204046.712
33.0	1.0033	541691919.391
34.0	1.0034	558179305.784
35.0	1.0035	574662435.492
36.0	1.0036	591135474.354
37.0	1.0037	607589832.047
38.0	1.0038	624013739.61
39.0	1.0039	640392214.866
40.0	1.004	656708007.436
41.0	1.0041	672943045.314
42.0	1.0042	689080988.085
43.0	1.0043	705108618.874
44.0	1.0044	721017353.975
45.0	1.0045	736801843.86
46.0	1.0046	752461690.765
47.0	1.0047	767999009.68
48.0	1.0048	783419624.58
49.0	1.0049	798730168.877
50.0	1.005	813939109.612
51.0	1.0051	829054072.068
52.0	1.0052	844083056.254
53.0	1.0053	859032492.645
54.0	1.0054	873908682.09
55.0	1.0055	888716429.248
56.0	1.0056	903460364.354
57.0	1.0057	918143878.498
58.0	1.0058	932770185.449
59.0	1.0059	947341436.802
60.0	1.006	961859593.314
61.0	1.0061	976325698.208
62.0	1.0062	990740665.166
63.0	1.0063	1005104667.8
64.0	1.0064	1019417864.24
65.0	1.0065	1033679821.15
66.0	1.0066	1047890136.63
67.0	1.0067	1062047856.52
68.0	1.0068	1076151999.71
69.0	1.0069	1090200984.12
70.0	1.007	1104193097.37
71.0	1.0071	1118125958.72
72.0	1.0072	1131996987.67
73.0	1.0073	1145802927.2
74.0	1.0074	1159540366.41
75.0	1.0075	1173205347.29
76.0	1.0076	1186793973.18
77.0	1.0077	1200302087.76
78.0	1.0078	1213725948.45
79.0	1.0079	1227061918.05
80.0	1.008	1240307137.78
81.0	1.0081	1253459155.73
82.0	1.0082	1266516536.75
83.0	1.0083	1279478387.79
84.0	1.0084	1292344879.23
85.0	1.0085	1305116681.28
86.0	1.0086	1317795407.73
87.0	1.0087	1330383013.35
88.0	1.0088	1342882187.25
89.0	1.0089	1355295765.59
90.0	1.009	1367627096.68
91.0	1.0091	1379879503.37
92.0	1.0092	1392056630.67
93.0	1.0093	1404161970.9
94.0	1.0094	1416199197.03
95.0	1.0095	1428171748.86
96.0	1.0096	1440083151.21
97.0	1.0097	1451936652.65
98.0	1.0098	1463735526.69
99.0	1.0099	1475482754.64
100.0	1.01	1487181308.22
101.0	1.0099	1467493891.73
102.0	1.0098	1448869609.37
103.0	1.0097	1430890406.61
104.0	1.0096	1413328665.17
105.0	1.0095	1396042647.99
106.0	1.0094	1378947587.89
107.0	1.0093	1361983104.3
108.0	1.0092	1345113743.35
109.0	1.0091	1328312212.45
110.0	1.009	1311561500.4
111.0	1.0089	1294848464.52
112.0	1.0088	1278164416.6
113.0	1.0087	1261502671.13
114.0	1.0086	1244858674.95
115.0	1.0085	1228228934.55
116.0	1.0084	1211611019.1
117.0	1.0083	1195003070.77
118.0	1.0082	1178403774.59
119.0	1.0081	1161812131.3
120.0	1.008	1145227426.81
121.0	1.0079	1128649122.48
122.0	1.0078	1112076830.7
123.0	1.0077	1095510261.42
124.0	1.0076	1078949204.9
125.0	1.0075	1062393505.5
126.0	1.0074	1045843050.51
127.0	1.0073	1029297757.09
128.0	1.0072	1012757565.0
129.0	1.0071	996222430.307
130.0	1.007	979692320.798
131.0	1.0069	963167213.522
132.0	1.0068	946647091.172
133.0	1.0067	930131941.504
134.0	1.0066	913621755.592
135.0	1.0065	897116527.276
136.0	1.0064	880616251.894
137.0	1.0063	864120926.058
138.0	1.0062	847630547.572
139.0	1.0061	831145115.114
140.0	1.006	814664627.19
141.0	1.0059	798189082.558
142.0	1.0058	781718479.869
143.0	1.0057	765252818.154
144.0	1.0056	748792096.43
145.0	1.0055	732336313.995
146.0	1.0054	715885470.18
147.0	1.0053	699439564.463
148.0	1.0052	682998596.347
149.0	1.0051	666562565.514
150.0	1.005	650131471.697
151.0	1.0049	633705314.814
152.0	1.0048	617284094.87
153.0	1.0047	600867812.02
154.0	1.0046	584456466.601
155.0	1.0045	568050059.34
156.0	1.0044	551648591.444
157.0	1.0043	535252064.646
158.0	1.0042	518860481.29
159.0	1.0041	502473844.452
160.0	1.004	486092158.079
161.0	1.0039	469715427.326
162.0	1.0038	453343659.158
163.0	1.0037	436976863.517
164.0	1.0036	420615055.307
165.0	1.0035	404258258.931
166.0	1.0034	387906514.501
167.0	1.0033	371559890.341
168.0	1.0032	355218502.164
169.0	1.0031	338882544.115
170.0	1.003	322552335.321
171.0	1.0029	306228394.328
172.0	1.0028	289911547.039
173.0	1.0027	273603087.191
174.0	1.0026	257304986.404
175.0	1.0025	241020158.752
176.0	1.0024	224752726.642
177.0	1.0023	208508240.877
178.0	1.0022	192293712.192
179.0	1.0021	176117418.35
180.0	1.002	159988397.907
181.0	1.0019	143915791.779
182.0	1.0018	127907998.075
183.0	1.0017	111975934.473
184.0	1.0016	96117325.0327
185.0	1.0015	80338997.9463
186.0	1.0014	64637237.3049
187.0	1.0013	49016963.7799
188.0	1.0012	33469029.5743
189.0	1.0011	17994869.7568
190.0	1.001	2588139.33978
191.0	1.0009	-12747657.2256
192.0	1.0008	-28020681.2001
193.0	1.0007	-43229268.8407
194.0	1.0006	-58377937.9093
195.0	1.0005	-73464186.0846
196.0	1.0004	-88494659.9589
197.0	1.0003	-103468482.051
198.0	1.0002	-118391196.844
199.0	1.0001	-133261637.066
200.0	1.0	-148086841.429
201.0	0.9999	-162866527.4
202.0	0.9998	-177605812.333
203.0	0.9997	-192304987.019
204.0	0.9996	-206966211.842
205.0	0.9995	-221590500.672
206.0	0.9994	-236178626.142
207.0	0.9993	-250732019.224
208.0	0.9992	-265250948.911
209.0	0.9991	-279736912.993
210.0	0.999	-294190282.558
211.0	0.9989	-308612485.443
212.0	0.9988	-323004119.067
213.0	0.9987	-337366456.221
214.0	0.9986	-351700165.398
215.0	0.9985	-366006264.255
216.0	0.9984	-380285301.704
217.0	0.9983	-394537957.661
218.0	0.9982	-408764537.13
219.0	0.9981	-422965363.26
220.0	0.998	-437140484.253
221.0	0.9979	-451289951.265
222.0	0.9978	-465413664.456
223.0	0.9977	-479511580.595
224.0	0.9976	-493583629.145
225.0	0.9975	-507629853.933
226.0	0.9974	-521650346.956
227.0	0.9973	-535645325.344
228.0	0.9972	-549615062.419
229.0	0.9971	-563559913.121
230.0	0.997	-577480246.587
231.0	0.9969	-591376441.373
232.0	0.9968	-605248836.377
233.0	0.9967	-619097717.896
234.0	0.9966	-632923302.175
235.0	0.9965	-646725723.542
236.0	0.9964	-660505046.39
237.0	0.9963	-674261252.027
238.0	0.9962	-687994269.749
239.0	0.9961	-701703956.706
240.0	0.996	-715390132.73
241.0	0.9959	-729052545.104
242.0	0.9958	-742690890.781
243.0	0.9957	-756304765.568
244.0	0.9956	-769893671.232
245.0	0.9955	-783456960.794
246.0	0.9954	-796993837.486
247.0	0.9953	-810503309.997
248.0	0.9952	-823984195.809
249.0	0.9951	-837435098.001
250.0	0.995	-850854424.245
251.0	0.9949	-864240389.256
252.0	0.9948	-877591056.681
253.0	0.9947	-890904366.292
254.0	0.9946	-904178199.549
255.0	0.9945	-917410421.077
256.0	0.9944	-930598956.89
257.0	0.9943	-943741832.42
258.0	0.9942	-956837247.495
259.0	0.9941	-969883594.144
260.0	0.994	-982879515.685
261.0	0.9939	-995823895.7
262.0	0.9938	-1008715899.06
263.0	0.9937	-1021554935.71
264.0	0.9936	-1034340689.48
265.0	0.9935	-1047073065.37
266.0	0.9934	-1059752211.6
267.0	0.9933	-1072378456.93
268.0	0.9932	-1084952328.79
269.0	0.9931	-1097474485.2
270.0	0.993	-1109945732.88
271.0	0.9929	-1122366958.48
272.0	0.9928	-1134739151.56
273.0	0.9927	-1147063338.55
274.0	0.9926	-1159340612.82
275.0	0.9925	-1171572072.13
276.0	0.9924	-1183758854.64
277.0	0.9923	-1195902080.49
278.0	0.9922	-1208002891.51
279.0	0.9921	-1220062398.06
280.0	0.992	-1232081720.64
281.0	0.9919	-1244061942.7
282.0	0.9918	-1256004153.09
283.0	0.9917	-1267909402.85
284.0	0.9916	-1279778747.25
285.0	0.9915	-1291613203.95
286.0	0.9914	-1303413794.11
287.0	0.9913	-1315181500.26
288.0	0.9912	-1326917306.87
289.0	0.9911	-1338622157.92
290.0	0.991	-1350296997.7
291.0	0.9909	-1361942728.73
292.0	0.9908	-1373560252.58
293.0	0.9907	-1385150428.64
294.0	0.9906	-1396714114.61
295.0	0.9905	-1408252126.34
296.0	0.9904	-1419765277.71
297.0	0.9903	-1431254341.89
298.0	0.9902	-1442720090.49
299.0	0.9901	-1454163256.7
300.0	0.99	-1465584573.43
301.0	0.9901	-1446769754.45
302.0	0.9902	-1428956330.97
303.0	0.9903	-1411748734.18
304.0	0.9904	-1394894054.71
305.0	0.9905	-1378291241.08
306.0	0.9906	-1361849423.01
307.0	0.9907	-1345523521.46
308.0	0.9908	-1329275356.86
309.0	0.9909	-1313082692.49
310.0	0.991	-1296928108.16
311.0	0.9911	-1280800396.62
312.0	0.9912	-1264690788.35
313.0	0.9913	-1248593340.71
314.0	0.9914	-1232503442.79
315.0	0.9915	-1216417889.74
316.0	0.9916	-1200334219.88
317.0	0.9917	-1184250683.14
318.0	0.9918	-1168165941.41
319.0	0.9919	-1152079029.58
320.0	0.992	-1135989213.49
321.0	0.9921	-1119895960.69
322.0	0.9922	-1103798868.04
323.0	0.9923	-1087697642.79
324.0	0.9924	-1071592064.06
325.0	0.9925	-1055481971.48
326.0	0.9926	-1039367244.83
327.0	0.9927	-1023247796.95
328.0	0.9928	-1007123562.82
329.0	0.9929	-990994495.256
330.0	0.993	-974860559.236
331.0	0.9931	-958721729.307
332.0	0.9932	-942577986.641
333.0	0.9933	-926429317.17
334.0	0.9934	-910275711.212
335.0	0.9935	-894117161.215
336.0	0.9936	-877953662.183
337.0	0.9937	-861785209.896
338.0	0.9938	-845611801.882
339.0	0.9939	-829433436.453
340.0	0.994	-813250112.387
341.0	0.9941	-797061828.342
342.0	0.9942	-780868583.274
343.0	0.9943	-764670376.361
344.0	0.9944	-748467207.266
345.0	0.9945	-732259076.14
346.0	0.9946	-716045983.63
347.0	0.9947	-699827930.861
348.0	0.9948	-683604919.378
349.0	0.9949	-667376951.413
350.0	0.995	-651144029.637
351.0	0.9951	-634906157.674
352.0	0.9952	-618663339.667
353.0	0.9953	-602415581.032
354.0	0.9954	-586162887.54
355.0	0.9955	-569905266.458
356.0	0.9956	-553642725.334
357.0	0.9957	-537375273.641
358.0	0.9958	-521102921.467
359.0	0.9959	-504825681.628
360.0	0.996	-488543568.276
361.0	0.9961	-472256599.514
362.0	0.9962	-455964796.216
363.0	0.9963	-439668185.579
364.0	0.9964	-423366801.148
365.0	0.9965	-407060689.768
366.0	0.9966	-390749915.793
367.0	0.9967	-374434576.885
368.0	0.9968	-358114821.682
369.0	0.9969	-341790885.29
370.0	0.997	-325463134.697
371.0	0.9971	-309132146.922
372.0	0.9972	-292798814.984
373.0	0.9973	-276464511.039
374.0	0.9974	-260131293.927
375.0	0.9975	-243802175.367
376.0	0.9976	-227481387.464
377.0	0.9977	-211174609.452
378.0	0.9978	-194889018.72
379.0	0.9979	-178633113.069
380.0	0.998	-162416242.342
381.0	0.9981	-146247937.481
382.0	0.9982	-130137077.514
383.0	0.9983	-114095095.734
384.0	0.9984	-98120218.9505
385.0	0.9985	-82219717.4659
386.0	0.9986	-66390238.8774
387.0	0.9987	-50636938.3987
388.0	0.9988	-34950863.6951
389.0	0.9989	-19333774.4687
390.0	0.999	-3779397.44948
391.0	0.9991	11708716.4235
392.0	0.9992	27138562.0947
393.0	0.9993	42508280.5005
394.0	0.9994	57822512.156
395.0	0.9995	73078738.6121
396.0	0.9996	88283630.6236
397.0	0.9997	103436138.952
398.0	0.9998	118542072.11
399.0	0.9999	133600167.41
400.0	1.0	148617504.822
401.0	1.0001	163593541.72
402.0	1.0002	178533521.599
403.0	1.0003	193437356.503
404.0	1.0004	208307386.946
405.0	1.0005	223144130.82
406.0	1.0006	237948471.206
407.0	1.0007	252721505.916
408.0	1.0008	267463472.266
409.0	1.0009	282175768.189
410.0	1.001	296858637.977
411.0	1.0011	311513552.178
412.0	1.0012	326140948.594
413.0	1.0013	340742181.477
414.0	1.0014	355317748.889
415.0	1.0015	369868717.384
416.0	1.0016	384395447.789
417.0	1.0017	398898612.067
418.0	1.0018	413378317.182
419.0	1.0019	427834840.737
420.0	1.002	442268048.172
421.0	1.0021	456677931.585
422.0	1.0022	471064239.014
423.0	1.0023	485426865.059
424.0	1.0024	499765620.695
425.0	1.0025	514080488.5
426.0	1.0026	528371470.702
427.0	1.0027	542638727.733
428.0	1.0028	556882465.196
429.0	1.0029	571102990.188
430.0	1.003	585300619.464
431.0	1.0031	599475694.999
432.0	1.0032	613628512.476
433.0	1.0033	627759329.659
434.0	1.0034	641868317.72
435.0	1.0035	655955579.77
436.0	1.0036	670021121.305
437.0	1.0037	684064879.691
438.0	1.0038	698086702.818
439.0	1.0039	712086382.097
440.0	1.004	726063626.239
441.0	1.0041	740018085.242
442.0	1.0042	753949309.22
443.0	1.0043	767856757.417
444.0	1.0044	781739745.635
445.0	1.0045	795597444.326
446.0	1.0046	809428826.973
447.0	1.0047	823232668.835
448.0	1.0048	837007511.7
449.0	1.0049	850751677.239
450.0	1.005	864463257.47
451.0	1.0051	878140151.758
452.0	1.0052	891780084.854
453.0	1.0053	905380671.061
454.0	1.0054	918939454.582
455.0	1.0055	932453994.615
456.0	1.0056	945921912.661
457.0	1.0057	959340981.21
458.0	1.0058	972709156.596
459.0	1.0059	986024652.332
460.0	1.006	999285942.151
461.0	1.0061	1012491809.22
462.0	1.0062	1025641318.23
463.0	1.0063	1038733844.05
464.0	1.0064	1051769022.96
465.0	1.0065	1064746769.16
466.0	1.0066	1077667215.86
467.0	1.0067	1090530725.79
468.0	1.0068	1103337828.3
469.0	1.0069	1116089228.24
470.0	1.007	1128785742.01
471.0	1.0071	1141428308.7
472.0	1.0072	1154017926.74
473.0	1.0073	1166555671.44
474.0	1.0074	1179042635.3
475.0	1.0075	1191479954.16
476.0	1.0076	1203868751.48
477.0	1.0077	1216210169.98
478.0	1.0078	1228505320.1
479.0	1.0079	1240755314.9
480.0	1.008	1252961225.05
481.0	1.0081	1265124115.28
482.0	1.0082	1277245006.18
483.0	1.0083	1289324911.04
484.0	1.0084	1301364801.96
485.0	1.0085	1313365645.51
486.0	1.0086	1325328369.94
487.0	1.0087	1337253899.14
488.0	1.0088	1349143119.86
489.0	1.0089	1360996914.65
490.0	1.009	1372816129.16
491.0	1.0091	1384601604.82
492.0	1.0092	1396354146.94
493.0	1.0093	1408074557.38
494.0	1.0094	1419763603.57
495.0	1.0095	1431422050.87
496.0	1.0096	1443050632.73
497.0	1.0097	1454650082.39
498.0	1.0098	1466221104.37
499.0	1.0099	1477764405.74
500.0	1.01	1489280668.9
