3	header
postResults v2.0.2	single_phase_equiaxed_tension.spectralOut --cr f,p
filterTable v2.0.2	--white inc,1_f,1_p
inc	1_f	1_p
0.0	0.999969482422	9.10734253039e-06
1.0	1.00016947658	33278301.4552
2.0	1.00036947074	66576715.2164
3.0	1.00056946489	99895182.3422
4.0	1.00076945905	133233739.377
5.0	1.00096945321	166592383.441
6.0	1.00116944736	199971113.186
7.0	1.00136944152	233369944.959
8.0	1.00156943567	266788872.369
9.0	1.00176942983	300227901.579
10.0	1.00196942398	333687036.62
11.0	1.00216941814	367166281.857
12.0	1.00236941229	400665640.351
13.0	1.00256940645	434185111.691
14.0	1.0027694006	467724671.117
15.0	1.00296939475	501284240.528
16.0	1.00316938891	534863533.435
17.0	1.00336938306	568461608.025
18.0	1.00356937722	602075770.272
19.0	1.00376937138	635698773.926
20.0	1.00396936554	669313339.303
21.0	1.00416935973	702884611.532
22.0	1.00436935395	736357772.843
23.0	1.00456934823	1.67734568461e+131
24.0	1.0047693426	802792131.49
25.0	1.00496933708	835717814.687
26.0	1.00516933167	868478824.026
27.0	1.00536932638	901109899.953
28.0	1.00556932118	933635838.652
29.0	1.00576931605	966062554.757
30.0	1.00596931095	998376885.688
31.0	1.0061693059	1030548135.64
32.0	1.00636930083	1062539310.5
33.0	1.00656929582	1094309190.21
34.0	1.00676929073	1125820672.65
35.0	1.00696928572	1157031199.62
36.0	1.00716928061	1187896506.94
37.0	1.00736927558	1218365037.64
38.0	1.00756927045	1248388478.47
39.0	1.0077692654	1277926045.4
40.0	1.00796926027	1306952767.4
41.0	1.00816925522	1335454685.9
42.0	1.00836925008	1363429558.19
43.0	1.00856924503	1390878144.34
44.0	0.0	7.07671126406e+302
45.0	0.0	-1.35264209267e+303
46.0	0.0	-8.02520315713e+300
47.0	0.0	-2.71110204236e+303
48.0	0.0	2.86257696946e+301
49.0	0.0	1.41463820724e+303
50.0	1.00996920881	1570165339.12
51.0	1.01016920364	1594397120.98
52.0	1.01036919841	1618406132.91
53.0	1.01056919326	1642220420.22
54.0	1.01076918806	1665868235.32
55.0	1.01096918296	1689368518.25
56.0	0.0	2.74361871833e+303
57.0	1.01136917274	1735998731.45
58.0	1.01156916762	1759155432.89
59.0	1.0117691626	1782219688.38
60.0	1.01196915753	1805202062.5
61.0	1.01216915255	1828108388.34
62.0	1.01236914753	1850946730.74
63.0	1.0125691426	1873721302.58
64.0	1.01276913762	1896438469.26
65.0	1.01296913273	1919101411.34
66.0	1.0131691278	1941715290.93
67.0	1.01336912295	1964282592.36
68.0	1.01356911805	1986807567.95
69.0	1.01376911324	2009292186.93
70.0	1.01396910837	2031739971.19
71.0	1.01416910359	2054152466.97
72.0	1.01436909875	2076532596.76
73.0	1.01456909399	2098881551.57
74.0	1.01476908918	2121201771.58
75.0	1.01496908444	2143494155.89
76.0	1.01516907965	2165760761.42
77.0	1.01536907493	2188002258.51
78.0	1.01556907016	2210220405.93
79.0	1.01576906546	2232415698.93
80.0	1.01596906071	2254589654.27
81.0	1.01616905602	2276742628.27
82.0	1.01636905129	2298875926.66
83.0	1.01656904662	2320989789.12
84.0	1.01676904191	2343085329.77
85.0	1.01696903726	2365162686.84
86.0	1.01716903258	2387222805.59
87.0	1.01736902795	2409265742.22
88.0	1.01756902328	2431292302.3
89.0	1.01776901868	2453302486.8
90.0	1.01796901404	2475296996.88
91.0	1.01816900946	2497275813.66
92.0	1.01836900484	2519239565.96
93.0	1.01856900029	2541188237.62
94.0	1.0187689957	2563122398.86
95.0	1.01896899117	2585042037.75
96.0	1.01916898661	2606947668.92
97.0	1.0193689821	2628839277.85
98.0	1.01956897757	2650717323.76
99.0	1.01976897309	2672581783.76
100.0	1.01996896858	2694433062.64
101.0	1.01976897502	2654407377.71
102.0	1.01956898111	2617160542.23
103.0	1.01936898703	2581313540.31
104.0	1.01916899284	2546251369.45
105.0	1.01896899872	2511624466.62
106.0	1.01876900454	2477262429.09
107.0	1.01856901039	2443060223.32
108.0	1.01836901622	2408962556.55
109.0	1.01816902206	2374934276.53
110.0	1.0179690279	2340955744.09
111.0	1.01776903374	2307014610.39
112.0	1.01756903958	2273103996.86
113.0	1.01736904542	2239219474.39
114.0	1.01716905126	2205358646.05
115.0	1.0169690571	2171519913.82
116.0	1.01676906293	2137702451.26
117.0	1.01656906877	2103905661.37
118.0	1.01636907461	2070129272.16
119.0	1.0162	2036373043.13
120.0	1.016	2002636897.17
121.0	1.0158	1968920722.78
122.0	1.0156	1935224513.59
123.0	1.0153691038	1901548206.09
124.0	1.01516910964	1867891822.05
125.0	1.015	1834255322.54
126.0	1.0148	1800638750.05
127.0	1.0146	1767042090.45
128.0	1.0144	1733465424.55
129.0	1.0142	1699908779.45
130.0	1.014	1666372310.13
131.0	1.0138	1632856092.38
132.0	1.0136	1599360363.11
133.0	1.0134	1565885191.01
134.0	1.0132	1532430827.09
135.0	1.013	1498997249.3
136.0	1.0128	1465584676.46
137.0	1.0126	1432193055.31
138.0	1.01236919129	1398822717.2
139.0	1.01216919711	1365474009.61
140.0	1.01196920294	1332148346.68
141.0	1.01176920876	1298848840.86
142.0	1.01156921458	1265583326.82
143.0	1.0113692204	1232368076.62
144.0	1.01116922622	1199232981.74
145.0	1.01096923201	1166220462.67
146.0	1.01076923779	1133373922.24
147.0	1.01056924355	1100718117.17
148.0	1.01036924929	4.72842153086e+17
149.0	1.010169255	-9.38348994457e+62
150.0	1.00996926067	1003767671.32
151.0	1.00976926629	971691954.305
152.0	1.00956927185	939696151.639
153.0	1.00936927733	907765721.452
154.0	1.00916928274	875892647.667
155.0	1.00896928806	844072051.678
156.0	1.00876929332	812303174.664
157.0	1.00856929852	780587448.915
158.0	1.00836930366	748930193.121
159.0	1.00816930876	717339620.452
160.0	1.00796931382	685828091.671
161.0	1.00776931885	654410363.301
162.0	1.00756932388	623102926.751
163.0	1.00736932889	591920644.807
164.0	1.0072	560874695.363
165.0	1.007	529969781.986
166.0	1.0068	499222649.813
167.0	1.0066	468590920.699
168.0	1.0064	438086480.909
169.0	1.0062	407688683.455
170.0	1.006	377441901.745
171.0	1.0058	347306394.87
172.0	1.0056	317298114.925
173.0	1.0054	287462879.035
174.0	1.0052	257815381.27
175.0	1.005	228387837.218
176.0	1.0048	199212772.798
177.0	1.0046	170317588.781
178.0	1.0044	141720019.778
179.0	1.0042	113426578.81
180.0	1.004	85433776.8853
181.0	1.0038	57731629.6317
182.0	1.0036	30307883.7544
183.0	1.0034	3151141.9324
184.0	1.0032	-23745559.2184
185.0	1.00296944084	-50389504.169
186.0	1.0028	-76776610.9869
187.0	1.0026	-102913663.822
188.0	1.0024	-128801359.522
189.0	1.0022	-154446536.537
190.0	1.002	-179856992.1
191.0	1.00176947134	-205038950.021
192.0	1.0016	-230021286.946
193.0	1.0014	-254803484.421
194.0	1.0012	-279406501.639
195.0	1.001	-303847109.162
196.0	1.0008	-328139948.331
197.0	1.0006	-352298581.85
198.0	1.0004	-376336042.31
199.0	1.0002	-400262906.412
200.0	1.0	-424090006.942
201.0	0.9998	-447825324.547
202.0	0.9996	-471477268.605
203.0	0.9994	-495051666.549
204.0	0.9992	-518554793.384
205.0	0.999	-541990908.852
206.0	0.9988	-565364737.53
207.0	0.9986	-588679514.826
208.0	0.9984	-611938925.96
209.0	0.9982	-635145527.944
210.0	0.998	-658302304.021
211.0	0.9978	-681411380.339
212.0	0.9976	-704475316.188
213.0	0.9974	-727496002.767
214.0	0.9972	-750475729.037
215.0	0.997	-773416216.519
216.0	0.9968	-796319528.033
217.0	0.9966	-819187238.333
218.0	0.9964	-842021226.521
219.0	0.9962	-864822951.057
220.0	0.996	-887594136.634
221.0	0.9958	-910336132.823
222.0	0.9956	-933050516.287
223.0	0.9954	-955738525.727
224.0	0.9952	-978401591.969
225.0	0.995	-1001040844.69
226.0	0.9948	-1023657578.55
227.0	0.9946	-1046252823.26
228.0	0.9944	-1068827749.24
229.0	0.9942	-1091383293.02
230.0	0.994	-1113920509.23
231.0	0.9938	-1136440246.5
232.0	0.9936	-1158943453.03
233.0	0.9934	-1181430895.35
234.0	0.9932	-1203903428.09
235.0	0.993	-1226361743.07
236.0	0.9928	-1248806613.06
237.0	0.9926	-1271238660.07
238.0	0.9924	-1293658583.04
239.0	0.9922	-1316066939.15
240.0	0.992	-1338464361.55
241.0	0.9918	-1360851350.46
242.0	0.9916	-1383228478.62
243.0	0.9914	-1405596195.46
244.0	0.9912	-1427955016.45
245.0	0.991	-1450305343.88
246.0	0.9908	-1472647638.09
247.0	0.9906	-1494982257.02
248.0	0.9904	-1517309611.93
249.0	0.9902	-1539630022.21
250.0	0.99	-1561943857.57
251.0	0.9898	-1584251404.38
252.0	0.9896	-1606552997.23
253.0	0.9894	-1628848892.58
254.0	0.9892	-1651139391.16
255.0	0.989	-1673424719.69
256.0	0.9888	-1695705145.1
257.0	0.9886	-1717980868.07
258.0	0.9884	-1740252127.04
259.0	0.9882	-1762519104.06
260.0	0.988	-1784782017.79
261.0	0.9878	-1807041034.51
262.0	0.9876	-1829296355.65
263.0	0.9874	-1851548129.82
264.0	0.9872	-1873796540.11
265.0	0.987	-1896041716.02
266.0	0.9868	-1918283820.65
267.0	0.9866	-1940522964.13
268.0	0.9864	-1962759290.22
269.0	0.9862	-1984992892.94
270.0	0.986	-2007223901.6
271.0	0.9858	-2029452399.93
272.0	0.9856	-2051678509.25
273.0	0.9854	-2073902308.86
274.0	0.9852	-2096123917.54
275.0	0.985	-2118343413.01
276.0	0.9848	-2140560913.71
277.0	0.9846	-2162776495.24
278.0	0.9844	-2184990272.74
279.0	0.9842	-2207202316.04
280.0	0.984	-2229412733.14
281.0	0.9838	-2251621584.91
282.0	0.9836	-2273828969.98
283.0	0.9834	-2296034941.91
284.0	0.9832	-2318239592.0
285.0	0.983	-2340442968.35
286.0	0.9828	-2362645156.85
287.0	0.9826	-2384846203.33
288.0	0.9824	-2407046195.18
289.0	0.9822	-2429245180.12
290.0	0.982	-2451443250.72
291.0	0.9818	-2473640457.33
292.0	0.9816	-2495836897.67
293.0	0.9814	-2518032624.08
294.0	0.9812	-2540227737.57
295.0	0.981	-2562422291.23
296.0	0.9808	-2584616387.28
297.0	0.9806	-2606810078.49
298.0	0.9804	-2629003466.09
299.0	0.9802	-2651196600.51
300.0	0.979969990083	-2673306421.46
301.0	0.9802	-2636022316.54
302.0	0.9804	-2600980168.33
303.0	0.9806	-2567054037.79
304.0	0.9808	-2533753937.28
305.0	0.981	-2500859442.18
306.0	0.9812	-2468076005.86
307.0	0.9814	-2435392031.63
308.0	0.9816	-2402761713.46
309.0	0.9818	-2370154558.04
310.0	0.982	-2337553772.42
311.0	0.9822	-2304948423.1
312.0	0.9824	-2272332504.17
313.0	0.9826	-2239701990.42
314.0	0.9828	-2207054769.81
315.0	0.983	-2174389340.89
316.0	0.9832	-2141704986.2
317.0	0.9834	-2109001118.58
318.0	0.9836	-2076277518.93
319.0	0.9838	-2043533936.41
320.0	0.984	-2010770325.1
321.0	0.9842	-1977986562.02
322.0	0.9844	-1945182664.09
323.0	0.9846	-1912358557.91
324.0	0.9848	-1879514285.74
325.0	0.985	-1846649801.83
326.0	0.9852	-1813765173.09
327.0	0.9854	-1780860383.6
328.0	0.9856	-1747935548.96
329.0	0.9858	-1714990690.21
330.0	0.986	-1682026008.34
331.0	0.9862	-1649041556.8
332.0	0.9864	-1616037655.82
333.0	0.9866	-1583014385.53
334.0	0.9868	-1549972170.34
335.0	0.987	-1516911038.96
336.0	0.9872	-1483831401.72
337.0	0.9874	-1450733173.23
338.0	0.9876	-1417616823.96
339.0	0.9878	-1384482618.87
340.0	0.988	-1351332090.24
341.0	0.9882	-1318168238.16
342.0	0.9884	-1284998842.94
343.0	0.9886	-1251839168.46
344.0	0.9888	-1218717153.19
345.0	0.989	-1185670225.11
346.0	0.9892	-1152738703.6
347.0	0.9894	-1119947339.08
348.0	0.9896	-1087301093.34
349.0	0.9898	-1054781324.77
350.0	0.99	-1022362496.6
351.0	0.9902	-990016222.258
352.0	0.9904	-957722691.251
353.0	0.9906	-925465220.077
354.0	0.9908	-893234855.02
355.0	0.991	-861024023.831
356.0	0.9912	-828830333.751
357.0	0.9914	-796652037.728
358.0	0.9916	-764492179.343
359.0	0.9918	-732355685.879
360.0	0.992	-700253260.557
361.0	0.9922	-668198031.038
362.0	0.9924	-636208373.095
363.0	0.9926	-604302531.035
364.0	0.9928	-572499743.418
365.0	0.993	-540812685.757
366.0	0.9932	-509249589.933
367.0	0.9934	-477810668.269
368.0	0.9936	-446494655.63
369.0	0.9938	-415299502.91
370.0	0.994	-384228671.943
371.0	0.9942	-353291682.511
372.0	0.9944	-322507443.899
373.0	0.9946	-291902995.65
374.0	0.9948	-261512322.791
375.0	0.995	-231370732.764
376.0	0.9952	-201509043.915
377.0	0.9954	-171947345.206
378.0	0.9956	-142692888.108
379.0	0.9958	-113740655.755
380.0	0.996	-85077868.4726
381.0	0.9962	-56687907.5925
382.0	0.9964	-28555717.6683
383.0	0.9966	-669467.341883
384.0	0.9968	26976402.9183
385.0	0.997	54383133.4879
386.0	0.9972	81547082.2855
387.0	0.9974	108462561.23
388.0	0.9976	135126267.268
389.0	0.9978	161538855.383
390.0	0.998	187703934.431
391.0	0.9982	213631426.206
392.0	0.9984	239332601.495
393.0	0.9986	264814933.543
394.0	0.9988	290112989.392
395.0	0.999	315222970.413
396.0	0.9992	340168312.408
397.0	0.9994	364964446.107
398.0	0.9996	389625029.402
399.0	0.9998	414161707.404
400.0	1.0	438585923.965
401.0	1.0002	462906445.154
402.0	1.0004	487131976.914
403.0	1.0006	511269150.183
404.0	1.0008	535324314.011
405.0	1.001	559302427.446
406.0	1.0012	583208075.954
407.0	1.0014	607044980.904
408.0	1.0016	630816483.976
409.0	1.0018	654525480.817
410.0	1.002	678174531.705
411.0	1.0022	701766033.166
412.0	1.0024	725302101.08
413.0	1.0026	748784844.609
414.0	1.0028	772216145.376
415.0	1.003	795597949.303
416.0	1.0032	818932020.492
417.0	1.0034	842220206.394
418.0	1.0036	865464190.55
419.0	1.0038	888665726.252
420.0	1.004	911826389.462
421.0	1.0042	934947803.896
422.0	1.0044	958031403.052
423.0	1.0046	981078671.387
424.0	1.0048	1004090898.76
425.0	1.005	1027069444.38
426.0	1.0052	1050015472.87
427.0	1.0054	1072930246.14
428.0	1.0056	1095814833.51
429.0	1.0058	1118670418.93
430.0	1.006	1141497988.37
431.0	1.0062	1164298643.34
432.0	1.0064	1187073281.84
433.0	1.0066	1209822912.69
434.0	1.0068	1232548340.58
435.0	1.007	1255250476.7
436.0	1.0072	1277930032.5
437.0	1.0074	1300587822.12
438.0	1.0076	1323224466.84
439.0	1.0078	1345840687.3
440.0	1.008	1368437018.75
441.0	1.0082	1391014094.44
442.0	1.0084	1413572371.1
443.0	1.0086	1436112408.25
444.0	1.0088	1458634599.47
445.0	1.009	1481139449.16
446.0	1.0092	1503627303.25
447.0	1.0094	1526098621.78
448.0	1.0096	1548553711.18
449.0	1.0098	1570992989.92
450.0	1.01	1593416726.74
451.0	1.0102	1615825295.34
452.0	1.0104	1638218920.4
453.0	1.0106	1660597925.45
454.0	1.0108	1682962488.17
455.0	1.011	1705312885.91
456.0	1.0112	1727649257.65
457.0	1.0114	1749971846.55
458.0	1.0116	1772280766.85
459.0	1.0118	1794576240.17
460.0	1.012	1816858366.28
461.0	1.0122	1839127351.21
462.0	1.0124	1861383284.02
463.0	1.0126	1883626356.21
464.0	1.0128	1905856647.8
465.0	1.013	1928074336.06
466.0	1.0132	1950279490.47
467.0	1.0134	1972472270.28
468.0	1.0136	1994652729.16
469.0	1.0138	2016821003.54
470.0	1.014	2038977127.75
471.0	1.0142	2061121213.98
472.0	1.0144	2083253276.94
473.0	1.0146	2105373407.36
474.0	1.0148	2127481604.98
475.0	1.015	2149577947.79
476.0	1.0152	2171662430.28
477.0	1.0154	2193735127.15
478.0	1.0156	2215796037.01
479.0	1.0158	2237845238.75
480.0	1.016	2259882740.8
481.0	1.0162	2281908627.58
482.0	1.0164	2303922913.38
483.0	1.0166	2325925682.05
484.0	1.0168	2347916946.55
485.0	1.017	2369896785.6
486.0	1.0172	2391865208.64
487.0	1.0174	2413822290.62
488.0	1.0176	2435768037.89
489.0	1.0178	2457702520.29
490.0	1.018	2479625739.2
491.0	1.0182	2501537758.31
492.0	1.0184	2523438573.69
493.0	1.0186	2545328241.79
494.0	1.0188	2567206752.88
495.0	1.019	2589074157.59
496.0	1.0192	2610930443.94
497.0	1.0194	2632775663.16
498.0	1.0196	2654609806.81
499.0	1.0198	2676432932.48
500.0	1.02	2698245038.0
501.0	1.02	2698245038.0
