3	header
postResults v2.0.2	single_phase_equiaxed_tension.spectralOut --cr f,p
filterTable v2.0.2	--white inc,1_f,1_p
inc	1_f	1_p
0.0	0.999969482422	3.15713317308e+224
1.0	1.00016947622	32087953.4795
2.0	0.0	nan
3.0	0.0	nan
4.0	0.0	nan
5.0	1.00096945144	3.30530601792e+272
6.0	1.00116944524	192820317.56
7.0	1.00136943905	4.9103244102e+196
8.0	1.00156943285	1.96186163891e+69
9.0	1.00176942666	4.12390281264e+150
10.0	1.00196942046	321757478.461
11.0	1.00216941426	354040583.99
12.0	1.00236940807	386343211.496
13.0	1.00256940187	1.18122754513e+122
14.0	1.00276939568	451006472.348
15.0	1.00296938948	483365660.627
16.0	0.0	nan
17.0	0.0	nan
18.0	0.0	nan
19.0	0.0	nan
20.0	0.0	nan
21.0	1.00416935108	-3.84093997494e+125
22.0	1.00436934391	706668450.572
23.0	0.0	nan
24.0	0.0	nan
25.0	1.00496932158	793879210.326
26.0	1.00516931418	821666345.103
27.0	1.00536930684	848936334.206
28.0	1.00556929953	875745945.214
29.0	1.00576929226	4.14961212419e+29
30.0	1.00596928505	928242060.308
31.0	1.0061692779	954008501.555
32.0	0.0	nan
33.0	0.0	nan
34.0	0.0	nan
35.0	0.0	nan
36.0	0.0	nan
37.0	0.0	nan
38.0	1.00756923069	1127802724.78
39.0	1.00776922425	-6.77666248914e+302
40.0	1.00796921786	-2.24963295817e+288
41.0	1.0081692115	1199715081.35
42.0	1.00836920519	-1.88159540324e+65
43.0	1.00856919891	1246907880.2
44.0	1.00876919268	6.01625938957e+201
45.0	1.0089691865	1293534065.9
46.0	1.00916918037	1316647558.5
47.0	1.00936917431	1339636828.57
48.0	1.00956916832	-2.08701440064e+47
49.0	1.00976916241	1.67852798628e+286
50.0	1.00996915658	1407944306.43
51.0	1.01016915084	1430522276.5
52.0	0.0	nan
53.0	0.0	nan
54.0	0.0	nan
55.0	0.0	nan
56.0	0.0	nan
57.0	0.0	nan
58.0	0.0	nan
59.0	0.0	nan
60.0	0.0	nan
61.0	0.0	nan
62.0	0.0	nan
63.0	0.0	nan
64.0	0.0	nan
65.0	0.0	nan
66.0	0.0	nan
67.0	0.0	nan
68.0	0.0	nan
69.0	0.0	nan
70.0	0.0	nan
71.0	0.0	nan
72.0	0.0	nan
73.0	0.0	nan
74.0	0.0	nan
75.0	0.0	nan
76.0	0.0	nan
77.0	0.0	nan
78.0	0.0	nan
79.0	0.0	nan
80.0	1.01596900856	2066790674.84
81.0	0.0	nan
82.0	0.0	nan
83.0	1.01656899461	2131571330.77
84.0	1.01676898996	2153137714.31
85.0	1.01696898531	-4.90758250301e+147
86.0	1.01716898065	-4.22143159779e+146
87.0	1.01736897599	-1.28697523988e+37
88.0	1.01756897133	5.37717643686e+252
89.0	1.01776896666	-6.4703287352e+255
90.0	1.017968962	2282267952.66
91.0	1.01816895733	2303746831.01
92.0	0.0	nan
93.0	0.0	nan
94.0	0.0	nan
95.0	1.01896893865	2389546153.58
96.0	1.01916893397	9.24238573342e+145
97.0	0.0	nan
98.0	1.01956892463	2453778057.76
99.0	1.01976891995	4.35897696497e+269
100.0	1.01996891528	-7.14832750425e+258
101.0	0.0	nan
102.0	0.0	nan
103.0	0.0	nan
104.0	0.0	nan
105.0	0.0	nan
106.0	0.0	nan
107.0	1.01856895954	2259657582.27
108.0	1.01836896571	2227047285.42
109.0	1.01816897189	2194474960.87
110.0	1.01796897807	2161932905.6
111.0	1.01776898425	2129416467.23
112.0	0.0	nan
113.0	1.01736899661	-1.20756522718e+52
114.0	0.0	nan
115.0	0.0	nan
116.0	0.0	nan
117.0	0.0	nan
118.0	0.0	nan
119.0	0.0	nan
120.0	0.0	nan
121.0	0.0	nan
122.0	0.0	nan
123.0	0.0	nan
124.0	0.0	nan
125.0	0.0	nan
126.0	0.0	nan
127.0	0.0	nan
128.0	0.0	nan
129.0	0.0	nan
130.0	0.0	nan
131.0	0.0	nan
132.0	0.0	nan
133.0	0.0	nan
134.0	0.0	nan
135.0	1.01296913268	1355255211.25
136.0	1.01276913889	2.64488931352e+232
137.0	1.01256914514	-1.45049236507e+212
138.0	1.01236915148	1259544898.22
139.0	1.01216915802	6.82525212016e+229
140.0	1.01196916494	3.11547876164e+35
141.0	1.01176917247	1164931376.29
142.0	1.01156918071	1134048358.42
143.0	1.01136918963	-3.74483205906e+21
144.0	0.0	nan
145.0	1.01096920865	1044774244.14
146.0	1.01076921826	1016132611.93
147.0	1.01056922771	-5.84317476935e+193
148.0	1.01036923689	-2.08250409001e+156
149.0	1.0101692458	1.71711074953e+150
150.0	1.00996925445	904942800.119
151.0	1.00976926291	877741687.125
152.0	1.00956927125	850781157.331
153.0	1.00936927945	2.11247501535e+301
154.0	1.00916928766	797689277.883
155.0	1.00896929587	-1.89611397165e+191
156.0	1.00876930406	745514941.428
157.0	1.00856931222	719711145.972
158.0	1.00836932034	694071330.716
159.0	1.00816932842	8.55955445741e+111
160.0	1.00796933645	4.46536677704e+299
161.0	1.00776934442	-13771726755700.0
162.0	1.0075693523	592867962.29
163.0	1.0073693601	567854906.64
164.0	1.0071693678	542946201.962
165.0	1.0069693754	-2.61311257065e+42
166.0	1.00676938281	493462205.477
167.0	1.00656939021	468858746.068
168.0	1.00636939755	444347241.037
169.0	1.00616940482	2.03332407391e+295
170.0	1.00596941202	-1.5751466758e+292
171.0	1.00576941917	-2.34925278296e+220
172.0	1.00556942624	6.68259198072e+193
173.0	1.00536943326	4.59385942174e+278
174.0	1.00516944023	298961565.786
175.0	1.00496944715	-4.30934043042e+240
176.0	1.00476945405	-2.05627742796e+75
177.0	1.00456946092	227269599.201
178.0	1.00436946778	-2.52229214469e+39
179.0	1.00416947463	-9.39810269908e+44
180.0	1.00396948148	156183843.64
181.0	1.00376948832	9.41335105981e+256
182.0	1.00356949515	2.05811877494e+116
183.0	1.00336950197	6.28549451361e+67
184.0	1.00316950875	62293717.7567
185.0	1.00296951551	1.73607879851e+134
186.0	1.00276952225	15746545.3124
187.0	1.00256952896	-7428979.49151
188.0	1.00236953564	2.64832833437e+279
189.0	1.00216954226	2.29510053289e+98
190.0	1.00196954887	-76560950.8881
191.0	1.00176955544	-99478802.3677
192.0	1.00156956198	-122337947.051
193.0	1.00136956846	-2.82894620695e+294
194.0	1.00116957492	-167884260.235
195.0	1.00096958134	3.17913018405e+59
196.0	1.00076958769	7.11195898359e+298
197.0	1.00056959402	5.76342671776e+273
198.0	1.0003696003	-258371823.245
199.0	1.00016960653	2.30678188544e+111
200.0	0.99996961272	-303355499.67
201.0	0.999769618867	-325790426.168
202.0	0.999569624931	-1.02539168738e+163
203.0	0.99936963097	1.85542504534e+263
204.0	0.999169636955	9.3865780642e+160
205.0	0.998969642888	1.11064645494e+166
206.0	0.998769648771	3.00013855028e+134
207.0	0.998569654601	-1.66942621559e+115
208.0	0.998369660369	3.37926473582e+231
209.0	0.998169666075	-504169206.409
210.0	0.997969671717	-526351500.58
211.0	0.997769677292	-3.26292718144e+83
212.0	0.997569682802	1.26738370865e+279
213.0	0.997369688245	-592774565.715
214.0	0.997169693624	-2.27544296436e+241
215.0	0.99696969894	-636963990.407
216.0	0.996769704197	6.93342983926e+90
217.0	0.996569709397	-1.71272953864e+296
218.0	0.996369714546	-1.82347201715e+171
219.0	0.996169719646	7.1917979713e+113
220.0	0.995969724702	-6.86135791997e+78
221.0	0.995769729718	-1.13453618166e+160
222.0	0.995569734697	-791153919.978
223.0	0.995369739642	-813130703.917
224.0	0.995169744556	2.89350657547e+225
225.0	0.994969749441	-857052544.085
226.0	0.994769754298	-1.98018107686e+117
227.0	0.994569759131	6.90267992191e+176
228.0	0.994369763939	-8.07472517553e+39
229.0	0.994169768724	-944782988.222
230.0	0.993969773487	-1119417957.45
231.0	0.99376977823	3.7098621014e+301
232.0	0.993569782952	-1010495259.57
233.0	0.993369787657	2.4606045245e+116
234.0	0.993169792344	4.49370399412e+219
235.0	0.992969797015	2.14582448243e+90
236.0	0.99276980167	6.31494183399e+190
237.0	0.992569806312	-1119882805.29
238.0	0.992369810941	-8.56668872361e+92
239.0	0.992169815558	-1.11139999051e+165
240.0	0.991969820163	-1185450146.8
241.0	0.991769824758	-1207296779.89
242.0	0.991569829342	4.66943005016e+81
243.0	0.991369833917	2.51027916667e+82
244.0	0.991169838483	-3.61136308283e+107
245.0	0.99096984304	-1294643652.85
246.0	0.990769847589	-1316471429.91
247.0	0.99056985213	-1338295981.92
248.0	0.990369856664	-1360117457.95
249.0	0.990169861192	-2.29807944957e+88
250.0	0.989969865714	-1403751771.58
251.0	0.989769870231	-1425564875.09
252.0	0.989569874744	-1447375435.76
253.0	0.989369879254	1.99099499903e+17
254.0	0.989169883761	-7.99234142354e+287
255.0	0.988969888267	-1512792989.79
256.0	0.988769892772	-1.51168823711e+240
257.0	0.988569897278	1.57086170527e+64
258.0	0.988369901786	-1.47714054865e+168
259.0	0.988169906295	-8.80908148298e+213
260.0	0.0	nan
261.0	0.0	nan
262.0	0.0	nan
263.0	0.0	nan
264.0	0.0	nan
265.0	0.0	nan
266.0	0.0	nan
267.0	0.0	nan
268.0	0.0	nan
269.0	0.0	nan
270.0	0.0	nan
271.0	0.0	nan
272.0	0.985569965293	-4.57786056778e+52
273.0	0.985369969862	-2.75329243376e+158
274.0	0.985169974433	8.78393543352e+292
275.0	0.984969979007	7.32900138536e+116
276.0	0.984769983583	-1970289386.96
277.0	0.984569988161	-2.01298963812e+244
278.0	0.98436999274	-5.88819211931e+76
279.0	0.98416999732	-7.34082992678e+208
280.0	0.9839700019	-2057369688.78
281.0	0.983770006481	-2079137316.85
282.0	0.983570011062	-2100904031.79
283.0	0.983370015642	1.531372329e+158
284.0	0.983170020223	-1.51011419895e+37
285.0	0.982970024802	-2.53121290382e+300
286.0	0.982770029381	1.85741186788e+195
287.0	0.982570033959	-2209725520.61
288.0	0.982370038535	-2231487753.0
289.0	0.98217004311	-2253249425.54
290.0	0.981970047684	-4.96717780771e+194
291.0	0.981770052256	4.56970692742e+36
292.0	0.981570056826	-2318531603.64
293.0	0.981370061394	-2340291556.89
294.0	0.981170065959	7.82677512256e+241
295.0	0.980970070521	-2383810581.75
296.0	0.98077007508	-2405569737.43
297.0	0.980570079635	-2427328709.39
298.0	0.980370084186	-2449087528.45
299.0	0.980170088732	-2.94080116536e+180
300.0	0.979970093274	-1.53481221494e+18
301.0	0.980170086357	2.77615710917e+91
302.0	0.98037007989	-1.22124317858e+70
303.0	0.980570073534	-2391828957.09
304.0	0.980770067325	1.78743710026e+87
305.0	0.980970061126	11824987552.9
306.0	0.981170054939	-2296506823.71
307.0	0.98137004875	7.78962722542e+215
308.0	0.981570042559	-2233268849.62
309.0	0.981770036368	4.91054991424e+86
310.0	0.981970030178	-1.77932076769e+50
311.0	0.982170023987	-2138386618.78
312.0	0.982370017796	-9300747010.6
313.0	0.982570011605	1.46790854268e+54
314.0	0.982770005413	1.70561482797e+78
315.0	0.982969999221	-1.01166192665e+110
316.0	0.983169993028	-1979928026.6
317.0	0.983369986836	-1948179963.65
318.0	0.983569980643	-2.36323689939e+121
319.0	0.98376997445	8.60677762944e+83
320.0	0.983969968257	2.37070190463e+95
321.0	0.984169962063	-5.0516606949e+42
322.0	0.984369955869	-1.43265717592e+87
323.0	0.984569949674	-8.13703052542e+291
324.0	0.984769943479	-1725404520.41
325.0	0.984969937284	-1.05993092536e+21
326.0	0.985169931088	-8.24100667231e+198
327.0	0.985369924892	-7.81552594763e+39
328.0	0.985569918695	7.47212594815e+29
329.0	0.985769912497	-7.03659553821e+299
330.0	0.985969906297	-1533807949.9
331.0	0.986169900094	-1.8861512449e+122
332.0	0.986369893888	-1469864477.02
333.0	0.986569887677	-1437885166.58
334.0	0.986769881457	3.29916860069e+79
335.0	0.986969875221	-1373924585.56
336.0	0.987169868955	-1.75865372178e+53
337.0	0.987369862627	-6.62394661967e+192
338.0	0.987569856162	-1.17369825108e+247
339.0	0.987769849418	2.50631657036e+156
340.0	0.987969842174	-1214661816.55
341.0	0.988169834218	-1183316225.83
342.0	0.988369825478	-1152376906.96
343.0	0.98856981607	-1121941620.39
344.0	0.988769806237	-1.87958455091e+147
345.0	0.988969796262	4.7324378949e+187
346.0	0.989169786379	-1033773526.65
347.0	0.989369776741	6.05016002521e+85
348.0	0.989569767412	-1.92594819411e+188
349.0	0.989769758396	4.84133209382e+234
350.0	0.989969749647	2.57283071849e+168
351.0	0.9901697411	-4.25348904113e+249
352.0	0.990369732679	-865789392.08
353.0	0.990569724328	-838562294.148
354.0	0.990769716009	-811566891.716
355.0	0.990969707711	1.03144833307e+262
356.0	0.991169699431	-758197398.68
357.0	0.991369691178	-731775036.907
358.0	0.991569682954	-705498835.029
359.0	0.99176967477	4.24118480988e+200
360.0	0.991969666632	1.71108583435e+196
361.0	0.99216965855	-627408100.178
362.0	0.992369650533	-601595961.762
363.0	0.992569642588	2.91442288883e+112
364.0	0.992769634719	2.41397846145e+26
365.0	0.992969626924	2.87271199346e+187
366.0	0.993169619198	-499356297.465
367.0	0.993369611537	-474047433.665
368.0	0.993569603933	-4.60613677614e+254
369.0	0.993769596384	-423727942.843
370.0	0.993969588885	-398713372.074
371.0	0.994169581434	-373791726.94
372.0	0.994369574026	-348959642.852
373.0	0.99456956666	-324213575.758
374.0	0.994769559326	-299550391.954
375.0	0.994969552043	-274988440.895
376.0	0.995169544758	-250490580.546
377.0	0.995369537481	-226065865.027
378.0	0.995569530215	-1.54382496635e+69
379.0	0.995769522957	-177437314.696
380.0	0.99596951571	-153237398.518
381.0	0.996169508489	-129130329.093
382.0	0.996369501279	-1.70504003876e+204
383.0	0.996569494094	-81142686.6696
384.0	0.996769486933	8.80689423132e+246
385.0	0.996969479799	-33468084.7822
386.0	0.997169472721	-9756846.27626
387.0	0.997369465667	13878007.0699
388.0	0.997569458649	-2.73861476983e+225
389.0	0.997769451666	-2.35643262965e+137
390.0	0.997969444744	-8.67796363186e+261
391.0	0.998169437845	107667181.98
392.0	0.998369430987	-7.06973540461e+155
393.0	0.998569424166	154140089.751
394.0	0.99876941741	3.6052273296e+45
395.0	0.998969410675	200359092.497
396.0	0.999169403984	1.16906568534e+269
397.0	0.999369397354	9.0607687408e+139
398.0	0.999569390744	1.08567447436e+285
399.0	0.999769384177	292134696.656
400.0	0.999969377653	1.13177948549e+241
401.0	1.00016937117	337734054.003
402.0	1.00036936473	-4.70782769116e+172
403.0	1.00056935834	383164938.634
404.0	1.00076935199	-1.5419356805e+237
405.0	1.0009693457	-1.48219042897e+19
406.0	1.00116933947	451028595.185
407.0	1.0013693333	473580497.57
408.0	1.00156932718	496099614.944
409.0	1.00176932113	-9.66069638239e+235
410.0	1.00196931515	7.82504490037e+204
411.0	1.00216930924	-1.15302400448e+111
412.0	1.00236930339	4.02034842344e+198
413.0	1.00256929762	8.19191122664e+173
414.0	1.00276929192	630595899.363
415.0	1.0029692863	652679681.84
416.0	1.00316928074	-9.8847507e+82
417.0	1.00336927526	697493683.888
418.0	1.00356926984	1.33150464228e+259
419.0	1.00376926449	-4.08387042302e+149
420.0	1.0039692592	764189996.689
421.0	1.00416925396	786380740.649
422.0	1.00436924878	-2.12918026858e+84
423.0	1.00456924366	830704021.941
424.0	1.00476923857	6.25127780866e+286
425.0	1.00496923353	874953519.259
426.0	1.00516922853	897051932.147
427.0	1.00536922357	3.24260782245e+138
428.0	1.00556921864	941198504.384
429.0	1.00576921374	1.66433672689e+257
430.0	1.00596920886	1.24944638737e+159
431.0	1.00616920402	1007299261.29
432.0	1.0063691992	1027278677.61
433.0	1.0065691944	-1.94129819695e+163
434.0	1.00676918962	1073266426.92
435.0	1.00696918486	1095227439.18
436.0	1.00716918012	2.9816619964e+109
437.0	1.00736917539	1139109340.78
438.0	1.00756917068	2.09266798104e+43
439.0	1.00776916598	-4.59068981755e+91
440.0	1.0079691613	1204836242.65
441.0	1.00816915663	1226720673.95
442.0	1.00836915198	8.59293219746e+172
443.0	1.00856914733	1270454120.64
444.0	1.0087691427	2.15761708279e+300
445.0	1.00896913807	3.26049822674e+246
446.0	1.00916913346	-3.03080712905e+258
447.0	1.00936912886	1357784785.14
448.0	1.00956912427	3.54351908268e+185
449.0	1.00976911968	2.07214398081e+139
450.0	1.00996911511	-3.32070069943e+224
451.0	1.01016911055	1444942558.4
452.0	1.01036910599	1466706043.45
453.0	1.01056910144	1488459389.74
454.0	1.0107690969	5.41179457698e+108
455.0	1.01096909236	-2.53441902783e+212
456.0	1.01116908782	-6.93055605212e+59
457.0	1.01116908782	1553659702.91
458.0	1.01136908329	1.78456118297e+254
459.0	1.01156907875	1597077820.91
460.0	1.01176907422	1618772534.41
461.0	1.01196906968	1640457799.99
462.0	1.01216906513	1662133693.94
463.0	1.01236906058	1.87810739111e+193
464.0	1.01256905603	1.86531357718e+292
465.0	1.01276905146	1727105842.37
466.0	1.01296904689	1748744905.59
467.0	1.0131690423	1770374888.65
468.0	1.01336903771	-3.34299277871e+104
469.0	1.01356903311	-1.65773564923e+204
470.0	1.0137690285	1835210638.58
471.0	1.01396902388	1856804640.13
472.0	1.01416901925	2.57952075178e+140
473.0	1.01436901461	-1.1863750871e+260
474.0	1.01456900997	-8.26641238197e+275
475.0	1.01476900532	-3.03378093855e+224
476.0	1.01496900067	1964640371.07
477.0	1.01516899601	-1.4387449558e+141
478.0	1.01536899135	2007712277.51
479.0	1.01556898668	3.75700084296e+261
480.0	1.01576898201	1.6874749144e+227
481.0	1.01596897733	2072253512.65
482.0	1.01616897265	3.14825612045e+143
483.0	1.01636896797	1.45945256738e+128
484.0	1.01656896328	2136715138.44
485.0	1.01676895859	2158184759.87
486.0	1.0169689539	-2.04141462201e+77
487.0	1.01716894921	1.86572523908e+184
488.0	1.01736894451	1.04360025876e+101
489.0	1.01756893982	2243976174.55
490.0	1.01776893512	2265402461.08
491.0	1.01796893042	2286820209.59
492.0	1.0182	2308301130.0
493.0	1.01836892102	1.92025687013e+36
494.0	1.01856891632	2351022654.73
495.0	1.01876891163	-1.33116959196e+107
496.0	1.01896890693	-5.0596960152e+303
497.0	1.0192	2415224970.06
498.0	1.0194	2436584791.91
499.0	1.01956889284	-5.53836172643e+37
500.0	1.0198	2479279730.3
501.0	1.02	2500614896.03
