3	header
postResults v2.0.2	single_phase_equiaxed_tension.spectralOut --cr f,p
filterTable v2.0.2	--white inc,1_f,1_p
inc	1_f	1_p
0.0	0.999969482422	-5.78264031238e-06
1.0	1.00016947631	3.0493761256e+192
2.0	1.0003694702	63926527.0479
3.0	1.00056946409	95918769.0277
4.0	1.00076945798	-6.59217501567e+32
5.0	1.00096945186	-1.37658587162e+292
6.0	1.00116944575	-2.38215843973e+100
7.0	1.00136943964	224081085.446
8.0	1.00156943353	256170010.764
9.0	1.00176942742	6.75549004976e+155
10.0	1.00196942131	9.11624034279e+93
11.0	1.0021694152	-3.08018426092e+81
12.0	1.00236940908	-3.73587413981e+284
13.0	1.00256940297	416904649.313
14.0	1.00276939686	-1.13349666754e+303
15.0	1.00296939075	481329086.101
16.0	1.00316938464	513558214.792
17.0	1.00336937853	545772855.008
18.0	1.00356937244	577910455.71
19.0	1.00376936636	609831952.916
20.0	1.00396936032	641304111.4
21.0	1.00416935435	672057153.29
22.0	1.00436934846	6.67028192156e+37
23.0	1.00456934269	7.35951210094e+17
24.0	1.00476933703	758610375.061
25.0	1.00496933151	-4.74550812219e+164
26.0	1.0051693261	6.5349061341e+122
27.0	1.00536932078	838003854.221
28.0	1.00556931551	863617789.237
29.0	1.00576931029	-2.06950198231e+180
30.0	0.0	nan
31.0	0.0	nan
32.0	0.0	nan
33.0	0.0	nan
34.0	0.0	nan
35.0	0.0	nan
36.0	0.0	nan
37.0	0.0	nan
38.0	0.0	nan
39.0	0.0	nan
40.0	0.0	nan
41.0	0.0	nan
42.0	0.0	nan
43.0	0.0	nan
44.0	1.00876923402	1259899833.42
45.0	1.00896922892	-8.50063484052e+107
46.0	1.00916922381	4.3644807466e+216
47.0	0.0	nan
48.0	0.0	nan
49.0	1.00976920841	1381374993.52
50.0	1.00996920324	-5.89882374427e+46
51.0	1.01016919806	-7.41472424068e+21
52.0	1.01036919286	5.82915044805e+167
53.0	1.01056918763	-1.21524036446e+107
54.0	1.01076918239	1501742582.59
55.0	1.01096917712	7.06943945673e+208
56.0	1.01116917183	-6.83771053295e+171
57.0	1.01136916651	1573365786.2
58.0	1.01156916116	8.10496995893e+203
59.0	1.01176915578	-1.1582981928e+194
60.0	1.01196915038	1644565200.94
61.0	1.01216914494	1668212749.98
62.0	1.01236913948	-7.74559959847e+211
63.0	1.01256913398	1715392002.22
64.0	1.01276912845	-4.71634638036e+144
65.0	1.01296912289	1762429033.75
66.0	1.0131691173	1785898431.32
67.0	1.01336911168	1809336431.02
68.0	1.01356910602	1832744204.35
69.0	1.01376910034	1856122333.2
70.0	1.01396909463	1879471393.62
71.0	1.01416908889	1.32539163552e+240
72.0	1.01436908313	1926082971.78
73.0	1.01456907734	1949345517.78
74.0	1.01476907152	3.28876753997e+214
75.0	1.01496906569	2.1119643884e+212
76.0	1.01516905983	2018958220.76
77.0	1.01536905395	2042103197.77
78.0	1.01556904806	1.42482990619e+253
79.0	1.01576904214	2088302835.76
80.0	1.01596903622	2.94237460891e+110
81.0	1.01616903027	1.30192945181e+287
82.0	1.01636902432	2157374464.34
83.0	1.01656901835	2180337566.36
84.0	1.01676901238	3.27377437526e+248
85.0	1.0169690064	3.17121566007e+24
86.0	1.01716900041	-4.23712051339e+38
87.0	1.01736899442	2271891260.04
88.0	1.01756898842	2.33305662085e+298
89.0	1.01776898242	-1.97770965466e+129
90.0	1.01796897643	2340252410.89
91.0	0.0	nan
92.0	1.01836896444	2385688226.54
93.0	1.01856895845	9.66720280433e+87
94.0	1.01876895246	9.82668823442e+271
95.0	1.01896894648	2453644480.15
96.0	1.01916894051	-3.4875674624e+95
97.0	1.01936893454	-2.74733483455e+268
98.0	1.01956892858	1.52175187977e+75
99.0	1.01976892263	2543905612.9
100.0	1.01996891669	2566412216.96
101.0	1.01976892287	-6.99584009248e+58
102.0	1.01956892896	-4.74476043084e+46
103.0	1.01936893504	-2.9118497945e+220
104.0	1.01916894112	2427839492.16
105.0	1.01896894722	-1.68843732525e+185
106.0	1.01876895331	7.32514741419e+212
107.0	1.01856895941	2330912148.56
108.0	1.01836896551	2298335181.51
109.0	1.01816897161	2265799601.37
110.0	1.01796897772	-1.93972763476e+204
111.0	1.01776898382	2200826732.29
112.0	1.01756898993	-2.2001045138e+68
113.0	1.01736899603	1.88340379243e+257
114.0	1.01716900214	2103561732.43
115.0	1.01696900824	2071185011.67
116.0	1.01676901435	2038829291.0
117.0	1.01656902046	2.93614382849e+278
118.0	1.01636902656	3.40912583906e+243
119.0	1.01616903267	1941883417.77
120.0	1.01596903877	1909607614.3
121.0	1.01576904488	1877353946.33
122.0	1.01556905099	1845114291.81
123.0	1.01536905709	1812896633.18
124.0	1.0151690632	1780698308.6
125.0	1.01496906931	9.53493368855e+282
126.0	1.01476907541	-4.89744764153e+214
127.0	1.01456908152	1684220622.14
128.0	1.01436908763	9.85681282827e+219
129.0	1.01416909374	1620002918.55
130.0	1.01396909984	4.72060795863e+36
131.0	1.01376910596	1555869328.68
132.0	1.01356911207	2.15067526908e+82
133.0	1.01336911818	1491822950.31
134.0	1.01316912429	1.50171580998e+215
135.0	1.0129691304	1427872336.93
136.0	1.01276913651	1395943588.71
137.0	1.01256914262	1364066296.93
138.0	1.01236914873	1332282940.61
139.0	1.01216915483	9.5310036234e+140
140.0	1.0119691609	2047729495.58
141.0	1.01176916692	8.67859833405e+73
142.0	1.01156917288	1208830110.33
143.0	1.01136917879	-2.82939936875e+88
144.0	1.01116918464	1149786466.63
145.0	1.01096919045	3.54300360862e+162
146.0	1.01076919621	-1.25376657365e+105
147.0	1.01056920191	-1.14237016239e+303
148.0	1.01036920754	1039530592.8
149.0	1.01016921307	-6.65740641766e+29
150.0	1.0099692185	987298709.173
151.0	1.00976922383	961679644.57
152.0	1.00956922908	-6.9377921553e+50
153.0	1.00936923427	7.01832107677e+46
154.0	1.00916923941	885961860.137
155.0	1.00896924451	-1.24189120712e+93
156.0	1.00876924959	3.68583545905e+130
157.0	1.00856925465	811062726.252
158.0	1.0083692597	786181888.065
159.0	1.00816926474	761331127.827
160.0	1.00796926979	6.03343058476e+119
161.0	1.00776927483	-1.28528868478e+42
162.0	1.00756927988	2.03047610823e+202
163.0	1.00736928494	662190740.174
164.0	1.00716929	8.40470967311e+239
165.0	1.00696929507	6.38816444855e+243
166.0	1.00676930015	-5.6990453677e+220
167.0	1.00656930523	563501173.051
168.0	1.00636931031	538911132.824
169.0	1.0061693154	5.48846992711e+203
170.0	1.00596932048	489837648.382
171.0	1.00576932556	5.39953371278e+202
172.0	1.00556933065	440905248.252
173.0	1.00536933574	416489510.557
174.0	1.00516934084	-5.67507440293e+154
175.0	1.00496934594	-1.0974448706e+195
176.0	1.00476935104	-1.90298008956e+86
177.0	1.00456935615	3.77693107413e+239
178.0	1.00436936126	294838125.367
179.0	1.00416936638	270578012.161
180.0	1.00396937151	-4.19350076609e+105
181.0	1.00376937664	222112403.148
182.0	1.00356938178	-4.67344096321e+26
183.0	1.00336938692	8.36024007913e+127
184.0	1.00316939207	1.11643038649e+154
185.0	1.00296939723	-3.62747011514e+177
186.0	1.00276940239	2.01950075554e+212
187.0	1.00256940755	77067383.3101
188.0	1.00236941271	-1.1945999527e+204
189.0	1.00216941788	28819857.9603
190.0	1.00196942305	-1.61440660565e+58
191.0	1.00176942823	-19378482.8895
192.0	1.0015694334	-43458497.3663
193.0	1.00136943857	-67523171.4921
194.0	1.00116944375	-91575291.1048
195.0	1.00096944892	-115613174.422
196.0	1.00076945409	6.07072682471e+283
197.0	1.00056945927	-163642500.264
198.0	1.00036946445	-187632798.993
199.0	1.00016946962	-1.75123514248e+196
200.0	0.999969474802	-235559842.699
201.0	0.999769479985	-259494901.682
202.0	0.999569485173	-283409391.839
203.0	0.999369490372	-7.83961910081e+113
204.0	0.999169495576	-331170951.173
205.0	0.998969500787	4.45747948374e+289
206.0	0.99876950601	-378840968.111
207.0	0.998569511242	-4.31852713646e+32
208.0	0.998369516486	-426413183.988
209.0	0.998169521745	-450161754.062
210.0	0.997969527018	-2.29104745559e+75
211.0	0.997769532309	-497582643.393
212.0	0.997569537617	-521255423.715
213.0	0.997369542944	-544903741.988
214.0	0.997169548291	-568528078.074
215.0	0.996969553658	-592129267.56
216.0	0.996769559047	-615708085.255
217.0	0.996569564456	-639265501.219
218.0	0.996369569887	-662802445.72
219.0	0.99616957534	-686319928.606
220.0	0.995969580815	-709818911.14
221.0	0.995769586313	-733300351.591
222.0	0.995569591833	-756765150.838
223.0	0.995369597376	1.22166523297e+227
224.0	0.995169602942	-1.57993322799e+90
225.0	0.994969608531	-827067978.514
226.0	0.994769614144	1.00240924065e+86
227.0	0.99456961978	2.06861554619e+180
228.0	0.994369625439	-7.91272945718e+241
229.0	0.994169631122	-920617779.333
230.0	0.993969636828	1.54285662357e+80
231.0	0.993769642557	-967322953.129
232.0	0.993569648309	-990659797.753
233.0	0.993369654082	-1013986677.74
234.0	0.993169659877	-1037303950.75
235.0	0.992969665693	-1060611910.89
236.0	0.992769671528	-1083910824.33
237.0	0.992569677383	-1107200891.47
238.0	0.992369683256	-1130482284.27
239.0	0.992169689147	6.46470509555e+46
240.0	0.991969695054	-1177019446.84
241.0	0.991769700976	-1200275314.08
242.0	0.991569706913	1.16727167497e+53
243.0	0.991369712863	-1246761554.49
244.0	0.991169718826	-5.35674427768e+286
245.0	0.990969724801	-1293213218.57
246.0	0.990769730787	-5.5526321873e+190
247.0	0.990569736782	-1339629061.83
248.0	0.990369742786	-1.19775991091e+58
249.0	0.990169748798	-1386007275.68
250.0	0.989969754817	-1409181589.74
251.0	0.989769760842	-1432345638.01
252.0	0.989569766873	-1455499120.86
253.0	0.989369772908	-1478641723.19
254.0	0.989169778948	-4.41382926142e+167
255.0	0.988969784992	-1524893112.55
256.0	0.988769791039	-1548001338.92
257.0	0.988569797088	66860316387100.0
258.0	0.98836980314	-1594181593.1
259.0	0.988169809193	2.88701789256e+262
260.0	0.987969815248	-1640312210.11
261.0	0.987769821303	-1663358493.06
262.0	0.987569827359	-1686391938.14
263.0	0.987369833414	-1.49670045828e+268
264.0	0.987169839468	-1732419993.41
265.0	0.986969845521	-1755414520.0
266.0	0.986769851573	-1778396036.56
267.0	0.986569857622	-1801364558.94
268.0	0.986369863668	-1.00142882582e+212
269.0	0.98616986971	-1847262819.72
270.0	0.985969875749	-1870192697.37
271.0	0.985769881783	18435320138800.0
272.0	0.985569887813	-1.04737332854e+26
273.0	0.985369893837	-1938906412.8
274.0	0.985169899855	-1961786032.75
275.0	0.984969905867	2.14529155599e+135
276.0	0.984769911872	-1.26161757728e+95
277.0	0.984569917869	6.00855811222e+60
278.0	0.984369923859	-2.16532620728e+199
279.0	0.984169929839	-7.041601641e+19
280.0	0.983969935811	-3.28663297798e+217
281.0	0.983769941772	3.29657681475e+158
282.0	0.983569947723	-2144390146.1
283.0	0.983369953662	-2167163303.03
284.0	0.983169959589	5.84193494949e+191
285.0	0.982969965504	1.24549224094e+96
286.0	0.982769971407	-2235415734.55
287.0	0.982569977296	-2258144527.48
288.0	0.982369983174	-2280862486.81
289.0	0.982169989038	-7.4815112486e+166
290.0	0.981969994891	8.9227768116e+172
291.0	0.981770000732	-3.09588123661e+192
292.0	0.981570006562	-1.55311944005e+273
293.0	0.981370012381	-2394292463.15
294.0	0.98117001819	-5.58094216174e+278
295.0	0.980970023989	-2439591300.9
296.0	0.980770029778	-2462225340.44
297.0	0.980570035559	1.48125053624e+95
298.0	0.98037004133	-2507463023.02
299.0	0.980170047093	-2530066826.39
300.0	0.979970052846	-1.88937185791e+117
301.0	0.980170046605	-2518134229.01
302.0	0.980370040501	9.24540590199e+264
303.0	0.980570034421	-2453308014.31
304.0	0.980770028348	-4.51101074792e+250
305.0	0.980970022258	-2.22658723187e+263
306.0	0.981170016167	-2.0966299913e+55
307.0	0.981370010065	-1.41752229354e+241
308.0	0.981570003961	-2295681902.19
309.0	0.981769997854	-3.84018796235e+33
310.0	0.981969991746	-2232811293.92
311.0	0.982169985636	-2201363998.46
312.0	0.982369979526	-1.75461800991e+237
313.0	0.982569973414	-2138430234.27
314.0	0.982769967302	-5.2298499011e+273
315.0	0.982969961189	-2075433434.81
316.0	0.983169955076	3.40046672892e+215
317.0	0.983369948962	-2012366800.29
318.0	0.983569942847	-1980806181.67
319.0	0.983769936732	-1949226954.51
320.0	0.983969930616	-1917629024.7
321.0	0.984169924499	-1.80785904644e+255
322.0	0.984369918382	4.10541607697e+115
323.0	0.984569912265	-1822721910.59
324.0	0.984769906146	2.68551303549e+217
325.0	0.984969900028	-1759356728.47
326.0	0.98516989391	-7.25184843382e+17
327.0	0.985369887791	-1695919683.0
328.0	0.985569881674	-1664176047.56
329.0	0.985769875556	-1632416834.17
330.0	0.98596986944	-2.77143978166e+253
331.0	0.986169863324	-1568855344.7
332.0	0.986369857208	-1537054760.65
333.0	0.986569851091	-1505242291.3
334.0	0.98676984497	-1473419930.04
335.0	0.986969838845	-1.34983905075e+288
336.0	0.987169832715	2.30320428752e+120
337.0	0.987369826579	9.67045737547e+269
338.0	0.987569820438	-1346233076.11
339.0	0.987769814297	2.04033069581e+227
340.0	0.987969808172	-1283375851.55
341.0	0.988169802088	-1252537980.87
342.0	0.988369796065	-3.24425587813e+89
343.0	0.988569790114	1.74666529449e+50
344.0	0.988769784229	-2.40756609094e+259
345.0	0.988969778396	9.53154647302e+241
346.0	0.989169772601	-5.12452870334e+240
347.0	0.989369766845	1.02744375092e+232
348.0	0.989569761141	-1052185219.07
349.0	0.989769755506	1.5734494172e+166
350.0	0.989969749951	-999209298.31
351.0	0.990169744474	-973182861.209
352.0	0.990369739069	-947373418.546
353.0	0.990569733724	-921724109.721
354.0	0.99076972843	5.22345287455e+269
355.0	0.990969723177	-870741705.472
356.0	0.991169717956	-845354134.22
357.0	0.99136971276	-2.18010721417e+260
358.0	0.991569707581	-794709959.319
359.0	0.991769702417	-769438077.511
360.0	0.991969697261	-744194421.589
361.0	0.992169692112	-718977369.61
362.0	0.992369686966	-693786569.953
363.0	0.992569681823	1.65571772087e+72
364.0	0.992769676682	-643486333.864
365.0	0.992969671542	-618379391.768
366.0	0.993169666405	-5.51919922129e+235
367.0	0.993369661272	-568259487.41
368.0	0.993569656145	-543249530.759
369.0	0.993769651025	-518274548.345
370.0	0.993969645912	-493335275.965
371.0	0.994169640805	-468431924.011
372.0	0.9943696357	-443564134.678
373.0	0.994569630597	9.32388925525e+20
374.0	0.994769625493	-2.51782296442e+227
375.0	0.994969620387	-369162852.382
376.0	0.995169615278	-344424072.516
377.0	0.995369610166	-5.09332497138e+216
378.0	0.9956	-295037032.85
379.0	0.9958	-270373576.886
380.0	0.996	-245731617.822
381.0	0.9962	-221109532.667
382.0	0.9964	-196505939.841
383.0	0.9966	-171919677.567
384.0	0.9968	-147349815.898
385.0	0.997	-122795647.235
386.0	0.9972	-98256690.089
387.0	0.9974	-73732687.7444
388.0	0.9976	-49223587.7466
389.0	0.997769548708	-24727180.4972
390.0	0.998	-250729.815439
391.0	0.998169538465	24213284.5392
392.0	0.9984	48657536.7535
393.0	0.9986	73086894.5205
394.0	0.9987695231	97498203.6948
395.0	0.99896951798	1.89294099382e+253
396.0	0.999169512857	146266838.301
397.0	0.999369507735	-5.57672374962e+29
398.0	0.999569502612	194957145.979
399.0	0.999769497487	-1.61606789103e+193
400.0	0.999969492357	243559404.445
401.0	1.00016948722	267824743.696
402.0	1.00036948209	292065332.854
403.0	1.00056947694	316278824.26
404.0	1.0008	340473947.148
405.0	1.001	364632129.736
406.0	1.0012	388761681.978
407.0	1.0014	412860850.979
408.0	1.00156945107	436918656.522
409.0	1.00176944585	1.02259691219e+74
410.0	1.00196944062	484964599.606
411.0	1.00216943537	2.34580401384e+177
412.0	1.00236943009	532896730.133
413.0	1.0025694248	4835925003770000.0
414.0	1.00276941948	580702008.235
415.0	1.00296941414	-4.05914945774e+62
416.0	1.00316940877	628403911.467
417.0	1.00336940338	-3.02496482479e+50
418.0	1.00356939797	676003790.839
419.0	1.00376939253	2.21516800946e+98
420.0	1.00396938706	-3.40558427787e+97
421.0	1.00416938157	747228667.834
422.0	1.00436937605	-1.08588541725e+49
423.0	1.0045693705	794605788.038
424.0	1.00476936492	2.19238614582e+269
425.0	1.00496935932	4.17104963111e+243
426.0	1.0052	865553180.236
427.0	1.0054	889159245.186
428.0	1.0056	912748572.342
429.0	1.0058	936321691.611
430.0	1.006	959879100.23
431.0	1.0062	983421243.72
432.0	1.0064	1006948533.75
433.0	1.0066	1030461328.71
434.0	1.0068	1053959955.01
435.0	1.007	1077444688.9
436.0	1.0072	1100915779.78
437.0	1.0074	1124373429.65
438.0	1.0076	1147817813.72
439.0	1.00776927813	1171214278.01
440.0	1.00796927217	1.99710628566e+31
441.0	1.0082	1218072409.78
442.0	1.0084	1241464540.41
443.0	1.0086	1264843559.65
444.0	1.0088	1288209350.89
445.0	1.009	1311561735.62
446.0	1.0092	1334900504.15
447.0	1.0094	1358225396.05
448.0	1.0096	1381536134.21
449.0	1.0098	1404832405.58
450.0	1.01	1428113895.15
451.0	1.0102	1451380264.61
452.0	1.0104	1474631185.52
453.0	1.0106	1497866313.82
454.0	1.0108	1521085325.4
455.0	1.011	1544287888.12
456.0	1.0112	1567473701.05
457.0	1.0114	1590642463.58
458.0	1.0116	1613793916.79
459.0	1.0118	1636927808.08
460.0	1.012	1660043932.07
461.0	1.0122	1683142092.49
462.0	1.0124	1706222141.45
463.0	1.0126	1729283941.95
464.0	1.0128	1752327403.13
465.0	1.013	1775352446.37
466.0	1.0132	1798359033.78
467.0	1.0134	1821347140.96
468.0	1.0136	1844316777.86
469.0	1.0138	1867267967.6
470.0	1.014	1890200761.16
471.0	1.0142	1913115218.64
472.0	1.0144	1936011422.1
473.0	1.0146	1958889455.16
474.0	1.0148	1981749419.45
475.0	1.015	2004591408.56
476.0	1.0152	2027415533.91
477.0	1.0154	2050221889.48
478.0	1.0156	2073010590.1
479.0	1.0158	2095781725.64
480.0	1.016	2118535411.61
481.0	1.0162	2141271732.53
482.0	1.0164	2163990802.56
483.0	1.0166	2186692698.8
484.0	1.0168	2209377529.89
485.0	1.017	2232045362.35
486.0	1.0172	2254696294.68
487.0	1.0174	2277330380.19
488.0	1.0176	2299947703.35
489.0	1.0178	2322548302.61
490.0	1.018	2345132246.77
491.0	1.0182	2367699560.03
492.0	1.01836895399	2390175833.56
493.0	1.01856894802	2412709265.0
494.0	1.01876894206	2435226182.72
495.0	1.01896893611	2.43870245576e+56
496.0	1.01916893018	1.90646082788e+197
497.0	1.0194	2502756261.1
498.0	1.01956891835	2525129204.82
499.0	1.01976891245	1.77322571005e+241
500.0	1.02	2570062866.96
501.0	1.02	2570062866.96
