3	header
postResults v2.0.2	single_phase_equiaxed_tension.spectralOut --cr f,p
filterTable v2.0.2	--white inc,1_f,1_p
inc	1_f	1_p
0.0	1.0	2.44174226359e-06
1.0	1.0002	32460778.5502
2.0	1.0004	64941421.4887
3.0	1.0006	97441753.0451
4.0	1.0008	129961848.424
5.0	1.001	162501736.956
6.0	1.0012	195061385.843
7.0	1.0014	227640842.122
8.0	1.0016	260240066.389
9.0	1.0018	292859075.206
10.0	1.002	325497868.571
11.0	1.0022	358156441.471
12.0	1.0024	390834641.914
13.0	1.0026	423531902.681
14.0	1.0028	456245776.977
15.0	1.003	488967289.271
16.0	1.0032	521666871.481
17.0	1.0034	554260307.565
18.0	1.0036	586551419.178
19.0	1.0038	618195944.715
20.0	1.004	648788889.627
21.0	1.0042	678114483.007
22.0	1.0044	706291346.351
23.0	1.0046	733566718.365
24.0	1.0048	760276656.503
25.0	1.005	786600714.507
26.0	1.0052	812688816.972
27.0	1.0054	838629011.655
28.0	1.0056	864462194.78
29.0	1.0058	890222781.848
30.0	1.006	915914566.232
31.0	1.0062	941548153.841
32.0	1.0064	967118388.86
33.0	1.0066	992630127.038
34.0	1.0068	1018077603.81
35.0	1.007	1043464602.88
36.0	1.0072	1068786541.04
37.0	1.0074	1094046815.99
38.0	1.0076	1119241965.81
39.0	1.0078	1144374471.19
40.0	1.008	1169440707.93
41.0	1.0082	1194441516.46
42.0	1.0084	1219372252.56
43.0	1.0086	1244232334.31
44.0	1.0088	1269016690.8
45.0	1.009	1293724666.1
46.0	1.0092	1318352237.06
47.0	1.0094	1342900051.35
48.0	1.0096	1367366080.21
49.0	1.0098	1391752677.16
50.0	1.01	1416059725.62
51.0	1.0102	1440290857.44
52.0	1.0104	1464447247.18
53.0	1.0106	1488533185.78
54.0	1.0108	1512550561.67
55.0	1.011	1536503840.88
56.0	1.0112	1560395211.43
57.0	1.0114	1584228973.46
58.0	1.0116	1608007300.29
59.0	1.0118	1631734103.28
60.0	1.012	1655411365.75
61.0	1.0122	1679042497.32
62.0	1.0124	1702629221.29
63.0	1.0126	1726174426.46
64.0	1.0128	1749679545.48
65.0	1.013	1773146966.12
66.0	1.0132	1796577815.55
67.0	1.0134	1819974028.9
68.0	1.0136	1843336438.65
69.0	1.0138	1866666571.27
70.0	1.014	1889964977.16
71.0	1.0142	1913232817.44
72.0	1.0144	1936470371.59
73.0	1.0146	1959678478.81
74.0	1.0148	1982857174.98
75.0	1.015	2006007038.9
76.0	1.0152	2029127909.33
77.0	1.0154	2052220155.95
78.0	1.0156	2075283458.57
79.0	1.0158	2098318013.99
80.0	1.016	2121323371.67
81.0	1.0162	2144299580.14
82.0	1.0164	2167246081.63
83.0	1.0166	2190162814.32
84.0	1.0168	2213049170.84
85.0	1.017	2235905058.31
86.0	1.0172	2258729893.39
87.0	1.0174	2281523631.6
88.0	1.0176	2304285773.6
89.0	1.0178	2327016376.15
90.0	1.018	2349715076.79
91.0	1.0182	2372382045.24
92.0	1.0184	2395017070.89
93.0	1.0186	2417620422.89
94.0	1.0188	2440192017.67
95.0	1.019	2462732220.54
96.0	1.0192	2485241057.18
97.0	1.0194	2507719007.35
98.0	1.0196	2530166195.08
99.0	1.0198	2552583222.14
100.0	1.02	2574970331.48
101.0	1.0198	2537870206.76
102.0	1.0196	2503014845.93
103.0	1.0194	2469054285.09
104.0	1.0192	2435508629.64
105.0	1.019	2402167949.56
106.0	1.0188	2368949235.44
107.0	1.0186	2335805722.32
108.0	1.0184	2302717418.8
109.0	1.0182	2269670562.1
110.0	1.018	2236658175.01
111.0	1.0178	2203675703.02
112.0	1.0176	2170720201.69
113.0	1.0174	2137789853.45
114.0	1.0172	2104883254.71
115.0	1.017	2071999559.02
116.0	1.0168	2039138024.19
117.0	1.0166	2006298213.06
118.0	1.0164	1973479695.02
119.0	1.0162	1940682228.03
120.0	1.016	1907905544.83
121.0	1.0158	1875149513.92
122.0	1.0156	1842413977.59
123.0	1.0154	1809698907.17
124.0	1.0152	1777004275.09
125.0	1.015	1744330228.36
126.0	1.0148	1711676979.67
127.0	1.0146	1679045084.98
128.0	1.0144	1646435290.95
129.0	1.0142	1613848868.08
130.0	1.014	1581287222.2
131.0	1.0138	1548752397.68
132.0	1.0136	1516246595.43
133.0	1.0134	1483773680.0
134.0	1.0132	1451340262.37
135.0	1.013	1418962061.31
136.0	1.0128	1386673919.84
137.0	1.0126	1354550354.37
138.0	1.0124	1322728826.95
139.0	1.0122	1291424184.7
140.0	1.012	1260900230.39
141.0	1.0118	1231444137.61
142.0	1.0116	1202985386.04
143.0	1.0114	1175446645.38
144.0	1.0112	1148550222.47
145.0	1.011	1122133777.8
146.0	1.0108	1096026291.07
147.0	1.0106	1070115853.88
148.0	1.0104	1044325292.11
149.0	1.0102	1018608040.04
150.0	1.01	992939776.022
151.0	1.0098	967309916.727
152.0	1.0096	941713577.295
153.0	1.0094	916149145.092
154.0	1.0092	890615044.64
155.0	1.009	865110757.304
156.0	1.0088	839635251.443
157.0	1.0086	814188375.443
158.0	1.0084	788769525.032
159.0	1.0082	763378882.734
160.0	1.008	738016164.147
161.0	1.0078	712681806.604
162.0	1.0076	687375790.412
163.0	1.0074	662098635.502
164.0	1.0072	636850391.512
165.0	1.007	611631648.871
166.0	1.0068	586442551.202
167.0	1.0066	561283623.602
168.0	1.0064	536154914.951
169.0	1.0062	511056837.655
170.0	1.006	485989380.301
171.0	1.0058	460952770.48
172.0	1.0056	435946714.567
173.0	1.0054	410971113.814
174.0	1.0052	386025467.753
175.0	1.005	361109505.525
176.0	1.0048	336222666.192
177.0	1.0046	311364673.159
178.0	1.0044	286535085.027
179.0	1.0042	261733813.002
180.0	1.004	236960687.896
181.0	1.0038	212215947.651
182.0	1.0036	187499823.675
183.0	1.0034	162812931.94
184.0	1.0032	138155879.044
185.0	1.003	113529635.639
186.0	1.0028	88942128.9742
187.0	1.0026	64383189.8026
188.0	1.0024	39857672.4031
189.0	1.0022	15365524.6512
190.0	1.002	-9085886.00548
191.0	1.0018	-33501419.6905
192.0	1.0016	-57877751.9475
193.0	1.0014	-82211783.6735
194.0	1.0012	-106506588.388
195.0	1.001	-130759000.034
196.0	1.0008	-154971458.913
197.0	1.0006	-179141758.445
198.0	1.0004	-203273009.571
199.0	1.0002	-227363451.979
200.0	1.0	-251416050.656
201.0	0.9998	-275430932.328
202.0	0.9996	-299409395.915
203.0	0.9994	-323348475.635
204.0	0.9992	-347253610.285
205.0	0.999	-371124996.101
206.0	0.9988	-394963811.236
207.0	0.9986	-418771321.098
208.0	0.9984	-442547401.747
209.0	0.9982	-466293690.506
210.0	0.998	-490010204.42
211.0	0.9978	-513698713.872
212.0	0.9976	-537359649.302
213.0	0.9974	-560994559.891
214.0	0.9972	-584604065.372
215.0	0.997	-608189392.902
216.0	0.9968	-631751180.59
217.0	0.9966	-655290430.242
218.0	0.9964	-678807751.514
219.0	0.9962	-702304005.119
220.0	0.996	-725779772.32
221.0	0.9958	-749235820.905
222.0	0.9956	-772672711.541
223.0	0.9954	-796091151.183
224.0	0.9952	-819491683.385
225.0	0.995	-842874960.47
226.0	0.9948	-866241492.257
227.0	0.9946	-889591867.246
228.0	0.9944	-912926543.221
229.0	0.9942	-936246028.657
230.0	0.994	-959550722.896
231.0	0.9938	-982841072.066
232.0	0.9936	-1006117445.05
233.0	0.9934	-1029380255.96
234.0	0.9932	-1052629853.76
235.0	0.993	-1075866627.17
236.0	0.9928	-1099090881.73
237.0	0.9926	-1122302962.05
238.0	0.9924	-1145503098.84
239.0	0.9922	-1168691570.26
240.0	0.992	-1191868523.66
241.0	0.9918	-1215034178.67
242.0	0.9916	-1238188632.79
243.0	0.9914	-1261332072.08
244.0	0.9912	-1284464590.16
245.0	0.991	-1307586364.25
246.0	0.9908	-1330697509.25
247.0	0.9906	-1353798190.32
248.0	0.9904	-1376888526.68
249.0	0.9902	-1399968641.63
250.0	0.99	-1423038624.34
251.0	0.9898	-1446098526.41
252.0	0.9896	-1469148373.76
253.0	0.9894	-1492188130.15
254.0	0.9892	-1515217750.05
255.0	0.989	-1538237117.07
256.0	0.9888	-1561246137.42
257.0	0.9886	-1584244658.42
258.0	0.9884	-1607232575.22
259.0	0.9882	-1630209739.47
260.0	0.988	-1653176054.48
261.0	0.9878	-1676131386.26
262.0	0.9876	-1699075636.2
263.0	0.9874	-1722008658.65
264.0	0.9872	-1744930325.37
265.0	0.987	-1767840456.2
266.0	0.9868	-1790738883.74
267.0	0.9866	-1813625395.2
268.0	0.9864	-1836499804.65
269.0	0.9862	-1859361895.62
270.0	0.986	-1882211502.25
271.0	0.9858	-1905048445.28
272.0	0.9856	-1927872603.16
273.0	0.9854	-1950683850.41
274.0	0.9852	-1973482100.35
275.0	0.985	-1996267259.37
276.0	0.9848	-2019039254.79
277.0	0.9846	-2041798004.08
278.0	0.9844	-2064543443.88
279.0	0.9842	-2087275491.46
280.0	0.984	-2109994090.03
281.0	0.9838	-2132699151.76
282.0	0.9836	-2155390639.08
283.0	0.9834	-2178068484.01
284.0	0.9832	-2200732681.5
285.0	0.983	-2223383194.31
286.0	0.9828	-2246020065.44
287.0	0.9826	-2268643303.81
288.0	0.9824	-2291252987.46
289.0	0.9822	-2313849157.98
290.0	0.982	-2336431912.35
291.0	0.9818	-2359001330.22
292.0	0.9816	-2381557526.33
293.0	0.9814	-2404100617.06
294.0	0.9812	-2426630722.22
295.0	0.981	-2449147990.51
296.0	0.9808	-2471652556.61
297.0	0.9806	-2494144596.7
298.0	0.9804	-2516624256.64
299.0	0.9802	-2539091711.96
300.0	0.98	-2561547095.83
301.0	0.9802	-2526390252.81
302.0	0.9804	-2493126972.83
303.0	0.9806	-2460600291.92
304.0	0.9808	-2428400716.09
305.0	0.981	-2396342565.45
306.0	0.9812	-2364358891.97
307.0	0.9814	-2332403528.95
308.0	0.9816	-2300461462.06
309.0	0.9818	-2268518965.88
310.0	0.982	-2236570348.44
311.0	0.9822	-2204611267.75
312.0	0.9824	-2172639159.05
313.0	0.9826	-2140652334.53
314.0	0.9828	-2108649508.11
315.0	0.983	-2076629922.96
316.0	0.9832	-2044592880.0
317.0	0.9834	-2012538029.42
318.0	0.9836	-1980464965.38
319.0	0.9838	-1948373525.15
320.0	0.984	-1916263462.24
321.0	0.9842	-1884134776.36
322.0	0.9844	-1851987406.07
323.0	0.9846	-1819821564.18
324.0	0.9848	-1787637460.76
325.0	0.985	-1755435734.02
326.0	0.9852	-1723217165.47
327.0	0.9854	-1690983315.75
328.0	0.9856	-1658736128.0
329.0	0.9858	-1626478694.48
330.0	0.986	-1594214296.08
331.0	0.9862	-1561947165.38
332.0	0.9864	-1529681060.55
333.0	0.9866	-1497421292.05
334.0	0.9868	-1465175002.27
335.0	0.987	-1432958547.28
336.0	0.9872	-1400807425.76
337.0	0.9874	-1368798764.44
338.0	0.9876	-1337073573.31
339.0	0.9878	-1305844996.05
340.0	0.988	-1275360911.92
341.0	0.9882	-1245881415.13
342.0	0.9884	-1217303328.44
343.0	0.9886	-1189554009.32
344.0	0.9888	-1162383573.12
345.0	0.989	-1135652630.36
346.0	0.9892	-1109210143.09
347.0	0.9894	-1082956141.07
348.0	0.9896	-1056820116.13
349.0	0.9898	-1030759127.99
350.0	0.99	-1004749704.24
351.0	0.9902	-978781491.48
352.0	0.9904	-952848906.409
353.0	0.9906	-926949954.009
354.0	0.9908	-901082220.846
355.0	0.991	-875244715.388
356.0	0.9912	-849435639.84
357.0	0.9914	-823654339.156
358.0	0.9916	-797899371.238
359.0	0.9918	-772170407.323
360.0	0.992	-746466462.398
361.0	0.9922	-720787602.047
362.0	0.9924	-695133084.321
363.0	0.9926	-669503146.173
364.0	0.9928	-643897262.394
365.0	0.993	-618315936.072
366.0	0.9932	-592758755.141
367.0	0.9934	-567226236.257
368.0	0.9936	-541718003.028
369.0	0.9938	-516234613.406
370.0	0.994	-490775900.381
371.0	0.9942	-465342509.58
372.0	0.9944	-439934480.43
373.0	0.9946	-414552466.244
374.0	0.9948	-389196484.159
375.0	0.995	-363867076.01
376.0	0.9952	-338564207.123
377.0	0.9954	-313288438.63
378.0	0.9956	-288039793.456
379.0	0.9958	-262818939.332
380.0	0.996	-237626072.758
381.0	0.9962	-212462113.198
382.0	0.9964	-187327533.102
383.0	0.9966	-162223568.602
384.0	0.9968	-137150984.279
385.0	0.997	-112111268.894
386.0	0.9972	-87112438.5197
387.0	0.9974	-62144754.5319
388.0	0.9976	-37212280.2987
389.0	0.9978	-12315466.8757
390.0	0.998	12538946.2836
391.0	0.9982	37354926.7453
392.0	0.9984	62129427.1594
393.0	0.9986	86859115.7107
394.0	0.9988	111546365.532
395.0	0.999	136189478.115
396.0	0.9992	160785956.158
397.0	0.9994	185338841.054
398.0	0.9996	209846018.178
399.0	0.9998	234309798.636
400.0	1.0	258730301.876
401.0	1.0002	283108221.415
402.0	1.0004	307441525.367
403.0	1.0006	331734530.267
404.0	1.0008	355988181.462
405.0	1.001	380203080.048
406.0	1.0012	404381069.482
407.0	1.0014	428521762.632
408.0	1.0016	452627137.475
409.0	1.0018	476696862.003
410.0	1.002	500732990.316
411.0	1.0022	524735632.106
412.0	1.0024	548706566.458
413.0	1.0026	572646211.036
414.0	1.0028	596555962.375
415.0	1.003	620436383.447
416.0	1.0032	644288576.945
417.0	1.0034	668113188.38
418.0	1.0036	691911146.099
419.0	1.0038	715683153.247
420.0	1.004	739430023.242
421.0	1.0042	763152476.575
422.0	1.0044	786851215.336
423.0	1.0046	810526932.875
424.0	1.0048	834180204.424
425.0	1.005	857811669.614
426.0	1.0052	881421779.371
427.0	1.0054	905011121.42
428.0	1.0056	928580041.474
429.0	1.0058	952129089.989
430.0	1.006	975658550.594
431.0	1.0062	999168968.853
432.0	1.0064	1022660611.1
433.0	1.0066	1046134035.61
434.0	1.0068	1069589501.22
435.0	1.007	1093027546.57
436.0	1.0072	1116448388.55
437.0	1.0074	1139852503.88
438.0	1.0076	1163240037.97
439.0	1.0078	1186611376.59
440.0	1.008	1209966582.32
441.0	1.0082	1233305944.9
442.0	1.0084	1256629463.99
443.0	1.0086	1279937358.75
444.0	1.0088	1303229602.01
445.0	1.009	1326506374.71
446.0	1.0092	1349767644.0
447.0	1.0094	1373013569.47
448.0	1.0096	1396244107.19
449.0	1.0098	1419459401.11
450.0	1.01	1442659391.99
451.0	1.0102	1465844194.12
452.0	1.0104	1489013703.57
453.0	1.0106	1512167967.98
454.0	1.0108	1535306811.4
455.0	1.011	1558430205.08
456.0	1.0112	1581537904.17
457.0	1.0114	1604629826.89
458.0	1.0116	1627705691.18
459.0	1.0118	1650765396.08
460.0	1.012	1673808646.32
461.0	1.0122	1696835336.37
462.0	1.0124	1719845165.43
463.0	1.0126	1742838022.34
464.0	1.0128	1765813590.98
465.0	1.013	1788771738.52
466.0	1.0132	1811712119.17
467.0	1.0134	1834634568.88
468.0	1.0136	1857538721.73
469.0	1.0138	1880424394.85
470.0	1.014	1903291254.96
471.0	1.0142	1926139143.09
472.0	1.0144	1948967803.38
473.0	1.0146	1971777114.04
474.0	1.0148	1994566888.5
475.0	1.015	2017337035.12
476.0	1.0152	2040087408.9
477.0	1.0154	2062817934.06
478.0	1.0156	2085528478.77
479.0	1.0158	2108218970.75
480.0	1.016	2130889274.71
481.0	1.0162	2153539314.82
482.0	1.0164	2176168952.6
483.0	1.0166	2198778125.87
484.0	1.0168	2221366715.45
485.0	1.017	2243934673.71
486.0	1.0172	2266481912.33
487.0	1.0174	2289008411.47
488.0	1.0176	2311514128.62
489.0	1.0178	2333999065.41
490.0	1.018	2356463202.09
491.0	1.0182	2378906558.46
492.0	1.0184	2401329139.99
493.0	1.0186	2423730992.98
494.0	1.0188	2446112149.09
495.0	1.019	2468472682.37
496.0	1.0192	2490812648.39
497.0	1.0194	2513132156.52
498.0	1.0196	2535431291.84
499.0	1.0198	2557710193.83
500.0	1.02	2579968964.43
