3	header
postResults v2.0.2	single_phase_equiaxed_tension.spectralOut --cr f,p
filterTable v2.0.2	--white inc,1_f,1_p
inc	1_f	1_p
0.0	0.999969482422	4.33593965611e-06
1.0	0.0	nan
2.0	0.0	nan
3.0	1.00056946459	97247641.8246
4.0	1.00076945865	129702747.14
5.0	1.00096945271	-2.60437948086e+243
6.0	0.0	nan
7.0	1.00136944082	227185753.415
8.0	1.00156943487	1.25473088243e+229
9.0	1.00176942893	-9.07023833806e+186
10.0	1.00196942299	324845388.289
11.0	1.00216941704	2.96082325115e+192
12.0	1.0023694111	390049986.348
13.0	1.00256940515	422681702.49
14.0	1.00276939921	455332822.29
15.0	1.00296939326	488002688.558
16.0	1.00316938732	4.30441673655e+241
17.0	1.00336938138	5.86820159367e+166
18.0	1.00356937545	586069162.713
19.0	0.0	nan
20.0	0.0	nan
21.0	0.0	nan
22.0	1.00436935236	714530310.69
23.0	1.0045693469	744918096.78
24.0	1.00476934155	774218970.227
25.0	1.00496933627	802519375.57
26.0	1.00516933101	-383250630549.0
27.0	1.00536932576	857000393.795
28.0	1.00556932049	-7.55837443529e+121
29.0	1.0057693152	909991841.495
30.0	1.00596930988	936239062.0
31.0	1.00616930454	2.37421558188e+67
32.0	1.00636929918	988493301.483
33.0	1.00656929381	-1.60680215205e+256
34.0	1.00676928844	-2.76172652678e+231
35.0	1.00696928308	-4.89754225505e+203
36.0	1.00716927773	5.75011464906e+231
37.0	1.00736927241	6.43171970068e+273
38.0	1.00756926713	-2.26329239819e+54
39.0	1.00776926192	1170017802.8
40.0	1.00796925677	1195719910.03
41.0	1.00816925171	1221331537.46
42.0	1.00836924675	1246844012.95
43.0	0.0	nan
44.0	0.0	nan
45.0	0.0	nan
46.0	0.0	nan
47.0	0.0	nan
48.0	0.0	nan
49.0	0.0	nan
50.0	0.0	nan
51.0	0.0	nan
52.0	0.0	nan
53.0	0.0	nan
54.0	0.0	nan
55.0	0.0	nan
56.0	0.0	nan
57.0	0.0	nan
58.0	1.01156918076	4.89454989018e+36
59.0	0.0	nan
60.0	1.01196917335	1691827101.83
61.0	0.0	nan
62.0	0.0	nan
63.0	0.0	nan
64.0	1.01276915862	1.4326823217e+51
65.0	1.01296915498	1.29560234694e+85
66.0	1.01316915137	-2.73923037013e+265
67.0	0.0	nan
68.0	1.0135691443	1884026417.81
69.0	1.01376914084	1907817105.79
70.0	1.01396913743	1931553765.42
71.0	1.01416913406	1955235459.22
72.0	1.01436913072	1978862266.49
73.0	1.01456912739	-1.27431980657e+284
74.0	1.01476912408	4.30388899463e+142
75.0	1.01496912077	2049977432.08
76.0	1.01516911748	1.78274650193e+190
77.0	1.01536911418	2096162751.01
78.0	1.0155691109	2119456134.77
79.0	1.01576910762	4.71486734353e+82
80.0	1.01596910434	2165877289.14
81.0	1.01616910107	2189005883.83
82.0	1.01636909781	2212080801.95
83.0	1.01656909456	2.11265215967e+232
84.0	1.0167690913	2258072036.12
85.0	1.01696908805	2280990202.07
86.0	1.0171690848	2303858397.15
87.0	1.01736908155	2326677463.42
88.0	1.01756907828	-8.75106105652e+64
89.0	1.017769075	2372174142.44
90.0	1.01796907169	-7.42274572476e+115
91.0	1.01816906836	2417491313.5
92.0	1.018369065	2440086275.36
93.0	1.01856906161	2462640521.13
94.0	1.01876905819	2485155753.7
95.0	1.01896905472	8.65987735895e+144
96.0	1.01916905123	3.7912270259e+142
97.0	1.0193690477	2552478964.74
98.0	1.01956904413	2574849979.09
99.0	1.01976904054	1.76409239321e+146
100.0	1.01996903691	2.73725982778e+207
101.0	1.01976904373	-8.23469186146e+210
102.0	1.01956905014	2546709558.14
103.0	1.01936905627	-4.37283970023e+41
104.0	1.01916906229	7.91180558363e+55
105.0	1.01896906825	2445361755.96
106.0	1.01876907415	2412071797.97
107.0	1.01856908004	2378884851.33
108.0	1.01836908592	2345764524.72
109.0	1.01816909179	1.33720421863e+251
110.0	1.01796909766	2279671136.12
111.0	1.01776910354	2246680437.15
112.0	1.01756910941	2213719882.15
113.0	1.01736911528	4.99613853155e+267
114.0	1.01716912116	2147879995.21
115.0	1.01696912704	2114996844.54
116.0	1.01676913291	2082136395.92
117.0	1.01656913879	2.14199201846e+163
118.0	1.01636914467	-2.17036362163e+149
119.0	1.01616915054	1983685423.86
120.0	1.01596915642	1950910248.25
121.0	1.01576916229	1918155693.23
122.0	1.01556916817	1885421559.26
123.0	1.01536917405	-2.83847642161e+165
124.0	1.01516917992	1820016314.21
125.0	1.0149691858	1787343907.54
126.0	1.01476919167	1754694010.41
127.0	1.01456919755	1722066390.6
128.0	0.0	nan
129.0	0.0	nan
130.0	0.0	nan
131.0	0.0	nan
132.0	0.0	nan
133.0	0.0	nan
134.0	0.0	nan
135.0	0.0	nan
136.0	0.0	nan
137.0	0.0	nan
138.0	0.0	nan
139.0	0.0	nan
140.0	0.0	nan
141.0	1.01176927823	1268548440.73
142.0	0.0	nan
143.0	0.0	nan
144.0	0.0	nan
145.0	0.0	nan
146.0	0.0	nan
147.0	0.0	nan
148.0	1.01036931093	-2.72346213507e+262
149.0	0.0	nan
150.0	0.0	nan
151.0	0.0	nan
152.0	1.00956932847	948681576.048
153.0	0.0	nan
154.0	0.0	nan
155.0	0.0	nan
156.0	1.00876934652	-1.5818017458e+247
157.0	1.0085693511	-8.73862098586e+133
158.0	1.00836935571	-1.01517867036e+185
159.0	0.0	nan
160.0	0.0	nan
161.0	0.0	nan
162.0	0.0	nan
163.0	0.0	nan
164.0	0.0	nan
165.0	0.0	nan
166.0	0.0	nan
167.0	0.0	nan
168.0	0.0	nan
169.0	0.0	nan
170.0	0.0	nan
171.0	0.0	nan
172.0	0.0	nan
173.0	0.0	nan
174.0	0.0	nan
175.0	0.0	nan
176.0	0.0	nan
177.0	0.0	nan
178.0	0.0	nan
179.0	0.0	nan
180.0	0.0	nan
181.0	0.0	nan
182.0	0.0	nan
183.0	1.00336947529	151725999.287
184.0	1.00316948002	126457648.713
185.0	1.00296948471	-2.68280437052e+151
186.0	1.00276948938	76105752.213
187.0	1.002569494	1.2812890339e+114
188.0	1.00236949857	-1.09339387384e+246
189.0	1.00216950311	-1.77940551494e+114
190.0	1.00196950762	-2.19619186357e+151
191.0	0.0	nan
192.0	0.0	nan
193.0	0.0	nan
194.0	0.0	nan
195.0	0.0	nan
196.0	0.0	nan
197.0	0.0	nan
198.0	0.0	nan
199.0	1.00016954762	-245173949.179
200.0	0.999969552079	-269563835.945
201.0	0.0	nan
202.0	0.0	nan
203.0	0.999369565442	-2.19839859235e+76
204.0	0.0	nan
205.0	0.99896957428	-2.70356656631e+138
206.0	0.998769578654	-415388283.609
207.0	0.998569582997	-4.71666381835e+118
208.0	0.99836958729	-463841680.59
209.0	0.998169591542	-488043609.33
210.0	0.0	nan
211.0	0.0	nan
212.0	0.0	nan
213.0	0.0	nan
214.0	0.0	nan
215.0	0.0	nan
216.0	0.0	nan
217.0	0.0	nan
218.0	0.0	nan
219.0	0.0	nan
220.0	0.0	nan
221.0	0.0	nan
222.0	0.0	nan
223.0	0.0	nan
224.0	0.0	nan
225.0	0.0	nan
226.0	0.0	nan
227.0	0.0	nan
228.0	0.0	nan
229.0	0.0	nan
230.0	0.993969673409	-992248034.138
231.0	0.0	nan
232.0	0.0	nan
233.0	0.0	nan
234.0	0.0	nan
235.0	0.0	nan
236.0	0.0	nan
237.0	0.0	nan
238.0	0.992369704337	2.5271490159e+121
239.0	0.0	nan
240.0	0.0	nan
241.0	0.0	nan
242.0	0.0	nan
243.0	0.0	nan
244.0	0.0	nan
245.0	0.0	nan
246.0	0.0	nan
247.0	0.0	nan
248.0	0.0	nan
249.0	0.0	nan
250.0	0.0	nan
251.0	0.989769752198	-7.6986331226e+56
252.0	0.989569755897	-7.35149939987e+258
253.0	0.989369759603	3.50432934937e+170
254.0	0.989169763316	-2.85278621385e+302
255.0	0.988969767031	-3.98778098391e+44
256.0	0.988769770745	-1603400532.76
257.0	0.0	nan
258.0	0.988369778152	-1649738982.88
259.0	0.988169781838	-1672870116.26
260.0	0.0	nan
261.0	0.0	nan
262.0	0.0	nan
263.0	0.987369796392	-1765139317.33
264.0	0.987169799975	-5.09684968008e+68
265.0	0.986969803533	-1811120142.31
266.0	0.986769807066	1.30972602435e+252
267.0	0.986569810576	5.31704643602e+129
268.0	0.986369814061	6.29984650744e+143
269.0	0.986169817523	-1902777014.87
270.0	0.985969820961	-8.73822865461e+78
271.0	0.985769824376	2.9853342902e+289
272.0	0.0	nan
273.0	0.985369831139	-1994036666.09
274.0	0.0	nan
275.0	0.0	nan
276.0	0.0	nan
277.0	0.0	nan
278.0	0.0	nan
279.0	0.0	nan
280.0	0.0	nan
281.0	0.0	nan
282.0	0.0	nan
283.0	0.0	nan
284.0	0.0	nan
285.0	0.98296987122	-9.66550539319e+275
286.0	0.982769874678	-2288177971.14
287.0	0.982569878176	-2310665483.62
288.0	0.982369881716	-2.59707539363e+130
289.0	0.9821698853	1.26374552906e+250
290.0	0.0	nan
291.0	0.0	nan
292.0	0.0	nan
293.0	0.0	nan
294.0	0.0	nan
295.0	0.0	nan
296.0	0.0	nan
297.0	0.0	nan
298.0	0.0	nan
299.0	0.0	nan
300.0	0.0	nan
301.0	0.98016992042	-2565921914.99
302.0	0.980369914002	-1.27383952671e+221
303.0	0.980569907832	-1.82984494731e+202
304.0	0.980769901728	-1.88947149644e+151
305.0	0.980969895688	-2435522063.6
306.0	0.981169889702	4.09124884972e+20
307.0	0.981369883725	-2371710125.28
308.0	0.981569877761	-2339858198.5
309.0	0.981769871795	-4.23169434611e+182
310.0	0.981969865829	-2276180330.33
311.0	0.982169859861	-2244338099.11
312.0	0.98236985389	7.58071010115e+222
313.0	0.982569847916	9.14758946843e+135
314.0	0.982769841941	-2148749356.45
315.0	0.982969835963	-2116859375.42
316.0	0.983169829984	-2084953326.43
317.0	0.983369824003	-2053030947.84
318.0	0.983569818022	-2021091243.77
319.0	0.98376981204	-4.05206387548e+155
320.0	0.983969806058	-1957159553.63
321.0	0.984169800076	-1925167504.01
322.0	0.984369794094	-1893158065.11
323.0	0.984569788113	-1861132206.61
324.0	0.984769782132	3.43109634171e+228
325.0	0.984969776152	-1797033318.47
326.0	0.985169770174	-2.31545031398e+122
327.0	0.985369764199	-4.89590656562e+163
328.0	0.985569758225	-2.168385842e+166
329.0	0.0	nan
330.0	0.985969746289	2.17394772859e+127
331.0	0.0	nan
332.0	0.0	nan
333.0	0.0	nan
334.0	0.0	nan
335.0	0.0	nan
336.0	0.0	nan
337.0	0.0	nan
338.0	0.0	nan
339.0	0.0	nan
340.0	0.0	nan
341.0	0.0	nan
342.0	0.0	nan
343.0	0.0	nan
344.0	0.0	nan
345.0	0.0	nan
346.0	0.0	nan
347.0	0.0	nan
348.0	0.0	nan
349.0	0.0	nan
350.0	0.0	nan
351.0	0.990169638577	-988783627.697
352.0	0.0	nan
353.0	0.0	nan
354.0	0.0	nan
355.0	0.0	nan
356.0	0.0	nan
357.0	0.0	nan
358.0	0.0	nan
359.0	0.0	nan
360.0	0.991969599133	-749360741.003
361.0	0.992169594662	-723088842.145
362.0	0.99236959017	-3.81253047502e+55
363.0	0.992569585657	-1.4238740728e+188
364.0	0.992769581121	8.23497041591e+88
365.0	0.992969576565	-1.69715101366e+211
366.0	0.993169571987	-3.57014074854e+282
367.0	0.993369567388	3.9079540577e+83
368.0	0.993569562768	1.11123835827e+294
369.0	0.993769558129	-2.70088812199e+43
370.0	0.993969553468	-5.4663263678e+90
371.0	0.994169548789	-461708095.665
372.0	0.994369544088	-8.4848424614e+212
373.0	0.994569539369	-409635038.971
374.0	0.99476953463	-383622018.495
375.0	0.994969529874	-357626707.971
376.0	0.995169525101	-331650419.393
377.0	0.995369520316	5.1458388274e+211
378.0	0.995569515523	-279766356.207
379.0	0.995769510725	2.78245464339e+230
380.0	0.995969505928	-227996492.733
381.0	0.996169501135	-202165423.129
382.0	0.99636949635	1.50343360976e+123
383.0	0.99656949158	-150636520.332
384.0	0.996769486828	1.18251473411e+82
385.0	0.996969482089	1.90676975367e+138
386.0	0.997169477386	-73767486.1874
387.0	0.997369472732	-48272374.9428
388.0	0.997569468099	-3.6549627901e+24
389.0	0.997769463486	-3.24759680887e+266
390.0	0.997969458924	-2.23445958071e+53
391.0	0.998169454398	-1.59171973052e+133
392.0	0.998369449882	78182963.6259
393.0	0.998569445373	103283052.549
394.0	0.998769440894	128329736.228
395.0	0.998969436424	153325892.046
396.0	0.999169431952	178277303.858
397.0	0.999369427472	203185607.718
398.0	0.999569423011	7.42322786122e+76
399.0	0.999769418544	-2.38441955465e+302
400.0	0.999969414074	277696683.051
401.0	1.0001694096	302471694.561
402.0	1.00036940513	-2.20648786427e+163
403.0	1.00056940067	1.67409186532e+231
404.0	1.0007693962	1.35672429178e+265
405.0	1.00096939175	-3.79676693904e+199
406.0	1.0011693873	1.53678609144e+22
407.0	1.00136938288	450599579.741
408.0	1.00156937847	3.21019896808e+102
409.0	1.00176937411	-5.74149937535e+223
410.0	1.00196936978	524371464.252
411.0	1.00216936549	-1.83080479993e+283
412.0	1.00236936125	-1.05851885474e+159
413.0	1.00256935707	597964497.358
414.0	1.00276935293	-1.13495514879e+88
415.0	1.00296934884	646927394.053
416.0	1.00316934479	671378489.315
417.0	1.0033693408	695808805.347
418.0	1.00356933684	1.15895395718e+250
419.0	1.00376933292	2.38030965627e+70
420.0	1.00396932903	-9.84699990664e+27
421.0	1.00416932518	793315709.925
422.0	1.00436932135	817637023.854
423.0	1.00456931755	841935242.542
424.0	1.00476931376	-3.12986388201e+149
425.0	1.00496930999	890460867.365
426.0	1.00516930623	6.06475859028e+165
427.0	1.00536930247	-4.56765614299e+152
428.0	1.00556929871	-4.12520465575e+280
429.0	1.00576929496	987213258.446
430.0	1.0059692912	5.31902006567e+126
431.0	1.00616928743	8.65855695694e+35
432.0	1.00636928365	2.52307661141e+204
433.0	1.00656927986	1083539815.0
434.0	1.00676927605	3.19029764608e+140
435.0	1.00696927223	1131535227.11
436.0	1.0071692684	1.88115783666e+260
437.0	1.00736926457	1179416108.34
438.0	1.00756926074	1203313304.13
439.0	1.00776925692	5.95330140443e+223
440.0	1.00796925314	7.43285432101e+194
441.0	1.00816924939	1274829859.94
442.0	1.00836924568	1298609941.88
443.0	1.00856924201	12681055311.3
444.0	1.00876923838	4.66328517922e+230
445.0	1.00896923477	-1.05801763737e+63
446.0	1.00916923117	-2.16936447934e+149
447.0	1.00936922759	6.25712627432e+189
448.0	1.009569224	1440659690.17
449.0	1.00976922041	1464228356.45
450.0	1.00996921682	1487766520.51
451.0	1.01016921323	-190978436608000.0
452.0	1.01036920964	-3.25026096136e+133
453.0	1.01056920605	-5.44808039587e+240
454.0	1.01076920246	1581610544.48
455.0	1.01096919887	1604993628.74
456.0	1.01116919529	-9.90648382184e+38
457.0	1.01136919172	1651665174.32
458.0	1.01156918816	-1.49556844767e+245
459.0	1.01176918461	-1.87145035066e+215
460.0	1.01196918107	-1.07600669286e+79
461.0	1.01216917756	1744624863.45
462.0	1.01236917406	1.79851642367e+118
463.0	1.01256917058	1790911596.84
464.0	1.01276916712	1814006739.48
465.0	1.01296916369	1837069733.61
466.0	1.01316916028	1860100872.0
467.0	1.0133691569	1.95196547343e+208
468.0	1.01356915355	-6.00624223642e+73
469.0	1.01376915023	1929004064.65
470.0	1.01396914693	1.41159317166e+232
471.0	1.0142	1974839291.97
472.0	1.0144	1997683575.24
473.0	1.0146	2020497462.4
474.0	1.0148	2043281603.2
475.0	1.01496913084	2065977421.44
476.0	1.01516912769	4.85849543222e+155
477.0	1.01536912455	2111398827.39
478.0	1.0156	2134128074.95
479.0	1.0158	2156769513.53
480.0	1.016	2179383920.39
481.0	1.0162	2201971557.26
482.0	1.0164	2224533027.5
483.0	1.0166	2247068557.12
484.0	1.0168	2269578712.7
485.0	1.017	2292063680.01
486.0	1.0172	2314523991.32
487.0	1.0174	2336959788.77
488.0	1.0176	2359371563.69
489.0	1.0178	2381759408.98
490.0	1.018	2404123770.07
491.0	1.0182	2426464696.66
492.0	1.0184	2448782601.86
493.0	1.0186	2471077503.48
494.0	1.0188	2493349799.04
495.0	1.019	2515599492.66
496.0	1.0192	2537826965.17
497.0	1.0194	2560032198.25
498.0	1.01956905657	4.60165767312e+295
499.0	1.01976905306	4.40365322122e+225
500.0	1.02	2626516830.46
501.0	1.02	2626516830.46
