3	header
postResults v2.0.2	single_phase_equiaxed_tension.spectralOut --cr f,p
filterTable v2.0.2	--white inc,1_f,1_p
inc	1_f	1_p
0.0	1.0	1.68472363844e-05
1.0	1.0002	31995976.9359
2.0	1.0004	64011377.3414
3.0	1.0006	96046133.204
4.0	1.0008	128100277.801
5.0	1.001	160173801.338
6.0	1.0012	192266715.237
7.0	1.0014	224379032.69
8.0	1.0016	256510741.593
9.0	1.0018	288661852.382
10.0	1.002	320832366.287
11.0	1.0022	353022289.782
12.0	1.0024	385231600.211
13.0	1.0026	417460199.116
14.0	1.0028	449707672.817
15.0	1.003	481972463.692
16.0	1.0032	514249298.112
17.0	1.0034	546521892.51
18.0	1.0036	578745451.549
19.0	1.0038	610816175.818
20.0	1.004	642549384.351
21.0	1.0042	673719306.402
22.0	1.0044	704155981.411
23.0	1.0046	733799611.998
24.0	1.0048	762684648.955
25.0	1.005	790907494.298
26.0	1.0052	818594554.353
27.0	1.0054	845861003.789
28.0	1.0056	872783059.157
29.0	1.0058	899396790.925
30.0	1.006	925733426.153
31.0	1.0062	951816956.241
32.0	1.0064	977674437.512
33.0	1.0066	1003332075.41
34.0	1.0068	1028817356.28
35.0	1.007	1054153256.92
36.0	1.0072	1079360373.04
37.0	1.0074	1104452434.09
38.0	1.0076	1129439444.3
39.0	1.0078	1154324968.07
40.0	1.008	1179109484.06
41.0	1.0082	1203788898.54
42.0	1.0084	1228357775.75
43.0	1.0086	1252808170.01
44.0	1.0088	1277132561.78
45.0	1.009	1301322610.39
46.0	1.0092	1325371804.63
47.0	1.0094	1349274046.8
48.0	1.0096	1373025972.94
49.0	1.0098	1396625310.22
50.0	1.01	1420072799.55
51.0	1.0102	1443370325.14
52.0	1.0104	1466522463.97
53.0	1.0106	1489534520.57
54.0	1.0108	1512413796.71
55.0	1.011	1535167700.57
56.0	1.0112	1557804838.31
57.0	1.0114	1580333342.56
58.0	1.0116	1602761858.02
59.0	1.0118	1625098172.06
60.0	1.012	1647350128.92
61.0	1.0122	1669524571.07
62.0	1.0124	1691628181.03
63.0	1.0126	1713666678.83
64.0	1.0128	1735645575.28
65.0	1.013	1757569545.17
66.0	1.0132	1779443082.19
67.0	1.0134	1801269985.3
68.0	1.0136	1823053917.71
69.0	1.0138	1844797971.56
70.0	1.014	1866505143.36
71.0	1.0142	1888177957.8
72.0	1.0144	1909818873.78
73.0	1.0146	1931429957.0
74.0	1.0148	1953013228.09
75.0	1.015	1974570377.21
76.0	1.0152	1996103065.5
77.0	1.0154	2017612675.47
78.0	1.0156	2039100574.33
79.0	1.0158	2060567895.19
80.0	1.016	2082015767.75
81.0	1.0162	2103445124.91
82.0	1.0164	2124856904.88
83.0	1.0166	2146251878.82
84.0	1.0168	2167630829.42
85.0	1.017	2188994395.78
86.0	1.0172	2210343232.51
87.0	1.0174	2231677869.88
88.0	1.0176	2252998857.48
89.0	1.0178	2274306636.56
90.0	1.018	2295601671.01
91.0	1.0182	2316884329.98
92.0	1.0184	2338155006.94
93.0	1.0186	2359414012.17
94.0	1.0188	2380661680.91
95.0	1.019	2401898274.6
96.0	1.0192	2423124079.43
97.0	1.0194	2444339316.07
98.0	1.0196	2465544230.06
99.0	1.0198	2486739008.34
100.0	1.02	2507923863.38
101.0	1.0198	2470626811.8
102.0	1.0196	2435798224.19
103.0	1.0194	2402054319.1
104.0	1.0192	2368874390.85
105.0	1.019	2335980408.49
106.0	1.0188	2303254915.24
107.0	1.0186	2270630058.99
108.0	1.0184	2238073162.47
109.0	1.0182	2205563679.88
110.0	1.018	2173090421.45
111.0	1.0178	2140646317.3
112.0	1.0176	2108227381.76
113.0	1.0174	2075831120.11
114.0	1.0172	2043456113.02
115.0	1.017	2011101464.77
116.0	1.0168	1978766663.83
117.0	1.0166	1946451386.84
118.0	1.0164	1914155455.86
119.0	1.0162	1881878754.0
120.0	1.016	1849621229.19
121.0	1.0158	1817382845.05
122.0	1.0156	1785163611.23
123.0	1.0154	1752963527.04
124.0	1.0152	1720782643.93
125.0	1.015	1688621002.57
126.0	1.0148	1656478738.29
127.0	1.0146	1624356001.31
128.0	1.0144	1592253118.93
129.0	1.0142	1560170488.83
130.0	1.014	1528108778.9
131.0	1.0138	1496068710.16
132.0	1.0136	1464051302.75
133.0	1.0134	1432057632.83
134.0	1.0132	1400089379.5
135.0	1.013	1368148947.2
136.0	1.0128	1336241387.6
137.0	1.0126	1304377934.67
138.0	1.0124	1272585580.32
139.0	1.0122	1240922748.88
140.0	1.012	1209494526.24
141.0	1.0118	1178440434.23
142.0	1.0116	1147878493.63
143.0	1.0114	1117852596.39
144.0	1.0112	1088343586.48
145.0	1.011	1059312567.67
146.0	1.0108	1030731497.08
147.0	1.0106	1002578414.7
148.0	1.0104	974823480.989
149.0	1.0102	947418520.185
150.0	1.01	920304754.788
151.0	1.0098	893421590.95
152.0	1.0096	866718498.875
153.0	1.0094	840159076.043
154.0	1.0092	813722729.624
155.0	1.009	787401594.642
156.0	1.0088	761196741.838
157.0	1.0086	735112156.62
158.0	1.0084	709151734.395
159.0	1.0082	683316876.195
160.0	1.008	657606570.377
161.0	1.0078	632017013.058
162.0	1.0076	606542645.672
163.0	1.0074	581176642.164
164.0	1.0072	555911761.093
165.0	1.007	530740709.752
166.0	1.0068	505656396.529
167.0	1.0066	480652070.476
168.0	1.0064	455721336.587
169.0	1.0062	430858265.405
170.0	1.006	406057372.005
171.0	1.0058	381313702.731
172.0	1.0056	356622882.918
173.0	1.0054	331981097.346
174.0	1.0052	307385124.841
175.0	1.005	282832303.256
176.0	1.0048	258320556.616
177.0	1.0046	233848441.823
178.0	1.0044	209415107.455
179.0	1.0042	185020343.307
180.0	1.004	160664418.775
181.0	1.0038	136348098.87
182.0	1.0036	112072522.707
183.0	1.0034	87839235.5629
184.0	1.0032	63650119.697
185.0	1.003	39507331.5406
186.0	1.0028	15419398.2976
187.0	1.0026	-8620595.65004
188.0	1.0024	-32608129.3542
189.0	1.0022	-56540919.2257
190.0	1.002	-80415894.1031
191.0	1.0018	-104226347.413
192.0	1.0016	-127973927.745
193.0	1.0014	-151655397.187
194.0	1.0012	-175269410.309
195.0	1.001	-198813677.925
196.0	1.0008	-222287163.435
197.0	1.0006	-245690753.987
198.0	1.0004	-269021488.376
199.0	1.0002	-292281351.945
200.0	1.0	-315470467.575
201.0	0.9998	-338590226.078
202.0	0.9996	-361641975.144
203.0	0.9994	-384623827.411
204.0	0.9992	-407539632.149
205.0	0.999	-430390971.445
206.0	0.9988	-453179300.55
207.0	0.9986	-475906092.95
208.0	0.9984	-498574239.262
209.0	0.9982	-521185325.249
210.0	0.998	-543742091.087
211.0	0.9978	-566246425.727
212.0	0.9976	-588700938.941
213.0	0.9974	-611107694.244
214.0	0.9972	-633469261.712
215.0	0.997	-655787764.91
216.0	0.9968	-678065654.795
217.0	0.9966	-700304999.315
218.0	0.9964	-722508048.125
219.0	0.9962	-744676725.269
220.0	0.996	-766813042.098
221.0	0.9958	-788918732.96
222.0	0.9956	-810995567.093
223.0	0.9954	-833045076.579
224.0	0.9952	-855068803.558
225.0	0.995	-877068086.839
226.0	0.9948	-899044267.385
227.0	0.9946	-920998513.147
228.0	0.9944	-942931994.518
229.0	0.9942	-964845734.965
230.0	0.994	-986740763.583
231.0	0.9938	-1008617982.97
232.0	0.9936	-1030478305.68
233.0	0.9934	-1052322534.6
234.0	0.9932	-1074151486.79
235.0	0.993	-1095965882.77
236.0	0.9928	-1117766460.39
237.0	0.9926	-1139553871.22
238.0	0.9924	-1161328786.14
239.0	0.9922	-1183091797.63
240.0	0.992	-1204843518.36
241.0	0.9918	-1226584488.86
242.0	0.9916	-1248315269.77
243.0	0.9914	-1270036354.25
244.0	0.9912	-1291748256.06
245.0	0.991	-1313451424.01
246.0	0.9908	-1335146329.26
247.0	0.9906	-1356833379.89
248.0	0.9904	-1378513008.72
249.0	0.9902	-1400185587.19
250.0	0.99	-1421851513.46
251.0	0.9898	-1443511126.83
252.0	0.9896	-1465164793.75
253.0	0.9894	-1486812824.35
254.0	0.9892	-1508455555.42
255.0	0.989	-1530093270.04
256.0	0.9888	-1551726277.14
257.0	0.9886	-1573354833.54
258.0	0.9884	-1594979221.66
259.0	0.9882	-1616599672.82
260.0	0.988	-1638216444.43
261.0	0.9878	-1659829743.8
262.0	0.9876	-1681439806.03
263.0	0.9874	-1703046817.17
264.0	0.9872	-1724650992.82
265.0	0.987	-1746252500.94
266.0	0.9868	-1767851540.19
267.0	0.9866	-1789448262.97
268.0	0.9864	-1811042853.2
269.0	0.9862	-1832635449.23
270.0	0.986	-1854226221.69
271.0	0.9858	-1875815296.34
272.0	0.9856	-1897402831.37
273.0	0.9854	-1918988940.4
274.0	0.9852	-1940573769.11
275.0	0.985	-1962157418.87
276.0	0.9848	-1983740022.62
277.0	0.9846	-2005321669.07
278.0	0.9844	-2026902478.58
279.0	0.9842	-2048482527.58
280.0	0.984	-2070061924.6
281.0	0.9838	-2091640735.19
282.0	0.9836	-2113219057.66
283.0	0.9834	-2134796948.91
284.0	0.9832	-2156374499.27
285.0	0.983	-2177951759.32
286.0	0.9828	-2199528813.25
287.0	0.9826	-2221105707.12
288.0	0.9824	-2242682520.16
289.0	0.9822	-2264259293.96
290.0	0.982	-2285836102.21
291.0	0.9818	-2307412981.2
292.0	0.9816	-2328989998.12
293.0	0.9814	-2350567183.1
294.0	0.9812	-2372144596.51
295.0	0.981	-2393722262.45
296.0	0.9808	-2415300235.52
297.0	0.9806	-2436878535.09
298.0	0.9804	-2458457211.69
299.0	0.9802	-2480036282.05
300.0	0.98	-2501615794.56
301.0	0.9802	-2466291907.58
302.0	0.9804	-2433019593.82
303.0	0.9806	-2400632704.42
304.0	0.9808	-2368704825.54
305.0	0.981	-2336987884.96
306.0	0.9812	-2305384237.45
307.0	0.9814	-2273833115.71
308.0	0.9816	-2242306539.94
309.0	0.9818	-2210786027.26
310.0	0.982	-2179261722.57
311.0	0.9822	-2147727116.09
312.0	0.9824	-2116178645.55
313.0	0.9826	-2084613953.46
314.0	0.9828	-2053031798.01
315.0	0.983	-2021431271.17
316.0	0.9832	-1989811953.41
317.0	0.9834	-1958173475.87
318.0	0.9836	-1926515731.57
319.0	0.9838	-1894838562.62
320.0	0.984	-1863141979.35
321.0	0.9842	-1831425889.56
322.0	0.9844	-1799690350.92
323.0	0.9846	-1767935317.04
324.0	0.9848	-1736160906.46
325.0	0.985	-1704367200.1
326.0	0.9852	-1672554526.97
327.0	0.9854	-1640723327.88
328.0	0.9856	-1608874483.5
329.0	0.9858	-1577009064.53
330.0	0.986	-1545128638.13
331.0	0.9862	-1513234708.27
332.0	0.9864	-1481329187.24
333.0	0.9866	-1449413691.54
334.0	0.9868	-1417490517.28
335.0	0.987	-1385562224.76
336.0	0.9872	-1353634002.54
337.0	0.9874	-1321716186.33
338.0	0.9876	-1289833077.48
339.0	0.9878	-1258035388.02
340.0	0.988	-1226415009.29
341.0	0.9882	-1195098723.49
342.0	0.9884	-1164206837.15
343.0	0.9886	-1133803235.84
344.0	0.9888	-1103889959.38
345.0	0.989	-1074437020.91
346.0	0.9892	-1045415777.18
347.0	0.9894	-1016801237.26
348.0	0.9896	-988620269.383
349.0	0.9898	-960732324.075
350.0	0.99	-933116359.78
351.0	0.9902	-905696391.684
352.0	0.9904	-878454669.492
353.0	0.9906	-851360953.151
354.0	0.9908	-824399299.571
355.0	0.991	-797559174.355
356.0	0.9912	-770836592.347
357.0	0.9914	-744231248.347
358.0	0.9916	-717744233.689
359.0	0.9918	-691375733.117
360.0	0.992	-665124738.735
361.0	0.9922	-638988239.835
362.0	0.9924	-612961663.532
363.0	0.9926	-587039027.252
364.0	0.9928	-561213671.582
365.0	0.993	-535478559.24
366.0	0.9932	-509826772.337
367.0	0.9934	-484251513.246
368.0	0.9936	-458746528.318
369.0	0.9938	-433305902.694
370.0	0.994	-407924401.509
371.0	0.9942	-382597239.958
372.0	0.9944	-357320413.717
373.0	0.9946	-332090533.56
374.0	0.9948	-306905023.733
375.0	0.995	-281762001.9
376.0	0.9952	-256660367.613
377.0	0.9954	-231599738.283
378.0	0.9956	-206580394.37
379.0	0.9958	-181603184.524
380.0	0.996	-156669435.424
381.0	0.9962	-131780912.796
382.0	0.9964	-106939808.017
383.0	0.9966	-82148665.6555
384.0	0.9968	-57410335.7587
385.0	0.997	-32734154.1808
386.0	0.9972	-8113993.54006
387.0	0.9974	16445532.1746
388.0	0.9976	40941412.8951
389.0	0.9978	65370113.5285
390.0	0.998	89724955.405
391.0	0.9982	114006617.031
392.0	0.9984	138212200.98
393.0	0.9986	162340330.408
394.0	0.9988	186388939.093
395.0	0.999	210356467.035
396.0	0.9992	234244618.687
397.0	0.9994	258049684.358
398.0	0.9996	281774305.946
399.0	0.9998	305418397.881
400.0	1.0	328984417.386
401.0	1.0002	352468857.719
402.0	1.0004	375876167.259
403.0	1.0006	399206518.225
404.0	1.0008	422461907.456
405.0	1.001	445642468.031
406.0	1.0012	468751714.879
407.0	1.0014	491789970.103
408.0	1.0016	514760442.819
409.0	1.0018	537664426.595
410.0	1.002	560504847.586
411.0	1.0022	583283588.537
412.0	1.0024	606003511.383
413.0	1.0026	628666788.868
414.0	1.0028	651276180.416
415.0	1.003	673833938.274
416.0	1.0032	696342635.201
417.0	1.0034	718804451.884
418.0	1.0036	741221720.234
419.0	1.0038	763596454.987
420.0	1.004	785930722.16
421.0	1.0042	808226322.537
422.0	1.0044	830485053.941
423.0	1.0046	852708492.73
424.0	1.0048	874898188.283
425.0	1.005	897055507.292
426.0	1.0052	919181784.323
427.0	1.0054	941278203.596
428.0	1.0056	963345921.991
429.0	1.0058	985385972.555
430.0	1.006	1007399368.75
431.0	1.0062	1029387021.8
432.0	1.0064	1051349830.05
433.0	1.0066	1073288606.01
434.0	1.0068	1095204153.71
435.0	1.007	1117097203.03
436.0	1.0072	1138968478.82
437.0	1.0074	1160818638.78
438.0	1.0076	1182648340.28
439.0	1.0078	1204458178.9
440.0	1.008	1226248753.49
441.0	1.0082	1248020606.51
442.0	1.0084	1269774284.94
443.0	1.0086	1291510286.67
444.0	1.0088	1313229111.11
445.0	1.009	1334931218.54
446.0	1.0092	1356617064.27
447.0	1.0094	1378287075.16
448.0	1.0096	1399941666.56
449.0	1.0098	1421581235.27
450.0	1.01	1443206161.64
451.0	1.0102	1464816815.81
452.0	1.0104	1486413546.39
453.0	1.0106	1507996697.1
454.0	1.0108	1529566586.97
455.0	1.011	1551123530.9
456.0	1.0112	1572667820.54
457.0	1.0114	1594199740.83
458.0	1.0116	1615719558.03
459.0	1.0118	1637227528.7
460.0	1.012	1658723894.41
461.0	1.0122	1680208886.52
462.0	1.0124	1701682723.01
463.0	1.0126	1723145613.1
464.0	1.0128	1744597753.28
465.0	1.013	1766039333.64
466.0	1.0132	1787470532.73
467.0	1.0134	1808891523.65
468.0	1.0136	1830302471.94
469.0	1.0138	1851703534.53
470.0	1.014	1873094868.24
471.0	1.0142	1894476612.97
472.0	1.0144	1915848917.62
473.0	1.0146	1937211905.32
474.0	1.0148	1958565714.88
475.0	1.015	1979910454.4
476.0	1.0152	2001246250.69
477.0	1.0154	2022573199.27
478.0	1.0156	2043891413.54
479.0	1.0158	2065200978.78
480.0	1.016	2086501994.58
481.0	1.0162	2107794538.25
482.0	1.0164	2129078695.95
483.0	1.0166	2150354539.01
484.0	1.0168	2171622142.3
485.0	1.017	2192881572.49
486.0	1.0172	2214132896.36
487.0	1.0174	2235376176.57
488.0	1.0176	2256611474.28
489.0	1.0178	2277838847.92
490.0	1.018	2299058353.86
491.0	1.0182	2320270045.33
492.0	1.0184	2341473972.87
493.0	1.0186	2362670183.62
494.0	1.0188	2383858721.03
495.0	1.019	2405039625.64
496.0	1.0192	2426212933.32
497.0	1.0194	2447378678.72
498.0	1.0196	2468536890.85
499.0	1.0198	2489687600.25
500.0	1.02	2510830830.86
501.0	1.02	2510830830.86
