3	header
postResults v2.0.2	single_phase_equiaxed_tension.spectralOut --cr f,p
filterTable v2.0.2	--white inc,1_f,1_p
inc	1_f	1_p
0.0	0.000250899054947	1.38103543885e-09
1.0	1.00015823848	-2.20050156531e+291
2.0	1.00035829195	-1.63505436692e+55
3.0	1.00055834598	97322539.3491
4.0	1.00075839928	129802379.899
5.0	1.00095845248	-4.27383483105e+162
6.0	1.00115850517	194820991.668
7.0	1.00135855751	227359640.02
8.0	1.00155860948	-1.09101973607e+97
9.0	1.00175866115	292495652.409
10.0	1.00195871242	-1.21864306248e+207
11.0	1.00215876338	357709992.955
12.0	1.00235881396	2.85868824345e+260
13.0	1.00255886421	423002690.96
14.0	1.00275891408	455678414.499
15.0	1.00295896359	-8.74822996777e+246
16.0	1.00315901265	521088246.608
17.0	1.00335906106	553821549.383
18.0	1.00355910819	586571775.134
19.0	1.00375915233	619333988.385
20.0	1.00395918884	652095625.497
21.0	1.00415920623	-3.90916372032e+175
22.0	1.00435917853	-1.18794257532e+38
23.0	1.0045590605	4.99368447472e+29
24.0	1.00475880373	782096806.248
25.0	1.00495839553	2.092752222e+156
26.0	1.00515787732	845043939.434
27.0	1.0053573184	875728361.379
28.0	1.00555677571	905934130.701
29.0	1.00575628182	935753479.016
30.0	1.00595584118	965281368.172
31.0	1.00615545536	2.74765178108e+214
32.0	1.00635510733	2.81561701607e+258
33.0	1.00655482537	1052753053.25
34.0	1.0067546095	-1.02565722056e+190
35.0	1.00695451966	1110312325.21
36.0	1.00715456901	1.02878611613e+113
37.0	1.00735484168	1.20388132248e+113
38.0	1.0075553435	1195015307.98
39.0	1.00775614841	1222622805.85
40.0	nan	nan
41.0	1.00815863588	-9.45862656773e+200
42.0	1.00836031288	1303013963.65
43.0	1.00856228552	1328976215.16
44.0	1.0087644943	5.14829922461e+213
45.0	1.00896695199	1379729310.31
46.0	1.00916960796	1404577126.13
47.0	1.00937247124	1.75535398995e+242
48.0	1.00957550209	-5.98270980572e+239
49.0	1.00977870805	1.97122746843e+301
50.0	1.00998205778	-3.35501369314e+73
51.0	1.01018555841	1524629725.38
52.0	1.01038918481	1547943749.27
53.0	1.0105929438	1571063498.01
54.0	1.01079681429	-9.29643367667e+37
55.0	1.01100080214	1616764880.46
56.0	1.01120488848	1.97334250867e+103
57.0	1.01140907754	-2.81009364138e+40
58.0	1.01161335162	1684160502.67
59.0	1.01181771316	1706366817.57
60.0	1.01202214548	1728461799.92
61.0	1.01222664954	1750458205.01
62.0	1.01243120992	1.15376534872e+123
63.0	1.01263582672	1794191436.81
64.0	1.01284048605	1815946268.23
65.0	1.01304518769	1837638058.48
66.0	1.01324991941	1859272390.97
67.0	1.01345468102	-1.40586089548e+265
68.0	nan	nan
69.0	nan	nan
70.0	nan	nan
71.0	nan	nan
72.0	1.01447871911	-3.31067654359e+287
73.0	1.01468354742	2009559775.99
74.0	1.01488837308	-3.17664181404e+151
75.0	nan	nan
76.0	1.01529801351	9.10933373646e+168
77.0	1.01550282389	1.17266258827e+50
78.0	1.01570762348	2116102315.42
79.0	nan	nan
80.0	1.01611718958	-2.13550189561e+201
81.0	1.01632195327	2179820282.36
82.0	nan	nan
83.0	nan	nan
84.0	nan	nan
85.0	nan	nan
86.0	nan	nan
87.0	nan	nan
88.0	nan	nan
89.0	nan	nan
90.0	nan	nan
91.0	nan	nan
92.0	nan	nan
93.0	nan	nan
94.0	nan	nan
95.0	1.0191866421	-6450957086030.0
96.0	1.01939108834	2496828784.72
97.0	1.01959550863	2517888165.53
98.0	1.01979990172	-450964614140000.0
99.0	1.02000426813	2559983068.77
100.0	1.02020860678	2581018910.46
101.0	nan	nan
102.0	nan	nan
103.0	nan	nan
104.0	nan	nan
105.0	nan	nan
106.0	nan	nan
107.0	1.01881228155	2337306979.69
108.0	nan	nan
109.0	nan	nan
110.0	1.01821203108	2238149297.59
111.0	1.01801193701	2205185261.58
112.0	nan	nan
113.0	nan	nan
114.0	nan	nan
115.0	nan	nan
116.0	nan	nan
117.0	nan	nan
118.0	nan	nan
119.0	1.01641117311	-3.84559740145e+97
120.0	1.01621107833	1909566589.25
121.0	1.01601098397	1876820573.14
122.0	1.01581089022	1844093954.05
123.0	nan	nan
124.0	nan	nan
125.0	nan	nan
126.0	nan	nan
127.0	nan	nan
128.0	nan	nan
129.0	nan	nan
130.0	nan	nan
131.0	nan	nan
132.0	nan	nan
133.0	nan	nan
134.0	nan	nan
135.0	nan	nan
136.0	nan	nan
137.0	nan	nan
138.0	nan	nan
139.0	nan	nan
140.0	nan	nan
141.0	nan	nan
142.0	nan	nan
143.0	nan	nan
144.0	nan	nan
145.0	nan	nan
146.0	nan	nan
147.0	nan	nan
148.0	nan	nan
149.0	nan	nan
150.0	nan	nan
151.0	nan	nan
152.0	nan	nan
153.0	nan	nan
154.0	nan	nan
155.0	nan	nan
156.0	nan	nan
157.0	nan	nan
158.0	nan	nan
159.0	nan	nan
160.0	nan	nan
161.0	nan	nan
162.0	nan	nan
163.0	nan	nan
164.0	nan	nan
165.0	nan	nan
166.0	nan	nan
167.0	nan	nan
168.0	nan	nan
169.0	nan	nan
170.0	nan	nan
171.0	nan	nan
172.0	nan	nan
173.0	nan	nan
174.0	nan	nan
175.0	nan	nan
176.0	nan	nan
177.0	nan	nan
178.0	nan	nan
179.0	nan	nan
180.0	nan	nan
181.0	nan	nan
182.0	nan	nan
183.0	nan	nan
184.0	nan	nan
185.0	nan	nan
186.0	nan	nan
187.0	nan	nan
188.0	nan	nan
189.0	nan	nan
190.0	nan	nan
191.0	nan	nan
192.0	nan	nan
193.0	nan	nan
194.0	nan	nan
195.0	nan	nan
196.0	nan	nan
197.0	nan	nan
198.0	nan	nan
199.0	nan	nan
200.0	nan	nan
201.0	nan	nan
202.0	nan	nan
203.0	nan	nan
204.0	nan	nan
205.0	nan	nan
206.0	nan	nan
207.0	nan	nan
208.0	nan	nan
209.0	nan	nan
210.0	nan	nan
211.0	nan	nan
212.0	nan	nan
213.0	nan	nan
214.0	nan	nan
215.0	nan	nan
216.0	nan	nan
217.0	nan	nan
218.0	nan	nan
219.0	nan	nan
220.0	nan	nan
221.0	nan	nan
222.0	nan	nan
223.0	nan	nan
224.0	nan	nan
225.0	nan	nan
226.0	nan	nan
227.0	nan	nan
228.0	nan	nan
229.0	nan	nan
230.0	nan	nan
231.0	nan	nan
232.0	nan	nan
233.0	nan	nan
234.0	nan	nan
235.0	nan	nan
236.0	nan	nan
237.0	nan	nan
238.0	nan	nan
239.0	nan	nan
240.0	nan	nan
241.0	nan	nan
242.0	nan	nan
243.0	nan	nan
244.0	nan	nan
245.0	nan	nan
246.0	nan	nan
247.0	nan	nan
248.0	nan	nan
249.0	nan	nan
250.0	nan	nan
251.0	nan	nan
252.0	nan	nan
253.0	nan	nan
254.0	nan	nan
255.0	nan	nan
256.0	nan	nan
257.0	nan	nan
258.0	nan	nan
259.0	nan	nan
260.0	nan	nan
261.0	nan	nan
262.0	nan	nan
263.0	nan	nan
264.0	nan	nan
265.0	nan	nan
266.0	nan	nan
267.0	nan	nan
268.0	nan	nan
269.0	nan	nan
270.0	nan	nan
271.0	nan	nan
272.0	nan	nan
273.0	nan	nan
274.0	nan	nan
275.0	nan	nan
276.0	nan	nan
277.0	nan	nan
278.0	nan	nan
279.0	nan	nan
280.0	nan	nan
281.0	nan	nan
282.0	nan	nan
283.0	nan	nan
284.0	nan	nan
285.0	nan	nan
286.0	nan	nan
287.0	nan	nan
288.0	nan	nan
289.0	nan	nan
290.0	nan	nan
291.0	nan	nan
292.0	nan	nan
293.0	nan	nan
294.0	nan	nan
295.0	nan	nan
296.0	nan	nan
297.0	nan	nan
298.0	nan	nan
299.0	nan	nan
300.0	nan	nan
301.0	nan	nan
302.0	nan	nan
303.0	nan	nan
304.0	nan	nan
305.0	nan	nan
306.0	nan	nan
307.0	nan	nan
308.0	nan	nan
309.0	nan	nan
310.0	nan	nan
311.0	nan	nan
312.0	nan	nan
313.0	nan	nan
314.0	nan	nan
315.0	nan	nan
316.0	nan	nan
317.0	nan	nan
318.0	nan	nan
319.0	nan	nan
320.0	nan	nan
321.0	nan	nan
322.0	nan	nan
323.0	nan	nan
324.0	nan	nan
325.0	nan	nan
326.0	nan	nan
327.0	nan	nan
328.0	nan	nan
329.0	nan	nan
330.0	nan	nan
331.0	nan	nan
332.0	nan	nan
333.0	nan	nan
334.0	nan	nan
335.0	nan	nan
336.0	nan	nan
337.0	nan	nan
338.0	nan	nan
339.0	nan	nan
340.0	nan	nan
341.0	nan	nan
342.0	nan	nan
343.0	nan	nan
344.0	nan	nan
345.0	nan	nan
346.0	nan	nan
347.0	nan	nan
348.0	nan	nan
349.0	nan	nan
350.0	nan	nan
351.0	nan	nan
352.0	nan	nan
353.0	nan	nan
354.0	nan	nan
355.0	nan	nan
356.0	nan	nan
357.0	nan	nan
358.0	nan	nan
359.0	nan	nan
360.0	nan	nan
361.0	nan	nan
362.0	nan	nan
363.0	nan	nan
364.0	nan	nan
365.0	nan	nan
366.0	nan	nan
367.0	nan	nan
368.0	nan	nan
369.0	nan	nan
370.0	nan	nan
371.0	nan	nan
372.0	nan	nan
373.0	nan	nan
374.0	nan	nan
375.0	nan	nan
376.0	nan	nan
377.0	nan	nan
378.0	nan	nan
379.0	nan	nan
380.0	nan	nan
381.0	nan	nan
382.0	nan	nan
383.0	nan	nan
384.0	nan	nan
385.0	nan	nan
386.0	nan	nan
387.0	nan	nan
388.0	nan	nan
389.0	nan	nan
390.0	nan	nan
391.0	nan	nan
392.0	nan	nan
393.0	nan	nan
394.0	nan	nan
395.0	nan	nan
396.0	nan	nan
397.0	nan	nan
398.0	nan	nan
399.0	nan	nan
400.0	nan	nan
401.0	nan	nan
402.0	nan	nan
403.0	nan	nan
404.0	nan	nan
405.0	nan	nan
406.0	nan	nan
407.0	nan	nan
408.0	nan	nan
409.0	nan	nan
410.0	nan	nan
411.0	nan	nan
412.0	nan	nan
413.0	nan	nan
414.0	nan	nan
415.0	nan	nan
416.0	nan	nan
417.0	nan	nan
418.0	nan	nan
419.0	nan	nan
420.0	nan	nan
421.0	nan	nan
422.0	nan	nan
423.0	nan	nan
424.0	nan	nan
425.0	nan	nan
426.0	nan	nan
427.0	nan	nan
428.0	nan	nan
429.0	nan	nan
430.0	nan	nan
431.0	nan	nan
432.0	nan	nan
433.0	nan	nan
434.0	nan	nan
435.0	nan	nan
436.0	nan	nan
437.0	nan	nan
438.0	nan	nan
439.0	nan	nan
440.0	nan	nan
441.0	nan	nan
442.0	nan	nan
443.0	nan	nan
444.0	nan	nan
445.0	nan	nan
446.0	nan	nan
447.0	nan	nan
448.0	nan	nan
449.0	nan	nan
450.0	nan	nan
451.0	nan	nan
452.0	nan	nan
453.0	nan	nan
454.0	nan	nan
455.0	nan	nan
456.0	nan	nan
457.0	nan	nan
458.0	nan	nan
459.0	nan	nan
460.0	nan	nan
461.0	nan	nan
462.0	nan	nan
463.0	nan	nan
464.0	nan	nan
465.0	nan	nan
466.0	nan	nan
467.0	nan	nan
468.0	nan	nan
469.0	nan	nan
470.0	nan	nan
471.0	nan	nan
472.0	nan	nan
473.0	nan	nan
474.0	nan	nan
475.0	nan	nan
476.0	nan	nan
477.0	nan	nan
478.0	nan	nan
479.0	nan	nan
480.0	nan	nan
481.0	nan	nan
482.0	nan	nan
483.0	nan	nan
484.0	nan	nan
485.0	nan	nan
486.0	nan	nan
487.0	nan	nan
488.0	nan	nan
489.0	nan	nan
490.0	nan	nan
491.0	nan	nan
492.0	nan	nan
493.0	nan	nan
494.0	nan	nan
495.0	nan	nan
496.0	nan	nan
497.0	nan	nan
498.0	nan	nan
499.0	nan	nan
500.0	nan	nan
501.0	3.93819556274e+272	1.31939669407e+303
