3	header
postResults v2.0.2	single_phase_equiaxed_tension.spectralOut --cr f,p
filterTable v2.0.2	--white inc,1_f,1_p
inc	1_f	1_p
0.0	0.999969482422	6.82567134122e+204
1.0	0.0	nan
2.0	0.0	nan
3.0	0.0	nan
4.0	0.0	nan
5.0	0.0	nan
6.0	0.0	nan
7.0	1.00136944131	2.14597561378e+140
8.0	0.0	nan
9.0	1.00176942956	1.59209214878e+18
10.0	1.00196942368	327525304.941
11.0	1.00216941781	360386400.956
12.0	1.00236941193	-1.59204276132e+293
13.0	1.00256940605	426167767.363
14.0	1.00276940018	459087735.948
15.0	1.0029693943	-7.44768776541e+277
16.0	1.00316938842	524980314.328
17.0	1.00336938255	1.64297849339e+41
18.0	1.00356937668	2.16822820957e+51
19.0	1.00376937082	623737258.919
20.0	1.00396936499	656390383.436
21.0	1.0041693592	688670136.295
22.0	1.00436935349	-2.48363024776e+182
23.0	1.00456934792	751505142.62
24.0	1.00476934252	2.43471057556e+287
25.0	1.00496933731	811857034.263
26.0	1.00516933226	841342880.707
27.0	1.00536932733	-4.45675434482e+86
28.0	1.00556932248	899559910.349
29.0	1.00576931769	928448967.858
30.0	1.00596931293	957241442.694
31.0	1.0061693082	1.60154143641e+297
32.0	1.00636930349	-2.09780432566e+81
33.0	1.00656929881	1042979367.51
34.0	1.00676929415	1071232609.09
35.0	1.0069692895	1099234771.27
36.0	1.00716928487	1126926439.54
37.0	1.00736928026	-2.13166663541e+122
38.0	1.00756927566	1181184752.15
39.0	1.00776927107	1207688137.57
40.0	1.00796926648	-4.11087536791e+229
41.0	1.00816926189	1259414774.24
42.0	1.00836925728	-7.94662375328e+178
43.0	1.00856925263	1309587691.1
44.0	1.00876924793	1334188082.01
45.0	1.00896924317	1358524281.37
46.0	1.00916923832	1382638362.88
47.0	1.00936923339	5.62341822137e+82
48.0	1.00956922835	1430347454.87
49.0	1.00976922323	-7.77889813123e+302
50.0	1.009969218	1477552395.05
51.0	1.0101692127	1501017021.08
52.0	1.01036920731	-2.18523042046e+169
53.0	1.01056920184	1547736619.72
54.0	1.01076919632	1571009049.55
55.0	1.01096919073	1594231280.22
56.0	1.01116918509	1617323943.04
57.0	1.01136917941	1640539094.79
58.0	1.01156917368	-2.84532689073e+199
59.0	1.01176916791	1686677796.26
60.0	1.01196916211	-2.59660320546e+171
61.0	1.01216915627	1732652856.83
62.0	1.01236915039	1755578695.83
63.0	1.01256914449	-5.66814320613e+244
64.0	1.01276913856	2.21759823266e+272
65.0	1.01296913261	-2.68753229922e+172
66.0	1.01316912663	1846857703.08
67.0	1.01336912063	1869568162.62
68.0	1.01356911461	1892233824.75
69.0	1.01376910858	1914854488.22
70.0	1.01396910253	1937429946.42
71.0	1.01416909647	3.82719333193e+26
72.0	1.01436909039	1.73260877674e+202
73.0	1.01456908431	8.9554757301e+17
74.0	1.01476907823	2027283485.94
75.0	1.01496907213	2049636928.53
76.0	1.01516906603	-3.60696008974e+18
77.0	1.01536905992	2094216521.58
78.0	1.01556905382	-3.16696264822e+187
79.0	1.01576904771	2138632132.78
80.0	1.01596904159	2160780718.27
81.0	1.01616903548	1.3357193656e+143
82.0	1.01636902937	2.76873258856e+80
83.0	1.01656902326	2227000855.94
84.0	1.01676901714	-3.76478780497e+25
85.0	1.01696901103	2.14208395081e+138
86.0	1.01716900492	2.01749150549e+114
87.0	1.01736899881	5.33137231043e+160
88.0	1.01756899271	2336667503.24
89.0	1.0177689866	2358502834.29
90.0	1.0179689805	2.93354695952e+227
91.0	1.01816897439	-3.21640868461e+264
92.0	1.01836896829	-1.2769216774e+186
93.0	1.01856896219	2445539149.19
94.0	1.0187689561	2467224758.9
95.0	1.01896895	2488882032.88
96.0	1.01916894391	1.13773460458e+237
97.0	1.01936893782	2.60229057063e+53
98.0	1.01956893173	1.27033094683e+153
99.0	1.01976892564	2575236982.16
100.0	1.01996891955	-2.06834477755e+40
101.0	1.01976892515	2558219094.22
102.0	1.01956893087	-4.14679168465e+40
103.0	1.01936893657	2487532765.76
104.0	1.01916894234	-1.60772268186e+49
105.0	1.01896894816	5.09531334316e+176
106.0	1.01876895401	-5.23936205723e+112
107.0	1.01856895986	-1.14728931981e+198
108.0	1.01836896572	2319304381.83
109.0	1.01816897159	2286012330.8
110.0	1.01796897746	2252765467.58
111.0	1.01776898333	2219554748.27
112.0	1.0175689892	-7.78090290359e+228
113.0	1.01736899506	2153221551.35
114.0	1.01716900093	7.72845285694e+214
115.0	1.0169690068	5.26153314944e+270
116.0	1.01676901267	2053905051.32
117.0	1.01656901853	2020843508.25
118.0	1.0163690244	1987802938.44
119.0	1.01616903027	-1.05210907668e+262
120.0	1.01596903613	1.0955727742e+138
121.0	1.015769042	1888804225.51
122.0	1.01556904786	1855845153.54
123.0	1.01536905373	1822906232.41
124.0	1.01516905959	5.64406151461e+248
125.0	1.01496906546	1757088942.97
126.0	1.01476907132	1724210739.89
127.0	1.01456907719	2.84047104546e+76
128.0	1.01436908305	1658516143.33
129.0	1.01416908891	1625700378.87
130.0	1.01396909477	-9.78742375521e+181
131.0	1.01376910063	1.68282588372e+19
132.0	1.01356910649	1527384510.67
133.0	1.01336911234	1494658088.76
134.0	1.0131691182	-5.73927551874e+185
135.0	1.01296912405	135279982333000.0
136.0	1.01276912989	-1.07052484101e+175
137.0	1.0126	1364042932.14
138.0	1.01236914158	1331419555.83
139.0	1.01216914741	6.43641559327e+237
140.0	1.01196915322	1266457131.43
141.0	1.01176915902	5.18441449942e+92
142.0	1.01156916479	1.46184483484e+225
143.0	1.01136917054	1170511527.16
144.0	1.01116917628	-2.20308350806e+251
145.0	1.010969182	1108583008.64
146.0	1.01076918768	4.20896757642e+231
147.0	1.01056919327	1048559392.45
148.0	1.01036919875	1019148300.99
149.0	1.01016920407	2.35483276527e+254
150.0	1.00996920925	961167591.674
151.0	1.0097692143	-1.5347551338e+193
152.0	1.00956921927	903879126.145
153.0	1.00936922416	875381160.153
154.0	1.00916922902	1.38028875055e+78
155.0	1.00896923385	-5.05357010128e+47
156.0	1.00876923865	1.5028671169e+297
157.0	1.00856924345	-4.33995011686e+204
158.0	1.00836924823	7.4376952847e+296
159.0	1.00816925299	705330914.613
160.0	1.00796925775	-2.86011177988e+299
161.0	1.00776926249	-1.15116382451e+109
162.0	1.00756926722	620723774.858
163.0	1.00736927193	2.38529182999e+36
164.0	1.00716927664	-2.83896099309e+122
165.0	1.00696928134	4.56360826863e+268
166.0	1.00676928602	2.42078831899e+22
167.0	1.00656929069	480593756.7
168.0	1.00636929536	452796445.135
169.0	1.00616930001	425114471.162
170.0	1.00596930465	3.55642759837e+67
171.0	1.00576930929	1.00663002742e+72
172.0	1.00556931391	6.4700078467e+23
173.0	1.00536931853	1.26829766062e+244
174.0	1.00516932313	288977537.851
175.0	1.00496932771	4.46425451925e+184
176.0	1.00476933226	235841445.315
177.0	1.0045693368	209610825.047
178.0	1.00436934131	2.84683691993e+19
179.0	1.0041693458	-6.8090530579e+161
180.0	1.00396935025	7.13750615478e+167
181.0	1.00376935467	107232268.237
182.0	1.00356935906	3.48391294478e+59
183.0	1.00336936344	-5.10914129112e+123
184.0	1.0031693678	33125269.5898
185.0	1.00296937216	-3.98855686215e+56
186.0	1.00276937654	-15237941.1455
187.0	1.00256938092	-39169746.5947
188.0	1.00236938534	1.60040918977e+71
189.0	1.0021693898	-86645476.5059
190.0	1.00196939431	-110223374.074
191.0	1.0017693989	5.90924643548e+223
192.0	1.00156940354	-1.36416718082e+217
193.0	1.00136940828	-180478239.373
194.0	1.00116941308	-203771381.912
195.0	1.00096941798	-1.75670052942e+301
196.0	1.00076942295	-6.89131279988e+61
197.0	1.000569428	3.76104589287e+71
198.0	1.00036943311	-296516357.132
199.0	1.00016943829	-319621360.06
200.0	0.999969443527	-342701370.473
201.0	0.999769448829	-1.59609737359e+106
202.0	0.999569454186	-388798484.431
203.0	0.999369459591	-2.97129978723e+50
204.0	0.999169465042	1.36857204815e+115
205.0	0.998969470534	-457816603.715
206.0	0.998769476065	-480794785.726
207.0	0.998569481632	-503760973.929
208.0	0.998369487232	-526715938.506
209.0	0.998169492863	-549660379.813
210.0	0.997969498524	-1.23264004688e+17
211.0	0.997769504211	-595519524.669
212.0	0.997569509923	-618434905.105
213.0	0.997369515658	-641341137.587
214.0	0.997169521415	-664238308.633
215.0	0.996969527192	9.48947593947e+118
216.0	0.996769532989	431991012649.0
217.0	0.996569538805	1.92620519061e+284
218.0	0.99636954464	-755736761.194
219.0	0.996169550492	2.96245392348e+158
220.0	0.995969556362	-5.67554192792e+134
221.0	0.995769562248	1.23098115812e+219
222.0	0.995569568152	-1.29562360219e+215
223.0	0.995369574073	-869897802.605
224.0	0.995169580011	-2.74377896214e+68
225.0	0.994969585965	-915489981.877
226.0	0.994769591935	-938269147.274
227.0	0.994569597921	7.6665667522e+171
228.0	0.994369603923	-983791514.83
229.0	0.994169609939	-1006533832.3
230.0	0.993969615969	-3.90201354009e+246
231.0	0.993769622011	-1051978523.53
232.0	0.993569628067	-1074680058.49
233.0	0.993369634133	-1097367205.12
234.0	0.993169640209	-1120039561.06
235.0	0.992969646294	-1142696792.71
236.0	0.992769652388	-1165338532.84
237.0	0.992569658488	-1.93834941427e+109
238.0	0.992369664594	-2.75122423392e+29
239.0	0.992169670705	-1233167820.81
240.0	0.991969676821	-1255744698.79
241.0	0.99176968294	-1278304788.3
242.0	0.991569689062	-1300847896.75
243.0	0.991369695186	-1323373923.69
244.0	0.991169701312	-1345882752.73
245.0	0.990969707438	-1368374356.8
246.0	0.990769713566	-2.13938258492e+198
247.0	0.990569719692	-1413305815.17
248.0	0.990369725818	5.83490472497e+247
249.0	0.990169731942	-1458168644.97
250.0	0.989969738064	-5.69662868936e+129
251.0	0.989769744183	-1502963844.42
252.0	0.989569750299	-1525336565.19
253.0	0.98936975641	8.4602696175e+116
254.0	0.989169762516	2.91076926907e+75
255.0	0.988969768617	-1592358365.82
256.0	0.988769774713	-2.07711199626e+269
257.0	0.988569780801	1.249160532e+267
258.0	0.988369786884	-1659241978.7
259.0	0.988169792959	-1681507293.56
260.0	0.987969799029	2.88731967591e+100
261.0	0.987769805091	-9.42129948261e+294
262.0	0.987569811148	8.42276093403e+160
263.0	0.987369817198	-1770430546.07
264.0	0.987169823241	-1792628290.48
265.0	0.986969829278	-1814813354.23
266.0	0.986769835309	-1836985971.75
267.0	0.986569841333	4.106284369e+294
268.0	0.986369847351	-9.88515570723e+292
269.0	0.986169853362	1.29043489673e+101
270.0	0.985969859367	-1925556617.19
271.0	0.985769865365	6.86420298726e+49
272.0	0.985569871357	2.43081579729e+91
273.0	0.985369877342	-1991864488.24
274.0	0.985169883322	-2013945197.94
275.0	0.984969889294	2.99173067904e+110
276.0	0.984769895261	5.17774533193e+259
277.0	0.984569901222	-2080123808.38
278.0	0.984369907175	-2102162639.36
279.0	0.984169913123	-2124191354.82
280.0	0.983969919062	-2146210063.35
281.0	0.983769924995	-2168218904.49
282.0	0.983569930919	-2190217971.61
283.0	0.983369936834	-2212207387.87
284.0	0.98316994274	-2234187231.05
285.0	0.982969948637	-1.6607650781e+77
286.0	0.982769954522	-4.36844286585e+185
287.0	0.982569960397	-1.84064932296e+59
288.0	0.98236996626	9.84762013268e+235
289.0	0.982169972112	2.80260179111e+80
290.0	0.981969977951	4.66387741004e+176
291.0	0.981769983778	-6.39132491511e+124
292.0	0.981569989592	2.14953940306e+257
293.0	0.981369995394	-21862734095400.0
294.0	0.981170001183	-2453474333.42
295.0	0.980970006959	-467896096390000.0
296.0	0.980770012722	2.5106129268e+105
297.0	0.980570018473	-2519082931.35
298.0	0.980370024211	-2540934560.54
299.0	0.980170029938	1.85708403978e+196
300.0	0.979970035654	-8.00406069805e+150
301.0	0.980170029863	8.54266991285e+228
302.0	0.980370023999	-2514143963.1
303.0	0.980570018231	-1.78673754526e+241
304.0	0.980770012409	-3.60328164081e+117
305.0	0.980970006548	-2415896626.38
306.0	0.981170000687	-4.44461049428e+135
307.0	0.981369994815	-2351463355.63
308.0	0.981369994815	-4.39169475317e+204
309.0	0.98156998894	-1.07506840974e+254
310.0	0.981769983062	-6.04804582688e+100
311.0	0.981969977185	-2255086474.25
312.0	0.982169971306	-2.03211496126e+142
313.0	0.982369965429	-4.65979873709e+238
314.0	0.982569959551	-2.27046311475e+117
315.0	0.982969947795	-2094361014.29
316.0	0.983169941917	9.45298269129e+76
317.0	0.983169941917	-2062170259.71
318.0	0.98336993604	-2029961703.56
319.0	0.983569930162	-1997734982.47
320.0	0.983769924283	3.48011538249e+133
321.0	0.983969918405	-1.03880534669e+200
322.0	0.984169912526	-1900943254.25
323.0	0.984369906647	-1.00558640348e+261
324.0	0.984569900767	-1836321730.5
325.0	0.984769894888	4.46237280286e+249
326.0	0.984969889008	-1771626285.41
327.0	0.985169883128	-1739251745.28
328.0	0.985369877249	-1.62037086865e+170
329.0	0.985569871373	-1674451980.15
330.0	0.985769865498	-1642028250.23
331.0	0.985969859627	-1609589746.88
332.0	0.986169853759	-1577137232.42
333.0	0.986369847894	1.31946630078e+246
334.0	0.986569842033	-1512194028.13
335.0	0.986769836174	-1479705489.8
336.0	0.98696983032	8.58771191907e+192
337.0	0.987169824469	-1414702526.63
338.0	0.987569812785	-1349693667.52
339.0	0.987769806961	-1317219067.63
340.0	0.987969801158	-1284809825.76
341.0	0.988169795384	-1252528918.79
342.0	0.988369789639	1.48084709272e+276
343.0	0.988569783914	1.52427019765e+301
344.0	0.9887697782	-1157306293.54
345.0	0.988969772495	-8.57987075746e+220
346.0	0.989169766818	-1.29296574459e+213
347.0	0.989369761213	-3.04461564964e+262
348.0	0.989569755723	-2.37644632025e+42
349.0	0.989769750379	-1006477112.28
350.0	0.989969745174	-977209393.467
351.0	0.990169740087	-948089901.861
352.0	0.990369735088	-2.45860708716e+43
353.0	0.990569730151	-1.50385734328e+262
354.0	0.990769725258	-861218091.128
355.0	0.990969720398	-1.16323651307e+98
356.0	0.991169715564	-803496892.612
357.0	0.991369710752	-774666045.71
358.0	0.991569705961	-2.63081097372e+287
359.0	0.991769701188	2.11330083532e+241
360.0	0.99196969643	-688264031.188
361.0	0.992169691685	2.66600764706e+159
362.0	0.992369686951	-630740976.249
363.0	0.992569682228	-602009910.836
364.0	0.992769677516	1.84609518398e+52
365.0	0.992969672812	-5.90143721109e+39
366.0	0.993169668119	-4.7428797699e+112
367.0	0.993369663434	-487478706.561
368.0	0.99356965876	-459017567.141
369.0	0.993769654095	3.27397765607e+195
370.0	0.993969649443	-402437148.615
371.0	0.994169644802	-374355376.688
372.0	0.994369640175	2.5405627407e+213
373.0	0.994569635565	-318685556.989
374.0	0.994769630974	5.83986293917e+300
375.0	0.994969626404	2.44588889331e+205
376.0	0.995169621858	-6.38674779637e+272
377.0	0.99536961734	-209720936.395
378.0	0.995569612862	-183072933.716
379.0	0.995769608408	-156684745.244
380.0	0.995969603993	-8.82154662338e+137
381.0	0.996169599614	-8.48782696181e+136
382.0	0.996369595264	6.98721950325e+43
383.0	0.996569590948	-53785351.9497
384.0	0.996769586652	-2.97233227509e+63
385.0	0.996969582364	-3780232.59494
386.0	0.997169578084	20931264.5162
387.0	0.997369573796	-1.65669476336e+81
388.0	0.99756956949	69880138.0625
389.0	0.99776956516	94152202.5182
390.0	0.997969560788	3.42340430283e+145
391.0	0.998169556376	8.4540255392e+218
392.0	0.998369551907	166361467.935
393.0	0.998569547359	190270625.844
394.0	0.998769542749	-5.85731709587e+161
395.0	0.998969538051	237894768.851
396.0	0.99916953329	2.39172336751e+50
397.0	0.999369528447	285312084.908
398.0	0.999569523527	-1.04082514989e+133
399.0	0.999769518528	-7.16792291314e+279
400.0	0.999969513456	1.17881702457e+39
401.0	1.00016950831	3.37624183673e+262
402.0	1.00036950311	403196144.477
403.0	1.00056949784	-1.97168907216e+187
404.0	1.00076949251	450148048.221
405.0	1.00096948713	473588502.177
406.0	1.00116948171	497006897.503
407.0	1.00136947624	520404211.754
408.0	1.00156947072	-2.08132092723e+39
409.0	1.00176946517	567138193.049
410.0	1.00196945959	590475841.33
411.0	1.00216945397	4.55741911966e+263
412.0	1.00236944833	-5.54043886075e+249
413.0	1.00256944265	3.08253613718e+131
414.0	1.00276943696	683637382.213
415.0	1.00296943124	-3.01480146598e+200
416.0	1.00316942551	730105826.014
417.0	1.00336941975	753311751.402
418.0	1.00356941398	1.88740190119e+214
419.0	1.00376940819	2.69848847408e+150
420.0	1.00396940239	1.99706171401e+254
421.0	1.00416939657	845941351.787
422.0	1.00436939073	869048615.931
423.0	1.00456938488	892135095.787
424.0	1.00476937902	-8.47317284249e+227
425.0	1.00496937314	938243920.689
426.0	1.00516936725	6.18298387098e+184
427.0	1.00536936135	-3.53263642678e+106
428.0	1.00556935543	-1.5032054052e+32
429.0	1.0057693495	1030193034.44
430.0	1.00596934356	1053121853.44
431.0	1.0061693376	1076026474.29
432.0	1.00636933163	1098906468.37
433.0	1.00656932565	1121761500.68
434.0	1.00676931965	1144591203.92
435.0	1.00696931364	-1.23801079165e+60
436.0	1.00716930762	1190173523.1
437.0	1.00736930159	-5.49610652213e+234
438.0	1.00756929556	-1.04647583499e+241
439.0	1.00776928951	1258351113.92
440.0	1.00796928345	3.49895059653e+282
441.0	1.00816927739	1.74332036068e+268
442.0	1.00836927132	1326291123.19
443.0	1.00856926525	1348884930.85
444.0	1.00876925917	1371452365.81
445.0	1.00896925308	-2.54391897503e+123
446.0	1.009169247	1.6197390991e+181
447.0	1.00936924091	1438997545.1
448.0	1.00956923482	7.87064390114e+178
449.0	1.00976922872	4.41903147666e+51
450.0	1.00996922263	1.68654525283e+34
451.0	1.01016921653	-1.52237095007e+100
452.0	1.01036921044	2.66263806787e+216
453.0	1.01056920434	-3.34094748745e+111
454.0	1.01076919824	3.0199423211e+239
455.0	1.01096919214	1617999072.34
456.0	1.01116918605	1.08531921022e+150
457.0	1.01136917995	1662507172.59
458.0	1.01156917385	-8.80414681496e+295
459.0	1.01176916775	1.13957481209e+80
460.0	1.01196916165	-4.75164538408e+114
461.0	1.01196916165	1729098321.52
462.0	1.01216915554	1.54495329616e+46
463.0	1.01236914944	-1.62558871802e+271
464.0	1.01256914334	1795492009.95
465.0	1.01276913724	3.32751641707e+81
466.0	1.01296913114	-1.11327119121e+83
467.0	1.01316912504	1861695899.35
468.0	1.01336911894	1883722859.8
469.0	1.01356911283	1905729671.29
470.0	1.01376910673	-3.0348773125e+94
471.0	1.01396910063	-5.33133556664e+274
472.0	1.01416909453	1971631316.11
473.0	1.01456908232	-4.63388656154e+139
474.0	1.01476907622	2037358337.83
475.0	1.01496907011	5.81803672615e+213
476.0	1.015169064	4.17523438687e+152
477.0	1.01536905789	2102914582.15
478.0	1.01556905178	6.25921550156e+137
479.0	1.01576904566	-4.6152705267e+95
480.0	1.01596903955	2168303092.21
481.0	1.01616903343	2190062432.72
482.0	1.01636902731	2211803458.97
483.0	1.0165690212	2233526256.93
484.0	1.01676901509	2255230841.2
485.0	1.01696900898	6.18986185067e+127
486.0	1.01716900287	2298585558.3
487.0	1.01736899677	2320235731.08
488.0	1.01756899067	2341867769.65
489.0	1.01776898458	-3.00302014111e+57
490.0	1.0179689785	2385077483.0
491.0	1.01816897242	-1.14569583267e+177
492.0	1.01836896635	2428214558.6
493.0	1.01856896029	2449755787.92
494.0	1.01876895423	-1.68571566524e+119
495.0	1.01896894819	-1.82042185136e+62
496.0	1.01916894215	1.9502631938e+190
497.0	1.01936893611	2.51562318705e+109
498.0	1.01956893009	2557187184.54
499.0	1.01976892407	2578618326.84
500.0	1.02	2600107823.45
501.0	1.02	2600107823.45
