3	header
postResults v2.0.2	single_phase_equiaxed_tension.spectralOut --cr f,p
filterTable v2.0.2	--white inc,1_f,1_p
inc	1_f	1_p
0.0	0.999969482422	-3.90293399205e+285
1.0	1.00016947634	-1.05990498931e+283
2.0	1.00036947026	4.34140526158e+286
3.0	1.00056946418	96207068.4432
4.0	1.0007694581	6.17599959187e+126
5.0	1.00096945202	160441487.267
6.0	1.00116944594	1.56212786409e+122
7.0	1.00136943986	224753083.871
8.0	1.00156943378	-2.36576193395e+38
9.0	1.0017694277	-3.73219057745e+274
10.0	1.00196942162	321365204.04
11.0	1.00216941554	353607854.374
12.0	1.00236940946	-6.74618844635e+28
13.0	1.00256940338	7.76200996314e+233
14.0	1.0027693973	450451648.403
15.0	1.00296939122	3.16635135158e+205
16.0	1.00316938514	-3.39347226227e+154
17.0	1.00336937906	547466128.744
18.0	1.00356937298	579836669.123
19.0	1.0037693669	-3.48193317444e+302
20.0	1.00396936081	644573918.734
21.0	1.00416935472	-1.09596729103e+258
22.0	1.00436934863	7.49750900215e+67
23.0	1.00456934253	741046888.744
24.0	1.00476933644	1.92944466487e+89
25.0	1.00496933038	803779089.215
26.0	1.00516932438	834214733.208
27.0	1.00536931846	2.9100125198e+298
28.0	1.0055693126	892904153.624
29.0	1.00576930681	921264647.245
30.0	1.00596930104	949103415.241
31.0	1.00616929528	1.06817978016e+126
32.0	1.00636928952	-3.11611880546e+218
33.0	1.00656928376	1030540274.63
34.0	1.00676927799	1057270283.42
35.0	1.00696927222	1083886106.61
36.0	1.00716926645	1110420866.59
37.0	1.00736926068	1136898503.63
38.0	1.00756925491	1163332857.2
39.0	1.00776924914	1189733301.33
40.0	1.00796924337	6.29515366576e+34
41.0	1.0081692376	-1.15583649452e+151
42.0	1.00836923184	1268764034.78
43.0	1.00856922607	1295049085.79
44.0	1.00876922031	1321295846.53
45.0	1.00896921456	-3.56112680809e+154
46.0	1.00916920882	-3.66746067847e+141
47.0	1.00936920309	1399684710.77
48.0	1.00956919739	3.98492714504e+262
49.0	1.00976919171	1451465907.65
50.0	1.00996918605	1477145458.73
51.0	1.01016918039	1502654386.79
52.0	1.01036917475	1527972685.94
53.0	1.01056916909	3.87566263444e+148
54.0	1.01076916344	1577980452.43
55.0	1.01096915774	1602652305.63
56.0	1.01116915204	-1.28241353966e+285
57.0	1.01136914629	1651319726.66
58.0	1.01156914054	-1.02601469267e+20
59.0	1.01176913474	-2.73171678485e+274
60.0	1.01196912893	1722698087.18
61.0	1.01216912309	-2.35448948151e+241
62.0	1.01236911724	128636573640000.0
63.0	1.01256911135	1792353353.39
64.0	1.01276910545	1815243827.83
65.0	1.01296909952	5.87622062648e+85
66.0	1.01316909357	1860606324.9
67.0	1.01336908759	-5.65495112965e+103
68.0	1.01356908158	7.98563988269e+74
69.0	1.01376907554	1927768693.65
70.0	1.01396906948	1949959356.84
71.0	1.01416906338	1972065244.41
72.0	1.01436905725	-1.87516481627e+219
73.0	1.01456905109	-8.32564517647e+193
74.0	1.0147690449	2037938316.81
75.0	1.01496903869	-1.72444558186e+104
76.0	1.01516903244	2081537694.24
77.0	1.01536902618	-8.3914077383e+121
78.0	1.01556901989	2124926094.71
79.0	1.01576901358	2146550639.96
80.0	1.01596900725	2168133137.5
81.0	1.01616900091	2189676749.37
82.0	1.01636899455	-1.47132886968e+276
83.0	1.01656898818	2232658166.45
84.0	1.0167689818	2254100999.05
85.0	1.01696897541	2275514991.45
86.0	1.01716896902	2296902111.45
87.0	1.01736896262	-6.72091150733e+286
88.0	1.01756895621	2339603229.8
89.0	1.01776894981	4.68519278568e+265
90.0	1.01796894341	2.46887372381e+247
91.0	1.018168937	2403495716.33
92.0	1.0183689306	1.17456703e+250
93.0	1.01856892419	-1.61525023753e+97
94.0	1.01876891779	3.31811086138e+46
95.0	1.0189689114	-4.971490098e+18
96.0	1.01916890501	5.74739118495e+273
97.0	1.01936889862	2530827783.66
98.0	1.01956889223	2552001816.66
99.0	1.01976888585	2573164038.95
100.0	1.01996887948	2594314997.13
101.0	1.01976888567	2556093516.38
102.0	1.01956889152	2520457217.96
103.0	1.01936889757	2486087358.65
104.0	1.01916890363	2452392635.97
105.0	1.0189689097	2419092176.14
106.0	1.01876891578	1.08521298513e+144
107.0	1.01856892185	2353124993.0
108.0	1.01836892792	2320322667.76
109.0	1.0182	2287662714.26
110.0	1.018	2254986711.91
111.0	1.0178	2222352427.6
112.0	1.0176	2189751860.25
113.0	1.0174	2157179837.01
114.0	1.0172	2124632963.35
115.0	1.017	2092109039.09
116.0	1.0168	2059606627.94
117.0	1.0166	2027124804.44
118.0	1.0164	1994662969.91
119.0	1.0162	1962220741.7
120.0	1.016	1929797873.65
121.0	1.0158	1897394204.01
122.0	1.0156	1865009641.19
123.0	1.0154	1832644121.0
124.0	1.0152	1800297606.81
125.0	1.015	1767970077.78
126.0	1.0148	1735661526.42
127.0	1.0146	1703371961.16
128.0	1.0144	1671101408.54
129.0	1.0142	1638849912.5
130.0	1.014	1606617544.53
131.0	1.0138	1574404408.25
132.0	1.0136	1542210651.47
133.0	1.0134	1510036495.03
134.0	1.0132	1477882285.54
135.0	1.013	1445748580.78
136.0	1.0128	1413636268.6
137.0	1.0126	1381546776.17
138.0	1.0124	1349482452.61
139.0	1.0122	1317447351.61
140.0	1.012	1285448723.14
141.0	1.0118	1253499447.82
142.0	1.0116	1221620326.81
143.0	1.0114	1189838819.02
144.0	1.0112	1158182355.56
145.0	1.01096915222	1126640237.02
146.0	1.01076915818	-3.46062939815e+139
147.0	1.01056916411	1064181799.88
148.0	1.01036916996	7.68267402518e+82
149.0	1.01016917572	-5.95363329212e+246
150.0	1.00996918134	1.36497624104e+109
151.0	1.00976918683	-2.44830547902e+66
152.0	1.00956919215	914110672.953
153.0	1.00936919736	4.60040526147e+242
154.0	1.00916920244	857180558.73
155.0	1.00896920746	829219272.318
156.0	1.00876921241	-2.06491912919e+220
157.0	1.00856921737	774081845.819
158.0	1.00836922234	746851438.955
159.0	1.00816922739	719816304.976
160.0	1.00796923249	-1.22056949761e+104
161.0	1.0077692377	666235748.497
162.0	1.00756924297	639642087.739
163.0	1.00736924833	613149355.066
164.0	1.00716925374	586743515.785
165.0	1.00696925921	560406698.727
166.0	1.00676926471	534128981.258
167.0	1.00656927025	6.7034497352e+156
168.0	1.0063692758	2.84180470567e+295
169.0	1.00616928139	455574154.541
170.0	1.00596928698	429464478.299
171.0	1.00576929259	403386324.847
172.0	1.00556929821	377336995.488
173.0	1.00536930384	-2.64119082422e+77
174.0	1.00516930948	325315861.492
175.0	1.00496931513	5.33403313831e+244
176.0	1.00476932078	273387314.133
177.0	1.00456932644	6.10904897471e+158
178.0	1.0043693321	1.30873011034e+16
179.0	1.00416933777	-1.1361833277e+22
180.0	1.004	169765466.656
181.0	1.0038	143899723.254
182.0	1.00356935479	118045859.817
183.0	1.00336936047	92209753.8745
184.0	1.00316936615	4.57088560311e+24
185.0	1.00296937184	-179603334.223
186.0	1.0028	14779488.4085
187.0	1.0026	-11006614.2616
188.0	1.0024	-36780745.2721
189.0	1.0022	-62542874.6948
190.0	1.002	-88292774.2662
191.0	1.0018	-114029930.101
192.0	1.0016	-139753492.472
193.0	1.0014	-165462154.886
194.0	1.0012	-191154064.029
195.0	1.001	-216826675.392
196.0	1.00076943421	-242468599.613
197.0	1.0006	-268096300.686
198.0	1.0004	-293685998.357
199.0	1.0002	-319237677.952
200.0	1.0	-344743145.212
201.0	0.9998	-370194096.959
202.0	0.9996	-395581129.131
203.0	0.9994	-420893973.704
204.0	0.9992	-446122519.562
205.0	0.999	-471256655.414
206.0	0.9988	-496287130.456
207.0	0.9986	-521205626.607
208.0	0.9984	-546005239.514
209.0	0.9982	-570680555.068
210.0	0.998	-595227785.307
211.0	0.9978	-619644692.707
212.0	0.9976	-643930441.406
213.0	0.9974	-668085407.543
214.0	0.9972	-692110916.457
215.0	0.997	-716009067.344
216.0	0.9968	-739782526.502
217.0	0.9966	-763434425.395
218.0	0.9964	-786968258.198
219.0	0.9962	-810387816.102
220.0	0.996	-833697145.734
221.0	0.9958	-856900471.721
222.0	0.9956	-880002178.634
223.0	0.9954	-903006720.11
224.0	0.9952	-925918618.935
225.0	0.995	-948742383.366
226.0	0.9948	-971482526.348
227.0	0.9946	-994143496.799
228.0	0.9944	-1016729705.04
229.0	0.9942	-1039245461.23
230.0	0.994	-1061694992.11
231.0	0.9938	-1084082383.85
232.0	0.9936	-1106411587.8
233.0	0.9934	-1128686374.29
234.0	0.9932	-1150910333.56
235.0	0.993	-1173086844.79
236.0	0.9928	-1195219075.98
237.0	0.9926	-1217309968.5
238.0	0.9924	-1239362237.45
239.0	0.9922	-1261378367.91
240.0	0.992	-1283360618.64
241.0	0.9918	-1305311025.21
242.0	0.9916	-1327231408.8
243.0	0.9914	-1349123384.67
244.0	0.9912	-1370988376.73
245.0	0.991	-1392827631.34
246.0	0.9908	-1414642238.52
247.0	0.9906	-1436433149.84
248.0	0.9904	-1458201205.69
249.0	0.990169725336	-1479902762.36
250.0	0.99	-1501671689.59
251.0	0.9898	-1523375453.87
252.0	0.989569744533	-1545012699.29
253.0	0.98936975101	-1566676152.52
254.0	0.989169757516	5.95664559006e+224
255.0	0.988969764061	-9.19151884271e+271
256.0	0.9888	-1631605013.85
257.0	0.9886	-1653197719.87
258.0	0.9884	-1674774341.01
259.0	0.9882	-1696335620.36
260.0	0.988	-1717882317.67
261.0	0.9878	-1739415193.63
262.0	0.9876	-1760935013.93
263.0	0.9874	-1782442534.0
264.0	0.9872	-1803938504.07
265.0	0.987	-1825423654.52
266.0	0.9868	-1846898702.4
267.0	0.9866	-1868364338.46
268.0	0.9864	-1889821234.52
269.0	0.9862	-1911270032.09
270.0	0.986	-1932711350.69
271.0	0.9858	-1954145777.86
272.0	0.9856	-1975573877.93
273.0	0.9854	-1996996183.08
274.0	0.9852	-2018413202.38
275.0	0.985	-2039825413.87
276.0	0.9848	-2061233273.65
277.0	0.9846	-2082637208.52
278.0	0.9844	-2104037624.84
279.0	0.9842	-2125434901.77
280.0	0.984	-2146829399.89
281.0	0.9838	-2168221454.73
282.0	0.9836	-2189611385.11
283.0	0.9834	-2210999487.0
284.0	0.9832	-2232386041.5
285.0	0.983	-2253771309.04
286.0	0.9828	-2275155537.1
287.0	0.9826	-2296538954.62
288.0	0.9824	-2317921779.47
289.0	0.9822	-2339304213.03
290.0	0.982	-2360686447.43
291.0	0.9818	-2382068660.2
292.0	0.9816	-2403451021.41
293.0	0.9814	-2424833687.94
294.0	0.9812	-2446216810.76
295.0	0.981	-2467600529.14
296.0	0.9808	-2488984977.54
297.0	0.9806	-2510370279.76
298.0	0.9804	-2531756556.02
299.0	0.9802	-2553143916.83
300.0	0.979970065523	-2574454436.58
301.0	0.9802	-2538615119.5
302.0	0.9804	-2504829023.18
303.0	0.9806	-2472098199.21
304.0	0.9808	-2439910108.81
305.0	0.981	-2408030750.82
306.0	0.9812	-2376325266.03
307.0	0.9814	-2344720744.38
308.0	0.9816	-2313172151.89
309.0	0.9818	-2281652685.11
310.0	0.982	-2250145038.07
311.0	0.9822	-2218638336.44
312.0	0.9824	-2187125378.3
313.0	0.9826	-2155601540.28
314.0	0.9828	-2124063748.79
315.0	0.983	-2092510023.95
316.0	0.9832	-2060939056.52
317.0	0.9834	-2029350007.83
318.0	0.9836	-1997742328.02
319.0	0.9838	-1966115669.37
320.0	0.984	-1934469805.86
321.0	0.9842	-1902804596.97
322.0	0.9844	-1871119965.01
323.0	0.9846	-1839415877.34
324.0	0.9848	-1807692345.27
325.0	0.985	-1775949448.16
326.0	0.9852	-1744187351.08
327.0	0.9854	-1712406361.97
328.0	0.9856	-1680606964.57
329.0	0.9858	-1648789889.19
330.0	0.986	-1616956114.26
331.0	0.9862	-1585106896.0
332.0	0.9864	-1553243639.27
333.0	0.9866	-1521367939.97
334.0	0.9868	-1489481497.73
335.0	0.987	-1457586404.65
336.0	0.9872	-1425685173.99
337.0	0.9874	-1393781207.68
338.0	0.9876	-1361878892.28
339.0	0.9878	-1329984778.96
340.0	0.988	-1298108939.82
341.0	0.9882	-1266267619.29
342.0	0.9884	-1234483394.74
343.0	0.9886	-1202781523.86
344.0	0.9888	-1171182000.45
345.0	0.989	-1139700051.64
346.0	0.9892	-1108353700.64
347.0	0.9894	-1077175603.65
348.0	0.9896	-1046218181.76
349.0	0.9898	-1015552355.69
350.0	0.99	-985252206.76
351.0	0.9902	-955370386.24
352.0	0.9904	-925916510.612
353.0	0.9906	-896859055.714
354.0	0.9908	-868144987.226
355.0	0.991	-839721929.701
356.0	0.9912	-811548074.975
357.0	0.9914	-783593838.361
358.0	0.9916	-755837025.94
359.0	0.9918	-728258487.824
360.0	0.992	-700838747.497
361.0	0.9922	-673557450.506
362.0	0.9924	-646394348.23
363.0	0.9926	-619330385.028
364.0	0.9928	-592348901.082
365.0	0.993	-565435854.923
366.0	0.9932	-538579955.505
367.0	0.9934	-511772241.704
368.0	0.9936	-485005722.304
369.0	0.9938	-458274900.549
370.0	0.994	-431575411.255
371.0	0.9942	-404903714.558
372.0	0.9944	-378256867.096
373.0	0.9946	-351632384.366
374.0	0.9948	-325028112.198
375.0	0.995	-298442186.334
376.0	0.9952	-271872947.937
377.0	0.9954	-245318942.253
378.0	0.9956	-218778857.557
379.0	0.9958	-192251541.663
380.0	0.996	-165735964.187
381.0	0.9962	-139231238.955
382.0	0.9964	-112736601.952
383.0	0.9966	-86251434.755
384.0	0.9968	-59775258.1384
385.0	0.997	-33307764.8118
386.0	0.9972	-6848834.64902
387.0	0.9974	19601412.508
388.0	0.9976	46042570.7793
389.0	0.9978	72473862.5016
390.0	0.998	98894048.9386
391.0	0.9982	125301301.449
392.0	0.9984	151693076.861
393.0	0.9986	178065973.009
394.0	0.9988	204415611.564
395.0	0.999	230736522.582
396.0	0.9992	257018458.726
397.0	0.9994	283259606.656
398.0	0.9996	309449450.694
399.0	0.9998	335577315.488
400.0	1.0	361632705.957
401.0	1.0002	387604881.536
402.0	1.0004	413482345.49
403.0	1.0006	439254619.276
404.0	1.0008	464911524.346
405.0	1.001	490444416.269
406.0	1.0012	515845996.475
407.0	1.0014	541110739.577
408.0	1.0016	566234894.693
409.0	1.0018	591216340.685
410.0	1.002	616054543.318
411.0	1.0022	640750106.135
412.0	1.0024	665304699.919
413.0	1.0026	689720593.408
414.0	1.0028	714000654.903
415.0	1.003	738148026.612
416.0	1.0032	762166201.357
417.0	1.0034	786058838.53
418.0	1.0036	809829843.143
419.0	1.0038	833483258.367
420.0	1.004	857023300.865
421.0	1.0042	880454290.796
422.0	1.0044	903780647.51
423.0	1.0046	927006849.221
424.0	1.0048	950137409.934
425.0	1.005	973176861.841
426.0	1.0052	996129719.477
427.0	1.0054	1019000466.72
428.0	1.0056	1041793508.79
429.0	1.0058	1064513155.29
430.0	1.006	1087163572.25
431.0	1.0062	1109748766.18
432.0	1.0064	1132272549.62
433.0	1.0066	1154738528.3
434.0	1.0068	1177150083.77
435.0	1.007	1199510363.83
436.0	1.0072	1221822279.71
437.0	1.0074	1244088498.44
438.0	1.0076	1266311451.33
439.0	1.0078	1288493329.57
440.0	1.008	1310636100.64
441.0	1.0082	1332741507.97
442.0	1.0084	1354811093.02
443.0	1.0086	1376846199.85
444.0	1.0088	1398848001.32
445.0	1.009	1420817508.29
446.0	1.0092	1442755600.37
447.0	1.0094	1464663040.02
448.0	1.0096	1486540505.79
449.0	1.0098	1508388609.95
450.0	1.01	1530207929.98
451.0	1.0102	1551999024.0
452.0	1.0104	1573762454.41
453.0	1.0106	1595498796.85
454.0	1.0108	1617208652.52
455.0	1.011	1638892649.51
456.0	1.0112	1660551445.14
457.0	1.0114	1682185722.64
458.0	1.0116	1703796187.09
459.0	1.0118	1725383561.49
460.0	1.012	1746948579.35
461.0	1.0122	1768491981.59
462.0	1.0124	1790014507.82
463.0	1.0126	1811516895.14
464.0	1.0128	1832999868.41
465.0	1.013	1854464141.63
466.0	1.0132	1875910408.42
467.0	1.0134	1897339345.54
468.0	1.0136	1918751604.07
469.0	1.0138	1940147814.95
470.0	1.014	1961528580.57
471.0	1.0142	1982894482.17
472.0	1.0144	2004246071.56
473.0	1.0146	2025583879.36
474.0	1.0148	2046908407.17
475.0	1.015	2068220136.04
476.0	1.0152	2089519518.97
477.0	1.0154	2110806989.33
478.0	1.0156	2132082953.88
479.0	1.0158	2153347800.91
480.0	1.016	2174601893.68
481.0	1.0162	2195845578.48
482.0	1.0164	2217079178.76
483.0	1.0166	2238303002.39
484.0	1.0168	2259517336.82
485.0	1.017	2280722455.28
486.0	1.0172	2301918612.76
487.0	1.0174	2323106051.53
488.0	1.0176	2344284997.68
489.0	1.0178	2365455665.65
490.0	1.018	2386618255.78
491.0	1.0182	2407772957.91
492.0	1.0184	2428919949.41
493.0	1.0186	2450059398.55
494.0	1.0188	2471191462.77
495.0	1.019	2492316291.29
496.0	1.0192	2513434024.23
497.0	1.0194	2534544794.33
498.0	1.0196	2555648726.56
499.0	1.0198	2576745939.24
500.0	1.02	2597836544.01
