3	header
postResults v2.0.2	single_phase_equiaxed_tension.spectralOut --cr f,p
filterTable v2.0.2	--white inc,1_f,1_p
inc	1_f	1_p
0.0	1.0	1.22392921824e-05
1.0	1.0002	32101709.8358
2.0	1.0004	64222755.3159
3.0	1.0006	96363069.8808
4.0	1.0008	128522673.252
5.0	1.001	160701616.251
6.0	1.0012	192899868.55
7.0	1.0014	225117438.25
8.0	1.0016	257354326.804
9.0	1.0018	289610540.253
10.0	1.002	321886082.501
11.0	1.0022	354180957.287
12.0	1.0024	386495165.806
13.0	1.0026	418828650.203
14.0	1.0028	451181244.047
15.0	1.003	483552283.421
16.0	1.0032	515939488.367
17.0	1.0034	548335716.155
18.0	1.0036	580720450.646
19.0	1.0038	613041104.597
20.0	1.004	645183848.582
21.0	1.0042	676960278.486
22.0	1.0044	708166828.426
23.0	1.0046	738705473.948
24.0	1.0048	768634252.65
25.0	1.005	798097921.467
26.0	1.0052	827236171.469
27.0	1.0054	856139110.373
28.0	1.0056	884840881.012
29.0	1.0058	913331299.905
30.0	1.006	941578858.013
31.0	1.0062	969554261.457
32.0	1.0064	997249260.926
33.0	1.0066	1024680786.76
34.0	1.0068	1051878631.87
35.0	1.007	1078874285.1
36.0	1.0072	1105689396.17
37.0	1.0074	1132336941.64
38.0	1.0076	1158810870.81
39.0	1.0078	1185093467.25
40.0	1.008	1211150720.74
41.0	1.0082	1236944849.28
42.0	1.0084	1262436527.32
43.0	1.0086	1287598887.3
44.0	1.0088	1312417816.5
45.0	1.009	1336899014.93
46.0	1.0092	1361059751.34
47.0	1.0094	1384930215.2
48.0	1.0096	1408542316.74
49.0	1.0098	1431932308.48
50.0	1.01	1455131255.67
51.0	1.0102	1478170509.55
52.0	1.0104	1501073984.83
53.0	1.0106	1523865238.1
54.0	1.0108	1546560847.6
55.0	1.011	1569177559.81
56.0	1.0112	1591726363.96
57.0	1.0114	1614218930.33
58.0	1.0116	1636662373.79
59.0	1.0118	1659064781.19
60.0	1.012	1681430685.28
61.0	1.0122	1703765704.32
62.0	1.0124	1726072683.5
63.0	1.0126	1748355559.48
64.0	1.0128	1770616087.43
65.0	1.013	1792857061.09
66.0	1.0132	1815079536.51
67.0	1.0134	1837285529.45
68.0	1.0136	1859475652.1
69.0	1.0138	1881651389.11
70.0	1.014	1903813075.69
71.0	1.0142	1925961834.4
72.0	1.0144	1948097832.81
73.0	1.0146	1970221946.59
74.0	1.0148	1992334247.44
75.0	1.015	2014435443.55
76.0	1.0152	2036525557.42
77.0	1.0154	2058605184.87
78.0	1.0156	2080674329.13
79.0	1.0158	2102733510.94
80.0	1.016	2124782732.71
81.0	1.0162	2146822464.19
82.0	1.0164	2168852717.01
83.0	1.0166	2190873925.25
84.0	1.0168	2212886113.53
85.0	1.017	2234889688.25
86.0	1.0172	2256884686.77
87.0	1.0174	2278871491.47
88.0	1.0176	2300850149.57
89.0	1.0178	2322821020.22
90.0	1.018	2344784156.71
91.0	1.0182	2366739894.4
92.0	1.0184	2388688288.72
93.0	1.0186	2410629650.79
94.0	1.0188	2432564034.71
95.0	1.019	2454491726.87
96.0	1.0192	2476412777.63
97.0	1.0194	2498327448.7
98.0	1.0196	2520235784.94
99.0	1.0198	2542138024.16
100.0	1.02	2564034204.41
101.0	1.0198	2526647131.14
102.0	1.0196	2491673050.85
103.0	1.0194	2457802900.54
104.0	1.0192	2424471202.53
105.0	1.019	2391433470.54
106.0	1.0188	2358561838.83
107.0	1.0186	2325791128.72
108.0	1.0184	2293084924.88
109.0	1.0182	2260423482.84
110.0	1.018	2227795559.96
111.0	1.0178	2195194860.31
112.0	1.0176	2162617779.48
113.0	1.0174	2130062290.53
114.0	1.0172	2097527235.91
115.0	1.017	2065011970.47
116.0	1.0168	2032516129.12
117.0	1.0166	2000039509.36
118.0	1.0164	1967581989.65
119.0	1.0162	1935143502.55
120.0	1.016	1902724023.2
121.0	1.0158	1870323530.42
122.0	1.0156	1837942011.24
123.0	1.0154	1805579458.99
124.0	1.0152	1773235869.08
125.0	1.015	1740911243.04
126.0	1.0148	1708605582.57
127.0	1.0146	1676318901.37
128.0	1.0144	1644051224.39
129.0	1.0142	1611802614.2
130.0	1.014	1579573170.98
131.0	1.0138	1547363067.99
132.0	1.0136	1515172541.87
133.0	1.0134	1483001950.98
134.0	1.0132	1450851778.81
135.0	1.013	1418722828.88
136.0	1.0128	1386616335.44
137.0	1.0126	1354534862.95
138.0	1.0124	1322484050.19
139.0	1.0122	1290477781.71
140.0	1.012	1258546861.36
141.0	1.0118	1226754296.15
142.0	1.0116	1195207212.91
143.0	1.0114	1164052869.07
144.0	1.0112	1133425630.93
145.0	1.011	1103383320.98
146.0	1.0108	1073874799.53
147.0	1.0106	1044790313.48
148.0	1.0104	1016006531.14
149.0	1.0102	987424476.537
150.0	1.01	958973638.347
151.0	1.0098	930611324.578
152.0	1.0096	902313795.879
153.0	1.0094	874071901.455
154.0	1.0092	845885256.627
155.0	1.009	817761554.664
156.0	1.0088	789714328.188
157.0	1.0086	761763975.573
158.0	1.0084	733935431.515
159.0	1.0082	706257099.516
160.0	1.008	678754052.31
161.0	1.0078	651443701.148
162.0	1.0076	624329390.922
163.0	1.0074	597402744.705
164.0	1.0072	570644607.023
165.0	1.007	544032319.509
166.0	1.0068	517541097.639
167.0	1.0066	491149193.443
168.0	1.0064	464836871.314
169.0	1.0062	438588995.7
170.0	1.006	412392892.076
171.0	1.0058	386239738.195
172.0	1.0056	360122488.76
173.0	1.0054	334036949.094
174.0	1.0052	307980166.625
175.0	1.005	281951507.594
176.0	1.0048	255951579.197
177.0	1.0046	229983461.102
178.0	1.0044	204052098.796
179.0	1.0042	178165667.388
180.0	1.004	152335186.875
181.0	1.0038	126575787.172
182.0	1.0036	100906076.272
183.0	1.0034	75348747.4517
184.0	1.0032	49928802.2517
185.0	1.003	24672617.989
186.0	1.0028	-395618.750402
187.0	1.0026	-25255840.7553
188.0	1.0024	-49892776.6629
189.0	1.0022	-74306601.984
190.0	1.002	-98497753.8982
191.0	1.0018	-122476988.63
192.0	1.0016	-146258725.877
193.0	1.0014	-169860035.962
194.0	1.0012	-193298459.405
195.0	1.001	-216594777.242
196.0	1.0008	-239759145.11
197.0	1.0006	-262807870.309
198.0	1.0004	-285755872.357
199.0	1.0002	-308616000.296
200.0	1.0	-331397422.707
201.0	0.9998	-354111203.154
202.0	0.9996	-376763681.148
203.0	0.9994	-399364106.627
204.0	0.9992	-421917062.629
205.0	0.999	-444429856.068
206.0	0.9988	-466905698.38
207.0	0.9986	-489350194.647
208.0	0.9984	-511765605.004
209.0	0.9982	-534156252.038
210.0	0.998	-556523746.412
211.0	0.9978	-578871461.248
212.0	0.9976	-601200549.149
213.0	0.9974	-623513667.718
214.0	0.9972	-645811638.524
215.0	0.997	-668096574.546
216.0	0.9968	-690369057.407
217.0	0.9966	-712630783.012
218.0	0.9964	-734882159.332
219.0	0.9962	-757124560.95
220.0	0.996	-779358272.085
221.0	0.9958	-801584419.004
222.0	0.9956	-823803199.634
223.0	0.9954	-846015548.19
224.0	0.9952	-868221603.018
225.0	0.995	-890422147.722
226.0	0.9948	-912617279.435
227.0	0.9946	-934807661.687
228.0	0.9944	-956993362.841
229.0	0.9942	-979174948.918
230.0	0.994	-1001352468.23
231.0	0.9938	-1023526406.39
232.0	0.9936	-1045696797.33
233.0	0.9934	-1067864059.99
234.0	0.9932	-1090028218.39
235.0	0.993	-1112189635.4
236.0	0.9928	-1134348327.52
237.0	0.9926	-1156504609.4
238.0	0.9924	-1178658490.59
239.0	0.9922	-1200810242.69
240.0	0.992	-1222959867.72
241.0	0.9918	-1245107598.54
242.0	0.9916	-1267253429.56
243.0	0.9914	-1289397559.87
244.0	0.9912	-1311539977.11
245.0	0.991	-1333680851.54
246.0	0.9908	-1355820164.56
247.0	0.9906	-1377958060.45
248.0	0.9904	-1400094513.33
249.0	0.9902	-1422229643.02
250.0	0.99	-1444363415.28
251.0	0.9898	-1466495926.98
252.0	0.9896	-1488627135.62
253.0	0.9894	-1510757117.93
254.0	0.9892	-1532885824.73
255.0	0.989	-1555013317.14
256.0	0.9888	-1577139542.34
257.0	0.9886	-1599264550.84
258.0	0.9884	-1621388289.65
259.0	0.9882	-1643510803.69
260.0	0.988	-1665632043.15
261.0	0.9878	-1687752051.8
262.0	0.9876	-1709870786.09
263.0	0.9874	-1731988292.36
264.0	0.9872	-1754104535.82
265.0	0.987	-1776219568.42
266.0	0.9868	-1798333366.19
267.0	0.9866	-1820445989.01
268.0	0.9864	-1842557425.05
269.0	0.9862	-1864667743.64
270.0	0.986	-1886776946.04
271.0	0.9858	-1908885111.7
272.0	0.9856	-1930992254.87
273.0	0.9854	-1953098464.86
274.0	0.9852	-1975203768.11
275.0	0.985	-1997308262.65
276.0	0.9848	-2019411985.28
277.0	0.9846	-2041515040.79
278.0	0.9844	-2063617474.12
279.0	0.9842	-2085719394.35
280.0	0.984	-2107820851.61
281.0	0.9838	-2129921956.47
282.0	0.9836	-2152022761.44
283.0	0.9834	-2174123375.75
284.0	0.9832	-2196223851.76
285.0	0.983	-2218324294.97
286.0	0.9828	-2240424755.13
287.0	0.9826	-2262525331.49
288.0	0.9824	-2284626068.95
289.0	0.9822	-2306727058.55
290.0	0.982	-2328828338.82
291.0	0.9818	-2350929991.9
292.0	0.9816	-2373032049.82
293.0	0.9814	-2395134586.58
294.0	0.9812	-2417237629.0
295.0	0.981	-2439341244.71
296.0	0.9808	-2461445456.64
297.0	0.9806	-2483550327.31
298.0	0.9804	-2505655876.63
299.0	0.9802	-2527762162.67
300.0	0.98	-2549869202.41
301.0	0.9802	-2514551946.04
302.0	0.9804	-2481230586.14
303.0	0.9806	-2448832014.4
304.0	0.9808	-2416857815.22
305.0	0.981	-2385105031.19
306.0	0.9812	-2353461552.71
307.0	0.9814	-2321871558.83
308.0	0.9816	-2290302648.99
309.0	0.9818	-2258737380.56
310.0	0.982	-2227165614.34
311.0	0.9822	-2195581729.37
312.0	0.9824	-2163982451.02
313.0	0.9826	-2132365960.14
314.0	0.9828	-2100731192.37
315.0	0.983	-2069077568.28
316.0	0.9832	-2037404745.92
317.0	0.9834	-2005712547.82
318.0	0.9836	-1974000854.43
319.0	0.9838	-1942269615.49
320.0	0.984	-1910518800.63
321.0	0.9842	-1878748409.63
322.0	0.9844	-1846958444.35
323.0	0.9846	-1815148954.84
324.0	0.9848	-1783320010.44
325.0	0.985	-1751471754.36
326.0	0.9852	-1719604344.18
327.0	0.9854	-1687718019.64
328.0	0.9856	-1655812998.49
329.0	0.9858	-1623889649.34
330.0	0.986	-1591948335.99
331.0	0.9862	-1559989694.66
332.0	0.9864	-1528014300.59
333.0	0.9866	-1496022996.89
334.0	0.9868	-1464016534.76
335.0	0.987	-1431996247.83
336.0	0.9872	-1399964028.31
337.0	0.9874	-1367923984.1
338.0	0.9876	-1335884432.07
339.0	0.9878	-1303863924.83
340.0	0.988	-1271900369.0
341.0	0.9882	-1240066144.51
342.0	0.9884	-1208476154.23
343.0	0.9886	-1177276332.95
344.0	0.9888	-1146584036.04
345.0	0.989	-1116435636.49
346.0	0.9892	-1086767115.7
347.0	0.9894	-1057467612.26
348.0	0.9896	-1028420341.77
349.0	0.9898	-999534232.029
350.0	0.99	-970746502.102
351.0	0.9902	-942019821.538
352.0	0.9904	-913334685.809
353.0	0.9906	-884684158.626
354.0	0.9908	-856069362.458
355.0	0.991	-827497800.523
356.0	0.9912	-798981990.592
357.0	0.9914	-770539384.881
358.0	0.9916	-742191253.05
359.0	0.9918	-713961117.312
360.0	0.992	-685871121.713
361.0	0.9922	-657938054.575
362.0	0.9924	-630169750.925
363.0	0.9926	-602564386.24
364.0	0.9928	-575111518.241
365.0	0.993	-547795241.806
366.0	0.9932	-520596651.045
367.0	0.9934	-493497003.822
368.0	0.9936	-466478736.234
369.0	0.9938	-439527163.602
370.0	0.994	-412630004.923
371.0	0.9942	-385778122.383
372.0	0.9944	-358964588.051
373.0	0.9946	-332185220.273
374.0	0.9948	-305437842.422
375.0	0.995	-278723015.716
376.0	0.9952	-252043711.652
377.0	0.9954	-225406338.093
378.0	0.9956	-198820732.12
379.0	0.9958	-172301294.604
380.0	0.996	-145866892.604
381.0	0.9962	-119541425.63
382.0	0.9964	-93352621.5688
383.0	0.9966	-67330839.6181
384.0	0.9968	-41505762.2133
385.0	0.997	-15903499.7925
386.0	0.9972	9453849.2379
387.0	0.9974	34561949.207
388.0	0.9976	59417608.7284
389.0	0.9978	84029497.9337
390.0	0.998	108411556.725
391.0	0.9982	132582292.665
392.0	0.9984	156560760.934
393.0	0.9986	180370901.144
394.0	0.9988	204024428.388
395.0	0.999	227540334.692
396.0	0.9992	250935932.539
397.0	0.9994	274225968.362
398.0	0.9996	297421494.109
399.0	0.9998	320535061.821
400.0	1.0	343574297.195
401.0	1.0002	366549600.872
402.0	1.0004	389466467.238
403.0	1.0006	412333017.364
404.0	1.0008	435153116.895
405.0	1.001	457932880.889
406.0	1.0012	480675059.843
407.0	1.0014	503384263.069
408.0	1.0016	526062494.777
409.0	1.0018	548713271.48
410.0	1.002	571338085.544
411.0	1.0022	593939647.635
412.0	1.0024	616519086.521
413.0	1.0026	639078509.708
414.0	1.0028	661618780.576
415.0	1.003	684141552.225
416.0	1.0032	706647491.545
417.0	1.0034	729137906.963
418.0	1.0036	751613318.818
419.0	1.0038	774074775.437
420.0	1.004	796522689.918
421.0	1.0042	818957915.136
422.0	1.0044	841380785.686
423.0	1.0046	863792005.457
424.0	1.0048	886191848.377
425.0	1.005	908580900.708
426.0	1.0052	930959386.56
427.0	1.0054	953327797.475
428.0	1.0056	975686317.109
429.0	1.0058	998035361.332
430.0	1.006	1020375082.24
431.0	1.0062	1042705836.43
432.0	1.0064	1065027752.15
433.0	1.0066	1087341138.44
434.0	1.0068	1109646103.74
435.0	1.007	1131942916.84
436.0	1.0072	1154231668.42
437.0	1.0074	1176512592.02
438.0	1.0076	1198785762.27
439.0	1.0078	1221051382.49
440.0	1.008	1243309512.95
441.0	1.0082	1265560330.91
442.0	1.0084	1287803883.83
443.0	1.0086	1310040326.07
444.0	1.0088	1332269693.35
445.0	1.009	1354492119.71
446.0	1.0092	1376707629.66
447.0	1.0094	1398916338.68
448.0	1.0096	1421118260.58
449.0	1.0098	1443313493.94
450.0	1.01	1465502041.57
451.0	1.0102	1487683985.32
452.0	1.0104	1509859316.26
453.0	1.0106	1532028099.73
454.0	1.0108	1554190314.81
455.0	1.011	1576346011.26
456.0	1.0112	1598495157.0
457.0	1.0114	1620637787.29
458.0	1.0116	1642773859.8
459.0	1.0118	1664903397.73
460.0	1.012	1687026351.14
461.0	1.0122	1709142734.79
462.0	1.0124	1731252494.64
463.0	1.0126	1753355641.55
464.0	1.0128	1775452121.4
465.0	1.013	1797541945.49
466.0	1.0132	1819625063.49
467.0	1.0134	1841701490.96
468.0	1.0136	1863771184.36
469.0	1.0138	1885834166.63
470.0	1.014	1907890403.7
471.0	1.0142	1929939928.99
472.0	1.0144	1951982720.5
473.0	1.0146	1974018824.29
474.0	1.0148	1996048231.92
475.0	1.015	2018071003.26
476.0	1.0152	2040087143.88
477.0	1.0154	2062096727.22
478.0	1.0156	2084099772.23
479.0	1.0158	2106096364.63
480.0	1.016	2128086535.14
481.0	1.0162	2150070379.73
482.0	1.0164	2172047938.52
483.0	1.0166	2194019315.28
484.0	1.0168	2215984556.69
485.0	1.017	2237943771.24
486.0	1.0172	2259897009.32
487.0	1.0174	2281844380.9
488.0	1.0176	2303785937.13
489.0	1.0178	2325721786.56
490.0	1.018	2347651978.59
491.0	1.0182	2369576618.11
492.0	1.0184	2391495750.91
493.0	1.0186	2413409476.73
494.0	1.0188	2435317836.49
495.0	1.019	2457220923.4
496.0	1.0192	2479118772.03
497.0	1.0194	2501011467.59
498.0	1.0196	2522899037.41
499.0	1.0198	2544781558.23
500.0	1.02	2566659050.2
501.0	1.02	2566659050.2
