3	header
postResults v2.0.2	single_phase_equiaxed_tension.spectralOut --cr f,p
filterTable v2.0.2	--white inc,1_f,1_p
inc	1_f	1_p
0.0	1.0	4.93493445852e-06
1.0	1.0005	82558778.03
2.0	1.001	165243033.99
3.0	1.0015	248052620.758
4.0	1.002	330987917.891
5.0	1.0025	414048286.09
6.0	1.003	497216633.738
7.0	1.0035	580214677.727
8.0	1.004	661660132.343
9.0	1.0045	739901707.752
10.0	1.005	815227444.394
11.0	1.0055	888800309.147
12.0	1.006	961242918.885
13.0	1.0065	1032772090.28
14.0	1.007	1103209755.98
15.0	1.0075	1172219429.8
16.0	1.008	1239534715.21
17.0	1.0085	1305124730.64
18.0	1.009	1369137653.12
19.0	1.0095	1431771270.5
20.0	1.01	1493213831.13
21.0	1.0105	1553629653.11
22.0	1.011	1613163064.93
23.0	1.0115	1671962858.62
24.0	1.012	1730104962.61
25.0	1.0125	1787709556.96
26.0	1.013	1844834755.5
27.0	1.0135	1901577711.99
28.0	1.014	1957957067.61
29.0	1.0145	2014053993.26
30.0	1.015	2069904082.91
31.0	1.0155	2125534492.89
32.0	1.016	2180901468.59
33.0	1.0165	2236093765.4
34.0	1.017	2291124551.77
35.0	1.0175	2346003354.28
36.0	1.018	2400745850.32
37.0	1.0185	2455339774.42
38.0	1.019	2509724031.63
39.0	1.0195	2564001142.36
40.0	1.02	2618179478.01
41.0	1.0205	2672255519.26
42.0	1.021	2726238966.81
43.0	1.0215	2780118600.96
44.0	1.022	2833903386.9
45.0	1.0225	2887590465.83
46.0	1.023	2941186087.58
47.0	1.0235	2994691915.32
48.0	1.024	3048112622.64
49.0	1.0245	3101451369.92
50.0	1.025	3154711859.16
51.0	1.0255	3207823349.15
52.0	1.026	3260887185.6
53.0	1.0265	3313909593.77
54.0	1.027	3366884530.64
55.0	1.0275	3419806146.64
56.0	1.028	3472670619.8
57.0	1.0285	3525423744.12
58.0	1.029	3578132326.94
59.0	1.0295	3630798981.65
60.0	1.03	3683414747.56
61.0	1.0305	3735973821.01
62.0	1.031	3788474318.02
63.0	1.0315	3840914966.48
64.0	1.032	3893295860.14
65.0	1.0325	3945617586.72
66.0	1.033	3997881022.92
67.0	1.0335	4050086888.48
68.0	1.034	4102236427.87
69.0	1.0345	4154330491.14
70.0	1.035	4206370615.59
71.0	1.0355	4258357784.07
72.0	1.036	4310293576.85
73.0	1.0365	4362178796.78
74.0	1.037	4414014802.83
75.0	1.0375	4465802353.16
76.0	1.038	4517542870.49
77.0	1.0385	4569237469.01
78.0	1.039	4620887678.75
79.0	1.0395	4672494850.28
80.0	1.04	4724000656.31
81.0	1.0405	4775464780.36
82.0	1.041	4826911545.73
83.0	1.0415	4878336599.81
84.0	1.042	4929737062.69
85.0	1.0425	4981110112.76
86.0	1.043	5032454220.7
87.0	1.0435	5083768374.33
88.0	1.044	5135051354.13
89.0	1.0445	5186302783.52
90.0	1.045	5237521549.5
91.0	1.0455	5288688932.73
92.0	1.046	5339803793.89
93.0	1.0465	5390890727.26
94.0	1.047	5441948349.91
95.0	1.0475	5492975752.56
96.0	1.048	5543972595.2
97.0	1.0485	5594939898.2
98.0	1.049	5645877870.95
99.0	1.0495	5696786708.97
100.0	1.05	5747666193.77
101.0	1.0505	5798515969.0
102.0	1.051	5849335643.38
103.0	1.0515	5900124819.46
104.0	1.052	5950883349.67
105.0	1.0525	6001611067.59
106.0	1.053	6052308203.15
107.0	1.0535	6102974769.52
108.0	1.054	6153611206.16
109.0	1.0545	6204217675.84
110.0	1.055	6254794570.73
111.0	1.0555	6305341890.78
112.0	1.056	6355859829.86
113.0	1.0565	6406348197.26
114.0	1.057	6456806892.0
115.0	1.0575	6507235643.21
116.0	1.058	6557634310.03
117.0	1.0585	6608002744.66
118.0	1.059	6658340729.83
119.0	1.0595	6708648025.75
120.0	1.06	6758924357.52
121.0	1.0605	6809169647.77
122.0	1.061	6859383764.26
123.0	1.0615	6909566810.65
124.0	1.062	6959718902.86
125.0	1.0625	7009840444.59
126.0	1.063	7059931699.91
127.0	1.0635	7109993126.36
128.0	1.064	7160025027.61
129.0	1.0645	7210027828.14
130.0	1.065	7260001771.84
131.0	1.0655	7309947227.64
132.0	1.066	7359864395.03
133.0	1.0665	7409753607.68
134.0	1.067	7459614967.93
135.0	1.0675	7509448835.79
136.0	1.068	7559255142.47
137.0	1.0685	7609035032.39
138.0	1.069	7658788321.77
139.0	1.0695	7708516609.95
140.0	1.07	7758218537.46
141.0	1.0705	7807895380.0
142.0	1.071	7857545629.94
143.0	1.0715	7907170477.66
144.0	1.072	7956768168.02
145.0	1.0725	8006366273.7
146.0	1.073	8055896411.7
147.0	1.0735	8105385305.18
148.0	1.074	8154841359.33
149.0	1.0745	8204268798.29
150.0	1.075	8253668767.05
151.0	1.0755	8303044325.6
152.0	1.076	8352396576.91
153.0	1.0765	8401727410.94
154.0	1.077	8451087080.15
155.0	1.0775	8500386890.33
156.0	1.078	8549643807.72
157.0	1.0785	8598865014.89
158.0	1.079	8648056849.42
159.0	1.0795	8697221148.13
160.0	1.08	8746360895.78
161.0	1.0805	8795476786.49
162.0	1.081	8844608358.31
163.0	1.0815	8893671667.26
164.0	1.082	8942691859.6
165.0	1.0825	8991676882.7
166.0	1.083	9040634585.54
167.0	1.0835	9089566334.2
168.0	1.084	9138476661.71
169.0	1.0845	9187365669.46
170.0	1.085	9236293066.78
171.0	1.0855	9285153301.68
172.0	1.086	9333969764.89
173.0	1.0865	9382750413.8
174.0	1.087	9431504880.66
175.0	1.0875	9480234084.56
176.0	1.088	9528944540.79
177.0	1.0885	9577635731.02
178.0	1.089	9626389520.26
179.0	1.0895	9675077453.09
180.0	1.09	9723719059.14
181.0	1.0905	9772321701.63
182.0	1.091	9820895351.81
183.0	1.0915	9869442107.24
184.0	1.092	9917969085.81
185.0	1.0925	9966550534.12
186.0	1.093	10015071955.8
187.0	1.0935	10063542957.3
188.0	1.094	10111972179.9
189.0	1.0945	10160369438.2
190.0	1.095	10208742099.7
191.0	1.0955	10257156744.1
192.0	1.096	10305516041.7
193.0	1.0965	10353825362.5
194.0	1.097	10402092835.9
195.0	1.0975	10450330577.9
196.0	1.098	10498589370.2
197.0	1.0985	10546799701.4
198.0	1.099	10594964866.5
199.0	1.0995	10643092495.6
200.0	1.1	10691192073.1
201.0	1.0995	10599655427.9
202.0	1.099	10513959477.9
203.0	1.0985	10429817718.7
204.0	1.098	10346391745.1
205.0	1.0975	10263254683.1
206.0	1.097	10180383929.9
207.0	1.0965	10097686439.4
208.0	1.096	10015161618.5
209.0	1.0955	9932903398.78
210.0	1.095	9850893709.15
211.0	1.0945	9769180909.43
212.0	1.094	9687989534.26
213.0	1.0935	9607233543.39
214.0	1.093	9527092578.4
215.0	1.0925	9447621537.08
216.0	1.092	9369013872.97
217.0	1.0915	9291651476.01
218.0	1.091	9216312242.6
219.0	1.0905	9142665362.24
220.0	1.09	9071128482.37
221.0	1.0895	9000589351.5
222.0	1.089	8931446059.18
223.0	1.0885	8862929567.86
224.0	1.088	8795057751.25
225.0	1.0875	8727807097.61
226.0	1.087	8661166226.0
227.0	1.0865	8595280744.62
228.0	1.086	8529942395.63
229.0	1.0855	8465240254.51
230.0	1.085	8401138440.25
231.0	1.0845	8337764499.08
232.0	1.084	8275053775.24
233.0	1.0835	8213074569.42
234.0	1.083	8151817936.23
235.0	1.0825	8091501864.0
236.0	1.082	8031755922.25
237.0	1.0815	7972584917.5
238.0	1.081	7913879793.94
239.0	1.0805	7855801007.69
240.0	1.08	7798150636.35
241.0	1.0795	7740948639.48
242.0	1.079	7684084600.08
243.0	1.0785	7627622441.2
244.0	1.078	7571473433.76
245.0	1.0775	7515575605.05
246.0	1.077	7460056568.76
247.0	1.0765	7404766416.04
248.0	1.076	7349688450.19
249.0	1.0755	7294784463.96
250.0	1.075	7240251884.86
251.0	1.0745	7185886256.6
252.0	1.074	7131641764.29
253.0	1.0735	7077580105.36
254.0	1.073	7023655299.42
255.0	1.0725	6969843008.54
256.0	1.072	6916316618.19
257.0	1.0715	6862895532.32
258.0	1.071	6809543810.3
259.0	1.0705	6756297614.45
260.0	1.07	6703153223.13
261.0	1.0695	6650092819.44
262.0	1.069	6597265237.91
263.0	1.0685	6544505304.65
264.0	1.068	6491746780.9
265.0	1.0675	6439030410.24
266.0	1.067	6386500612.35
267.0	1.0665	6334024036.43
268.0	1.066	6281577101.74
269.0	1.0655	6229166781.93
270.0	1.065	6176891801.67
271.0	1.0645	6124652672.19
272.0	1.064	6072450385.16
273.0	1.0635	6020278907.76
274.0	1.063	5968146898.41
275.0	1.0625	5916148638.17
276.0	1.062	5864174365.4
277.0	1.0615	5812205549.25
278.0	1.061	5760265836.31
279.0	1.0605	5708375493.76
280.0	1.06	5656503512.9
281.0	1.0595	5604650698.44
282.0	1.059	5552960471.85
283.0	1.0585	5501265532.27
284.0	1.058	5449563425.74
285.0	1.0575	5397855428.88
286.0	1.057	5346227338.3
287.0	1.0565	5294613248.76
288.0	1.056	5243001702.58
289.0	1.0555	5191399576.74
290.0	1.055	5139811227.62
291.0	1.0545	5088339696.65
292.0	1.054	5036873054.65
293.0	1.0535	4985397269.87
294.0	1.053	4933913130.95
295.0	1.0525	4882424989.6
296.0	1.052	4831056037.85
297.0	1.0515	4779684111.03
298.0	1.051	4728298155.38
299.0	1.0505	4676901562.89
300.0	1.05	4625503374.86
301.0	1.0495	4574215385.75
302.0	1.049	4522918401.44
303.0	1.0485	4471600832.8
304.0	1.048	4420264851.44
305.0	1.0475	4368919018.57
306.0	1.047	4317668752.23
307.0	1.0465	4266406525.72
308.0	1.046	4215124086.66
309.0	1.0455	4163824939.36
310.0	1.045	4112518387.77
311.0	1.0445	4061307394.57
312.0	1.044	4010080095.31
313.0	1.0435	3958826202.77
314.0	1.043	3907548706.39
315.0	1.0425	3856323219.86
316.0	1.042	3805080324.64
317.0	1.0415	3753815244.9
318.0	1.041	3702597218.66
319.0	1.0405	3651358356.53
320.0	1.04	3600093741.13
321.0	1.0395	3548851680.77
322.0	1.039	3497588455.35
323.0	1.0385	3446347584.65
324.0	1.038	3395085747.48
325.0	1.0375	3343828156.19
326.0	1.037	3292546894.66
327.0	1.0365	3241245308.97
328.0	1.036	3189990914.63
329.0	1.0355	3138715487.63
330.0	1.035	3087432136.35
331.0	1.0345	3036124929.25
332.0	1.034	2984834708.32
333.0	1.0335	2933521814.78
334.0	1.033	2882186414.24
335.0	1.0325	2830877421.05
336.0	1.032	2779544644.31
337.0	1.0315	2728213443.46
338.0	1.031	2676859168.79
339.0	1.0305	2625512893.68
340.0	1.03	2574141638.66
341.0	1.0295	2522745712.53
342.0	1.029	2471381132.7
343.0	1.0285	2419990379.39
344.0	1.028	2368570448.96
345.0	1.0275	2317128306.54
346.0	1.027	2265720692.23
347.0	1.0265	2214283947.24
348.0	1.026	2162816628.25
349.0	1.0255	2111326791.39
350.0	1.025	2059864333.59
351.0	1.0245	2008373067.85
352.0	1.024	1956851240.08
353.0	1.0235	1905345297.18
354.0	1.023	1853809569.6
355.0	1.0225	1802243940.42
356.0	1.022	1750686027.91
357.0	1.0215	1699098814.6
358.0	1.021	1647484181.8
359.0	1.0205	1595879772.62
360.0	1.02	1544245723.29
361.0	1.0195	1492582319.63
362.0	1.019	1440926158.73
363.0	1.0185	1389240268.44
364.0	1.018	1337526417.17
365.0	1.0175	1285821252.63
366.0	1.017	1234085462.42
367.0	1.0165	1182338870.05
368.0	1.016	1130562765.29
369.0	1.0155	1078786400.46
370.0	1.015	1026979327.1
371.0	1.0145	975165350.45
372.0	1.014	923321839.055
373.0	1.0135	871472228.664
374.0	1.013	819593342.74
375.0	1.0125	767706562.205
376.0	1.012	715802487.056
377.0	1.0115	663880776.107
378.0	1.011	611945271.863
379.0	1.0105	559988195.914
380.0	1.01	508015830.725
381.0	1.0095	456022797.307
382.0	1.009	404029126.8
383.0	1.0085	352002497.266
384.0	1.008	299955971.629
385.0	1.0075	247894777.985
386.0	1.007	195803617.274
387.0	1.0065	143696558.1
388.0	1.006	91556535.2462
389.0	1.0055	39401240.8568
390.0	1.005	-12784009.9599
391.0	1.0045	-64994385.3671
392.0	1.004	-117232271.1
393.0	1.0035	-169496476.959
394.0	1.003	-221781904.694
395.0	1.0025	-274092335.779
396.0	1.002	-326425217.91
397.0	1.0015	-378779801.815
398.0	1.001	-431155656.605
399.0	1.0005	-483552797.949
400.0	1.0	-535972874.484
401.0	0.9995	-588412456.938
402.0	0.999	-640871660.441
403.0	0.9985	-693357862.854
404.0	0.998	-745862213.574
405.0	0.9975	-798389618.751
406.0	0.997	-850939119.976
407.0	0.9965	-903507353.463
408.0	0.996	-956105581.679
409.0	0.9955	-1008720036.5
410.0	0.995	-1061356623.75
411.0	0.9945	-1114020514.88
412.0	0.994	-1166703270.73
413.0	0.9935	-1219416067.68
414.0	0.993	-1272145362.04
415.0	0.9925	-1324905290.93
416.0	0.992	-1377690664.55
417.0	0.9915	-1430490984.59
418.0	0.991	-1483322007.48
419.0	0.9905	-1536180633.38
420.0	0.99	-1589055591.2
421.0	0.9895	-1641961573.05
422.0	0.989	-1694894762.44
423.0	0.9885	-1747855007.26
424.0	0.988	-1800828527.96
425.0	0.9875	-1853833188.82
426.0	0.987	-1906866725.61
427.0	0.9865	-1959926438.34
428.0	0.986	-2012997353.06
429.0	0.9855	-2066099668.77
430.0	0.985	-2119230556.32
431.0	0.9845	-2172387909.51
432.0	0.984	-2225570943.71
433.0	0.9835	-2278778134.31
434.0	0.983	-2332009416.7
435.0	0.9825	-2385264232.74
436.0	0.982	-2438542953.28
437.0	0.9815	-2491845263.04
438.0	0.981	-2545171780.55
439.0	0.9805	-2598522163.95
440.0	0.98	-2651897072.15
441.0	0.9795	-2705296115.55
442.0	0.979	-2758719995.87
443.0	0.9785	-2812168318.64
444.0	0.978	-2865641825.19
445.0	0.9775	-2919140073.4
446.0	0.977	-2972663750.35
447.0	0.9765	-3026212382.0
448.0	0.976	-3079786537.95
449.0	0.9755	-3133385771.97
450.0	0.975	-3187010511.64
451.0	0.9745	-3240660367.03
452.0	0.974	-3294335597.52
453.0	0.9735	-3348035882.68
454.0	0.973	-3401761372.85
455.0	0.9725	-3455511861.46
456.0	0.972	-3509287478.03
457.0	0.9715	-3563088116.22
458.0	0.971	-3616913880.74
459.0	0.9705	-3670764708.6
460.0	0.97	-3724640678.21
461.0	0.9695	-3778541770.74
462.0	0.969	-3832468078.05
463.0	0.9685	-3886419625.25
464.0	0.968	-3940396486.92
465.0	0.9675	-3994398669.1
466.0	0.967	-4048426331.05
467.0	0.9665	-4102479481.17
468.0	0.966	-4156558291.53
469.0	0.9655	-4210662742.43
470.0	0.965	-4264792992.37
471.0	0.9645	-4318948998.98
472.0	0.964	-4373130892.24
473.0	0.9635	-4427338629.1
474.0	0.963	-4481572296.04
475.0	0.9625	-4535831867.72
476.0	0.962	-4590117390.91
477.0	0.9615	-4644428890.17
478.0	0.961	-4698766415.93
479.0	0.9605	-4753129953.67
480.0	0.96	-4807519580.78
481.0	0.9595	-4861935276.25
482.0	0.959	-4916377222.59
483.0	0.9585	-4970845300.06
484.0	0.958	-5025339742.4
485.0	0.9575	-5079860311.44
486.0	0.957	-5134407299.53
487.0	0.9565	-5188980393.52
488.0	0.956	-5243579879.37
489.0	0.9555	-5298205393.68
490.0	0.955	-5352857234.4
491.0	0.9545	-5407534991.35
492.0	0.954	-5462238958.8
493.0	0.9535	-5516968726.69
494.0	0.953	-5571724614.76
495.0	0.9525	-5626506258.14
496.0	0.952	-5681314004.42
497.0	0.9515	-5736147516.12
498.0	0.951	-5791007176.07
499.0	0.9505	-5845892673.64
500.0	0.95	-5900804453.36
501.0	0.9495	-5955742142.82
502.0	0.949	-6010706204.18
503.0	0.9485	-6065696193.36
504.0	0.948	-6120712583.61
505.0	0.9475	-6175754879.94
506.0	0.947	-6230823553.08
507.0	0.9465	-6285918069.21
508.0	0.946	-6341038939.61
509.0	0.9455	-6396185591.85
510.0	0.945	-6451358499.48
511.0	0.9445	-6506557113.76
512.0	0.944	-6561781854.68
513.0	0.9435	-6617032261.46
514.0	0.943	-6672308771.34
515.0	0.9425	-6727610823.25
516.0	0.942	-6782938934.09
517.0	0.9415	-6838292469.98
518.0	0.941	-6893671890.69
519.0	0.9405	-6949076675.07
520.0	0.94	-7004507163.12
521.0	0.9395	-7059962937.4
522.0	0.939	-7115444202.21
523.0	0.9385	-7170950638.29
524.0	0.938	-7226482346.61
525.0	0.9375	-7282039035.51
526.0	0.937	-7337620644.2
527.0	0.9365	-7393227041.24
528.0	0.936	-7448858000.47
529.0	0.9355	-7504513512.86
530.0	0.935	-7560193226.47
531.0	0.9345	-7615897126.58
532.0	0.934	-7671624812.01
533.0	0.9335	-7727376127.79
534.0	0.933	-7783150667.87
535.0	0.9325	-7838948072.15
536.0	0.932	-7894767951.85
537.0	0.9315	-7950609672.13
538.0	0.931	-8006472712.38
539.0	0.9305	-8062264597.81
540.0	0.93	-8118070978.67
541.0	0.9295	-8173894166.45
542.0	0.929	-8229532627.64
543.0	0.9285	-8285071215.5
544.0	0.9285	-8285070291.24
