3	header
postResults v2.0.2	single_phase_equiaxed_tension.spectralOut --cr f,p
filterTable v2.0.2	--white inc,1_f,1_p
inc	1_f	1_p
0.0	1.0	1.17476115347e-05
1.0	1.0002	32576016.2473
2.0	1.0004	65171861.9549
3.0	1.0006	97787460.4363
4.0	1.0008	130422869.074
5.0	1.001	163078077.99
6.0	1.0012	195753074.838
7.0	1.0014	228447893.392
8.0	1.0016	261162510.415
9.0	1.0018	293896939.988
10.0	1.002	326651183.141
11.0	1.0022	359425241.073
12.0	1.0024	392219061.972
13.0	1.0026	425032436.81
14.0	1.0028	457864474.653
15.0	1.003	490711832.281
16.0	1.0032	523563509.329
17.0	1.0034	556387500.692
18.0	1.0036	589106396.948
19.0	1.0038	621574708.546
20.0	1.004	653597949.23
21.0	1.0042	685008522.677
22.0	1.0044	715733547.71
23.0	1.0046	745794695.438
24.0	1.0048	775267874.681
25.0	1.005	804246225.189
26.0	1.0052	832826987.157
27.0	1.0054	861092944.631
28.0	1.0056	889100845.728
29.0	1.0058	916888280.324
30.0	1.006	944492983.973
31.0	1.0062	971931917.019
32.0	1.0064	999224162.859
33.0	1.0066	1026369208.02
34.0	1.0068	1053369113.02
35.0	1.007	1080211762.23
36.0	1.0072	1106889448.0
37.0	1.0074	1133384988.36
38.0	1.0076	1159687070.87
39.0	1.0078	1185777795.47
40.0	1.008	1211647345.63
41.0	1.0082	1237282492.33
42.0	1.0084	1262680391.25
43.0	1.0086	1287836587.91
44.0	1.0088	1312757047.39
45.0	1.009	1337445923.45
46.0	1.0092	1361915861.13
47.0	1.0094	1386176620.16
48.0	1.0096	1410244007.04
49.0	1.0098	1434129997.97
50.0	1.01	1457850629.52
51.0	1.0102	1481417635.84
52.0	1.0104	1504845556.95
53.0	1.0106	1528144665.19
54.0	1.0108	1551327352.41
55.0	1.011	1574402082.73
56.0	1.0112	1597379031.3
57.0	1.0114	1620264899.97
58.0	1.0116	1643067849.63
59.0	1.0118	1665793055.42
60.0	1.012	1688447007.15
61.0	1.0122	1711033675.84
62.0	1.0124	1733558260.68
63.0	1.0126	1756023851.24
64.0	1.0128	1778434691.83
65.0	1.013	1800793248.79
66.0	1.0132	1823103057.97
67.0	1.0134	1845366136.03
68.0	1.0136	1867585470.27
69.0	1.0138	1889762732.82
70.0	1.014	1911900465.06
71.0	1.0142	1934000061.25
72.0	1.0144	1956063692.42
73.0	1.0146	1978092526.41
74.0	1.0148	2000088428.62
75.0	1.015	2022052386.06
76.0	1.0152	2043986015.51
77.0	1.0154	2065890161.54
78.0	1.0156	2087766237.35
79.0	1.0158	2109614973.92
80.0	1.016	2131437614.63
81.0	1.0162	2153234797.91
82.0	1.0164	2175007626.39
83.0	1.0166	2196756662.02
84.0	1.0168	2218482889.24
85.0	1.017	2240186802.09
86.0	1.0172	2261869278.72
87.0	1.0174	2283530748.6
88.0	1.0176	2305171991.87
89.0	1.0178	2326793380.75
90.0	1.018	2348395608.74
91.0	1.0182	2369979002.76
92.0	1.0184	2391544183.85
93.0	1.0186	2413091445.52
94.0	1.0188	2434621350.32
95.0	1.019	2456134167.34
96.0	1.0192	2477630411.07
97.0	1.0194	2499110331.69
98.0	1.0196	2520574401.41
99.0	1.0198	2542022854.77
100.0	1.02	2563456125.62
101.0	1.0198	2525208302.08
102.0	1.0196	2489532598.79
103.0	1.0194	2455003903.32
104.0	1.0192	2421113069.97
105.0	1.019	2387529446.21
106.0	1.0188	2354136282.3
107.0	1.0186	2320852441.41
108.0	1.0184	2287645105.05
109.0	1.0182	2254489917.94
110.0	1.018	2221374970.26
111.0	1.0178	2188291612.53
112.0	1.0176	2155235791.34
113.0	1.0174	2122204205.18
114.0	1.0172	2089195487.51
115.0	1.017	2056208280.91
116.0	1.0168	2023242134.92
117.0	1.0166	1990296430.25
118.0	1.0164	1957371057.15
119.0	1.0162	1924465695.08
120.0	1.016	1891580369.89
121.0	1.0158	1858714894.34
122.0	1.0156	1825869366.61
123.0	1.0154	1793043696.37
124.0	1.0152	1760238077.55
125.0	1.015	1727452563.09
126.0	1.0148	1694687533.31
127.0	1.0146	1661943233.37
128.0	1.0144	1629220298.27
129.0	1.0142	1596519196.62
130.0	1.014	1563840891.67
131.0	1.0138	1531186235.04
132.0	1.0136	1498556823.05
133.0	1.0134	1465954706.06
134.0	1.0132	1433384222.7
135.0	1.013	1400853901.26
136.0	1.0128	1368382307.38
137.0	1.0126	1336005381.82
138.0	1.0124	1303786827.97
139.0	1.0122	1271820411.67
140.0	1.012	1240214835.36
141.0	1.0118	1209056648.51
142.0	1.0116	1178383560.77
143.0	1.0114	1148182787.11
144.0	1.0112	1118411795.07
145.0	1.011	1089017064.87
146.0	1.0108	1059948809.18
147.0	1.0106	1031166034.24
148.0	1.0104	1002637694.49
149.0	1.0102	974338094.543
150.0	1.01	946243705.42
151.0	1.0098	918331216.746
152.0	1.0096	890578460.486
153.0	1.0094	862964888.339
154.0	1.0092	835472519.317
155.0	1.009	808086115.059
156.0	1.0088	780793482.16
157.0	1.0086	753585170.957
158.0	1.0084	726454241.573
159.0	1.0082	699395813.679
160.0	1.008	672406736.4
161.0	1.0078	645485185.976
162.0	1.0076	618630318.998
163.0	1.0074	591841951.061
164.0	1.0072	565120395.646
165.0	1.007	538466435.288
166.0	1.0068	511881313.323
167.0	1.0066	485366756.969
168.0	1.0064	458924871.022
169.0	1.0062	432558026.822
170.0	1.006	406268592.966
171.0	1.0058	380058787.95
172.0	1.0056	353930457.521
173.0	1.0054	327885205.821
174.0	1.0052	301924425.431
175.0	1.005	276049743.209
176.0	1.0048	250280111.187
177.0	1.0046	224590393.703
178.0	1.0044	198992379.601
179.0	1.0042	173488744.026
180.0	1.004	148084951.141
181.0	1.0038	122800396.696
182.0	1.0036	97622086.4082
183.0	1.0034	72559261.8546
184.0	1.0032	47610622.0296
185.0	1.003	22786262.8503
186.0	1.0028	-1923149.73501
187.0	1.0026	-26514848.3143
188.0	1.0024	-50993060.0074
189.0	1.0022	-75356208.2531
190.0	1.002	-99610542.5697
191.0	1.0018	-123758860.097
192.0	1.0016	-147805483.383
193.0	1.0014	-171755192.69
194.0	1.0012	-195609091.748
195.0	1.001	-219372923.199
196.0	1.0008	-243053953.208
197.0	1.0006	-266649470.866
198.0	1.0004	-290167945.695
199.0	1.0002	-313611711.879
200.0	1.0	-336987358.012
201.0	0.9998	-360293688.078
202.0	0.9996	-383538855.055
203.0	0.9994	-406720939.082
204.0	0.9992	-429847757.545
205.0	0.999	-452917377.054
206.0	0.9988	-475936770.769
207.0	0.9986	-498904547.705
208.0	0.9984	-521826568.221
209.0	0.9982	-544702180.653
210.0	0.998	-567536115.678
211.0	0.9978	-590328346.832
212.0	0.9976	-613082627.795
213.0	0.9974	-635799341.797
214.0	0.9972	-658481458.38
215.0	0.997	-681129586.339
216.0	0.9968	-703746089.888
217.0	0.9966	-726331676.859
218.0	0.9964	-748888245.673
219.0	0.9962	-771416518.926
220.0	0.996	-793918031.594
221.0	0.9958	-816393475.663
222.0	0.9956	-838844108.652
223.0	0.9954	-861270580.149
224.0	0.9952	-883673942.534
225.0	0.995	-906054804.733
226.0	0.9948	-928414068.356
227.0	0.9946	-950752309.591
228.0	0.9944	-973070323.279
229.0	0.9942	-995368666.187
230.0	0.994	-1017648057.91
231.0	0.9938	-1039909040.35
232.0	0.9936	-1062152267.44
233.0	0.9934	-1084378254.49
234.0	0.9932	-1106587587.13
235.0	0.993	-1128780743.17
236.0	0.9928	-1150958245.09
237.0	0.9926	-1173120535.21
238.0	0.9924	-1195268086.46
239.0	0.9922	-1217401313.64
240.0	0.992	-1239520654.21
241.0	0.9918	-1261626503.1
242.0	0.9916	-1283719270.51
243.0	0.9914	-1305799332.71
244.0	0.9912	-1327867073.53
245.0	0.991	-1349922847.89
246.0	0.9908	-1371967013.11
247.0	0.9906	-1393999901.48
248.0	0.9904	-1416021845.55
249.0	0.9902	-1438033156.42
250.0	0.99	-1460034144.88
251.0	0.9898	-1482025104.25
252.0	0.9896	-1504006327.07
253.0	0.9894	-1525978092.49
254.0	0.9892	-1547940676.77
255.0	0.989	-1569894345.24
256.0	0.9888	-1591839356.78
257.0	0.9886	-1613775961.24
258.0	0.9884	-1635704399.45
259.0	0.9882	-1657624905.37
260.0	0.988	-1679537702.43
261.0	0.9878	-1701443008.35
262.0	0.9876	-1723341029.94
263.0	0.9874	-1745231969.0
264.0	0.9872	-1767116017.12
265.0	0.987	-1788993362.06
266.0	0.9868	-1810864182.07
267.0	0.9866	-1832728652.67
268.0	0.9864	-1854586940.12
269.0	0.9862	-1876439208.53
270.0	0.986	-1898285613.81
271.0	0.9858	-1920126309.36
272.0	0.9856	-1941961443.3
273.0	0.9854	-1963791160.52
274.0	0.9852	-1985615604.28
275.0	0.985	-2007434912.42
276.0	0.9848	-2029249224.38
277.0	0.9846	-2051058671.93
278.0	0.9844	-2072863390.91
279.0	0.9842	-2094663508.5
280.0	0.984	-2116459155.95
281.0	0.9838	-2138250456.7
282.0	0.9836	-2160037535.48
283.0	0.9834	-2181820511.9
284.0	0.9832	-2203599503.27
285.0	0.983	-2225374625.46
286.0	0.9828	-2247145988.52
287.0	0.9826	-2268913703.54
288.0	0.9824	-2290677873.87
289.0	0.9822	-2312438605.48
290.0	0.982	-2334195996.51
291.0	0.9818	-2355950148.39
292.0	0.9816	-2377701155.79
293.0	0.9814	-2399449116.65
294.0	0.9812	-2421194123.1
295.0	0.981	-2442936270.22
296.0	0.9808	-2464675647.52
297.0	0.9806	-2486412347.41
298.0	0.9804	-2508146456.95
299.0	0.9802	-2529878066.31
300.0	0.98	-2551607260.46
301.0	0.9802	-2515484019.78
302.0	0.9804	-2481506821.92
303.0	0.9806	-2448466885.33
304.0	0.9808	-2415954779.93
305.0	0.981	-2383669894.24
306.0	0.9812	-2351516820.85
307.0	0.9814	-2319422003.39
308.0	0.9816	-2287358173.2
309.0	0.9818	-2255303674.92
310.0	0.982	-2223248186.83
311.0	0.9822	-2191183683.35
312.0	0.9824	-2159106712.17
313.0	0.9826	-2127014076.04
314.0	0.9828	-2094904700.81
315.0	0.983	-2062777185.51
316.0	0.9832	-2030631269.84
317.0	0.9834	-1998466225.7
318.0	0.9836	-1966282100.74
319.0	0.9838	-1934078462.27
320.0	0.984	-1901855483.64
321.0	0.9842	-1869612907.42
322.0	0.9844	-1837351026.43
323.0	0.9846	-1805069761.69
324.0	0.9848	-1772769672.35
325.0	0.985	-1740450952.24
326.0	0.9852	-1708114674.96
327.0	0.9854	-1675761403.42
328.0	0.9856	-1643392903.06
329.0	0.9858	-1611010085.76
330.0	0.986	-1578615399.02
331.0	0.9862	-1546210179.84
332.0	0.9864	-1513797841.16
333.0	0.9866	-1481381062.41
334.0	0.9868	-1448966535.42
335.0	0.987	-1416564087.69
336.0	0.9872	-1384195727.19
337.0	0.9874	-1351898696.64
338.0	0.9876	-1319737707.12
339.0	0.9878	-1287799645.76
340.0	0.988	-1256183593.99
341.0	0.9882	-1224961934.85
342.0	0.9884	-1194167140.67
343.0	0.9886	-1163783456.38
344.0	0.9888	-1133775171.73
345.0	0.989	-1104094649.84
346.0	0.9892	-1074702437.74
347.0	0.9894	-1045563520.92
348.0	0.9896	-1016654031.9
349.0	0.9898	-987950082.375
350.0	0.99	-959431575.809
351.0	0.9902	-931075348.207
352.0	0.9904	-902862007.663
353.0	0.9906	-874771330.452
354.0	0.9908	-846787837.939
355.0	0.991	-818896739.752
356.0	0.9912	-791087983.551
357.0	0.9914	-763352590.226
358.0	0.9916	-735685457.557
359.0	0.9918	-708082058.669
360.0	0.992	-680540616.524
361.0	0.9922	-653059348.703
362.0	0.9924	-625638389.888
363.0	0.9926	-598277469.165
364.0	0.9928	-570977781.775
365.0	0.993	-543740091.483
366.0	0.9932	-516566518.522
367.0	0.9934	-489458790.855
368.0	0.9936	-462419780.108
369.0	0.9938	-435451720.296
370.0	0.994	-408557594.633
371.0	0.9942	-381739607.508
372.0	0.9944	-355000700.267
373.0	0.9946	-328343226.293
374.0	0.9948	-301770513.395
375.0	0.995	-275285681.968
376.0	0.9952	-248909672.162
377.0	0.9954	-222620414.089
378.0	0.9956	-196430406.944
379.0	0.9958	-170344224.771
380.0	0.996	-144367627.963
381.0	0.9962	-118520092.288
382.0	0.9964	-92789400.6867
383.0	0.9966	-67184215.7472
384.0	0.9968	-41702872.9536
385.0	0.997	-16354102.7804
386.0	0.9972	8870542.83638
387.0	0.9974	33969072.0144
388.0	0.9976	58945741.52
389.0	0.9978	83800566.1215
390.0	0.998	108538046.716
391.0	0.9982	133161805.861
392.0	0.9984	157678295.901
393.0	0.9986	182086677.63
394.0	0.9988	206394246.853
395.0	0.999	230607749.427
396.0	0.9992	254724519.881
397.0	0.9994	278753138.713
398.0	0.9996	302696239.246
399.0	0.9998	326560360.754
400.0	1.0	350347656.666
401.0	1.0002	374057225.208
402.0	1.0004	397695399.942
403.0	1.0006	421266771.16
404.0	1.0008	444772166.036
405.0	1.001	468216654.318
406.0	1.0012	491600144.3
407.0	1.0014	514928704.737
408.0	1.0016	538200895.17
409.0	1.0018	561422776.688
410.0	1.002	584592815.243
411.0	1.0022	607716514.506
412.0	1.0024	630792609.898
413.0	1.0026	653825948.105
414.0	1.0028	676815497.63
415.0	1.003	699765457.719
416.0	1.0032	722674965.446
417.0	1.0034	745547612.303
418.0	1.0036	768382661.581
419.0	1.0038	791183162.4
420.0	1.004	813948484.889
421.0	1.0042	836681220.409
422.0	1.0044	859380839.623
423.0	1.0046	882049558.422
424.0	1.0048	904686945.651
425.0	1.005	927294918.136
426.0	1.0052	949873144.005
427.0	1.0054	972423303.3
428.0	1.0056	994945158.948
429.0	1.0058	1017440194.1
430.0	1.006	1039908253.54
431.0	1.0062	1062350650.05
432.0	1.0064	1084767294.53
433.0	1.0066	1107159349.07
434.0	1.0068	1129526774.61
435.0	1.007	1151870599.05
436.0	1.0072	1174190821.17
437.0	1.0074	1196488351.11
438.0	1.0076	1218763218.41
439.0	1.0078	1241016234.51
440.0	1.008	1263247457.23
441.0	1.0082	1285457617.72
442.0	1.0084	1307646798.33
443.0	1.0086	1329815661.77
444.0	1.0088	1351964308.16
445.0	1.009	1374093338.19
446.0	1.0092	1396202863.61
447.0	1.0094	1418293429.5
448.0	1.0096	1440365157.74
449.0	1.0098	1462418545.31
450.0	1.01	1484453721.66
451.0	1.0102	1506471140.17
452.0	1.0104	1528470933.79
453.0	1.0106	1550453516.39
454.0	1.0108	1572419020.6
455.0	1.011	1594367823.89
456.0	1.0112	1616300055.12
457.0	1.0114	1638216057.98
458.0	1.0116	1660115956.04
459.0	1.0118	1682000062.44
460.0	1.012	1703868496.42
461.0	1.0122	1725721544.5
462.0	1.0124	1747559323.81
463.0	1.0126	1769382097.49
464.0	1.0128	1791189981.84
465.0	1.013	1812983218.85
466.0	1.0132	1834761924.15
467.0	1.0134	1856526320.99
468.0	1.0136	1878276523.64
469.0	1.0138	1900012738.95
470.0	1.014	1921735078.0
471.0	1.0142	1943443732.51
472.0	1.0144	1965138809.15
473.0	1.0146	1986820485.37
474.0	1.0148	2008488863.45
475.0	1.015	2030144107.62
476.0	1.0152	2051786316.31
477.0	1.0154	2073415642.16
478.0	1.0156	2095032181.02
479.0	1.0158	2116636076.4
480.0	1.016	2138227422.55
481.0	1.0162	2159806354.68
482.0	1.0164	2181372964.29
483.0	1.0166	2202927377.31
484.0	1.0168	2224469680.61
485.0	1.017	2245999991.15
486.0	1.0172	2267518391.14
487.0	1.0174	2289024990.17
488.0	1.0176	2310519866.56
489.0	1.0178	2332003123.75
490.0	1.018	2353474836.23
491.0	1.0182	2374935101.09
492.0	1.0184	2396383988.33
493.0	1.0186	2417821587.91
494.0	1.0188	2439247965.2
495.0	1.019	2460663203.22
496.0	1.0192	2482067363.2
497.0	1.0194	2503460522.23
498.0	1.0196	2524842738.09
499.0	1.0198	2546214083.41
500.0	1.02	2567574613.59
