3	header
postResults v2.0.2	single_phase_equiaxed_tension.spectralOut --cr f,p
filterTable v2.0.2	--white inc,1_f,1_p
inc	1_f	1_p
0.0	0.999996185303	1.11973711397e+206
1.0	1.00019618459	32738266.0251
2.0	1.00039618387	65496501.6462
3.0	1.00059618316	-5.20653005755e+153
4.0	1.00079618244	131072702.028
5.0	1.00099618172	3.241417601e+57
6.0	1.00119618101	196728647.813
7.0	1.00139618029	9.87286172337e+165
8.0	1.00159617958	262464372.921
9.0	1.00179617886	-2.96733261886e+103
10.0	1.00199617815	2.4199053097e+57
11.0	1.00219617743	-1.12237203396e+287
12.0	1.00239617671	-2.76214973774e+183
13.0	1.002596176	427151807.639
14.0	1.00279617528	460145672.561
15.0	1.00299617457	-1.38607841103e+179
16.0	1.00319617386	526136236.397
17.0	1.00339617316	559045801.543
18.0	1.00359617247	591753562.411
19.0	1.00379617181	624071465.944
20.0	1.00399617118	2.59363269529e+36
21.0	1.00419617057	686761500.018
22.0	1.00439616999	837316627.757
23.0	1.00459616942	746385057.286
24.0	1.00479616886	2.12170001752e+77
25.0	1.00499616832	803587965.969
26.0	1.00519616778	831605846.141
27.0	1.00539616725	6.42929723504e+245
28.0	1.00559616672	886912540.741
29.0	1.0057961662	-3.11340823863e+198
30.0	1.00599616568	941499206.656
31.0	1.00619616516	-2.62353346051e+60
32.0	1.00639616465	995539787.404
33.0	1.00659616414	1022383910.46
34.0	1.00679616363	2.44934179723e+275
35.0	1.00699616313	1075743255.06
36.0	1.00719616263	1102253422.82
37.0	1.00739616213	1128639650.98
38.0	1.00759616164	-7.4088171783e+198
39.0	1.00779616115	1181007414.53
40.0	1.00799616067	1206968751.39
41.0	1.00819616019	-1.37983406791e+60
42.0	1.00839615971	1.00478838336e+16
43.0	1.00859615925	1283862938.88
44.0	1.00879615878	1309151401.34
45.0	1.00899615833	-2.62433100805e+206
46.0	1.00919615787	3.86084265354e+43
47.0	1.00939615743	1383986915.79
48.0	1.00959615699	1402510996.64
49.0	1.00979615655	1433063438.7
50.0	1.00999615612	1457376570.45
51.0	1.0101961557	1481548897.43
52.0	1.01039615529	-8.30691517582e+66
53.0	1.01059615488	1.01745385502e+288
54.0	1.01079615448	1553304667.29
55.0	1.01099615408	2.21912957396e+58
56.0	1.01119615369	1600583655.25
57.0	1.01139615331	1624076927.74
58.0	1.01159615294	1.91085993321e+107
59.0	1.01179615258	1670802352.82
60.0	1.01199615222	-2.43083514482e+95
61.0	1.01219615187	-1.68043225063e+81
62.0	1.01239615152	1740313415.15
63.0	1.01259615119	1.01512684751e+223
64.0	1.01279615085	1.0271974042e+169
65.0	1.01299615053	-1.28115717414e+260
66.0	1.01319615021	1832080578.92
67.0	1.01339614989	1854878502.44
68.0	1.01359614958	3.17055641257e+217
69.0	1.01379614927	-1.46888683764e+290
70.0	1.01399614897	-2.96976402626e+220
71.0	1.01419614866	1945559437.19
72.0	1.01439614836	-5.43716571837e+43
73.0	1.01459614806	1990617004.88
74.0	1.01479614777	2.26466254956e+166
75.0	1.01499614747	2.42638338062e+159
76.0	1.01519614718	-9.82029893817e+109
77.0	1.01539614688	-3.32675247071e+211
78.0	1.01559614659	2102524946.96
79.0	1.01579614629	1.20437595857e+300
80.0	1.015996146	2147018427.04
81.0	1.0161961457	2169211641.23
82.0	1.01639614541	-1.59660183782e+66
83.0	1.01659614511	2.24088114277e+36
84.0	1.0168	2235597554.84
85.0	1.017	2257659118.39
86.0	1.0172	2279690035.92
87.0	1.0174	2301691090.39
88.0	1.0176	2323663162.35
89.0	1.0178	2345606988.56
90.0	1.018	2367523387.69
91.0	1.0182	2389413045.86
92.0	1.0184	2411276717.0
93.0	1.0186	2433115032.89
94.0	1.0188	2454928682.88
95.0	1.019	2476718246.53
96.0	1.0192	2498484354.66
97.0	1.0194	2520227538.57
98.0	1.0196	2541948376.48
99.0	1.0198	2563647355.3
100.0	1.01999614	2585315386.98
101.0	1.01979614088	2546998567.4
102.0	1.0196	2511242615.74
103.0	1.0194	2476590631.33
104.0	1.0192	2442504705.11
105.0	1.019	2408726811.74
106.0	1.0188	2375130404.48
107.0	1.0186	2341649639.86
108.0	1.0184	2308245694.54
109.0	1.0182	2274897191.91
110.0	1.018	2241590512.52
111.0	1.0178	2208318036.62
112.0	1.0176	2175074420.09
113.0	1.0174	2141856808.62
114.0	1.0172	2108662959.08
115.0	1.017	2075491773.37
116.0	1.0168	2042342244.47
117.0	1.0166	2009213940.63
118.0	1.0164	1976106375.75
119.0	1.0162	1943019389.33
120.0	1.016	1909952740.73
121.0	1.0158	1876906414.38
122.0	1.0156	1843880338.85
123.0	1.0154	1810874667.21
124.0	1.0152	1777889579.06
125.0	1.015	1744925584.74
126.0	1.0148	1711983309.7
127.0	1.0146	1679063798.87
128.0	1.0144	1646168154.2
129.0	1.0142	1613297993.43
130.0	1.014	1580455067.39
131.0	1.0138	1547642085.66
132.0	1.0136	1514862581.18
133.0	1.0134	1482122739.25
134.0	1.0132	1449433413.89
135.0	1.013	1416815693.08
136.0	1.0128	1384306102.91
137.0	1.0126	1351962354.65
138.0	1.0124	1319862888.78
139.0	1.0122	1288098824.93
140.0	1.012	1256756396.32
141.0	1.0118	1225947971.28
142.0	1.0116	1195627550.17
143.0	1.0114	1165826455.71
144.0	1.0112	1136483729.58
145.0	1.011	1107629547.26
146.0	1.0108	1079117623.67
147.0	1.0106	1050917385.75
148.0	1.0104	1022952844.98
149.0	1.0102	995196601.056
150.0	1.01	967612958.964
151.0	1.0098	940173905.874
152.0	1.0096	912858235.811
153.0	1.0094	885647228.818
154.0	1.0092	858529471.616
155.0	1.009	831495719.723
156.0	1.0088	804540195.544
157.0	1.0086	777658060.125
158.0	1.0084	750845633.451
159.0	1.0082	724099571.807
160.0	1.008	697417022.253
161.0	1.0078	670795298.773
162.0	1.0076	644231917.774
163.0	1.0074	617724571.509
164.0	1.0072	591271135.464
165.0	1.007	564869746.011
166.0	1.0068	538518803.037
167.0	1.0066	512217162.742
168.0	1.0064	485964092.313
169.0	1.0062	459759434.144
170.0	1.006	433603519.625
171.0	1.0058	407497368.292
172.0	1.0056	381442523.834
173.0	1.0054	355441176.151
174.0	1.0052	329495906.941
175.0	1.005	303624698.831
176.0	1.0048	277806133.333
177.0	1.0046	252050638.263
178.0	1.0044	226360314.757
179.0	1.0042	200738382.955
180.0	1.004	175201318.65
181.0	1.0038	149734331.517
182.0	1.0036	124345705.969
183.0	1.0034	99035011.0699
184.0	1.0032	73812338.1613
185.0	1.003	48669425.4722
186.0	1.0028	23611730.0776
187.0	1.0026	-1361453.61254
188.0	1.0024	-26244900.5206
189.0	1.0022	-51043786.4216
190.0	1.002	-75756005.7006
191.0	1.0018	-100382302.295
192.0	1.0016	-124921752.99
193.0	1.0014	-149378238.115
194.0	1.0012	-173752501.316
195.0	1.001	-198046000.223
196.0	1.0008	-222261792.939
197.0	1.0006	-246402981.461
198.0	1.0004	-270470809.819
199.0	1.0002	-294469030.591
200.0	1.0	-318399387.661
201.0	0.9998	-342264205.645
202.0	0.9996	-366067176.822
203.0	0.9994	-389809937.757
204.0	0.9992	-413496295.339
205.0	0.999	-437126371.255
206.0	0.9988	-460704364.633
207.0	0.9986	-484230066.599
208.0	0.9984	-507707608.95
209.0	0.9982	-531136917.351
210.0	0.998	-554521750.67
211.0	0.9978	-577862408.557
212.0	0.9976	-601162034.523
213.0	0.9974	-624421293.954
214.0	0.9972	-647642724.347
215.0	0.997	-670827201.842
216.0	0.9968	-693976779.149
217.0	0.9966	-717092397.804
218.0	0.9964	-740175729.237
219.0	0.9962	-763227681.487
220.0	0.996	-786249613.808
221.0	0.9958	-809242355.744
222.0	0.9956	-832207024.749
223.0	0.9954	-855144375.591
224.0	0.9952	-878055346.368
225.0	0.995	-900940621.781
226.0	0.9948	-923800989.025
227.0	0.9946	-946637050.661
228.0	0.9944	-969449457.938
229.0	0.9942	-992238736.593
230.0	0.994	-1015005443.57
231.0	0.9938	-1037750063.37
232.0	0.9936	-1060473102.16
233.0	0.9934	-1083175023.47
234.0	0.9932	-1105856292.8
235.0	0.993	-1128517345.53
236.0	0.9928	-1151158599.84
237.0	0.9926	-1173780452.98
238.0	0.9924	-1196383274.22
239.0	0.9922	-1218967421.65
240.0	0.992	-1241533224.3
241.0	0.9918	-1264081012.05
242.0	0.9916	-1286611090.63
243.0	0.9914	-1309123778.39
244.0	0.9912	-1331619369.7
245.0	0.991	-1354098176.35
246.0	0.9908	-1376560480.88
247.0	0.9906	-1399006584.04
248.0	0.9904	-1421436752.99
249.0	0.9902	-1443851273.83
250.0	0.99	-1466250400.47
251.0	0.9898	-1488634406.77
252.0	0.9896	-1511003538.15
253.0	0.9894	-1533358060.57
254.0	0.9892	-1555698214.38
255.0	0.989	-1578024262.72
256.0	0.9888	-1600336442.78
257.0	0.9886	-1622635017.13
258.0	0.9884	-1644920220.16
259.0	0.9882	-1667192313.13
260.0	0.988	-1689451526.23
261.0	0.9878	-1711698116.31
262.0	0.9876	-1733932308.51
263.0	0.9874	-1756154356.75
264.0	0.9872	-1778364485.49
265.0	0.987	-1800562949.54
266.0	0.9868	-1822749974.85
267.0	0.9866	-1844925813.68
268.0	0.9864	-1867090688.42
269.0	0.9862	-1889244842.8
270.0	0.986	-1911388491.36
271.0	0.9858	-1933521868.38
272.0	0.9856	-1955645179.13
273.0	0.9854	-1977758649.39
274.0	0.9852	-1999862474.04
275.0	0.985	-2021956868.14
276.0	0.9848	-2044042011.87
277.0	0.9846	-2066118105.46
278.0	0.9844	-2088185313.01
279.0	0.9842	-2110243820.83
280.0	0.984	-2132293780.89
281.0	0.9838	-2154335369.49
282.0	0.9836	-2176368732.1
283.0	0.9834	-2198394040.59
284.0	0.9832	-2220411438.28
285.0	0.983	-2242421096.08
286.0	0.9828	-2264423154.9
287.0	0.9826	-2286417782.84
288.0	0.9824	-2308405114.29
289.0	0.9822	-2330385310.5
290.0	0.982	-2352358495.71
291.0	0.9818	-2374324822.53
292.0	0.9816	-2396284405.18
293.0	0.9814	-2418237389.64
294.0	0.9812	-2440183883.07
295.0	0.981	-2462124026.7
296.0	0.9808	-2484057922.81
297.0	0.9806	-2505985709.21
298.0	0.9804	-2527907486.11
299.0	0.9802	-2549823389.29
300.0	0.98	-2571733519.41
301.0	0.9802	-2535572868.31
302.0	0.9804	-2501517866.43
303.0	0.9806	-2468351064.9
304.0	0.9808	-2435702529.31
305.0	0.981	-2403267732.22
306.0	0.9812	-2370963452.93
307.0	0.9814	-2338715988.93
308.0	0.9816	-2306501202.98
309.0	0.9818	-2274297057.23
310.0	0.982	-2242093741.59
311.0	0.9822	-2209882923.85
312.0	0.9824	-2177661003.85
313.0	0.9826	-2145424401.1
314.0	0.9828	-2113171888.62
315.0	0.983	-2080901823.21
316.0	0.9832	-2048613807.33
317.0	0.9834	-2016307022.41
318.0	0.9836	-1983981404.12
319.0	0.9838	-1951636517.51
320.0	0.984	-1919272487.13
321.0	0.9842	-1886889152.19
322.0	0.9844	-1854486909.23
323.0	0.9846	-1822066016.07
324.0	0.9848	-1789627459.62
325.0	0.985	-1757172098.05
326.0	0.9852	-1724701671.29
327.0	0.9854	-1692217492.23
328.0	0.9856	-1659721912.91
329.0	0.9858	-1627216664.13
330.0	0.986	-1594704942.75
331.0	0.9862	-1562189590.68
332.0	0.9864	-1529675925.22
333.0	0.9866	-1497171166.95
334.0	0.9868	-1464690346.98
335.0	0.987	-1432259535.64
336.0	0.9872	-1399923875.15
337.0	0.9874	-1367748783.95
338.0	0.9876	-1335820290.75
339.0	0.9878	-1304227060.27
340.0	0.988	-1273082653.04
341.0	0.9882	-1242364415.39
342.0	0.9884	-1212110947.35
343.0	0.9886	-1182274494.78
344.0	0.9888	-1152899650.71
345.0	0.989	-1123864825.8
346.0	0.9892	-1095151315.3
347.0	0.9894	-1066686175.83
348.0	0.9896	-1038440766.34
349.0	0.9898	-1010376207.66
350.0	0.99	-982460174.772
351.0	0.9902	-954667363.403
352.0	0.9904	-926975218.213
353.0	0.9906	-899369239.459
354.0	0.9908	-871838039.444
355.0	0.991	-844374440.109
356.0	0.9912	-816973214.831
357.0	0.9914	-789630753.386
358.0	0.9916	-762344286.322
359.0	0.9918	-735111523.295
360.0	0.992	-707930594.13
361.0	0.9922	-680799753.426
362.0	0.9924	-653717550.261
363.0	0.9926	-626682516.581
364.0	0.9928	-599693469.981
365.0	0.993	-572749260.943
366.0	0.9932	-545849131.41
367.0	0.9934	-518992487.788
368.0	0.9936	-492179308.902
369.0	0.9938	-465409977.981
370.0	0.994	-438685624.804
371.0	0.9942	-412007853.62
372.0	0.9944	-385379008.28
373.0	0.9946	-358801828.853
374.0	0.9948	-332279602.788
375.0	0.995	-305830879.664
376.0	0.9952	-279434693.363
377.0	0.9954	-253101505.9
378.0	0.9956	-226834456.843
379.0	0.9958	-200636847.733
380.0	0.996	-174525456.677
381.0	0.9962	-148486783.892
382.0	0.9964	-122529501.154
383.0	0.9966	-96653980.8155
384.0	0.9968	-70870312.7648
385.0	0.997	-45171420.1498
386.0	0.9972	-19563495.1666
387.0	0.9974	5953392.42607
388.0	0.9976	31373703.3305
389.0	0.9978	56701552.7958
390.0	0.998	81934273.4224
391.0	0.9982	107070434.159
392.0	0.9984	132113071.983
393.0	0.9986	157062626.309
394.0	0.9988	181919642.772
395.0	0.999	206687645.262
396.0	0.9992	231369530.351
397.0	0.9994	255967088.711
398.0	0.9996	280484287.119
399.0	0.9998	304924026.604
400.0	1.0	329288816.374
401.0	1.0002	353581346.907
402.0	1.0004	377805954.787
403.0	1.0006	401964332.615
404.0	1.0008	426061290.645
405.0	1.001	450096157.754
406.0	1.0012	474074480.796
407.0	1.0014	497995184.984
408.0	1.0016	521863099.507
409.0	1.0018	545677744.057
410.0	1.002	569442910.094
411.0	1.0022	593158733.822
412.0	1.0024	616828114.466
413.0	1.0026	640451627.206
414.0	1.0028	664031523.819
415.0	1.003	687568611.917
416.0	1.0032	711064697.779
417.0	1.0034	734520659.262
418.0	1.0036	757937979.301
419.0	1.0038	781317499.59
420.0	1.004	804660435.114
421.0	1.0042	827967533.944
422.0	1.0044	851239801.13
423.0	1.0046	874477905.427
424.0	1.0048	897682711.432
425.0	1.005	920854823.555
426.0	1.0052	943994988.714
427.0	1.0054	967103733.363
428.0	1.0056	990181690.38
429.0	1.0058	1013229307.64
430.0	1.006	1036247124.06
431.0	1.0062	1059235528.84
432.0	1.0064	1082194994.85
433.0	1.0066	1105125871.28
434.0	1.0068	1128028583.14
435.0	1.007	1150903446.46
436.0	1.0072	1173750839.76
437.0	1.0074	1196571042.74
438.0	1.0076	1219364389.09
439.0	1.0078	1242131126.48
440.0	1.008	1264871552.09
441.0	1.0082	1287585887.81
442.0	1.0084	1310274403.22
443.0	1.0086	1332937304.69
444.0	1.0088	1355574851.01
445.0	1.009	1378187251.41
446.0	1.0092	1400774773.89
447.0	1.0094	1423337646.37
448.0	1.0096	1445876153.99
449.0	1.0098	1468390543.78
450.0	1.01	1490881110.05
451.0	1.0102	1513348107.41
452.0	1.0104	1535791826.19
453.0	1.0106	1558212516.37
454.0	1.0108	1580610456.93
455.0	1.011	1602985887.19
456.0	1.0112	1625339073.43
457.0	1.0114	1647670243.34
458.0	1.0116	1669979653.45
459.0	1.0118	1692267525.52
460.0	1.012	1714534115.0
461.0	1.0122	1736779646.67
462.0	1.0124	1759004381.62
463.0	1.0126	1781208551.06
464.0	1.0128	1803392420.38
465.0	1.013	1825556222.38
466.0	1.0132	1847700218.2
467.0	1.0134	1869824633.62
468.0	1.0136	1891929716.62
469.0	1.0138	1914015678.98
470.0	1.014	1936082751.23
471.0	1.0142	1958131128.77
472.0	1.0144	1980161026.67
473.0	1.0146	2002172626.85
474.0	1.0148	2024166132.77
475.0	1.015	2046141715.07
476.0	1.0152	2068099566.06
477.0	1.0154	2090039845.35
478.0	1.0156	2111962733.34
479.0	1.0158	2133868380.25
480.0	1.016	2155756956.73
481.0	1.0162	2177628606.73
482.0	1.0164	2199483493.13
483.0	1.0166	2221321754.28
484.0	1.0168	2243143546.73
485.0	1.017	2264949003.53
486.0	1.0172	2286738276.44
487.0	1.0174	2308511492.52
488.0	1.0176	2330268797.84
489.0	1.0178	2352010310.75
490.0	1.018	2373736168.59
491.0	1.0182	2395446478.66
492.0	1.0184	2417141367.76
493.0	1.0186	2438820932.26
494.0	1.0188	2460485289.18
495.0	1.019	2482134525.97
496.0	1.0192	2503768751.31
497.0	1.0194	2525388045.08
498.0	1.0196	2546992508.43
499.0	1.0198	2568582214.51
500.0	1.02	2590157257.29
501.0	1.02	2590157257.29
