3	header
postResults v2.0.2	single_phase_equiaxed_tension.spectralOut --cr f,p
filterTable v2.0.2	--white inc,1_f,1_p
inc	1_f	1_p
0.0	1.0	5.93172152555e-06
1.0	1.0002	32526389.6406
2.0	1.0004	65072558.3296
3.0	1.0006	97638465.2066
4.0	1.0008	130224158.266
5.0	1.001	162829618.202
6.0	1.0012	195454843.204
7.0	1.0014	228099861.213
8.0	1.0016	260764651.729
9.0	1.0018	293449226.842
10.0	1.002	326153588.561
11.0	1.0022	358877739.711
12.0	1.0024	391621643.788
13.0	1.0026	424385150.134
14.0	1.0028	457167619.62
15.0	1.003	489966627.126
16.0	1.0032	522774139.92
17.0	1.0034	555566293.823
18.0	1.0036	588283437.024
19.0	1.0038	620809070.286
20.0	1.004	652979462.385
21.0	1.0042	684637553.857
22.0	1.0044	715687297.963
23.0	1.0046	746108536.739
24.0	1.0048	775940761.341
25.0	1.005	805252399.773
26.0	1.0052	834114444.015
27.0	1.0054	862588463.859
28.0	1.0056	890728755.167
29.0	1.0058	918570822.526
30.0	1.006	946159232.791
31.0	1.0062	973525306.032
32.0	1.0064	1000708414.99
33.0	1.0066	1027727635.03
34.0	1.0068	1054604547.67
35.0	1.007	1081341708.87
36.0	1.0072	1107943546.88
37.0	1.0074	1134400927.65
38.0	1.0076	1160708323.86
39.0	1.0078	1186851222.98
40.0	1.008	1212820073.69
41.0	1.0082	1238599359.36
42.0	1.0084	1264179686.98
43.0	1.0086	1289548080.21
44.0	1.0088	1314698666.38
45.0	1.009	1339623829.02
46.0	1.0092	1364323567.34
47.0	1.0094	1388797354.69
48.0	1.0096	1413051840.56
49.0	1.0098	1437093341.52
50.0	1.01	1460933792.91
51.0	1.0102	1484584120.41
52.0	1.0104	1508058816.66
53.0	1.0106	1531370527.56
54.0	1.0108	1554533697.87
55.0	1.011	1577560421.46
56.0	1.0112	1600463472.02
57.0	1.0114	1623253229.9
58.0	1.0116	1645940265.92
59.0	1.0118	1668533039.2
60.0	1.012	1691040077.68
61.0	1.0122	1713468172.71
62.0	1.0124	1735824168.7
63.0	1.0126	1758113495.73
64.0	1.0128	1780341619.41
65.0	1.013	1802512845.25
66.0	1.0132	1824631507.71
67.0	1.0134	1846700999.9
68.0	1.0136	1868724762.66
69.0	1.0138	1890705481.86
70.0	1.014	1912645912.35
71.0	1.0142	1934548196.34
72.0	1.0144	1956414560.84
73.0	1.0146	1978246730.63
74.0	1.0148	2000046527.59
75.0	1.015	2021815357.11
76.0	1.0152	2043554730.71
77.0	1.0154	2065265811.64
78.0	1.0156	2086949876.07
79.0	1.0158	2108607905.2
80.0	1.016	2130240996.51
81.0	1.0162	2151849994.63
82.0	1.0164	2173435859.53
83.0	1.0166	2194999330.58
84.0	1.0168	2216541257.94
85.0	1.017	2238062295.9
86.0	1.0172	2259563203.65
87.0	1.0174	2281044563.6
88.0	1.0176	2302507055.74
89.0	1.0178	2323951198.56
90.0	1.018	2345377601.79
91.0	1.0182	2366786727.93
92.0	1.0184	2388179126.81
93.0	1.0186	2409555213.77
94.0	1.0188	2430915488.01
95.0	1.019	2452260324.06
96.0	1.0192	2473590175.68
97.0	1.0194	2494905379.05
98.0	1.0196	2516206344.49
99.0	1.0198	2537493370.97
100.0	1.02	2558766827.55
101.0	1.0198	2520468885.06
102.0	1.0196	2484769540.7
103.0	1.0194	2450243111.03
104.0	1.0192	2416365598.05
105.0	1.019	2382809816.52
106.0	1.0188	2349452849.44
107.0	1.0186	2316212164.43
108.0	1.0184	2283051599.5
109.0	1.0182	2249945786.05
110.0	1.018	2216881748.16
111.0	1.0178	2183850266.33
112.0	1.0176	2150846744.31
113.0	1.0174	2117867678.8
114.0	1.0172	2084911455.99
115.0	1.017	2051976677.55
116.0	1.0168	2019062800.82
117.0	1.0166	1986169216.49
118.0	1.0164	1953295789.06
119.0	1.0162	1920442213.97
120.0	1.016	1887608539.59
121.0	1.0158	1854794603.36
122.0	1.0156	1822000595.96
123.0	1.0154	1789226514.14
124.0	1.0152	1756472843.16
125.0	1.015	1723739901.01
126.0	1.0148	1691028738.12
127.0	1.0146	1658339881.93
128.0	1.0144	1625674773.57
129.0	1.0142	1593033503.08
130.0	1.014	1560417611.4
131.0	1.0138	1527826970.29
132.0	1.0136	1495263429.15
133.0	1.0134	1462727407.51
134.0	1.0132	1430221997.79
135.0	1.013	1397751030.58
136.0	1.0128	1365326400.44
137.0	1.0126	1332972145.83
138.0	1.0124	1300737252.44
139.0	1.0122	1268693335.16
140.0	1.012	1236925191.52
141.0	1.0118	1205500857.62
142.0	1.0116	1174463286.75
143.0	1.0114	1143824904.23
144.0	1.0112	1113584674.29
145.0	1.011	1083724225.64
146.0	1.0108	1054215926.3
147.0	1.0106	1025021565.72
148.0	1.0104	996105186.729
149.0	1.0102	967432949.453
150.0	1.01	938981085.829
151.0	1.0098	910730846.938
152.0	1.0096	882671512.11
153.0	1.0094	854794095.361
154.0	1.0092	827092647.368
155.0	1.009	799558612.199
156.0	1.0088	772183146.8
157.0	1.0086	744954423.185
158.0	1.0084	717860902.661
159.0	1.0082	690889569.898
160.0	1.008	664028510.968
161.0	1.0078	637265774.571
162.0	1.0076	610591286.59
163.0	1.0074	583995796.448
164.0	1.0072	557472018.644
165.0	1.007	531013791.452
166.0	1.0068	504616836.594
167.0	1.0066	478278088.238
168.0	1.0064	451996076.196
169.0	1.0062	425770263.331
170.0	1.006	399601202.922
171.0	1.0058	373489948.425
172.0	1.0056	347438221.867
173.0	1.0054	321447945.993
174.0	1.0052	295521375.436
175.0	1.005	269660732.542
176.0	1.0048	243868370.601
177.0	1.0046	218146678.251
178.0	1.0044	192498254.767
179.0	1.0042	166941111.574
180.0	1.004	141453498.811
181.0	1.0038	116045319.516
182.0	1.0036	90720058.7152
183.0	1.0034	65481050.6929
184.0	1.0032	40345987.9165
185.0	1.003	15301735.558
186.0	1.0028	-9642786.38465
187.0	1.0026	-34486040.9475
188.0	1.0024	-59217404.2427
189.0	1.0022	-83845142.8839
190.0	1.002	-108363812.674
191.0	1.0018	-132773137.324
192.0	1.0016	-157068581.41
193.0	1.0014	-181256538.861
194.0	1.0012	-205336277.628
195.0	1.001	-229306959.603
196.0	1.0008	-253173399.819
197.0	1.0006	-276937857.954
198.0	1.0004	-300602197.855
199.0	1.0002	-324169930.57
200.0	1.0	-347643480.283
201.0	0.9998	-371028141.004
202.0	0.9996	-394326624.642
203.0	0.9994	-417545383.903
204.0	0.9992	-440684756.265
205.0	0.999	-463752350.723
206.0	0.9988	-486748594.987
207.0	0.9986	-509680097.292
208.0	0.9984	-532548229.857
209.0	0.9982	-555358178.257
210.0	0.998	-578111883.347
211.0	0.9978	-600813404.223
212.0	0.9976	-623464830.891
213.0	0.9974	-646069409.57
214.0	0.9972	-668629175.631
215.0	0.997	-691146815.455
216.0	0.9968	-713624233.106
217.0	0.9966	-736063725.979
218.0	0.9964	-758467045.928
219.0	0.9962	-780836202.399
220.0	0.996	-803172789.228
221.0	0.9958	-825478577.868
222.0	0.9956	-847755001.671
223.0	0.9954	-870003628.936
224.0	0.9952	-892225741.103
225.0	0.995	-914422729.401
226.0	0.9948	-936595728.402
227.0	0.9946	-958745964.934
228.0	0.9944	-980874429.322
229.0	0.9942	-1002982195.77
230.0	0.994	-1025070120.69
231.0	0.9938	-1047139143.37
232.0	0.9936	-1069190004.24
233.0	0.9934	-1091223529.14
234.0	0.9932	-1113240360.96
235.0	0.993	-1135241232.13
236.0	0.9928	-1157226706.84
237.0	0.9926	-1179197444.08
238.0	0.9924	-1201153946.5
239.0	0.9922	-1223096813.73
240.0	0.992	-1245026495.88
241.0	0.9918	-1266943540.22
242.0	0.9916	-1288848349.78
243.0	0.9914	-1310741425.31
244.0	0.9912	-1332623127.83
245.0	0.991	-1354493916.45
246.0	0.9908	-1376354114.8
247.0	0.9906	-1398204145.01
248.0	0.9904	-1420044298.54
249.0	0.9902	-1441874965.34
250.0	0.99	-1463696409.23
251.0	0.9898	-1485508991.75
252.0	0.9896	-1507312952.06
253.0	0.9894	-1529108625.98
254.0	0.9892	-1550896229.69
255.0	0.989	-1572676075.19
256.0	0.9888	-1594448357.49
257.0	0.9886	-1616213367.53
258.0	0.9884	-1637971282.7
259.0	0.9882	-1659722376.7
260.0	0.988	-1681466813.67
261.0	0.9878	-1703204853.47
262.0	0.9876	-1724936650.3
263.0	0.9874	-1746662452.95
264.0	0.9872	-1768382407.95
265.0	0.987	-1790096754.37
266.0	0.9868	-1811805631.81
267.0	0.9866	-1833509269.25
268.0	0.9864	-1855207798.89
269.0	0.9862	-1876901439.63
270.0	0.986	-1898590316.78
271.0	0.9858	-1920274640.64
272.0	0.9856	-1941954530.74
273.0	0.9854	-1963630190.3
274.0	0.9852	-1985301733.63
275.0	0.985	-2006969357.34
276.0	0.9848	-2028633169.92
277.0	0.9846	-2050293360.42
278.0	0.9844	-2071950030.3
279.0	0.9842	-2093603360.26
280.0	0.984	-2115253444.4
281.0	0.9838	-2136900455.1
282.0	0.9836	-2158544479.67
283.0	0.9834	-2180185682.99
284.0	0.9832	-2201824146.48
285.0	0.983	-2223460028.38
286.0	0.9828	-2245093405.26
287.0	0.9826	-2266724429.03
288.0	0.9824	-2288353171.55
289.0	0.9822	-2309979777.58
290.0	0.982	-2331604313.65
291.0	0.9818	-2353226916.35
292.0	0.9816	-2374847645.96
293.0	0.9814	-2396466630.56
294.0	0.9812	-2418083923.97
295.0	0.981	-2439699646.26
296.0	0.9808	-2461313845.33
297.0	0.9806	-2482926634.84
298.0	0.9804	-2504538058.21
299.0	0.9802	-2526148224.83
300.0	0.98	-2547757175.2
301.0	0.9802	-2511598945.33
302.0	0.9804	-2477606299.06
303.0	0.9806	-2444570029.3
304.0	0.9808	-2412070396.76
305.0	0.981	-2379809538.12
306.0	0.9812	-2347687957.25
307.0	0.9814	-2315630672.9
308.0	0.9816	-2283607570.92
309.0	0.9818	-2251595955.0
310.0	0.982	-2219584716.74
311.0	0.9822	-2187565323.45
312.0	0.9824	-2155533859.9
313.0	0.9826	-2123486968.96
314.0	0.9828	-2091423357.65
315.0	0.983	-2059341606.13
316.0	0.9832	-2027241371.58
317.0	0.9834	-1995121967.06
318.0	0.9836	-1962983429.48
319.0	0.9838	-1930825365.91
320.0	0.984	-1898648011.04
321.0	0.9842	-1866451141.01
322.0	0.9844	-1834235224.95
323.0	0.9846	-1802000308.29
324.0	0.9848	-1769747380.8
325.0	0.985	-1737476979.64
326.0	0.9852	-1705190975.72
327.0	0.9854	-1672890220.55
328.0	0.9856	-1640577169.83
329.0	0.9858	-1608252166.85
330.0	0.986	-1575917541.14
331.0	0.9862	-1543573125.88
332.0	0.9864	-1511221249.09
333.0	0.9866	-1478862402.83
334.0	0.9868	-1446500428.5
335.0	0.987	-1414139991.69
336.0	0.9872	-1381794525.09
337.0	0.9874	-1349489212.99
338.0	0.9876	-1317272761.49
339.0	0.9878	-1285212111.53
340.0	0.988	-1253385236.13
341.0	0.9882	-1221854664.01
342.0	0.9884	-1190664262.3
343.0	0.9886	-1159830251.22
344.0	0.9888	-1129356858.96
345.0	0.989	-1099228546.19
346.0	0.9892	-1069420696.16
347.0	0.9894	-1039897020.6
348.0	0.9896	-1010624902.5
349.0	0.9898	-981573795.393
350.0	0.99	-952722863.114
351.0	0.9902	-924054622.681
352.0	0.9904	-895558610.792
353.0	0.9906	-867225163.814
354.0	0.9908	-839047941.837
355.0	0.991	-811018421.2
356.0	0.9912	-783128787.101
357.0	0.9914	-755368177.021
358.0	0.9916	-727726295.056
359.0	0.9918	-700191202.044
360.0	0.992	-672752603.178
361.0	0.9922	-645399934.087
362.0	0.9924	-618124743.299
363.0	0.9926	-590918869.085
364.0	0.9928	-563776310.625
365.0	0.993	-536691658.737
366.0	0.9932	-509661617.989
367.0	0.9934	-482683629.354
368.0	0.9936	-455757050.587
369.0	0.9938	-428881882.883
370.0	0.994	-402059615.715
371.0	0.9942	-375292059.787
372.0	0.9944	-348582069.68
373.0	0.9946	-321932498.933
374.0	0.9948	-295346946.959
375.0	0.995	-268828772.716
376.0	0.9952	-242381965.959
377.0	0.9954	-216010251.829
378.0	0.9956	-189733666.539
379.0	0.9958	-163531316.7
380.0	0.996	-137413939.892
381.0	0.9962	-111386256.714
382.0	0.9964	-85452160.5081
383.0	0.9966	-59630196.3503
384.0	0.9968	-33907425.8451
385.0	0.997	-8292768.6958
386.0	0.9972	17211664.6161
387.0	0.9974	42595293.9767
388.0	0.9976	67865721.9618
389.0	0.9978	93017325.2273
390.0	0.998	118049009.508
391.0	0.9982	142956213.835
392.0	0.9984	167744131.063
393.0	0.9986	192411775.485
394.0	0.9988	216958255.418
395.0	0.999	241387288.678
396.0	0.9992	265701472.69
397.0	0.9994	289901760.5
398.0	0.9996	313992735.983
399.0	0.9998	337977160.624
400.0	1.0	361860584.849
401.0	1.0002	385643696.743
402.0	1.0004	409333626.889
403.0	1.0006	432933049.633
404.0	1.0008	456449062.124
405.0	1.001	479881838.876
406.0	1.0012	503239197.315
407.0	1.0014	526521590.106
408.0	1.0016	549735419.006
409.0	1.0018	572882042.535
410.0	1.002	595966353.685
411.0	1.0022	618990192.554
412.0	1.0024	641957359.474
413.0	1.0026	664869829.307
414.0	1.0028	687730634.989
415.0	1.003	710541719.377
416.0	1.0032	733305570.647
417.0	1.0034	756024022.579
418.0	1.0036	778699164.945
419.0	1.0038	801332696.304
420.0	1.004	823926403.376
421.0	1.0042	846481840.294
422.0	1.0044	869000546.869
423.0	1.0046	891483929.384
424.0	1.0048	913933318.704
425.0	1.005	936349974.98
426.0	1.0052	958735046.295
427.0	1.0054	981089651.965
428.0	1.0056	1003414781.91
429.0	1.0058	1025711428.31
430.0	1.006	1047980446.75
431.0	1.0062	1070222716.21
432.0	1.0064	1092438976.32
433.0	1.0066	1114630005.84
434.0	1.0068	1136796446.26
435.0	1.007	1158938990.11
436.0	1.0072	1181058197.97
437.0	1.0074	1203154690.81
438.0	1.0076	1225228963.93
439.0	1.0078	1247281577.29
440.0	1.008	1269312970.6
441.0	1.0082	1291323651.08
442.0	1.0084	1313314010.3
443.0	1.0086	1335284509.2
444.0	1.0088	1357235497.38
445.0	1.009	1379167396.78
446.0	1.0092	1401080523.7
447.0	1.0094	1422975270.06
448.0	1.0096	1444851925.77
449.0	1.0098	1466710856.15
450.0	1.01	1488552325.35
451.0	1.0102	1510376670.52
452.0	1.0104	1532184128.91
453.0	1.0106	1553975008.86
454.0	1.0108	1575749521.66
455.0	1.011	1597507950.42
456.0	1.0112	1619250485.26
457.0	1.0114	1640977389.75
458.0	1.0116	1662688838.19
459.0	1.0118	1684385078.57
460.0	1.012	1706066272.38
461.0	1.0122	1727732653.36
462.0	1.0124	1749384371.34
463.0	1.0126	1771021647.51
464.0	1.0128	1792644622.89
465.0	1.013	1814253510.55
466.0	1.0132	1835848447.61
467.0	1.0134	1857429643.52
468.0	1.0136	1878997233.76
469.0	1.0138	1900551424.28
470.0	1.014	1922092347.92
471.0	1.0142	1943620205.72
472.0	1.0144	1965135127.04
473.0	1.0146	1986637307.52
474.0	1.0148	2008126872.42
475.0	1.015	2029604010.97
476.0	1.0152	2051068842.97
477.0	1.0154	2072521549.95
478.0	1.0156	2093962244.73
479.0	1.0158	2115391100.32
480.0	1.016	2136808221.97
481.0	1.0162	2158213773.9
482.0	1.0164	2179607853.97
483.0	1.0166	2200990618.12
484.0	1.0168	2222362157.32
485.0	1.017	2243722620.11
486.0	1.0172	2265072091.76
487.0	1.0174	2286410714.6
488.0	1.0176	2307738569.29
489.0	1.0178	2329055792.42
490.0	1.018	2350362460.0
491.0	1.0182	2371658701.96
492.0	1.0184	2392944588.5
493.0	1.0186	2414220241.51
494.0	1.0188	2435485724.04
495.0	1.019	2456741148.8
496.0	1.0192	2477986570.89
497.0	1.0194	2499222094.06
498.0	1.0196	2520447766.15
499.0	1.0198	2541663683.72
500.0	1.02	2562869889.24
