3	header
postResults v2.0.2	single_phase_equiaxed_tension.spectralOut --cr f,p
filterTable v2.0.2	--white inc,1_f,1_p
inc	1_f	1_p
0.0	1.0	4.28700061767e-06
1.0	1.0002	32357904.1377
2.0	1.0004	64735493.531
3.0	1.0006	97132691.0732
4.0	1.0008	129549542.617
5.0	1.001	161986040.186
6.0	1.0012	194442181.215
7.0	1.0014	226917993.403
8.0	1.0016	259413454.086
9.0	1.0018	291928577.206
10.0	1.002	324463363.319
11.0	1.0022	357017817.472
12.0	1.0024	389591895.23
13.0	1.0026	422185419.083
14.0	1.0028	454797654.385
15.0	1.003	487425801.312
16.0	1.0032	520060533.471
17.0	1.0034	552673736.427
18.0	1.0036	585192706.389
19.0	1.0038	617466250.282
20.0	1.004	649263412.299
21.0	1.0042	680352368.001
22.0	1.0044	710616508.246
23.0	1.0046	740093375.463
24.0	1.0048	768917368.592
25.0	1.005	797242604.816
26.0	1.0052	825195875.49
27.0	1.0054	852850919.565
28.0	1.0056	880261994.015
29.0	1.0058	907465430.37
30.0	1.006	934492093.962
31.0	1.0062	961358722.058
32.0	1.0064	988080465.65
33.0	1.0066	1014661252.68
34.0	1.0068	1041105579.97
35.0	1.007	1067409162.83
36.0	1.0072	1093568553.41
37.0	1.0074	1119573400.42
38.0	1.0076	1145415334.25
39.0	1.0078	1171081740.2
40.0	1.008	1196563771.95
41.0	1.0082	1221850777.4
42.0	1.0084	1246937024.24
43.0	1.0086	1271816469.07
44.0	1.0088	1296488326.98
45.0	1.009	1320952205.97
46.0	1.0092	1345212815.54
47.0	1.0094	1369275196.97
48.0	1.0096	1393148729.22
49.0	1.0098	1416842387.32
50.0	1.01	1440368364.49
51.0	1.0102	1463737571.38
52.0	1.0104	1486963070.17
53.0	1.0106	1510055978.52
54.0	1.0108	1533028721.0
55.0	1.011	1555891418.59
56.0	1.0112	1578654921.6
57.0	1.0114	1601327722.21
58.0	1.0116	1623918740.97
59.0	1.0118	1646434724.23
60.0	1.012	1668882753.49
61.0	1.0122	1691268036.93
62.0	1.0124	1713596128.79
63.0	1.0126	1735871019.95
64.0	1.0128	1758097079.5
65.0	1.013	1780277375.84
66.0	1.0132	1802415374.77
67.0	1.0134	1824513449.32
68.0	1.0136	1846574374.83
69.0	1.0138	1868599997.11
70.0	1.014	1890592558.68
71.0	1.0142	1912553501.89
72.0	1.0144	1934484655.49
73.0	1.0146	1956387154.05
74.0	1.0148	1978262508.44
75.0	1.015	2000111623.44
76.0	1.0152	2021935768.89
77.0	1.0154	2043735679.52
78.0	1.0156	2065512439.59
79.0	1.0158	2087266653.92
80.0	1.016	2108999258.53
81.0	1.0162	2130710754.7
82.0	1.0164	2152401956.83
83.0	1.0166	2174073282.38
84.0	1.0168	2195725446.18
85.0	1.017	2217358799.2
86.0	1.0172	2238973975.26
87.0	1.0174	2260571272.45
88.0	1.0176	2282151257.75
89.0	1.0178	2303714186.8
90.0	1.018	2325260570.72
91.0	1.0182	2346790631.1
92.0	1.0184	2368304832.67
93.0	1.0186	2389803370.61
94.0	1.0188	2411286670.66
95.0	1.019	2432754905.81
96.0	1.0192	2454208466.52
97.0	1.0194	2475647504.96
98.0	1.0196	2497072378.73
99.0	1.0198	2518483220.74
100.0	1.02	2539880359.34
101.0	1.0198	2502061793.6
102.0	1.0196	2466749189.68
103.0	1.0194	2432558112.39
104.0	1.0192	2398964523.06
105.0	1.019	2365663961.39
106.0	1.0188	2332539596.99
107.0	1.0186	2299517928.56
108.0	1.0184	2266566465.97
109.0	1.0182	2233663530.09
110.0	1.018	2200797896.11
111.0	1.0178	2167962106.74
112.0	1.0176	2135152368.42
113.0	1.0174	2102365962.68
114.0	1.0172	2069601599.74
115.0	1.017	2036858235.43
116.0	1.0168	2004135401.35
117.0	1.0166	1971432652.66
118.0	1.0164	1938749819.54
119.0	1.0162	1906086695.69
120.0	1.016	1873443232.1
121.0	1.0158	1840819327.2
122.0	1.0156	1808214999.2
123.0	1.0154	1775630216.03
124.0	1.0152	1743065084.79
125.0	1.015	1710519683.55
126.0	1.0148	1677994306.53
127.0	1.0146	1645489243.2
128.0	1.0144	1613005129.16
129.0	1.0142	1580542572.55
130.0	1.014	1548102669.7
131.0	1.0138	1515686390.81
132.0	1.0136	1483295358.43
133.0	1.0134	1450931138.74
134.0	1.0132	1418596874.6
135.0	1.013	1386298044.37
136.0	1.0128	1354048067.96
137.0	1.0126	1321875992.9
138.0	1.0124	1289841343.09
139.0	1.0122	1258043968.46
140.0	1.012	1226619933.99
141.0	1.0118	1195705555.76
142.0	1.0116	1165443565.12
143.0	1.0114	1135778520.57
144.0	1.0112	1106695878.04
145.0	1.011	1078065384.61
146.0	1.0108	1049817733.05
147.0	1.0106	1021866296.46
148.0	1.0104	994149455.763
149.0	1.0102	966617328.343
150.0	1.01	939234360.143
151.0	1.0098	911977452.936
152.0	1.0096	884831641.367
153.0	1.0094	857787469.116
154.0	1.0092	830839425.564
155.0	1.009	803983923.324
156.0	1.0088	777218654.172
157.0	1.0086	750540771.406
158.0	1.0084	723946994.723
159.0	1.0082	697432994.196
160.0	1.008	670994425.756
161.0	1.0078	644626923.428
162.0	1.0076	618327008.853
163.0	1.0074	592091840.391
164.0	1.0072	565919655.392
165.0	1.007	539809275.14
166.0	1.0068	513760208.495
167.0	1.0066	487772130.13
168.0	1.0064	461845038.252
169.0	1.0062	435979024.257
170.0	1.006	410174646.779
171.0	1.0058	384432859.578
172.0	1.0056	358755292.84
173.0	1.0054	333144011.594
174.0	1.0052	307601632.063
175.0	1.005	282130996.105
176.0	1.0048	256748983.629
177.0	1.0046	231435968.236
178.0	1.0044	206202068.913
179.0	1.0042	181048216.212
180.0	1.004	155976993.709
181.0	1.0038	131004245.321
182.0	1.0036	106114979.412
183.0	1.0034	81316566.1511
184.0	1.0032	56608404.1924
185.0	1.003	31999286.5124
186.0	1.0028	7481996.62453
187.0	1.0026	-16938796.9395
188.0	1.0024	-41263038.472
189.0	1.0022	-65486913.5423
190.0	1.002	-89612330.9072
191.0	1.0018	-113639559.986
192.0	1.0016	-137568965.573
193.0	1.0014	-161402274.641
194.0	1.0012	-185138401.554
195.0	1.001	-208785016.027
196.0	1.0008	-232338150.309
197.0	1.0006	-255808172.546
198.0	1.0004	-279190538.498
199.0	1.0002	-302496626.821
200.0	1.0	-325721241.042
201.0	0.9998	-348874199.07
202.0	0.9996	-371955738.578
203.0	0.9994	-394973593.744
204.0	0.9992	-417923713.403
205.0	0.999	-440815099.049
206.0	0.9988	-463648395.294
207.0	0.9986	-486430302.536
208.0	0.9984	-509159507.421
209.0	0.9982	-531844100.611
210.0	0.998	-554482465.937
211.0	0.9978	-577081088.338
212.0	0.9976	-599639394.702
213.0	0.9974	-622162180.513
214.0	0.9972	-644649582.612
215.0	0.997	-667105158.476
216.0	0.9968	-689529442.275
217.0	0.9966	-711925107.205
218.0	0.9964	-734292868.469
219.0	0.9962	-756634782.828
220.0	0.996	-778951613.541
221.0	0.9958	-801244989.43
222.0	0.9956	-823515654.402
223.0	0.9954	-845764935.941
224.0	0.9952	-867993535.439
225.0	0.995	-890202570.695
226.0	0.9948	-912392702.316
227.0	0.9946	-934564901.652
228.0	0.9944	-956719789.109
229.0	0.9942	-978858221.109
230.0	0.994	-1000980771.14
231.0	0.9938	-1023088198.47
232.0	0.9936	-1045181028.45
233.0	0.9934	-1067259940.68
234.0	0.9932	-1089325416.25
235.0	0.993	-1111378068.12
236.0	0.9928	-1133418334.05
237.0	0.9926	-1155446767.99
238.0	0.9924	-1177463765.0
239.0	0.9922	-1199469826.3
240.0	0.992	-1221465305.67
241.0	0.9918	-1243450656.75
242.0	0.9916	-1265426194.74
243.0	0.9914	-1287392331.83
244.0	0.9912	-1309349350.0
245.0	0.991	-1331297625.85
246.0	0.9908	-1353237411.85
247.0	0.9906	-1375169053.48
248.0	0.9904	-1397092777.55
249.0	0.9902	-1419008902.31
250.0	0.99	-1440917631.56
251.0	0.9898	-1462819259.17
252.0	0.9896	-1484713968.66
253.0	0.9894	-1506602032.43
254.0	0.9892	-1528483616.01
255.0	0.989	-1550358972.17
256.0	0.9888	-1572228249.58
257.0	0.9886	-1594091682.76
258.0	0.9884	-1615949405.16
259.0	0.9882	-1637801634.98
260.0	0.988	-1659648491.78
261.0	0.9878	-1681490178.55
262.0	0.9876	-1703326800.91
263.0	0.9874	-1725158546.25
264.0	0.9872	-1746985506.39
265.0	0.987	-1768807854.99
266.0	0.9868	-1790625672.04
267.0	0.9866	-1812439119.06
268.0	0.9864	-1834248265.43
269.0	0.9862	-1856053262.63
270.0	0.986	-1877854171.57
271.0	0.9858	-1899651135.83
272.0	0.9856	-1921444209.78
273.0	0.9854	-1943233531.37
274.0	0.9852	-1965019151.23
275.0	0.985	-1986801203.67
276.0	0.9848	-2008579736.34
277.0	0.9846	-2030354879.72
278.0	0.9844	-2052126677.92
279.0	0.9842	-2073895256.49
280.0	0.984	-2095660654.78
281.0	0.9838	-2117422992.66
282.0	0.9836	-2139182304.76
283.0	0.9834	-2160938705.93
284.0	0.9832	-2182692226.76
285.0	0.983	-2204442977.88
286.0	0.9828	-2226190986.28
287.0	0.9826	-2247936358.86
288.0	0.9824	-2269679119.02
289.0	0.9822	-2291419369.52
290.0	0.982	-2313157129.16
291.0	0.9818	-2334892495.61
292.0	0.9816	-2356625482.6
293.0	0.9814	-2378356182.95
294.0	0.9812	-2400084606.15
295.0	0.981	-2421810841.31
296.0	0.9808	-2443534895.5
297.0	0.9806	-2465256856.08
298.0	0.9804	-2486976730.06
299.0	0.9802	-2508694605.56
300.0	0.98	-2530410491.37
301.0	0.9802	-2494625548.66
302.0	0.9804	-2460933142.9
303.0	0.9806	-2428159312.34
304.0	0.9808	-2395878530.88
305.0	0.981	-2363814051.4
306.0	0.9812	-2331868889.13
307.0	0.9814	-2299976919.18
308.0	0.9816	-2268110639.66
309.0	0.9818	-2236250765.53
310.0	0.982	-2204387544.3
311.0	0.9822	-2172514064.0
312.0	0.9824	-2140627005.2
313.0	0.9826	-2108723775.97
314.0	0.9828	-2076803282.58
315.0	0.983	-2044864502.29
316.0	0.9832	-2012907085.98
317.0	0.9834	-1980930564.93
318.0	0.9836	-1948934882.37
319.0	0.9838	-1916919783.31
320.0	0.984	-1884885356.46
321.0	0.9842	-1852831455.16
322.0	0.9844	-1820758293.19
323.0	0.9846	-1788665870.72
324.0	0.9848	-1756554640.04
325.0	0.985	-1724424888.25
326.0	0.9852	-1692277538.31
327.0	0.9854	-1660113357.01
328.0	0.9856	-1627933993.82
329.0	0.9858	-1595740790.12
330.0	0.986	-1563536079.5
331.0	0.9862	-1531321490.59
332.0	0.9864	-1499099715.04
333.0	0.9866	-1466872695.99
334.0	0.9868	-1434644490.35
335.0	0.987	-1402420912.45
336.0	0.9872	-1370216111.64
337.0	0.9874	-1338058573.17
338.0	0.9876	-1306006121.24
339.0	0.9878	-1274152812.94
340.0	0.988	-1242626016.51
341.0	0.9882	-1211551212.14
342.0	0.9884	-1181019498.87
343.0	0.9886	-1151117469.64
344.0	0.9888	-1121698914.55
345.0	0.989	-1092725715.29
346.0	0.9892	-1064078641.67
347.0	0.9894	-1035707389.54
348.0	0.9896	-1007551597.68
349.0	0.9898	-979566831.571
350.0	0.99	-951721021.014
351.0	0.9902	-923989293.969
352.0	0.9904	-896358234.963
353.0	0.9906	-868817644.637
354.0	0.9908	-841363339.386
355.0	0.991	-813991549.154
356.0	0.9912	-786700942.528
357.0	0.9914	-759488498.058
358.0	0.9916	-732351783.07
359.0	0.9918	-705286442.087
360.0	0.992	-678289070.79
361.0	0.9922	-651355481.035
362.0	0.9924	-624483164.501
363.0	0.9926	-597669608.209
364.0	0.9928	-570914154.42
365.0	0.993	-544216140.773
366.0	0.9932	-517576420.267
367.0	0.9934	-490995356.389
368.0	0.9936	-464474623.906
369.0	0.9938	-438015227.143
370.0	0.994	-411619492.284
371.0	0.9942	-385289305.904
372.0	0.9944	-359027753.799
373.0	0.9946	-332837603.704
374.0	0.9948	-306722550.165
375.0	0.995	-280685910.142
376.0	0.9952	-254746856.253
377.0	0.9954	-228884294.271
378.0	0.9956	-203108101.41
379.0	0.9958	-177420422.743
380.0	0.996	-151823695.594
381.0	0.9962	-126333619.488
382.0	0.9964	-100936755.516
383.0	0.9966	-75639544.8662
384.0	0.9968	-50442550.6046
385.0	0.997	-25352946.6629
386.0	0.9972	-366282.866288
387.0	0.9974	24514401.8768
388.0	0.9976	49288063.8313
389.0	0.9978	73954507.3419
390.0	0.998	98511638.2013
391.0	0.9982	122959875.69
392.0	0.9984	147303208.469
393.0	0.9986	171542786.159
394.0	0.9988	195683568.713
395.0	0.999	219720875.846
396.0	0.9992	243666909.884
397.0	0.9994	267514746.192
398.0	0.9996	291274923.546
399.0	0.9998	314950910.627
400.0	1.0	338539113.884
401.0	1.0002	362049327.751
402.0	1.0004	385481960.888
403.0	1.0006	408843803.73
404.0	1.0008	432133769.226
405.0	1.001	455360449.502
406.0	1.0012	478522612.076
407.0	1.0014	501627734.23
408.0	1.0016	524675326.97
409.0	1.0018	547671411.18
410.0	1.002	570616117.291
411.0	1.0022	593514202.385
412.0	1.0024	616366213.977
413.0	1.0026	639175847.478
414.0	1.0028	661943880.137
415.0	1.003	684673193.102
416.0	1.0032	707364645.226
417.0	1.0034	730020520.247
418.0	1.0036	752641664.653
419.0	1.0038	775229927.189
420.0	1.004	797786098.526
421.0	1.0042	820311709.352
422.0	1.0044	842807482.706
423.0	1.0046	865274713.857
424.0	1.0048	887714059.416
425.0	1.005	910126637.112
426.0	1.0052	932513042.857
427.0	1.0054	954874257.235
428.0	1.0056	977210822.25
429.0	1.0058	999523609.887
430.0	1.006	1021813113.92
431.0	1.0062	1044080116.83
432.0	1.0064	1066325067.45
433.0	1.0066	1088548671.71
434.0	1.0068	1110751336.93
435.0	1.007	1132933703.08
436.0	1.0072	1155096139.22
437.0	1.0074	1177239225.75
438.0	1.0076	1199363293.72
439.0	1.0078	1221468867.06
440.0	1.008	1243556238.43
441.0	1.0082	1265625878.89
442.0	1.0084	1287678045.54
443.0	1.0086	1309713164.46
444.0	1.0088	1331731464.32
445.0	1.009	1353733336.18
446.0	1.0092	1375718987.66
447.0	1.0094	1397688781.86
448.0	1.0096	1419642908.86
449.0	1.0098	1441581706.16
450.0	1.01	1463505346.52
451.0	1.0102	1485414143.15
452.0	1.0104	1507308253.29
453.0	1.0106	1529187969.51
454.0	1.0108	1551053436.64
455.0	1.011	1572904928.48
456.0	1.0112	1594742576.92
457.0	1.0114	1616566634.75
458.0	1.0116	1638377217.29
459.0	1.0118	1660174554.09
460.0	1.012	1681958743.66
461.0	1.0122	1703729995.24
462.0	1.0124	1725488393.65
463.0	1.0126	1747234130.74
464.0	1.0128	1768967279.15
465.0	1.013	1790688014.85
466.0	1.0132	1812396399.42
467.0	1.0134	1834092595.87
468.0	1.0136	1855776657.98
469.0	1.0138	1877448738.93
470.0	1.014	1899108886.09
471.0	1.0142	1920757243.75
472.0	1.0144	1942393853.89
473.0	1.0146	1964018853.25
474.0	1.0148	1985632280.16
475.0	1.015	2007234265.17
476.0	1.0152	2028824843.76
477.0	1.0154	2050404140.03
478.0	1.0156	2071972185.39
479.0	1.0158	2093529095.72
480.0	1.016	2115074896.6
481.0	1.0162	2136609695.38
482.0	1.0164	2158133512.24
483.0	1.0166	2179646447.07
484.0	1.0168	2201148515.58
485.0	1.017	2222639811.34
486.0	1.0172	2244120346.86
487.0	1.0174	2265590210.74
488.0	1.0176	2287049412.82
489.0	1.0178	2308498037.14
490.0	1.018	2329936090.78
491.0	1.0182	2351363653.21
492.0	1.0184	2372780728.42
493.0	1.0186	2394187390.86
494.0	1.0188	2415583641.23
495.0	1.019	2436969549.02
496.0	1.0192	2458345111.74
497.0	1.0194	2479710394.15
498.0	1.0196	2501065390.96
499.0	1.0198	2522410162.85
500.0	1.02	2543744702.74
501.0	1.02	2543744702.74
