3	header
postResults v2.0.2	single_phase_equiaxed_tension.spectralOut --cr f,p
filterTable v2.0.2	--white inc,1_f,1_p
inc	1_f	1_p
0.0	1.0	1.76137393138e-05
1.0	1.0002	32761234.3886
2.0	1.0004	65542463.8709
3.0	1.0006	98343533.5677
4.0	1.0008	131164510.825
5.0	1.001	164005406.006
6.0	1.0012	196866207.76
7.0	1.0014	229746944.965
8.0	1.0016	262647592.991
9.0	1.0018	295568161.296
10.0	1.002	328508654.997
11.0	1.0022	361469074.682
12.0	1.0024	394449375.553
13.0	1.0026	427449371.816
14.0	1.0028	460468280.563
15.0	1.003	493503097.621
16.0	1.0032	526544004.811
17.0	1.0034	559562227.369
18.0	1.0036	592488170.066
19.0	1.0038	625191883.451
20.0	1.004	657498765.5
21.0	1.0042	689252485.43
22.0	1.0044	720380672.994
23.0	1.0046	750916695.216
24.0	1.0048	780901851.705
25.0	1.005	810494040.672
26.0	1.0052	839732863.051
27.0	1.0054	868698072.311
28.0	1.0056	897410814.406
29.0	1.0058	925900466.18
30.0	1.006	954196500.402
31.0	1.0062	982314204.054
32.0	1.0064	1010275257.05
33.0	1.0066	1038081874.1
34.0	1.0068	1065738678.78
35.0	1.007	1093233787.74
36.0	1.0072	1120554956.19
37.0	1.0074	1147676402.6
38.0	1.0076	1174574364.79
39.0	1.0078	1201218974.22
40.0	1.008	1227589593.82
41.0	1.0082	1253667098.03
42.0	1.0084	1279445971.53
43.0	1.0086	1304924556.58
44.0	1.0088	1330113361.94
45.0	1.009	1355024685.26
46.0	1.0092	1379678658.17
47.0	1.0094	1404094169.92
48.0	1.0096	1428293933.36
49.0	1.0098	1452297366.75
50.0	1.01	1476125164.89
51.0	1.0102	1499793986.5
52.0	1.0104	1523320606.25
53.0	1.0106	1546717992.54
54.0	1.0108	1569998955.14
55.0	1.011	1593173153.48
56.0	1.0112	1616250176.7
57.0	1.0114	1639237147.0
58.0	1.0116	1662141269.86
59.0	1.0118	1684967843.99
60.0	1.012	1707722373.88
61.0	1.0122	1730408882.67
62.0	1.0124	1753031679.0
63.0	1.0126	1775593905.72
64.0	1.0128	1798099043.58
65.0	1.013	1820549640.64
66.0	1.0132	1842948610.48
67.0	1.0134	1865298097.94
68.0	1.0136	1887600610.14
69.0	1.0138	1909857994.04
70.0	1.014	1932072434.01
71.0	1.0142	1954245532.33
72.0	1.0144	1976379199.84
73.0	1.0146	1998474830.9
74.0	1.0148	2020534103.36
75.0	1.015	2042558238.84
76.0	1.0152	2064548722.67
77.0	1.0154	2086506639.54
78.0	1.0156	2108433321.68
79.0	1.0158	2130329747.81
80.0	1.016	2152197125.97
81.0	1.0162	2174036346.48
82.0	1.0164	2195848507.13
83.0	1.0166	2217634416.28
84.0	1.0168	2239395067.14
85.0	1.017	2261131189.98
86.0	1.0172	2282843679.81
87.0	1.0174	2304533194.96
88.0	1.0176	2326200540.07
89.0	1.0178	2347846308.85
90.0	1.018	2369471226.28
91.0	1.0182	2391075830.94
92.0	1.0184	2412660780.56
93.0	1.0186	2434226567.4
94.0	1.0188	2455773791.69
95.0	1.019	2477302904.03
96.0	1.0192	2498814452.67
97.0	1.0194	2520308848.74
98.0	1.0196	2541786593.44
99.0	1.0198	2563248061.68
100.0	1.02	2584693712.46
101.0	1.0198	2546059725.56
102.0	1.0196	2510078449.43
103.0	1.0194	2475297113.56
104.0	1.0192	2441135951.94
105.0	1.019	2407314099.22
106.0	1.0188	2373692854.54
107.0	1.0186	2340195261.04
108.0	1.0184	2306778272.11
109.0	1.0182	2273417912.57
110.0	1.018	2240099293.4
111.0	1.0178	2206814288.1
112.0	1.0176	2173557461.6
113.0	1.0174	2140325875.02
114.0	1.0172	2107117445.21
115.0	1.017	2073931087.56
116.0	1.0168	2040765958.89
117.0	1.0166	2007621662.96
118.0	1.0164	1974497824.9
119.0	1.0162	1941394320.12
120.0	1.016	1908310974.31
121.0	1.0158	1875247794.41
122.0	1.0156	1842204725.01
123.0	1.0154	1809181904.45
124.0	1.0152	1776179456.44
125.0	1.015	1743197778.86
126.0	1.0148	1710237289.13
127.0	1.0146	1677298766.36
128.0	1.0144	1644382929.31
129.0	1.0142	1611490919.2
130.0	1.014	1578623685.09
131.0	1.0138	1545782726.97
132.0	1.0136	1512969443.68
133.0	1.0134	1480186329.55
134.0	1.0132	1447436978.59
135.0	1.013	1414729305.63
136.0	1.0128	1382079542.94
137.0	1.0126	1349521028.45
138.0	1.0124	1317108585.41
139.0	1.0122	1284916002.51
140.0	1.012	1253022536.86
141.0	1.0118	1221497823.62
142.0	1.0116	1190445685.32
143.0	1.0114	1159776782.38
144.0	1.0112	1129520721.63
145.0	1.011	1099609946.43
146.0	1.0108	1070031047.55
147.0	1.0106	1040730202.43
148.0	1.0104	1011662583.53
149.0	1.0102	982786329.125
150.0	1.01	954068483.216
151.0	1.0098	925489587.082
152.0	1.0096	897038384.156
153.0	1.0094	868711207.001
154.0	1.0092	840506324.719
155.0	1.009	812422902.237
156.0	1.0088	784457495.414
157.0	1.0086	756604773.998
158.0	1.0084	728856440.731
159.0	1.0082	701203711.932
160.0	1.008	673637220.125
161.0	1.0078	646149016.111
162.0	1.0076	618732076.203
163.0	1.0074	591381496.162
164.0	1.0072	564093832.196
165.0	1.007	536867738.438
166.0	1.0068	509702905.444
167.0	1.0066	482600017.465
168.0	1.0064	455559604.579
169.0	1.0062	428582481.057
170.0	1.006	401669443.215
171.0	1.0058	374822373.119
172.0	1.0056	348044265.436
173.0	1.0054	321340266.812
174.0	1.0052	294717465.152
175.0	1.005	268200311.833
176.0	1.0048	241776599.936
177.0	1.0046	215464172.335
178.0	1.0044	189272974.656
179.0	1.0042	163226198.438
180.0	1.004	137319877.896
181.0	1.0038	111565154.44
182.0	1.0036	85961874.6474
183.0	1.0034	60525250.2502
184.0	1.0032	35240769.177
185.0	1.003	10110103.8293
186.0	1.0028	-14873117.9649
187.0	1.0026	-39704535.6744
188.0	1.0024	-64397633.4675
189.0	1.0022	-88956461.1185
190.0	1.002	-113387343.312
191.0	1.0018	-137693168.875
192.0	1.0016	-161881870.713
193.0	1.0014	-185959943.172
194.0	1.0012	-209932940.977
195.0	1.001	-233805428.507
196.0	1.0008	-257584565.118
197.0	1.0006	-281276983.772
198.0	1.0004	-304885330.729
199.0	1.0002	-328417367.161
200.0	1.0	-351876507.836
201.0	0.9998	-375268551.583
202.0	0.9996	-398595361.711
203.0	0.9994	-421862372.411
204.0	0.9992	-445072256.144
205.0	0.999	-468230703.191
206.0	0.9988	-491336523.634
207.0	0.9986	-514396256.232
208.0	0.9984	-537408180.54
209.0	0.9982	-560377898.024
210.0	0.998	-583304379.791
211.0	0.9978	-606191849.196
212.0	0.9976	-629040099.819
213.0	0.9974	-651852166.039
214.0	0.9972	-674628454.569
215.0	0.997	-697371183.367
216.0	0.9968	-720081092.987
217.0	0.9966	-742759889.64
218.0	0.9964	-765408446.465
219.0	0.9962	-788028137.354
220.0	0.996	-810619851.706
221.0	0.9958	-833184727.097
222.0	0.9956	-855723609.238
223.0	0.9954	-878237459.233
224.0	0.9952	-900727065.985
225.0	0.995	-923193270.176
226.0	0.9948	-945636818.274
227.0	0.9946	-968058471.406
228.0	0.9944	-990458942.201
229.0	0.9942	-1012838929.65
230.0	0.994	-1035199110.25
231.0	0.9938	-1057540125.0
232.0	0.9936	-1079862608.07
233.0	0.9934	-1102167144.82
234.0	0.9932	-1124454324.18
235.0	0.993	-1146724678.74
236.0	0.9928	-1168978749.48
237.0	0.9926	-1191217016.99
238.0	0.9924	-1213439974.69
239.0	0.9922	-1235648056.73
240.0	0.992	-1257841717.13
241.0	0.9918	-1280021352.39
242.0	0.9916	-1302187384.74
243.0	0.9914	-1324340178.38
244.0	0.9912	-1346480127.11
245.0	0.991	-1368607565.58
246.0	0.9908	-1390722860.49
247.0	0.9906	-1412826319.66
248.0	0.9904	-1434918284.31
249.0	0.9902	-1456999038.31
250.0	0.99	-1479068899.16
251.0	0.9898	-1501128130.06
252.0	0.9896	-1523177028.7
253.0	0.9894	-1545215842.91
254.0	0.9892	-1567244855.77
255.0	0.989	-1589264302.65
256.0	0.9888	-1611274453.07
257.0	0.9886	-1633275528.43
258.0	0.9884	-1655267782.7
259.0	0.9882	-1677251421.74
260.0	0.988	-1699226684.26
261.0	0.9878	-1721193762.16
262.0	0.9876	-1743152881.92
263.0	0.9874	-1765104226.1
264.0	0.9872	-1787048013.49
265.0	0.987	-1808984420.61
266.0	0.9868	-1830913658.71
267.0	0.9866	-1852835896.73
268.0	0.9864	-1874751335.91
269.0	0.9862	-1896660136.47
270.0	0.986	-1918562489.49
271.0	0.9858	-1940458548.05
272.0	0.9856	-1962348495.12
273.0	0.9854	-1984232478.39
274.0	0.9852	-2006110674.29
275.0	0.985	-2027983226.56
276.0	0.9848	-2049850306.22
277.0	0.9846	-2071712053.62
278.0	0.9844	-2093568635.31
279.0	0.9842	-2115420189.66
280.0	0.984	-2137266880.02
281.0	0.9838	-2159108841.88
282.0	0.9836	-2180946233.98
283.0	0.9834	-2202779187.74
284.0	0.9832	-2224607856.86
285.0	0.983	-2246432367.97
286.0	0.9828	-2268252868.99
287.0	0.9826	-2290069481.13
288.0	0.9824	-2311882345.39
289.0	0.9822	-2333691576.1
290.0	0.982	-2355497306.37
291.0	0.9818	-2377299643.41
292.0	0.9816	-2399098712.83
293.0	0.9814	-2420894615.27
294.0	0.9812	-2442687469.9
295.0	0.981	-2464477371.52
296.0	0.9808	-2486264433.8
297.0	0.9806	-2508048745.93
298.0	0.9804	-2529830416.5
299.0	0.9802	-2551609529.67
300.0	0.98	-2573386189.49
301.0	0.9802	-2536957223.05
302.0	0.9804	-2502690520.95
303.0	0.9806	-2469407541.62
304.0	0.9808	-2436674549.87
305.0	0.981	-2404190659.03
306.0	0.9812	-2371850798.81
307.0	0.9814	-2339577072.29
308.0	0.9816	-2307338404.22
309.0	0.9818	-2275112022.63
310.0	0.982	-2242886897.07
311.0	0.9822	-2210654184.01
312.0	0.9824	-2178409766.41
313.0	0.9826	-2146150332.44
314.0	0.9828	-2113874377.58
315.0	0.983	-2081580610.9
316.0	0.9832	-2049268510.25
317.0	0.9834	-2016937510.24
318.0	0.9836	-1984587451.61
319.0	0.9838	-1952218084.79
320.0	0.984	-1919829442.36
321.0	0.9842	-1887421485.72
322.0	0.9844	-1854994472.88
323.0	0.9846	-1822548720.04
324.0	0.9848	-1790085016.09
325.0	0.985	-1757604382.6
326.0	0.9852	-1725108480.45
327.0	0.9854	-1692599155.34
328.0	0.9856	-1660078843.35
329.0	0.9858	-1627549844.92
330.0	0.986	-1595014760.18
331.0	0.9862	-1562475717.27
332.0	0.9864	-1529935152.05
333.0	0.9866	-1497395516.54
334.0	0.9868	-1464860964.78
335.0	0.987	-1432339168.83
336.0	0.9872	-1399846858.75
337.0	0.9874	-1367416445.42
338.0	0.9876	-1335101597.09
339.0	0.9878	-1302973409.09
340.0	0.988	-1271108415.8
341.0	0.9882	-1239617750.38
342.0	0.9884	-1208458960.57
343.0	0.9886	-1177670495.01
344.0	0.9888	-1147202420.63
345.0	0.989	-1117103983.37
346.0	0.9892	-1087251920.32
347.0	0.9894	-1057630003.11
348.0	0.9896	-1028181616.3
349.0	0.9898	-998894186.571
350.0	0.99	-969744288.024
351.0	0.9902	-940717949.081
352.0	0.9904	-911805991.212
353.0	0.9906	-883000778.653
354.0	0.9908	-854299501.193
355.0	0.991	-825698548.69
356.0	0.9912	-797194714.799
357.0	0.9914	-768782629.831
358.0	0.9916	-740456060.11
359.0	0.9918	-712207563.628
360.0	0.992	-684030020.842
361.0	0.9922	-655916666.52
362.0	0.9924	-627862089.655
363.0	0.9926	-599862156.333
364.0	0.9928	-571914494.308
365.0	0.993	-544018226.311
366.0	0.9932	-516173814.59
367.0	0.9934	-488382334.816
368.0	0.9936	-460645162.812
369.0	0.9938	-432963807.272
370.0	0.994	-405340408.412
371.0	0.9942	-377778195.061
372.0	0.9944	-350282253.281
373.0	0.9946	-322859997.302
374.0	0.9948	-295536926.669
375.0	0.995	-268301636.757
376.0	0.9952	-241173933.545
377.0	0.9954	-214167540.202
378.0	0.9956	-187308949.222
379.0	0.9958	-160597787.509
380.0	0.996	-134048301.816
381.0	0.9962	-107662907.969
382.0	0.9964	-81459280.8083
383.0	0.9966	-55423409.5272
384.0	0.9968	-29557497.8507
385.0	0.997	-3862168.80851
386.0	0.9972	21673529.3281
387.0	0.9974	47052469.6479
388.0	0.9976	72282905.3389
389.0	0.9978	97367243.0111
390.0	0.998	122314475.411
391.0	0.9982	147131285.32
392.0	0.9984	171823377.994
393.0	0.9986	196396181.126
394.0	0.9988	220857374.838
395.0	0.999	245212786.449
396.0	0.9992	269466184.972
397.0	0.9994	293625637.922
398.0	0.9996	317695060.875
399.0	0.9998	341681146.191
400.0	1.0	365585648.22
401.0	1.0002	389415281.845
402.0	1.0004	413172766.743
403.0	1.0006	436864637.868
404.0	1.0008	460490339.896
405.0	1.001	484054879.983
406.0	1.0012	507559508.607
407.0	1.0014	531008024.637
408.0	1.0016	554403113.206
409.0	1.0018	577748546.221
410.0	1.002	601042967.714
411.0	1.0022	624291656.984
412.0	1.0024	647492542.779
413.0	1.0026	670650342.184
414.0	1.0028	693763491.234
415.0	1.003	716835839.688
416.0	1.0032	739866376.942
417.0	1.0034	762858139.956
418.0	1.0036	785810649.676
419.0	1.0038	808726269.145
420.0	1.004	831604951.034
421.0	1.0042	854448540.11
422.0	1.0044	877257274.717
423.0	1.0046	900032611.683
424.0	1.0048	922774946.704
425.0	1.005	945485456.273
426.0	1.0052	968164608.467
427.0	1.0054	990813380.827
428.0	1.0056	1013432267.01
429.0	1.0058	1036022103.89
430.0	1.006	1058583385.8
431.0	1.0062	1081116846.36
432.0	1.0064	1103622969.25
433.0	1.0066	1126102412.28
434.0	1.0068	1148555643.28
435.0	1.007	1170983259.71
436.0	1.0072	1193385706.93
437.0	1.0074	1215763527.95
438.0	1.0076	1238117139.29
439.0	1.0078	1260447034.57
440.0	1.008	1282753601.43
441.0	1.0082	1305037291.86
442.0	1.0084	1327298468.0
443.0	1.0086	1349537548.41
444.0	1.0088	1371754875.0
445.0	1.009	1393950839.89
446.0	1.0092	1416125766.47
447.0	1.0094	1438280021.01
448.0	1.0096	1460413907.39
449.0	1.0098	1482527767.94
450.0	1.01	1504621890.0
451.0	1.0102	1526696596.4
452.0	1.0104	1548752160.65
453.0	1.0106	1570788888.48
454.0	1.0108	1592807039.11
455.0	1.011	1614806900.48
456.0	1.0112	1636788714.59
457.0	1.0114	1658752749.29
458.0	1.0116	1680699226.36
459.0	1.0118	1702628392.43
460.0	1.012	1724540450.0
461.0	1.0122	1746435628.07
462.0	1.0124	1768314114.96
463.0	1.0126	1790176126.36
464.0	1.0128	1812021840.75
465.0	1.013	1833851464.32
466.0	1.0132	1855665169.92
467.0	1.0134	1877463157.2
468.0	1.0136	1899245595.61
469.0	1.0138	1921012679.2
470.0	1.014	1942764574.1
471.0	1.0142	1964501468.75
472.0	1.0144	1986223526.36
473.0	1.0146	2007930931.01
474.0	1.0148	2029623843.66
475.0	1.015	2051302444.06
476.0	1.0152	2072966889.65
477.0	1.0154	2094617354.52
478.0	1.0156	2116253991.19
479.0	1.0158	2137876967.6
480.0	1.016	2159486431.17
481.0	1.0162	2181082544.32
482.0	1.0164	2202665450.38
483.0	1.0166	2224235307.38
484.0	1.0168	2245792254.49
485.0	1.017	2267336444.53
486.0	1.0172	2288868010.77
487.0	1.0174	2310387098.53
488.0	1.0176	2331893833.07
489.0	1.0178	2353388350.61
490.0	1.018	2374870768.17
491.0	1.0182	2396341213.24
492.0	1.0184	2417799795.58
493.0	1.0186	2439246635.36
494.0	1.0188	2460681836.02
495.0	1.019	2482105511.44
496.0	1.0192	2503517759.54
497.0	1.0194	2524918689.11
498.0	1.0196	2546308393.36
499.0	1.0198	2567686976.85
500.0	1.02	2589054528.39
501.0	1.02	2589054528.39
