3	header
postResults v2.0.2	single_phase_equiaxed_tension.spectralOut --cr f,p
filterTable v2.0.2	--white inc,1_f,1_p
inc	1_f	1_p
0.0	0.999996185303	1.0850164906e-05
1.0	1.00019618461	32750899.8868
2.0	1.00039618392	2.14690175709e+218
3.0	1.00059618323	2.69131879475e+63
4.0	1.00079618254	130965705.45
5.0	1.00099618185	163756834.521
6.0	1.00119618116	196567832.845
7.0	1.00139618047	229398737.752
8.0	1.00159617978	-1.20145499808e+241
9.0	1.00179617909	295120209.315
10.0	1.0019961784	1.04567490325e+71
11.0	1.00219617771	7.2415003189e+263
12.0	0.0	nan
13.0	1.00259617632	426801637.413
14.0	1.00279617563	459770622.841
15.0	1.00299617494	-5.72098793301e+60
16.0	1.00319617425	525748231.916
17.0	1.00339617357	3.18465522161e+198
18.0	1.00359617289	1.40194542023e+107
19.0	1.00379617223	624288635.503
20.0	1.00399617159	-6.73145384407e+59
21.0	1.00419617098	688259111.671
22.0	1.0043961704	719233608.858
23.0	1.00459616984	749475540.911
24.0	1.00479616928	779058485.535
25.0	1.00499616874	808096104.666
26.0	1.00519616819	-1.22901771969e+260
27.0	1.00539616766	-2.67741378576e+96
28.0	1.00559616711	892941659.264
29.0	1.00579616658	1.83784462653e+58
30.0	1.00599616605	948246496.429
31.0	1.00619616552	975649411.141
32.0	1.00639616499	1002926626.26
33.0	1.00659616448	-12237009789.5
34.0	1.00679616396	9.35303756229e+86
35.0	1.00699616345	-3.70477750385e+208
36.0	1.00719616294	-1.40246001582e+194
37.0	1.00739616244	-8.56390285593e+91
38.0	1.00759616194	-1.04507797336e+209
39.0	1.00779616146	1191137466.71
40.0	1.00799616097	-4.39373890506e+139
41.0	1.00819616049	-1.05318774884e+130
42.0	1.00839616002	1270057070.19
43.0	1.00859615956	1296038257.36
44.0	1.0087961591	1321843471.82
45.0	1.00899615866	1347467135.5
46.0	1.00919615822	2.18791637376e+181
47.0	1.0093961578	6.00388524532e+204
48.0	1.00959615738	2.97974494052e+272
49.0	1.00979615697	1448194698.85
50.0	1.00999615657	1.24158331273e+280
51.0	1.01019615617	-5.43951587339e+170
52.0	1.01039615578	1522034579.91
53.0	1.01059615541	1546357528.61
54.0	1.01079615503	1570546635.03
55.0	1.01099615466	1594606295.49
56.0	1.0111961543	4.02026288032e+229
57.0	1.01139615394	4.97911808146e+234
58.0	1.01159615359	1666064076.12
59.0	1.01179615324	1689657420.26
60.0	1.01199615289	-4.74246452533e+291
61.0	0.0	nan
62.0	0.0	nan
63.0	0.0	nan
64.0	0.0	nan
65.0	1.01299615122	7.49469442029e+158
66.0	1.01319615089	-2.22677159177e+108
67.0	1.01339615056	-1.56310037441e+18
68.0	0.0	nan
69.0	0.0	nan
70.0	0.0	nan
71.0	0.0	nan
72.0	0.0	nan
73.0	0.0	nan
74.0	0.0	nan
75.0	0.0	nan
76.0	0.0	nan
77.0	0.0	nan
78.0	0.0	nan
79.0	0.0	nan
80.0	0.0	nan
81.0	0.0	nan
82.0	0.0	nan
83.0	0.0	nan
84.0	0.0	nan
85.0	0.0	nan
86.0	0.0	nan
87.0	0.0	nan
88.0	0.0	nan
89.0	0.0	nan
90.0	0.0	nan
91.0	0.0	nan
92.0	0.0	nan
93.0	0.0	nan
94.0	0.0	nan
95.0	0.0	nan
96.0	0.0	nan
97.0	0.0	nan
98.0	0.0	nan
99.0	0.0	nan
100.0	0.0	nan
101.0	0.0	nan
102.0	0.0	nan
103.0	0.0	nan
104.0	0.0	nan
105.0	0.0	nan
106.0	0.0	nan
107.0	0.0	nan
108.0	0.0	nan
109.0	0.0	nan
110.0	0.0	nan
111.0	0.0	nan
112.0	0.0	nan
113.0	0.0	nan
114.0	0.0	nan
115.0	0.0	nan
116.0	0.0	nan
117.0	0.0	nan
118.0	0.0	nan
119.0	0.0	nan
120.0	0.0	nan
121.0	0.0	nan
122.0	0.0	nan
123.0	0.0	nan
124.0	0.0	nan
125.0	0.0	nan
126.0	0.0	nan
127.0	0.0	nan
128.0	0.0	nan
129.0	0.0	nan
130.0	0.0	nan
131.0	0.0	nan
132.0	0.0	nan
133.0	0.0	nan
134.0	0.0	nan
135.0	0.0	nan
136.0	0.0	nan
137.0	0.0	nan
138.0	0.0	nan
139.0	0.0	nan
140.0	0.0	nan
141.0	0.0	nan
142.0	0.0	nan
143.0	0.0	nan
144.0	0.0	nan
145.0	0.0	nan
146.0	0.0	nan
147.0	0.0	nan
148.0	0.0	nan
149.0	0.0	nan
150.0	0.0	nan
151.0	0.0	nan
152.0	0.0	nan
153.0	0.0	nan
154.0	0.0	nan
155.0	0.0	nan
156.0	0.0	nan
157.0	0.0	nan
158.0	0.0	nan
159.0	0.0	nan
160.0	0.0	nan
161.0	0.0	nan
162.0	0.0	nan
163.0	0.0	nan
164.0	0.0	nan
165.0	0.0	nan
166.0	0.0	nan
167.0	0.0	nan
168.0	0.0	nan
169.0	0.0	nan
170.0	0.0	nan
171.0	0.0	nan
172.0	0.0	nan
173.0	0.0	nan
174.0	0.0	nan
175.0	0.0	nan
176.0	0.0	nan
177.0	0.0	nan
178.0	0.0	nan
179.0	0.0	nan
180.0	0.0	nan
181.0	0.0	nan
182.0	0.0	nan
183.0	0.0	nan
184.0	0.0	nan
185.0	0.0	nan
186.0	0.0	nan
187.0	0.0	nan
188.0	0.0	nan
189.0	0.0	nan
190.0	0.0	nan
191.0	0.0	nan
192.0	0.0	nan
193.0	0.0	nan
194.0	0.0	nan
195.0	0.0	nan
196.0	0.0	nan
197.0	0.0	nan
198.0	0.0	nan
199.0	0.0	nan
200.0	0.0	nan
201.0	0.0	nan
202.0	0.0	nan
203.0	0.0	nan
204.0	0.0	nan
205.0	0.0	nan
206.0	0.0	nan
207.0	0.0	nan
208.0	0.0	nan
209.0	0.0	nan
210.0	0.0	nan
211.0	0.0	nan
212.0	0.0	nan
213.0	0.0	nan
214.0	0.0	nan
215.0	0.0	nan
216.0	0.0	nan
217.0	0.0	nan
218.0	0.0	nan
219.0	0.0	nan
220.0	0.0	nan
221.0	0.0	nan
222.0	0.0	nan
223.0	0.0	nan
224.0	0.0	nan
225.0	0.0	nan
226.0	0.0	nan
227.0	0.0	nan
228.0	0.0	nan
229.0	0.0	nan
230.0	0.0	nan
231.0	0.0	nan
232.0	0.0	nan
233.0	0.0	nan
234.0	0.0	nan
235.0	0.0	nan
236.0	0.0	nan
237.0	0.0	nan
238.0	0.0	nan
239.0	0.0	nan
240.0	0.0	nan
241.0	0.0	nan
242.0	0.0	nan
243.0	0.0	nan
244.0	0.0	nan
245.0	0.0	nan
246.0	0.0	nan
247.0	0.0	nan
248.0	0.0	nan
249.0	0.0	nan
250.0	0.0	nan
251.0	0.0	nan
252.0	0.0	nan
253.0	0.0	nan
254.0	0.0	nan
255.0	0.0	nan
256.0	0.0	nan
257.0	0.0	nan
258.0	0.0	nan
259.0	0.0	nan
260.0	0.0	nan
261.0	0.0	nan
262.0	0.0	nan
263.0	0.0	nan
264.0	0.0	nan
265.0	0.0	nan
266.0	0.0	nan
267.0	0.0	nan
268.0	0.0	nan
269.0	0.0	nan
270.0	0.0	nan
271.0	0.0	nan
272.0	0.0	nan
273.0	0.0	nan
274.0	0.0	nan
275.0	0.0	nan
276.0	0.0	nan
277.0	0.0	nan
278.0	0.0	nan
279.0	0.0	nan
280.0	0.0	nan
281.0	0.0	nan
282.0	0.0	nan
283.0	0.0	nan
284.0	0.0	nan
285.0	0.0	nan
286.0	0.0	nan
287.0	0.0	nan
288.0	0.0	nan
289.0	0.0	nan
290.0	0.0	nan
291.0	0.0	nan
292.0	0.0	nan
293.0	0.0	nan
294.0	0.0	nan
295.0	0.0	nan
296.0	0.0	nan
297.0	0.0	nan
298.0	0.0	nan
299.0	0.0	nan
300.0	0.0	nan
301.0	0.0	nan
302.0	0.0	nan
303.0	0.0	nan
304.0	0.0	nan
305.0	0.0	nan
306.0	0.0	nan
307.0	0.0	nan
308.0	0.0	nan
309.0	0.0	nan
310.0	0.0	nan
311.0	0.0	nan
312.0	0.0	nan
313.0	0.0	nan
314.0	0.0	nan
315.0	0.0	nan
316.0	0.0	nan
317.0	0.0	nan
318.0	0.0	nan
319.0	0.0	nan
320.0	0.0	nan
321.0	0.0	nan
322.0	0.0	nan
323.0	0.0	nan
324.0	0.0	nan
325.0	0.0	nan
326.0	0.0	nan
327.0	0.0	nan
328.0	0.0	nan
329.0	0.0	nan
330.0	0.0	nan
331.0	0.0	nan
332.0	0.0	nan
333.0	0.0	nan
334.0	0.0	nan
335.0	0.0	nan
336.0	0.0	nan
337.0	0.0	nan
338.0	0.0	nan
339.0	0.0	nan
340.0	0.0	nan
341.0	0.0	nan
342.0	0.0	nan
343.0	0.0	nan
344.0	0.0	nan
345.0	0.0	nan
346.0	0.0	nan
347.0	0.0	nan
348.0	0.0	nan
349.0	0.0	nan
350.0	0.0	nan
351.0	0.0	nan
352.0	0.0	nan
353.0	0.0	nan
354.0	0.0	nan
355.0	0.0	nan
356.0	0.0	nan
357.0	0.0	nan
358.0	0.0	nan
359.0	0.0	nan
360.0	0.0	nan
361.0	0.0	nan
362.0	0.0	nan
363.0	0.0	nan
364.0	0.0	nan
365.0	0.0	nan
366.0	0.0	nan
367.0	0.0	nan
368.0	0.0	nan
369.0	0.0	nan
370.0	0.0	nan
371.0	0.0	nan
372.0	0.0	nan
373.0	0.0	nan
374.0	0.0	nan
375.0	0.0	nan
376.0	0.0	nan
377.0	0.0	nan
378.0	0.0	nan
379.0	0.0	nan
380.0	0.0	nan
381.0	0.0	nan
382.0	0.0	nan
383.0	0.0	nan
384.0	0.0	nan
385.0	0.0	nan
386.0	0.0	nan
387.0	0.0	nan
388.0	0.0	nan
389.0	0.0	nan
390.0	0.0	nan
391.0	0.0	nan
392.0	0.0	nan
393.0	0.0	nan
394.0	0.0	nan
395.0	0.0	nan
396.0	0.0	nan
397.0	0.0	nan
398.0	0.0	nan
399.0	0.0	nan
400.0	0.0	nan
401.0	0.0	nan
402.0	0.0	nan
403.0	0.0	nan
404.0	0.0	nan
405.0	0.0	nan
406.0	0.0	nan
407.0	0.0	nan
408.0	0.0	nan
409.0	0.0	nan
410.0	0.0	nan
411.0	0.0	nan
412.0	0.0	nan
413.0	0.0	nan
414.0	0.0	nan
415.0	0.0	nan
416.0	0.0	nan
417.0	0.0	nan
418.0	0.0	nan
419.0	0.0	nan
420.0	0.0	nan
421.0	0.0	nan
422.0	0.0	nan
423.0	0.0	nan
424.0	0.0	nan
425.0	0.0	nan
426.0	0.0	nan
427.0	0.0	nan
428.0	0.0	nan
429.0	0.0	nan
430.0	0.0	nan
431.0	0.0	nan
432.0	0.0	nan
433.0	0.0	nan
434.0	0.0	nan
435.0	0.0	nan
436.0	0.0	nan
437.0	0.0	nan
438.0	0.0	nan
439.0	0.0	nan
440.0	0.0	nan
441.0	0.0	nan
442.0	0.0	nan
443.0	0.0	nan
444.0	0.0	nan
445.0	0.0	nan
446.0	0.0	nan
447.0	0.0	nan
448.0	0.0	nan
449.0	0.0	nan
450.0	0.0	nan
451.0	0.0	nan
452.0	0.0	nan
453.0	0.0	nan
454.0	0.0	nan
455.0	0.0	nan
456.0	0.0	nan
457.0	0.0	nan
458.0	0.0	nan
459.0	0.0	nan
460.0	0.0	nan
461.0	0.0	nan
462.0	0.0	nan
463.0	0.0	nan
464.0	0.0	nan
465.0	0.0	nan
466.0	0.0	nan
467.0	0.0	nan
468.0	0.0	nan
469.0	0.0	nan
470.0	0.0	nan
471.0	0.0	nan
472.0	0.0	nan
473.0	0.0	nan
474.0	0.0	nan
475.0	0.0	nan
476.0	0.0	nan
477.0	0.0	nan
478.0	0.0	nan
479.0	0.0	nan
480.0	0.0	nan
481.0	0.0	nan
482.0	0.0	nan
483.0	0.0	nan
484.0	0.0	nan
485.0	1.01699614456	2283719440.68
486.0	0.0	nan
487.0	1.01739614393	2327080752.74
488.0	1.01759614362	2348739902.25
489.0	1.01779614331	2370384865.52
490.0	0.0	nan
491.0	1.01819614269	2.51641336645e+263
492.0	1.01839614238	2435235721.69
493.0	1.01859614207	2456824989.91
494.0	1.01879614176	5.69522017142e+291
495.0	0.0	nan
496.0	0.0	nan
497.0	0.0	nan
498.0	0.0	nan
499.0	0.0	nan
500.0	3.85940074921e-06	nan
