3	header
postResults v2.0.2	single_phase_equiaxed_tension.spectralOut --cr f,p
filterTable v2.0.2	--white inc,1_f,1_p
inc	1_f	1_p
0.0	1.0	3.74501667945e-06
1.0	1.0002	32743576.4402
2.0	1.0004	65507069.8512
3.0	1.0006	98290440.7553
4.0	1.0008	131093743.458
5.0	1.001	163916953.743
6.0	1.0012	196760068.227
7.0	1.0014	229623114.538
8.0	1.0016	262506074.718
9.0	1.0018	295408960.153
10.0	1.002	328331772.167
11.0	1.0022	361274507.225
12.0	1.0024	394237109.083
13.0	1.0026	427219331.251
14.0	1.0028	460220109.72
15.0	1.003	493235513.121
16.0	1.0032	526252726.56
17.0	1.0034	559235742.029
18.0	1.0036	592103777.217
19.0	1.0038	624723201.465
20.0	1.004	656943085.369
21.0	1.0042	688653012.198
22.0	1.0044	719805909.639
23.0	1.0046	750401236.66
24.0	1.0048	780468234.603
25.0	1.005	810061734.434
26.0	1.0052	839185424.309
27.0	1.0054	867974072.67
28.0	1.0056	896451750.197
29.0	1.0058	924697362.661
30.0	1.006	952732694.476
31.0	1.0062	980593884.243
32.0	1.0064	1008302759.66
33.0	1.0066	1035869423.84
34.0	1.0068	1063299492.41
35.0	1.007	1090584807.83
36.0	1.0072	1117714812.5
37.0	1.0074	1144670953.48
38.0	1.0076	1171435598.33
39.0	1.0078	1197988116.11
40.0	1.008	1224311681.73
41.0	1.0082	1250389737.98
42.0	1.0084	1276211472.66
43.0	1.0086	1301768470.59
44.0	1.0088	1327058923.06
45.0	1.009	1352084128.49
46.0	1.0092	1376851320.25
47.0	1.0094	1401369980.68
48.0	1.0096	1425653746.24
49.0	1.0098	1449716954.62
50.0	1.01	1473576147.01
51.0	1.0102	1497247132.72
52.0	1.0104	1520746381.78
53.0	1.0106	1544088703.02
54.0	1.0108	1567288657.65
55.0	1.011	1590358797.96
56.0	1.0112	1613311102.9
57.0	1.0114	1636155626.71
58.0	1.0116	1658901886.9
59.0	1.0118	1681557758.8
60.0	1.012	1704130751.16
61.0	1.0122	1726627035.33
62.0	1.0124	1749052583.89
63.0	1.0126	1771412282.43
64.0	1.0128	1793710941.3
65.0	1.013	1815952472.32
66.0	1.0132	1838140794.72
67.0	1.0134	1860279067.29
68.0	1.0136	1882370507.37
69.0	1.0138	1904417674.77
70.0	1.014	1926423221.64
71.0	1.0142	1948389227.91
72.0	1.0144	1970317896.07
73.0	1.0146	1992210932.57
74.0	1.0148	2014070194.08
75.0	1.015	2035897105.47
76.0	1.0152	2057693262.76
77.0	1.0154	2079459879.24
78.0	1.0156	2101198349.73
79.0	1.0158	2122909722.33
80.0	1.016	2144595228.21
81.0	1.0162	2166255777.95
82.0	1.0164	2187892460.06
83.0	1.0166	2209506063.58
84.0	1.0168	2231097549.95
85.0	1.017	2252667600.73
86.0	1.0172	2274217065.62
87.0	1.0174	2295746532.53
88.0	1.0176	2317256754.24
89.0	1.0178	2338748239.07
90.0	1.018	2360221658.01
91.0	1.0182	2381677454.18
92.0	1.0184	2403116230.67
93.0	1.0186	2424538376.6
94.0	1.0188	2445944436.56
95.0	1.019	2467334752.64
96.0	1.0192	2488709817.69
97.0	1.0194	2510069932.93
98.0	1.0196	2531415546.62
99.0	1.0198	2552746925.84
100.0	1.02	2574064481.04
101.0	1.0198	2535404188.27
102.0	1.0196	2499428900.62
103.0	1.0194	2464657092.78
104.0	1.0192	2430511903.33
105.0	1.019	2396708317.19
106.0	1.0188	2363105236.31
107.0	1.0186	2329627126.41
108.0	1.0184	2296230090.4
109.0	1.0182	2262890026.44
110.0	1.018	2229591949.87
111.0	1.0178	2196327599.57
112.0	1.0176	2163091452.46
113.0	1.0174	2129880559.87
114.0	1.0172	2096692784.08
115.0	1.017	2063527055.59
116.0	1.0168	2030382498.88
117.0	1.0166	1997258725.83
118.0	1.0164	1964155353.54
119.0	1.0162	1931072253.45
120.0	1.016	1898009250.8
121.0	1.0158	1864966333.72
122.0	1.0156	1831943429.59
123.0	1.0154	1798940608.23
124.0	1.0152	1765957899.14
125.0	1.0152	1765957899.14
126.0	1.0148	1700053610.34
127.0	1.0146	1667132646.92
128.0	1.0146	1667132646.92
129.0	1.0142	1601355713.05
130.0	1.014	1568501572.07
131.0	1.0138	1535672258.39
132.0	1.0136	1502869769.03
133.0	1.0134	1470097178.63
134.0	1.0132	1437359215.54
135.0	1.013	1404665614.85
136.0	1.0128	1372036891.43
137.0	1.0126	1339514631.36
138.0	1.0124	1307166059.39
139.0	1.0122	1275073503.18
140.0	1.012	1243304999.77
141.0	1.0118	1211895656.77
142.0	1.0116	1180845458.86
143.0	1.0114	1150136058.7
144.0	1.0112	1119743391.58
145.0	1.011	1089649112.25
146.0	1.0108	1059840780.37
147.0	1.0106	1030311887.15
148.0	1.0104	1001053761.47
149.0	1.0102	972051881.709
150.0	1.01	943285330.905
151.0	1.0098	914732551.473
152.0	1.0096	886372612.659
153.0	1.0094	858188392.073
154.0	1.0092	830164787.55
155.0	1.009	802289394.267
156.0	1.0088	774549464.795
157.0	1.0086	746932864.408
158.0	1.0084	719426415.131
159.0	1.0082	692018029.447
160.0	1.008	664696000.901
161.0	1.0078	637451135.077
162.0	1.0076	610275883.482
163.0	1.0074	583165568.762
164.0	1.0072	556117033.864
165.0	1.007	529129196.963
166.0	1.0068	502201587.514
167.0	1.0066	475334946.188
168.0	1.0064	448530145.224
169.0	1.0062	421789043.618
170.0	1.006	395113648.377
171.0	1.0058	368506999.822
172.0	1.0056	341972319.766
173.0	1.0054	315513721.418
174.0	1.0052	289154267.47
175.0	1.005	262868642.08
176.0	1.0048	236669832.145
177.0	1.0046	210560089.417
178.0	1.0044	184545902.133
179.0	1.0042	158651409.626
180.0	1.004	132856788.961
181.0	1.0038	107173262.933
182.0	1.0036	81601147.5685
183.0	1.0034	56157069.5683
184.0	1.0032	30830227.6466
185.0	1.003	5628200.10222
186.0	1.0028	-19449104.2245
187.0	1.0026	-44393175.6623
188.0	1.0024	-69209522.3724
189.0	1.0022	-93896110.2461
190.0	1.002	-118454961.018
191.0	1.0018	-142886218.505
192.0	1.0016	-167191945.286
193.0	1.0016	-167191945.286
194.0	1.0012	-215441595.195
195.0	1.0012	-215441595.195
196.0	1.0008	-263231573.471
197.0	1.0008	-263231573.471
198.0	1.0006	-286962810.775
199.0	1.0002	-334129022.833
200.0	1.0002	-334129022.833
201.0	1.0	-357570883.837
202.0	0.9998	-380926560.294
203.0	0.9996	-404201389.718
204.0	0.9994	-427401047.043
205.0	0.9992	-450528349.313
206.0	0.999	-473589273.795
207.0	0.9988	-496586334.268
208.0	0.9986	-519524739.12
209.0	0.9984	-542406457.922
210.0	0.9982	-565235915.96
211.0	0.998	-588014793.312
212.0	0.9978	-610746628.174
213.0	0.9976	-633433034.549
214.0	0.9974	-656076765.094
215.0	0.9972	-678679401.884
216.0	0.997	-701243123.764
217.0	0.9968	-723769448.829
218.0	0.9966	-746260157.286
219.0	0.9964	-768716677.639
220.0	0.9962	-791140503.439
221.0	0.996	-813532957.018
222.0	0.9958	-835895311.33
223.0	0.9956	-858228776.375
224.0	0.9954	-880534453.798
225.0	0.9952	-902813453.743
226.0	0.995	-925066754.66
227.0	0.9948	-947295390.312
228.0	0.9946	-969500252.385
229.0	0.9944	-991682313.053
230.0	0.9942	-1013842395.35
231.0	0.994	-1035981413.38
232.0	0.9938	-1058100127.51
233.0	0.9936	-1080199393.05
234.0	0.9934	-1102279910.88
235.0	0.9932	-1124342476.73
236.0	0.993	-1146387733.33
237.0	0.9928	-1168416416.05
238.0	0.9926	-1190429110.98
239.0	0.9924	-1212426494.09
240.0	0.9922	-1234409096.78
241.0	0.992	-1256377537.81
242.0	0.9918	-1278332296.44
243.0	0.9916	-1300273937.71
244.0	0.9914	-1322202893.47
245.0	0.9912	-1344119680.35
246.0	0.991	-1366024688.39
247.0	0.9908	-1387918391.81
248.0	0.9906	-1409801145.27
249.0	0.9904	-1431673388.23
250.0	0.9902	-1453535447.44
251.0	0.99	-1475387735.21
252.0	0.9898	-1497230555.32
253.0	0.9896	-1519064295.76
254.0	0.9894	-1540889237.97
255.0	0.9892	-1562705745.57
256.0	0.989	-1584514076.16
257.0	0.9888	-1606314567.53
258.0	0.9886	-1628107452.69
259.0	0.9884	-1649893044.27
260.0	0.9882	-1671671552.74
261.0	0.988	-1693443268.42
262.0	0.9878	-1715208382.96
263.0	0.9876	-1736967169.02
264.0	0.9874	-1758719804.16
265.0	0.9872	-1780466546.39
266.0	0.987	-1802207560.59
267.0	0.9868	-1823943090.19
268.0	0.9866	-1845673287.78
269.0	0.9864	-1867398382.96
270.0	0.9862	-1889118517.65
271.0	0.986	-1910833909.24
272.0	0.9858	-1932544690.55
273.0	0.9856	-1954251067.43
274.0	0.9854	-1975953164.06
275.0	0.9852	-1997651174.64
276.0	0.985	-2019345213.97
277.0	0.9848	-2041035464.2
278.0	0.9846	-2062722030.41
279.0	0.9844	-2084405083.49
280.0	0.9842	-2106084719.37
281.0	0.984	-2127761098.87
282.0	0.9838	-2149434310.22
283.0	0.9836	-2171104506.53
284.0	0.9834	-2192771771.03
285.0	0.9832	-2214436251.63
286.0	0.983	-2236098028.26
287.0	0.9828	-2257757244.59
288.0	0.9826	-2279413977.49
289.0	0.9824	-2301068366.52
290.0	0.9822	-2322720485.15
291.0	0.982	-2344370468.09
292.0	0.9818	-2366018384.19
293.0	0.9816	-2387664362.07
294.0	0.9814	-2409308465.33
295.0	0.9812	-2430950817.3
296.0	0.981	-2452591478.37
297.0	0.9808	-2474230569.51
298.0	0.9806	-2495868150.56
299.0	0.9804	-2517504342.1
300.0	0.9802	-2539139203.88
301.0	0.9802	-2524308784.77
302.0	0.9804	-2490049882.67
303.0	0.9804	-2490049882.67
304.0	0.9806	-2456774682.78
305.0	0.9808	-2424057741.26
306.0	0.981	-2391586663.65
307.0	0.9812	-2359259319.63
308.0	0.9814	-2326997938.64
309.0	0.9816	-2294771920.86
310.0	0.9818	-2262558199.18
311.0	0.982	-2230345182.45
312.0	0.9822	-2198124377.79
313.0	0.9824	-2165891700.27
314.0	0.9826	-2133643828.13
315.0	0.9828	-2101379366.85
316.0	0.983	-2069096962.25
317.0	0.9832	-2036796148.34
318.0	0.9834	-2004476315.91
319.0	0.9836	-1972137357.21
320.0	0.9838	-1939778985.49
321.0	0.984	-1907401261.84
322.0	0.9842	-1875004076.75
323.0	0.9844	-1842587633.81
324.0	0.9846	-1810152006.42
325.0	0.9848	-1777697642.51
326.0	0.985	-1745224917.29
327.0	0.9852	-1712734694.26
328.0	0.9854	-1680227751.01
329.0	0.9856	-1647705449.26
330.0	0.9858	-1615169001.37
331.0	0.986	-1582620342.1
332.0	0.9862	-1550061276.28
333.0	0.9864	-1517494555.81
334.0	0.9866	-1484923227.3
335.0	0.9868	-1452352803.94
336.0	0.987	-1419793153.45
337.0	0.9872	-1387265652.4
338.0	0.9874	-1354810211.12
339.0	0.9876	-1322490275.41
340.0	0.9878	-1290380225.25
341.0	0.988	-1258544837.62
342.0	0.9882	-1227020648.98
343.0	0.9884	-1195818441.74
344.0	0.9886	-1164928126.31
345.0	0.9888	-1134331576.06
346.0	0.989	-1104007694.67
347.0	0.9892	-1073939634.35
348.0	0.9894	-1044114508.96
349.0	0.9896	-1014522164.54
350.0	0.9898	-985149269.701
351.0	0.99	-955979909.291
352.0	0.9902	-926995978.296
353.0	0.9904	-898180765.309
354.0	0.9906	-869519563.787
355.0	0.9908	-841000886.471
356.0	0.991	-812614371.431
357.0	0.9912	-784350122.538
358.0	0.9914	-756196957.421
359.0	0.9916	-728143241.27
360.0	0.9918	-700176966.335
361.0	0.992	-672287460.936
362.0	0.9922	-644465557.825
363.0	0.9924	-616704484.518
364.0	0.9926	-588999383.839
365.0	0.9928	-561347376.493
366.0	0.993	-533747018.431
367.0	0.9932	-506198088.035
368.0	0.9934	-478701415.398
369.0	0.9936	-451258658.319
370.0	0.9938	-423872395.971
371.0	0.994	-396546036.855
372.0	0.9942	-369283819.326
373.0	0.9944	-342090787.922
374.0	0.9948	-287954858.836
375.0	0.9948	-287954858.836
376.0	0.995	-261013705.475
377.0	0.9952	-234163025.729
378.0	0.9954	-207407001.392
379.0	0.9958	-154226091.901
380.0	0.9958	-154226091.901
381.0	0.996	-127807986.59
382.0	0.9962	-101509718.7
383.0	0.9966	-49295288.2162
384.0	0.9966	-49295288.216
385.0	0.9968	-23386751.848
386.0	0.997	2384692.29592
387.0	0.9974	53504907.9968
388.0	0.9974	53504907.997
389.0	0.9976	78849491.0467
390.0	0.9978	104050362.543
391.0	0.9982	154028020.564
392.0	0.9982	154028020.564
393.0	0.9986	203454584.674
394.0	0.9986	203454584.675
395.0	0.999	252359698.504
396.0	0.999	252359698.504
397.0	0.9994	300783272.61
398.0	0.9994	300783272.61
399.0	0.9996	324825938.084
400.0	0.9998	348765541.083
401.0	1.0002	396358390.959
402.0	1.0002	396358390.959
403.0	1.0004	420018883.105
404.0	1.0006	443596562.471
405.0	1.0008	467096347.563
406.0	1.001	490524237.619
407.0	1.0012	513881029.569
408.0	1.0014	537173926.401
409.0	1.0016	560403123.438
410.0	1.0018	583574288.148
411.0	1.002	606687943.005
412.0	1.0022	629748361.849
413.0	1.0024	652756336.845
414.0	1.0026	675715143.989
415.0	1.0028	698625763.674
416.0	1.003	721490758.639
417.0	1.0032	744311199.689
418.0	1.0034	767089156.971
419.0	1.0036	789825713.37
420.0	1.0038	812522590.882
421.0	1.004	835180835.87
422.0	1.0042	857801910.377
423.0	1.0044	880386799.904
424.0	1.0046	902936765.091
425.0	1.0048	925452721.464
426.0	1.005	947935773.5
427.0	1.0052	970386772.174
428.0	1.0054	992806704.554
429.0	1.0056	1015196364.76
430.0	1.0058	1037556647.64
431.0	1.006	1059888295.35
432.0	1.0062	1082192128.81
433.0	1.0064	1104468846.4
434.0	1.0066	1126719211.58
435.0	1.0068	1148943884.5
436.0	1.007	1171143575.65
437.0	1.0072	1193318900.73
438.0	1.0074	1215470511.58
439.0	1.0076	1237598972.03
440.0	1.0078	1259704874.86
441.0	1.008	1281788734.85
442.0	1.0082	1303851094.75
443.0	1.0084	1325892429.27
444.0	1.0086	1347913239.63
445.0	1.0088	1369913964.41
446.0	1.009	1391895064.95
447.0	1.0092	1413856941.96
448.0	1.0094	1435800016.05
449.0	1.0096	1457724650.12
450.0	1.0098	1479631228.31
451.0	1.01	1501520081.35
452.0	1.0102	1523391563.66
453.0	1.0104	1545245978.76
454.0	1.0106	1567083654.63
455.0	1.0108	1588904869.12
456.0	1.011	1610709925.18
457.0	1.0112	1632499076.44
458.0	1.0114	1654272602.37
459.0	1.0116	1676030733.58
460.0	1.0118	1697773728.01
461.0	1.012	1719501796.37
462.0	1.0122	1741215179.25
463.0	1.0124	1762914072.16
464.0	1.0126	1784598702.07
465.0	1.0128	1806269251.58
466.0	1.013	1827925934.3
467.0	1.0132	1849568919.64
468.0	1.0134	1871198406.8
469.0	1.0136	1892814551.69
470.0	1.0138	1914417539.1
471.0	1.014	1936007512.59
472.0	1.0142	1957584644.65
473.0	1.0144	1979149069.04
474.0	1.0146	2000700947.98
475.0	1.0148	2022240406.58
476.0	1.015	2043767596.93
477.0	1.0152	2065282634.78
478.0	1.0154	2086785661.68
479.0	1.0156	2108276783.95
480.0	1.0158	2129756133.27
481.0	1.016	2151223807.14
482.0	1.0162	2172679927.63
483.0	1.0164	2194124583.94
484.0	1.0166	2215557889.48
485.0	1.0168	2236979926.7
486.0	1.017	2258390802.34
487.0	1.0172	2279790594.3
488.0	1.0174	2301179404.3
489.0	1.0176	2322557306.52
490.0	1.0178	2343924397.98
491.0	1.018	2365280749.01
492.0	1.0182	2386626451.87
493.0	1.0184	2407961572.88
494.0	1.0186	2429286199.93
495.0	1.0188	2450600395.87
496.0	1.019	2471904245.61
497.0	1.0192	2493197810.1
498.0	1.0194	2514481173.42
499.0	1.0196	2535754396.64
500.0	1.0198	2557017564.98
501.0	1.02	2578270740.46
