3	header
postResults v2.0.2	single_phase_equiaxed_tension.spectralOut --cr f,p
filterTable v2.0.2	--white inc,1_f,1_p
inc	1_f	1_p
0.0	1.0	1.32999982124e-05
1.0	1.0002	32184310.9163
2.0	1.0004	64388220.8717
3.0	1.0006	96611648.3294
4.0	1.0008	128854617.017
5.0	1.001	161117139.023
6.0	1.0012	193399206.688
7.0	1.0014	225700852.191
8.0	1.0016	258022047.886
9.0	1.0018	290362807.493
10.0	1.002	322723131.547
11.0	1.0022	355103023.208
12.0	1.0024	387502411.245
13.0	1.0026	419921025.872
14.0	1.0028	452357709.578
15.0	1.003	484808155.11
16.0	1.0032	517258076.598
17.0	1.0034	549665589.813
18.0	1.0036	581927647.074
19.0	1.0038	613846975.486
20.0	1.004	645157234.809
21.0	1.0042	675632621.028
22.0	1.0044	705190314.936
23.0	1.0046	733894926.394
24.0	1.0048	761899169.842
25.0	1.005	789374071.912
26.0	1.0052	816361334.531
27.0	1.0054	843056313.356
28.0	1.0056	869487872.805
29.0	1.0058	895719567.456
30.0	1.006	921762347.301
31.0	1.0062	947635791.009
32.0	1.0064	973355435.051
33.0	1.0066	998927916.323
34.0	1.0068	1024361652.18
35.0	1.007	1049655264.38
36.0	1.0072	1074809941.14
37.0	1.0074	1099820396.91
38.0	1.0076	1124685214.22
39.0	1.0078	1149398959.51
40.0	1.008	1173960991.56
41.0	1.0082	1198367957.76
42.0	1.0084	1222621425.07
43.0	1.0086	1246720884.67
44.0	1.0088	1270670509.27
45.0	1.009	1294472624.66
46.0	1.0092	1318133784.23
47.0	1.0094	1341658680.52
48.0	1.0096	1365055506.27
49.0	1.0098	1388330383.66
50.0	1.01	1411492061.18
51.0	1.0102	1434546997.16
52.0	1.0104	1457503527.7
53.0	1.0106	1480367641.72
54.0	1.0108	1503146717.35
55.0	1.011	1525845908.5
56.0	1.0112	1548471487.67
57.0	1.0114	1571027727.34
58.0	1.0116	1593519875.97
59.0	1.0118	1615951435.53
60.0	1.012	1638326800.33
61.0	1.0122	1660648861.4
62.0	1.0124	1682921336.46
63.0	1.0126	1705146648.75
64.0	1.0128	1727327975.31
65.0	1.013	1749467364.42
66.0	1.0132	1771567538.27
67.0	1.0134	1793630225.9
68.0	1.0136	1815657757.21
69.0	1.0138	1837651588.91
70.0	1.014	1859613716.83
71.0	1.0142	1881545368.55
72.0	1.0144	1903448254.0
73.0	1.0146	1925323404.22
74.0	1.0148	1947172281.48
75.0	1.015	1968995746.62
76.0	1.0152	1990795048.98
77.0	1.0154	2012570905.02
78.0	1.0156	2034324385.61
79.0	1.0158	2056056090.54
80.0	1.016	2077766946.13
81.0	1.0162	2099457462.36
82.0	1.0164	2121128451.54
83.0	1.0166	2142780357.02
84.0	1.0168	2164413901.38
85.0	1.017	2186029478.2
86.0	1.0172	2207627737.14
87.0	1.0174	2229209032.59
88.0	1.0176	2250773952.2
89.0	1.0178	2272322817.23
90.0	1.018	2293856160.0
91.0	1.0182	2315374271.59
92.0	1.0184	2336877633.05
93.0	1.0186	2358366505.86
94.0	1.0188	2379841321.85
95.0	1.019	2401302312.25
96.0	1.0192	2422749861.28
97.0	1.0194	2444184170.08
98.0	1.0196	2465605578.51
99.0	1.0198	2487014260.09
100.0	1.02	2508410515.9
101.0	1.0198	2471125151.03
102.0	1.0196	2436264446.82
103.0	1.0194	2402445984.93
104.0	1.0192	2369170280.1
105.0	1.019	2336149309.68
106.0	1.0188	2303278173.8
107.0	1.0186	2270493446.75
108.0	1.0184	2237768692.61
109.0	1.0182	2205086856.31
110.0	1.018	2172438864.18
111.0	1.0178	2139818593.59
112.0	1.0176	2107222996.8
113.0	1.0174	2074649850.44
114.0	1.0172	2042098103.01
115.0	1.017	2009566933.81
116.0	1.0168	1977055951.73
117.0	1.0166	1944564799.04
118.0	1.0164	1912093335.07
119.0	1.0162	1879641399.51
120.0	1.016	1847208965.96
121.0	1.0158	1814795977.7
122.0	1.0156	1782402496.82
123.0	1.0154	1750028593.0
124.0	1.0152	1717674524.52
125.0	1.015	1685340637.84
126.0	1.0148	1653027601.83
127.0	1.0146	1620736191.95
128.0	1.0144	1588467600.15
129.0	1.0142	1556223063.9
130.0	1.014	1524004362.29
131.0	1.0138	1491813286.38
132.0	1.0136	1459652344.05
133.0	1.0134	1427524443.97
134.0	1.0132	1395434784.41
135.0	1.013	1363393109.27
136.0	1.0128	1331421259.33
137.0	1.0126	1299564273.53
138.0	1.0124	1267905213.62
139.0	1.0122	1236564938.5
140.0	1.012	1205676482.11
141.0	1.0118	1175343456.03
142.0	1.0116	1145619863.06
143.0	1.0114	1116588544.99
144.0	1.0112	1088065025.82
145.0	1.011	1060031082.42
146.0	1.0108	1032377635.57
147.0	1.0106	1005071948.83
148.0	1.0104	978053209.757
149.0	1.0102	951275248.013
150.0	1.01	924696659.327
151.0	1.0098	898282463.126
152.0	1.0096	872007798.761
153.0	1.0094	845854235.533
154.0	1.0092	819810097.047
155.0	1.009	793867398.164
156.0	1.0088	768021096.787
157.0	1.0086	742266955.827
158.0	1.0084	716601387.424
159.0	1.0082	691020365.317
160.0	1.008	665519953.78
161.0	1.0078	640095927.303
162.0	1.0076	614744363.303
163.0	1.0074	589461476.315
164.0	1.0072	564244090.836
165.0	1.007	539089523.977
166.0	1.0068	513995944.372
167.0	1.0066	488962218.409
168.0	1.0064	463988128.751
169.0	1.0062	439074014.044
170.0	1.006	414220691.86
171.0	1.0058	389429048.031
172.0	1.0056	364700012.459
173.0	1.0054	340034340.767
174.0	1.0052	315432729.71
175.0	1.005	290895686.824
176.0	1.0048	266423696.652
177.0	1.0046	242035475.029
178.0	1.0044	217702655.397
179.0	1.0042	193431628.124
180.0	1.004	169223343.943
181.0	1.0038	145078564.459
182.0	1.0036	121011331.073
183.0	1.0034	97007606.2379
184.0	1.0032	73073056.0904
185.0	1.003	49206311.5253
186.0	1.0028	25408980.3977
187.0	1.0026	1688286.97557
188.0	1.0024	-21963792.9977
189.0	1.0022	-45544986.425
190.0	1.002	-69057719.7675
191.0	1.0018	-92499214.0407
192.0	1.0016	-115873439.161
193.0	1.0014	-139180982.66
194.0	1.0012	-162425564.336
195.0	1.001	-185606664.238
196.0	1.0008	-208728180.209
197.0	1.0006	-231794240.028
198.0	1.0004	-254803506.065
199.0	1.0002	-277760746.362
200.0	1.0	-300668382.402
201.0	0.9998	-323529276.54
202.0	0.9996	-346346282.909
203.0	0.9994	-369118247.29
204.0	0.9992	-391848750.998
205.0	0.999	-414540864.622
206.0	0.9988	-437195279.427
207.0	0.9986	-459814499.095
208.0	0.9984	-482399463.156
209.0	0.9982	-504952420.515
210.0	0.998	-527473917.767
211.0	0.9978	-549965942.718
212.0	0.9976	-572429059.601
213.0	0.9974	-594864941.608
214.0	0.9972	-617274258.565
215.0	0.997	-639658427.079
216.0	0.9968	-662018170.156
217.0	0.9966	-684354693.768
218.0	0.9964	-706668718.119
219.0	0.9962	-728961271.218
220.0	0.996	-751233040.758
221.0	0.9958	-773484912.961
222.0	0.9956	-795717537.497
223.0	0.9954	-817931696.082
224.0	0.9952	-840128006.641
225.0	0.995	-862307177.585
226.0	0.9948	-884469801.762
227.0	0.9946	-906616533.312
228.0	0.9944	-928747939.908
229.0	0.9942	-950864628.028
230.0	0.994	-972967135.045
231.0	0.9938	-995056020.725
232.0	0.9936	-1017131787.17
233.0	0.9934	-1039194947.08
234.0	0.9932	-1061245964.35
235.0	0.993	-1083285307.07
236.0	0.9928	-1105313404.17
237.0	0.9926	-1127330687.02
238.0	0.9924	-1149337555.72
239.0	0.9922	-1171334410.4
240.0	0.992	-1193321623.77
241.0	0.9918	-1215299564.87
242.0	0.9916	-1237268576.79
243.0	0.9914	-1259228995.66
244.0	0.9912	-1281181133.49
245.0	0.991	-1303125294.43
246.0	0.9908	-1325061762.18
247.0	0.9906	-1346990813.64
248.0	0.9904	-1368912708.86
249.0	0.9902	-1390827701.51
250.0	0.99	-1412736029.73
251.0	0.9898	-1434637924.86
252.0	0.9896	-1456533603.48
253.0	0.9894	-1478423275.66
254.0	0.9892	-1500307138.04
255.0	0.989	-1522185381.94
256.0	0.9888	-1544058186.5
257.0	0.9886	-1565925726.18
258.0	0.9884	-1587788164.18
259.0	0.9882	-1609645659.62
260.0	0.988	-1631498361.55
261.0	0.9878	-1653346416.0
262.0	0.9876	-1675189960.86
263.0	0.9874	-1697029132.79
264.0	0.9872	-1718864062.29
265.0	0.987	-1740694880.28
266.0	0.9868	-1762521712.72
267.0	0.9866	-1784344686.86
268.0	0.9864	-1806163924.92
269.0	0.9862	-1827979550.67
270.0	0.986	-1849791681.63
271.0	0.9858	-1871600437.01
272.0	0.9856	-1893405928.55
273.0	0.9854	-1915208270.54
274.0	0.9852	-1937007568.68
275.0	0.985	-1958803932.21
276.0	0.9848	-1980597460.46
277.0	0.9846	-2002388257.17
278.0	0.9844	-2024176414.99
279.0	0.9842	-2045962031.67
280.0	0.984	-2067745193.45
281.0	0.9838	-2089525992.14
282.0	0.9836	-2111304507.91
283.0	0.9834	-2133080826.84
284.0	0.9832	-2154855023.56
285.0	0.983	-2176627178.9
286.0	0.9828	-2198397362.49
287.0	0.9826	-2220165650.5
288.0	0.9824	-2241932107.41
289.0	0.9822	-2263696804.46
290.0	0.982	-2285459800.03
291.0	0.9818	-2307221159.61
292.0	0.9816	-2328980934.24
293.0	0.9814	-2350739183.04
294.0	0.9812	-2372495949.32
295.0	0.981	-2394251286.11
296.0	0.9808	-2416005229.85
297.0	0.9806	-2437757828.86
298.0	0.9804	-2459509114.52
299.0	0.9802	-2481259132.39
300.0	0.98	-2503007911.02
301.0	0.9802	-2467632982.62
302.0	0.9804	-2434281752.35
303.0	0.9806	-2401781296.62
304.0	0.9808	-2369727086.14
305.0	0.981	-2337856362.26
306.0	0.9812	-2306082137.27
307.0	0.9814	-2274347168.12
308.0	0.9816	-2242629090.37
309.0	0.9818	-2210912759.47
310.0	0.982	-2179190416.02
311.0	0.9822	-2147456221.68
312.0	0.9824	-2115707479.02
313.0	0.9826	-2083942021.31
314.0	0.9828	-2052158934.74
315.0	0.983	-2020357403.41
316.0	0.9832	-1988537138.92
317.0	0.9834	-1956697770.13
318.0	0.9836	-1924839245.43
319.0	0.9838	-1892961395.31
320.0	0.984	-1861064310.21
321.0	0.9842	-1829147969.77
322.0	0.9844	-1797212660.94
323.0	0.9846	-1765258676.46
324.0	0.9848	-1733286833.63
325.0	0.985	-1701298163.38
326.0	0.9852	-1669294477.54
327.0	0.9854	-1637277730.2
328.0	0.9856	-1605250599.0
329.0	0.9858	-1573215427.7
330.0	0.986	-1541175145.1
331.0	0.9862	-1509132201.57
332.0	0.9864	-1477089977.14
333.0	0.9866	-1445052145.4
334.0	0.9868	-1413025299.97
335.0	0.987	-1381021130.15
336.0	0.9872	-1349064614.92
337.0	0.9874	-1317204736.11
338.0	0.9876	-1285528154.19
339.0	0.9878	-1254156021.51
340.0	0.988	-1223217447.6
341.0	0.9882	-1192808119.16
342.0	0.9884	-1163049870.22
343.0	0.9886	-1133799364.48
344.0	0.9888	-1105056594.2
345.0	0.989	-1076716300.83
346.0	0.9892	-1048811473.86
347.0	0.9894	-1021176013.83
348.0	0.9896	-993787823.003
349.0	0.9898	-966586041.994
350.0	0.99	-939558597.953
351.0	0.9902	-912678644.069
352.0	0.9904	-885927833.665
353.0	0.9906	-859290134.953
354.0	0.9908	-832752870.785
355.0	0.991	-806307421.008
356.0	0.9912	-779947635.036
357.0	0.9914	-753668910.663
358.0	0.9916	-727467683.0
359.0	0.9918	-701340524.729
360.0	0.992	-675284361.192
361.0	0.9922	-649296085.982
362.0	0.9924	-623372978.413
363.0	0.9926	-597512460.871
364.0	0.9928	-571712568.565
365.0	0.993	-545971758.107
366.0	0.9932	-520289338.63
367.0	0.9934	-494665247.859
368.0	0.9936	-469100228.127
369.0	0.9938	-443595390.891
370.0	0.994	-418152159.641
371.0	0.9942	-392771977.046
372.0	0.9944	-367456203.699
373.0	0.9946	-342206091.097
374.0	0.9948	-317022776.342
375.0	0.995	-291927077.987
376.0	0.9952	-266889503.649
377.0	0.9954	-241916389.628
378.0	0.9956	-217010153.16
379.0	0.9958	-192171340.925
380.0	0.996	-167404820.456
381.0	0.9962	-142725897.742
382.0	0.9964	-118116654.202
383.0	0.9966	-93582336.9735
384.0	0.9968	-69123134.8157
385.0	0.997	-44746869.9818
386.0	0.9972	-20446877.0732
387.0	0.9974	3773163.48537
388.0	0.9976	27914540.357
389.0	0.9978	51973496.3672
390.0	0.998	75953574.0318
391.0	0.9982	99854937.9803
392.0	0.9984	123679830.159
393.0	0.9986	147429423.738
394.0	0.9988	171104604.179
395.0	0.999	194711032.332
396.0	0.9992	218246410.48
397.0	0.9994	241718643.854
398.0	0.9996	265124837.641
399.0	0.9998	288470962.433
400.0	1.0	311759146.305
401.0	1.0002	334994038.41
402.0	1.0004	358173011.428
403.0	1.0006	381300809.603
404.0	1.0008	404379576.759
405.0	1.001	427411624.159
406.0	1.0012	450397611.613
407.0	1.0014	473340865.417
408.0	1.0016	496241471.568
409.0	1.0018	519102202.306
410.0	1.002	541923298.09
411.0	1.0022	564707030.324
412.0	1.0024	587453761.254
413.0	1.0026	610165439.279
414.0	1.0028	632842530.081
415.0	1.003	655486709.393
416.0	1.0032	678098507.128
417.0	1.0034	700679354.378
418.0	1.0036	723229795.315
419.0	1.0038	745751048.58
420.0	1.004	768243645.485
421.0	1.0042	790708633.295
422.0	1.0044	813146525.82
423.0	1.0046	835558239.197
424.0	1.0048	857944272.275
425.0	1.005	880305442.994
426.0	1.0052	902642238.838
427.0	1.0054	924955402.026
428.0	1.0056	947245406.773
429.0	1.0058	969512930.171
430.0	1.006	991758427.084
431.0	1.0062	1013982515.59
432.0	1.0064	1036185628.06
433.0	1.0066	1058368330.47
434.0	1.0068	1080531032.1
435.0	1.007	1102674252.39
436.0	1.0072	1124798376.0
437.0	1.0074	1146903877.98
438.0	1.0076	1168991115.71
439.0	1.0078	1191060521.84
440.0	1.008	1213112426.03
441.0	1.0082	1235147221.91
442.0	1.0084	1257165212.59
443.0	1.0086	1279166755.91
444.0	1.0088	1301152128.98
445.0	1.009	1323121655.59
446.0	1.0092	1345075587.46
447.0	1.0094	1367014217.64
448.0	1.0096	1388937775.47
449.0	1.0098	1410846528.1
450.0	1.01	1432740686.01
451.0	1.0102	1454620494.33
452.0	1.0104	1476486147.51
453.0	1.0106	1498337871.89
454.0	1.0108	1520175847.87
455.0	1.011	1542000284.89
456.0	1.0112	1563811349.97
457.0	1.0114	1585609236.34
458.0	1.0116	1607394098.04
459.0	1.0118	1629166112.95
460.0	1.012	1650925422.88
461.0	1.0122	1672672191.4
462.0	1.0124	1694406548.94
463.0	1.0126	1716128646.52
464.0	1.0128	1737838605.59
465.0	1.013	1759536568.06
466.0	1.0132	1781222649.85
467.0	1.0134	1802896987.28
468.0	1.0136	1824559693.36
469.0	1.0138	1846210900.43
470.0	1.014	1867850719.04
471.0	1.0142	1889479277.22
472.0	1.0144	1911096682.12
473.0	1.0146	1932703056.4
474.0	1.0148	1954298502.73
475.0	1.015	1975883137.43
476.0	1.0152	1997457057.6
477.0	1.0154	2019020372.18
478.0	1.0156	2040573171.49
479.0	1.0158	2062115556.15
480.0	1.016	2083647608.93
481.0	1.0162	2105169421.79
482.0	1.0164	2126681070.28
483.0	1.0166	2148182638.37
484.0	1.0168	2169674195.49
485.0	1.017	2191155818.93
486.0	1.0172	2212627573.2
487.0	1.0174	2234089529.87
488.0	1.0176	2255541748.97
489.0	1.0178	2276984296.46
490.0	1.018	2298417227.51
491.0	1.0182	2319840601.89
492.0	1.0184	2341254469.01
493.0	1.0186	2362658881.36
494.0	1.0188	2384053881.53
495.0	1.019	2405439513.96
496.0	1.0192	2426815814.12
497.0	1.0194	2448182818.99
498.0	1.0196	2469540558.21
499.0	1.0198	2490889063.55
500.0	1.02	2512228361.51
501.0	1.02	2512228361.51
