3	header
postResults v2.0.2	single_phase_equiaxed_tension.spectralOut --cr f,p
filterTable v2.0.2	--white inc,1_f,1_p
inc	1_f	1_p
0.0	1.0	8.55939381181e-06
1.0	1.0002	32572459.2501
2.0	1.0004	65164784.0076
3.0	1.0006	97776828.7897
4.0	1.0008	130408639.594
5.0	1.001	163060265.108
6.0	1.0012	195731670.433
7.0	1.0014	228422896.336
8.0	1.0016	261133912.098
9.0	1.0018	293864725.479
10.0	1.002	326615341.644
11.0	1.0022	359385767.592
12.0	1.0024	392175962.835
13.0	1.0026	424985775.476
14.0	1.0028	457814555.587
15.0	1.003	490659813.788
16.0	1.0032	523513361.264
17.0	1.0034	556350881.567
18.0	1.0036	589111287.685
19.0	1.0038	621671959.692
20.0	1.004	653849027.091
21.0	1.0042	685446252.417
22.0	1.0044	716327806.857
23.0	1.0046	746465518.111
24.0	1.0048	775933903.177
25.0	1.005	804783460.923
26.0	1.0052	833209842.248
27.0	1.0054	861271213.054
28.0	1.0056	889085192.728
29.0	1.0058	916691238.759
30.0	1.006	944141440.302
31.0	1.0062	971463101.229
32.0	1.0064	998677920.046
33.0	1.0066	1025793221.19
34.0	1.0068	1052809082.76
35.0	1.007	1079713593.05
36.0	1.0072	1106491260.72
37.0	1.0074	1133119007.16
38.0	1.0076	1159575635.97
39.0	1.0078	1185838161.75
40.0	1.008	1211890645.8
41.0	1.0082	1237718955.09
42.0	1.0084	1263317852.8
43.0	1.0086	1288683833.57
44.0	1.0088	1313820898.22
45.0	1.009	1338733025.02
46.0	1.0092	1363429563.83
47.0	1.0094	1387918605.71
48.0	1.0096	1412212111.77
49.0	1.0098	1436320240.92
50.0	1.01	1460255965.78
51.0	1.0102	1484030137.54
52.0	1.0104	1507655591.73
53.0	1.0106	1531142807.71
54.0	1.0108	1554503617.41
55.0	1.011	1577747370.78
56.0	1.0112	1600884337.06
57.0	1.0114	1623922337.24
58.0	1.0116	1646869872.97
59.0	1.0118	1669733183.95
60.0	1.012	1692519107.56
61.0	1.0122	1715232502.89
62.0	1.0124	1737878828.92
63.0	1.0126	1760461859.21
64.0	1.0128	1782985989.0
65.0	1.013	1805454188.54
66.0	1.0132	1827870061.26
67.0	1.0134	1850235995.02
68.0	1.0136	1872554997.59
69.0	1.0138	1894829024.43
70.0	1.014	1917060618.54
71.0	1.0142	1939251398.66
72.0	1.0144	1961403530.98
73.0	1.0146	1983518365.38
74.0	1.0148	2005597757.95
75.0	1.015	2027642844.97
76.0	1.0152	2049655226.6
77.0	1.0154	2071635870.12
78.0	1.0156	2093586159.69
79.0	1.0158	2115506921.36
80.0	1.016	2137399351.71
81.0	1.0162	2159264151.98
82.0	1.0164	2181102356.97
83.0	1.0166	2202914557.98
84.0	1.0168	2224701656.04
85.0	1.017	2246464154.6
86.0	1.0172	2268202852.4
87.0	1.0174	2289918190.68
88.0	1.0176	2311610892.5
89.0	1.0178	2333281359.93
90.0	1.018	2354930259.45
91.0	1.0182	2376557967.98
92.0	1.0184	2398165104.11
93.0	1.0186	2419752023.33
94.0	1.0188	2441319301.28
95.0	1.019	2462867273.28
96.0	1.0192	2484396475.26
97.0	1.0194	2505907221.21
98.0	1.0196	2527400007.54
99.0	1.0198	2548875125.23
100.0	1.02	2570333032.68
101.0	1.0198	2532066891.03
102.0	1.0196	2496345423.99
103.0	1.0194	2461795106.75
104.0	1.0192	2427878852.57
105.0	1.019	2394279909.56
106.0	1.0188	2360873271.07
107.0	1.0186	2327579378.64
108.0	1.0184	2294363068.24
109.0	1.0182	2261201195.73
110.0	1.018	2228081226.64
111.0	1.0178	2194994174.19
112.0	1.0176	2161935422.48
113.0	1.0174	2128901566.82
114.0	1.0172	2095890875.74
115.0	1.017	2062902033.88
116.0	1.0168	2029934400.76
117.0	1.0166	1996987386.91
118.0	1.0164	1964060752.78
119.0	1.0162	1931154222.22
120.0	1.016	1898267733.37
121.0	1.0158	1865401154.79
122.0	1.0156	1832554524.19
123.0	1.0154	1799727835.33
124.0	1.0152	1766921286.82
125.0	1.015	1734135094.07
126.0	1.0148	1701369767.73
127.0	1.0146	1668625873.02
128.0	1.0144	1635904322.69
129.0	1.0142	1603206005.08
130.0	1.014	1570532187.16
131.0	1.0138	1537884054.65
132.0	1.0136	1505263309.06
133.0	1.0134	1472671854.82
134.0	1.0132	1440113043.9
135.0	1.013	1407592675.38
136.0	1.0128	1375122943.36
137.0	1.0126	1342727669.91
138.0	1.0124	1310450515.53
139.0	1.0122	1278358793.35
140.0	1.012	1246538072.04
141.0	1.0118	1215074779.83
142.0	1.0116	1184091168.02
143.0	1.0114	1153549524.06
144.0	1.0112	1123500900.59
145.0	1.011	1093892803.31
146.0	1.0108	1064762288.05
147.0	1.0106	1035970805.46
148.0	1.0104	1007499202.96
149.0	1.0102	979281166.276
150.0	1.01	951303601.693
151.0	1.0098	923536553.993
152.0	1.0096	895954988.208
153.0	1.0094	868533980.347
154.0	1.0092	841247671.051
155.0	1.009	814075157.528
156.0	1.0088	786997703.485
157.0	1.0086	760000930.744
158.0	1.0084	733073266.555
159.0	1.0082	706206088.429
160.0	1.008	679392765.492
161.0	1.0078	652628473.68
162.0	1.0076	625909567.383
163.0	1.0074	599233465.632
164.0	1.0072	572598331.488
165.0	1.007	546003096.798
166.0	1.0068	519447402.435
167.0	1.0066	492931760.712
168.0	1.0064	466457611.815
169.0	1.0062	440027461.913
170.0	1.006	413644854.869
171.0	1.0058	387314368.845
172.0	1.0056	361041484.953
173.0	1.0054	334832473.621
174.0	1.0052	308694114.188
175.0	1.005	282633474.057
176.0	1.0048	256657609.617
177.0	1.0046	230785663.45
178.0	1.0044	205004890.155
179.0	1.0042	179325977.974
180.0	1.004	153752432.442
181.0	1.0038	128289221.252
182.0	1.0036	102949287.751
183.0	1.0034	77723313.0549
184.0	1.0032	52614921.883
185.0	1.003	27620532.1945
186.0	1.0028	2744671.96458
187.0	1.0026	-22020799.6189
188.0	1.0024	-46676873.3618
189.0	1.0022	-71227308.8214
190.0	1.002	-95675789.0451
191.0	1.0018	-120025360.441
192.0	1.0016	-144279928.117
193.0	1.0014	-168441248.819
194.0	1.0012	-192511927.785
195.0	1.001	-216495314.851
196.0	1.0008	-240392880.963
197.0	1.0006	-264207705.057
198.0	1.0004	-287941684.0
199.0	1.0002	-311597937.401
200.0	1.0	-335178754.826
201.0	0.9998	-358686891.858
202.0	0.9996	-382125667.023
203.0	0.9994	-405498762.866
204.0	0.9992	-428808977.816
205.0	0.999	-452059675.369
206.0	0.9988	-475253272.146
207.0	0.9986	-498392386.971
208.0	0.9984	-521480054.449
209.0	0.9982	-544518001.175
210.0	0.998	-567509717.657
211.0	0.9978	-590456449.024
212.0	0.9976	-613361488.887
213.0	0.9974	-636225810.425
214.0	0.9972	-659052253.25
215.0	0.997	-681841593.854
216.0	0.9968	-704596225.923
217.0	0.9966	-727316793.971
218.0	0.9964	-750005330.213
219.0	0.9962	-772662412.338
220.0	0.996	-795289797.54
221.0	0.9958	-817888039.919
222.0	0.9956	-840458680.947
223.0	0.9954	-863002262.309
224.0	0.9952	-885520144.559
225.0	0.995	-908012857.252
226.0	0.9948	-930481611.531
227.0	0.9946	-952926927.07
228.0	0.9944	-975349893.702
229.0	0.9942	-997751021.442
230.0	0.994	-1020131296.32
231.0	0.9938	-1042491209.95
232.0	0.9936	-1064831649.84
233.0	0.9934	-1087153077.76
234.0	0.9932	-1109456288.63
235.0	0.993	-1131741708.32
236.0	0.9928	-1154010049.46
237.0	0.9926	-1176261705.52
238.0	0.9924	-1198497323.67
239.0	0.9922	-1220717273.95
240.0	0.992	-1242922150.83
241.0	0.9918	-1265112303.03
242.0	0.9916	-1287288275.83
243.0	0.9914	-1309450393.36
244.0	0.9912	-1331599152.62
245.0	0.991	-1353734851.4
246.0	0.9908	-1375857943.16
247.0	0.9906	-1397968703.53
248.0	0.9904	-1420067552.16
249.0	0.9902	-1442154750.06
250.0	0.99	-1464230691.97
251.0	0.9898	-1486295628.42
252.0	0.9896	-1508349931.87
253.0	0.9894	-1530393841.46
254.0	0.9892	-1552427704.68
255.0	0.989	-1574451744.72
256.0	0.9888	-1596466281.67
257.0	0.9886	-1618471519.92
258.0	0.9884	-1640467753.9
259.0	0.9882	-1662455169.35
260.0	0.988	-1684434038.0
261.0	0.9878	-1706404527.84
262.0	0.9876	-1728366889.57
263.0	0.9874	-1750321272.98
264.0	0.9872	-1772267906.21
265.0	0.987	-1794206918.98
266.0	0.9868	-1816138516.88
267.0	0.9866	-1838062811.57
268.0	0.9864	-1859979990.94
269.0	0.9862	-1881890154.22
270.0	0.986	-1903793479.26
271.0	0.9858	-1925690060.09
272.0	0.9856	-1947580071.31
273.0	0.9854	-1969463607.88
274.0	0.9852	-1991340845.12
275.0	0.985	-2013211882.71
276.0	0.9848	-2035076897.63
277.0	0.9846	-2056935993.33
278.0	0.9844	-2078789345.23
279.0	0.9842	-2100637055.3
280.0	0.984	-2122479292.94
281.0	0.9838	-2144316154.13
282.0	0.9836	-2166147799.42
283.0	0.9834	-2187974316.21
284.0	0.9832	-2209795855.44
285.0	0.983	-2231612496.46
286.0	0.9828	-2253424381.88
287.0	0.9826	-2275231585.89
288.0	0.9824	-2297034244.74
289.0	0.9822	-2318832429.94
290.0	0.982	-2340626272.31
291.0	0.9818	-2362415841.45
292.0	0.9816	-2384201263.18
293.0	0.9814	-2405982605.84
294.0	0.9812	-2427759991.3
295.0	0.981	-2449533487.68
296.0	0.9808	-2471303213.81
297.0	0.9806	-2493069239.02
298.0	0.9804	-2514831679.94
299.0	0.9802	-2536590608.59
300.0	0.98	-2558346139.64
301.0	0.9802	-2522222239.89
302.0	0.9804	-2488212857.18
303.0	0.9806	-2455165628.73
304.0	0.9808	-2422638329.92
305.0	0.981	-2390349360.44
306.0	0.9812	-2358193017.23
307.0	0.9814	-2326098381.09
308.0	0.9816	-2294035398.23
309.0	0.9818	-2261983718.19
310.0	0.982	-2229932755.93
311.0	0.9822	-2197874206.99
312.0	0.9824	-2165803999.03
313.0	0.9826	-2133718918.46
314.0	0.9828	-2101617471.14
315.0	0.983	-2069498358.2
316.0	0.9832	-2037361108.42
317.0	0.9834	-2005205095.66
318.0	0.9836	-1973030206.56
319.0	0.9838	-1940836117.96
320.0	0.984	-1908622918.49
321.0	0.9842	-1876390505.76
322.0	0.9844	-1844139205.27
323.0	0.9846	-1811869245.27
324.0	0.9848	-1779581452.16
325.0	0.985	-1747276623.73
326.0	0.9852	-1714956314.92
327.0	0.9854	-1682621784.72
328.0	0.9856	-1650275094.6
329.0	0.9858	-1617917639.28
330.0	0.986	-1585551741.31
331.0	0.9862	-1553178849.55
332.0	0.9864	-1520801611.0
333.0	0.9866	-1488422246.11
334.0	0.9868	-1456045555.6
335.0	0.987	-1423678784.35
336.0	0.9872	-1391337466.38
337.0	0.9874	-1359048993.85
338.0	0.9876	-1326859954.63
339.0	0.9878	-1294835136.66
340.0	0.988	-1263049067.94
341.0	0.9882	-1231574483.14
342.0	0.9884	-1200471817.27
343.0	0.9886	-1169782722.19
344.0	0.9888	-1139589020.25
345.0	0.989	-1109768309.32
346.0	0.9892	-1080325477.56
347.0	0.9894	-1051182468.42
348.0	0.9896	-1022321368.41
349.0	0.9898	-993701715.878
350.0	0.99	-965297077.654
351.0	0.9902	-937079993.804
352.0	0.9904	-909027437.578
353.0	0.9906	-881116678.548
354.0	0.9908	-853327978.481
355.0	0.991	-825641320.176
356.0	0.9912	-798040745.941
357.0	0.9914	-770511348.304
358.0	0.9916	-743042634.353
359.0	0.9918	-715625336.069
360.0	0.992	-688253661.799
361.0	0.9922	-660922403.065
362.0	0.9924	-633628739.062
363.0	0.9926	-606369882.082
364.0	0.9928	-579144774.999
365.0	0.993	-551952280.131
366.0	0.9932	-524792874.235
367.0	0.9934	-497667231.117
368.0	0.9936	-470577764.953
369.0	0.9938	-443527336.104
370.0	0.994	-416520546.917
371.0	0.9942	-389562513.556
372.0	0.9944	-362659930.866
373.0	0.9946	-335819861.454
374.0	0.9948	-309050593.548
375.0	0.995	-282360416.715
376.0	0.9952	-255758333.535
377.0	0.9954	-229264721.408
378.0	0.9956	-202869579.435
379.0	0.9958	-176584173.837
380.0	0.996	-150414024.688
381.0	0.9962	-124364011.58
382.0	0.9964	-98446712.4965
383.0	0.9966	-72654566.8185
384.0	0.9968	-46990811.0007
385.0	0.997	-21452160.9445
386.0	0.9972	3958665.85566
387.0	0.9974	29248058.6916
388.0	0.9976	54417407.89
389.0	0.9978	79471751.4567
390.0	0.998	104411549.444
391.0	0.9982	129241344.557
392.0	0.9984	153963899.903
393.0	0.9986	178582891.553
394.0	0.9988	203099940.385
395.0	0.999	227519784.88
396.0	0.9992	251843551.394
397.0	0.9994	276076503.3
398.0	0.9996	300219874.928
399.0	0.9998	324278496.566
400.0	1.0	348255366.7
401.0	1.0002	372153073.323
402.0	1.0004	395975679.215
403.0	1.0006	419726933.418
404.0	1.0008	443409499.159
405.0	1.001	467027012.999
406.0	1.0012	490581381.91
407.0	1.0014	514075827.593
408.0	1.0016	537512263.197
409.0	1.0018	560893232.193
410.0	1.002	584220947.579
411.0	1.0022	607497446.772
412.0	1.0024	630724940.595
413.0	1.0026	653905116.191
414.0	1.0028	677040008.897
415.0	1.003	700131035.134
416.0	1.0032	723180029.854
417.0	1.0034	746188190.111
418.0	1.0036	769157156.061
419.0	1.0038	792087943.153
420.0	1.004	814982010.911
421.0	1.0042	837840228.705
422.0	1.0044	860663898.312
423.0	1.0046	883453773.639
424.0	1.0048	906211022.9
425.0	1.005	928936307.626
426.0	1.0052	951630682.201
427.0	1.0054	974294735.059
428.0	1.0056	996929424.706
429.0	1.0058	1019535280.92
430.0	1.006	1042113178.94
431.0	1.0062	1064663596.17
432.0	1.0064	1087187332.7
433.0	1.0066	1109684818.49
434.0	1.0068	1132156784.82
435.0	1.007	1154603618.25
436.0	1.0072	1177025988.2
437.0	1.0074	1199424245.49
438.0	1.0076	1221799006.9
439.0	1.0078	1244150593.78
440.0	1.008	1266479575.93
441.0	1.0082	1288786249.11
442.0	1.0084	1311071140.16
443.0	1.0086	1333334521.42
444.0	1.0088	1355576879.13
445.0	1.009	1377798462.57
446.0	1.0092	1399999719.47
447.0	1.0094	1422180878.38
448.0	1.0096	1444342352.66
449.0	1.0098	1466484353.11
450.0	1.01	1488607262.7
451.0	1.0102	1510711276.67
452.0	1.0104	1532796750.39
453.0	1.0106	1554863863.9
454.0	1.0108	1576912945.16
455.0	1.011	1598944158.86
456.0	1.0112	1620957806.26
457.0	1.0114	1642954038.04
458.0	1.0116	1664933129.92
459.0	1.0118	1686895219.85
460.0	1.012	1708840560.14
461.0	1.0122	1730769279.35
462.0	1.0124	1752681609.58
463.0	1.0126	1774577671.23
464.0	1.0128	1796457676.95
465.0	1.013	1818321737.94
466.0	1.0132	1840170047.98
467.0	1.0134	1862002707.01
468.0	1.0136	1883819889.79
469.0	1.0138	1905621683.69
470.0	1.014	1927408246.81
471.0	1.0142	1949179657.25
472.0	1.0144	1970936062.63
473.0	1.0146	1992677537.84
474.0	1.0148	2014404225.51
475.0	1.015	2036116202.15
476.0	1.0152	2057813610.09
477.0	1.0154	2079496531.93
478.0	1.0156	2101165112.41
479.0	1.0158	2122819439.31
480.0	1.016	2144459656.51
481.0	1.0162	2166085853.06
482.0	1.0164	2187698168.25
483.0	1.0166	2209296688.48
484.0	1.0168	2230881544.47
485.0	1.017	2252452816.36
486.0	1.0172	2274010625.11
487.0	1.0174	2295555044.75
488.0	1.0176	2317086188.12
489.0	1.0178	2338604124.45
490.0	1.018	2360108959.76
491.0	1.0182	2381600759.07
492.0	1.0184	2403079622.07
493.0	1.0186	2424545609.86
494.0	1.0188	2445998816.43
495.0	1.019	2467439299.87
496.0	1.0192	2488867150.21
497.0	1.0194	2510282424.21
498.0	1.0196	2531685209.61
499.0	1.0198	2553075563.17
500.0	1.02	2574453571.43
501.0	1.02	2574453571.43
