3	header
postResults v2.0.2	single_phase_equiaxed_tension.spectralOut --cr f,p
filterTable v2.0.2	--white inc,1_f,1_p
inc	1_f	1_p
0.0	0.999996185303	-2.56441684084e+218
1.0	1.00019618457	32456986.7111
2.0	1.00039618383	64933694.0703
3.0	1.0005961831	97430082.4929
4.0	1.00079618236	129946190.741
5.0	1.00099618163	1.30082022479e+192
6.0	1.00119618089	9.82327091611e+230
7.0	1.00139618016	1.22919071974e+84
8.0	1.00159617942	260207730.353
9.0	1.00179617869	292822413.031
10.0	1.00199617795	325456819.286
11.0	1.00219617722	358110966.516
12.0	1.00239617648	390784788.628
13.0	1.00259617575	423478189.338
14.0	1.00279617501	456190609.016
15.0	1.00299617427	488919946.656
16.0	1.00319617354	523576054.907
17.0	1.00339617281	1.25701742929e+54
18.0	1.00359617208	587053736.193
19.0	1.00379617135	619550126.857
20.0	1.00399617064	-1.05446513939e+61
21.0	1.00419616995	683373967.361
22.0	1.00439616926	-2.76765676764e+203
23.0	1.00459616858	744745405.345
24.0	1.00479616791	774461902.581
25.0	1.00499616725	803642413.509
26.0	1.00519616658	832380034.229
27.0	1.00539616593	7.83484080581e+301
28.0	1.00559616528	-1.33621175606e+258
29.0	1.00579616463	916484313.434
30.0	1.005996164	2.45144942745e+179
31.0	1.00619616338	5.31377299493e+71
32.0	1.00639616277	2.00645028603e+208
33.0	1.00659616218	1025604820.91
34.0	1.00679616159	2.95726101834e+37
35.0	1.00699616101	1.42640802027e+80
36.0	1.00719616044	1105556040.42
37.0	1.00739615987	-3.46868593377e+106
38.0	1.00759615931	5.65149918167e+172
39.0	1.00779615875	1183540384.3
40.0	1.00799615821	-1.37339807272e+272
41.0	1.00819615767	-5.61845349659e+124
42.0	1.00839615713	-4.38728866107e+236
43.0	1.0085961566	4.17575043236e+55
44.0	1.00879615608	1308603984.01
45.0	1.00899615556	1332931561.15
46.0	1.00919615504	2.3582146055e+291
47.0	1.00939615453	-3.17477718362e+245
48.0	1.00959615402	1404733936.61
49.0	1.00979615352	1428310463.22
50.0	1.00999615302	1451727207.97
51.0	1.01019615252	-1.57177555344e+232
52.0	1.01039615202	2.008238382e+183
53.0	1.01059615152	1.60900319194e+56
54.0	1.01079615103	1544011900.25
55.0	1.01099615053	5.16617557372e+235
56.0	1.01119615003	1589467691.68
57.0	1.01139614953	1612055018.84
58.0	1.01159614901	1634558847.93
59.0	1.0117961485	1656985388.56
60.0	1.01199614797	1679340940.01
61.0	1.01219614743	1701630527.39
62.0	1.01239614687	1723859280.54
63.0	1.01259614631	1746031251.82
64.0	1.01279614573	1768150620.02
65.0	1.01299614514	9.0771532081e+97
66.0	1.01319614453	-7.55141299432e+57
67.0	1.01339614391	1834225595.26
68.0	1.01359614328	1856165955.79
69.0	1.01379614264	1.24258946866e+121
70.0	1.01399614199	-2.12715437405e+67
71.0	1.01419614132	1921765923.5
72.0	1.01439614064	-5.36444759221e+296
73.0	1.01459613996	1965334313.49
74.0	1.01479613926	1987073944.95
75.0	1.01499613856	2008785623.51
76.0	1.01519613784	2030470734.84
77.0	1.01539613712	2052130289.27
78.0	1.01559613639	2073765469.5
79.0	1.01579613565	4.32902754658e+55
80.0	1.01599613491	2116966271.88
81.0	1.01619613415	-2.77239407437e+237
82.0	1.0163961334	-1.33352776654e+244
83.0	1.01659613263	2181606285.31
84.0	1.01679613187	2203112981.16
85.0	1.01699613109	2224600727.94
86.0	1.01719613031	5.10469400769e+258
87.0	1.01739612953	2.99727643401e+20
88.0	1.01759612874	2288956531.42
89.0	1.01779612795	2310374392.41
90.0	1.01799612716	2331776097.93
91.0	1.01819612636	7.86044473894e+272
92.0	1.01839612556	2374532682.67
93.0	1.01859612476	2.00543624214e+240
94.0	1.01879612395	2417229657.87
95.0	1.01899612314	2438556734.02
96.0	1.01919612233	2459870052.17
97.0	1.01939612152	-1.18669816228e+58
98.0	1.0195961207	2502456584.32
99.0	1.01979611989	1.97794915874e+106
100.0	1.01999611907	-5.34687525882e+91
101.0	1.01979611974	2506873909.58
102.0	1.01959612043	6.72165229343e+182
103.0	1.01939612115	2436970717.58
104.0	1.01919612186	2403229453.39
105.0	1.01899612259	-1.36363736457e+162
106.0	1.01879612332	3.1300113687e+173
107.0	1.01859612406	-1.45258389919e+63
108.0	1.01839612479	2270364166.15
109.0	1.01819612552	2237354768.83
110.0	1.018	2204393555.41
111.0	1.0178	2171453251.14
112.0	1.0176	2138539423.95
113.0	1.0174	2105649182.56
114.0	1.0172	2072781100.7
115.0	1.017	2039934082.21
116.0	1.0168	2007107624.24
117.0	1.0166	1974301275.14
118.0	1.0164	1941514876.58
119.0	1.0162	1908748219.4
120.0	1.016	1876001296.4
121.0	1.0158	1843274008.5
122.0	1.0156	1810566464.0
123.0	1.0154	1777878652.55
124.0	1.0152	1745210801.83
125.0	1.015	1712562993.84
126.0	1.0148	1679935614.23
127.0	1.0146	1647328863.73
128.0	1.0144	1614743284.62
129.0	1.0142	1582179172.03
130.0	1.014	1549637239.03
131.0	1.0138	1517118016.44
132.0	1.0136	1484622673.23
133.0	1.0134	1452152481.83
134.0	1.0132	1419710118.31
135.0	1.013	1387300214.0
136.0	1.0128	1354933378.21
137.0	1.0126	1322631230.52
138.0	1.0124	1290435758.86
139.0	1.0122	1258412014.3
140.0	1.012	1226639953.28
141.0	1.0118	1195191737.3
142.0	1.0116	1164123815.44
143.0	1.0114	1133475489.35
144.0	1.0112	1103269198.43
145.0	1.011	1073498620.51
146.0	1.0108	1044133480.68
147.0	1.0106	1015130362.45
148.0	1.0104	986445170.855
149.0	1.0102	958035014.575
150.0	1.01	929861489.573
151.0	1.0098	901890364.038
152.0	1.0096	874093917.18
153.0	1.0094	846450253.04
154.0	1.0092	818944130.467
155.0	1.009	791565129.757
156.0	1.0088	764306296.039
157.0	1.0086	737161410.211
158.0	1.0084	710124177.373
159.0	1.0082	683187414.164
160.0	1.008	656343736.704
161.0	1.0078	629585683.502
162.0	1.0076	602906523.534
163.0	1.0074	576300382.535
164.0	1.0072	549762714.615
165.0	1.007	523290363.294
166.0	1.0068	496881859.04
167.0	1.0066	470537437.769
168.0	1.0064	444259080.457
169.0	1.0062	418050515.077
170.0	1.006	391917255.856
171.0	1.0058	365866663.383
172.0	1.0056	339907665.353
173.0	1.0054	314050273.449
174.0	1.0051961695	288303011.831
175.0	1.005	262698185.01
176.0	1.0048	237208026.989
177.0	1.0046	211845338.162
178.0	1.0044	186612034.897
179.0	1.00419617227	161505631.927
180.0	1.004	136541503.617
181.0	1.0038	111695341.596
182.0	1.0036	86969665.8538
183.0	1.0034	62357486.1421
184.0	1.00319617495	37854551.6605
185.0	1.003	13468133.3884
186.0	1.0028	-10818845.2712
187.0	1.0026	-35006460.8004
188.0	1.00239617705	7255073865.01
189.0	1.0022	-83094953.8946
190.0	1.002	-107000422.21
191.0	1.0018	-130816413.724
192.0	1.0015961791	-1.1931471968e+156
193.0	1.0014	-178187203.263
194.0	1.0012	-201744295.22
195.0	1.00099618063	2.10117057281e+23
196.0	1.0008	-248613651.369
197.0	1.0006	-271928766.692
198.0	1.0004	-295168562.556
199.0	1.0002	-318335486.495
200.0	1.0	-341433399.969
201.0	0.9998	-364463493.342
202.0	0.9996	-387430573.661
203.0	0.9994	-410335576.819
204.0	0.9992	-433183644.371
205.0	0.999	-455975473.515
206.0	0.9988	-478716101.988
207.0	0.9986	-501406207.396
208.0	0.9984	-524050307.651
209.0	0.9982	-546649168.026
210.0	0.998	-569206612.216
211.0	0.9978	-591723486.767
212.0	0.9976	-614202932.637
213.0	0.9974	-636645833.9
214.0	0.9972	-659054744.057
215.0	0.997	-681430548.511
216.0	0.9968	-703775337.984
217.0	0.9966	-726089988.587
218.0	0.9964	-748376254.019
219.0	0.9962	-770635003.203
220.0	0.996	-792867747.608
221.0	0.9958	-815075342.658
222.0	0.9956	-837259116.628
223.0	0.9954	-859419896.143
224.0	0.9952	-881558857.695
225.0	0.995	-903676781.89
226.0	0.9948	-925774714.741
227.0	0.9946	-947853381.834
228.0	0.9944	-969913716.766
229.0	0.9942	-991956387.119
230.0	0.994	-1013982229.68
231.0	0.9938	-1035991854.48
232.0	0.9936	-1057986013.12
233.0	0.9934	-1079965258.62
234.0	0.9932	-1101930267.63
235.0	0.993	-1123881540.42
236.0	0.9928	-1145819690.35
237.0	0.9926	-1167745171.76
238.0	0.9924	-1189658545.28
239.0	0.9922	-1211560225.16
240.0	0.992	-1233450726.55
241.0	0.9918	-1255330427.1
242.0	0.9916	-1277199800.27
243.0	0.9914	-1299059188.46
244.0	0.9912	-1320909026.26
245.0	0.991	-1342749623.03
246.0	0.9908	-1364581377.73
247.0	0.9906	-1386404568.75
248.0	0.9904	-1408219561.4
249.0	0.9902	-1430026604.06
250.0	0.99	-1451826029.89
251.0	0.9898	-1473618058.67
252.0	0.9896	-1495402994.33
253.0	0.9894	-1517181031.85
254.0	0.9892	-1538952450.59
255.0	0.989	-1560717424.73
256.0	0.9888	-1582476212.61
257.0	0.9886	-1604228970.94
258.0	0.9884	-1625975941.04
259.0	0.9882	-1647717266.57
260.0	0.988	-1669453176.98
261.0	0.9878	-1691183807.3
262.0	0.9876	-1712909378.02
263.0	0.9874	-1734630017.02
264.0	0.9872	-1756345936.37
265.0	0.987	-1778057257.04
266.0	0.9868	-1799764182.58
267.0	0.9866	-1821466826.58
268.0	0.9864	-1843165383.26
269.0	0.9862	-1864859958.07
270.0	0.986	-1886550735.61
271.0	0.9858	-1908237813.43
272.0	0.9856	-1929921367.38
273.0	0.9854	-1951601488.24
274.0	0.9852	-1973278344.16
275.0	0.985	-1994952019.96
276.0	0.9848	-2016622676.62
277.0	0.9846	-2038290393.28
278.0	0.9844	-2059955323.96
279.0	0.9842	-2081617542.34
280.0	0.984	-2103277195.73
281.0	0.9838	-2124934352.77
282.0	0.9836	-2146589154.86
283.0	0.9834	-2168241666.63
284.0	0.9832	-2189892024.81
285.0	0.983	-2211540290.69
286.0	0.9828	-2233186596.55
287.0	0.9826	-2254830999.73
288.0	0.9824	-2276473627.15
289.0	0.9822	-2298114531.04
290.0	0.982	-2319753832.38
291.0	0.9818	-2341391578.34
292.0	0.9816	-2363027884.7
293.0	0.9814	-2384662794.91
294.0	0.9812	-2406296421.12
295.0	0.981	-2427928804.59
296.0	0.9808	-2449560054.85
297.0	0.9806	-2471190211.5
298.0	0.9804	-2492819381.48
299.0	0.9802	-2514447602.51
300.0	0.979996250407	-2536064261.7
301.0	0.9802	-2500052343.34
302.0	0.9804	-2466178604.94
303.0	0.9806	-2433258114.38
304.0	0.9808	-2400851388.87
305.0	0.981	-2368677013.22
306.0	0.9812	-2336630133.27
307.0	0.9814	-2304641825.52
308.0	0.9816	-2272682313.06
309.0	0.9818	-2240731246.33
310.0	0.982	-2208778055.66
311.0	0.9822	-2176815260.15
312.0	0.9824	-2144839253.84
313.0	0.9826	-2112847253.86
314.0	0.9828	-2080838081.0
315.0	0.983	-2048810608.9
316.0	0.9832	-2016764509.6
317.0	0.9834	-1984699255.83
318.0	0.9836	-1952614842.65
319.0	0.9838	-1920511003.32
320.0	0.984	-1888387890.44
321.0	0.9842	-1856245384.67
322.0	0.9844	-1824083784.92
323.0	0.9846	-1791903160.47
324.0	0.9848	-1759704069.48
325.0	0.985	-1727486863.26
326.0	0.9852	-1695252481.29
327.0	0.9854	-1663001572.36
328.0	0.9856	-1630735435.3
329.0	0.9858	-1598454980.46
330.0	0.986	-1566161842.59
331.0	0.9862	-1533857217.79
332.0	0.9864	-1501543108.3
333.0	0.9866	-1469221312.9
334.0	0.9868	-1436895283.46
335.0	0.987	-1404570406.89
336.0	0.9872	-1372258539.02
337.0	0.9874	-1339982602.01
338.0	0.9876	-1307785004.74
339.0	0.9878	-1275727628.93
340.0	0.988	-1243882783.88
341.0	0.9882	-1212317795.28
342.0	0.9884	-1181090948.19
343.0	0.9886	-1150245521.93
344.0	0.9888	-1119860010.88
345.0	0.989	-1089829746.41
346.0	0.9892	-1060164088.85
347.0	0.9894	-1030798409.98
348.0	0.9896	-1001719749.14
349.0	0.9898	-972890000.488
350.0	0.99	-944278019.916
351.0	0.9902	-915851203.582
352.0	0.9904	-887581682.746
353.0	0.9906	-859447899.262
354.0	0.9908	-831435017.873
355.0	0.991	-803533237.069
356.0	0.9912	-775736445.434
357.0	0.9914	-748039245.259
358.0	0.9916	-720436285.071
359.0	0.9918	-692921127.667
360.0	0.992	-665487074.274
361.0	0.9922	-638127258.007
362.0	0.9924	-610835586.831
363.0	0.9926	-583606832.274
364.0	0.9928	-556437151.161
365.0	0.993	-529324077.886
366.0	0.9932	-502266887.782
367.0	0.9934	-475266625.065
368.0	0.9936	-448326329.758
369.0	0.9938	-421451129.314
370.0	0.994	-394648444.042
371.0	0.9942	-367928022.793
372.0	0.9944	-341301567.445
373.0	0.9946	-314781885.201
374.0	0.9948	-288400153.614
375.0	0.995	-262137654.839
376.0	0.9952	-236008501.457
377.0	0.9954	-210017869.619
378.0	0.9956	-184165793.764
379.0	0.9958	-158466533.406
380.0	0.996	-132898881.68
381.0	0.9962	-107465038.596
382.0	0.9964	-82158235.5676
383.0	0.9966	-56974374.6861
384.0	0.9968	-31920290.698
385.0	0.997	-6978827.39952
386.0	0.9972	17850534.2211
387.0	0.9974	42572982.741
388.0	0.9976	67184874.3007
389.0	0.9978	91694912.61
390.0	0.998	116103642.513
391.0	0.9982	140412266.334
392.0	0.9984	164623036.442
393.0	0.9986	188738471.658
394.0	0.9988	212760309.008
395.0	0.999	236689167.682
396.0	0.9992	260530349.669
397.0	0.9994	284282696.777
398.0	0.9996	307951551.091
399.0	0.9998	331540500.423
400.0	1.0	355049217.476
401.0	1.0002	378483175.781
402.0	1.0004	401845033.354
403.0	1.0006	425138549.328
404.0	1.0008	448365088.334
405.0	1.001	471529511.372
406.0	1.0012	494632641.098
407.0	1.0014	517679163.825
408.0	1.0016	540669772.678
409.0	1.0018	563608574.739
410.0	1.002	586496397.641
411.0	1.0022	609336623.88
412.0	1.0024	632130234.718
413.0	1.0026	654879903.147
414.0	1.0028	677586678.214
415.0	1.003	700252641.13
416.0	1.0032	722878840.693
417.0	1.0034	745466928.829
418.0	1.0036	768017939.99
419.0	1.0038	790533245.827
420.0	1.004	813013871.516
421.0	1.0042	835461007.2
422.0	1.0044	857875661.505
423.0	1.0046	880258891.562
424.0	1.0048	902611668.472
425.0	1.005	924934933.279
426.0	1.0052	947229596.526
427.0	1.0054	969496489.646
428.0	1.0056	991736450.341
429.0	1.0058	1013950212.19
430.0	1.006	1036138542.8
431.0	1.0062	1058302095.56
432.0	1.0064	1080441577.14
433.0	1.0066	1102557576.49
434.0	1.0068	1124650747.71
435.0	1.007	1146721625.68
436.0	1.0072	1168770815.83
437.0	1.0074	1190798803.87
438.0	1.0076	1212806148.18
439.0	1.0078	1234793288.49
440.0	1.008	1256760739.13
441.0	1.0082	1278708898.77
442.0	1.0084	1300638242.14
443.0	1.0086	1322549131.07
444.0	1.0088	1344442003.1
445.0	1.009	1366317184.86
446.0	1.0092	1388175077.58
447.0	1.0094	1410015973.85
448.0	1.0096	1431840240.0
449.0	1.0098	1453648135.96
450.0	1.01	1475439994.47
451.0	1.0102	1497216044.58
452.0	1.0104	1518976588.72
453.0	1.0106	1540721829.99
454.0	1.0108	1562452047.37
455.0	1.011	1584167425.64
456.0	1.0112	1605868227.42
457.0	1.0114	1627554624.42
458.0	1.0116	1649226865.47
459.0	1.0118	1670885109.89
460.0	1.012	1692529592.69
461.0	1.0122	1714160461.22
462.0	1.0124	1735777938.08
463.0	1.0126	1757382160.76
464.0	1.0128	1778973341.99
465.0	1.013	1800551611.69
466.0	1.0132	1822117174.24
467.0	1.0134	1843670152.67
468.0	1.0136	1865210743.06
469.0	1.0138	1886739061.29
470.0	1.014	1908255294.77
471.0	1.0142	1929759551.83
472.0	1.0144	1951252010.92
473.0	1.0146	1972732772.55
474.0	1.0148	1994202005.98
475.0	1.015	2015659803.71
476.0	1.0152	2037106325.85
477.0	1.0154	2058541656.97
478.0	1.0156	2079965948.26
479.0	1.0158	2101379276.83
480.0	1.016	2122781785.64
481.0	1.0162	2144173545.2
482.0	1.0164	2165554691.32
483.0	1.0166	2186925288.9
484.0	1.0168	2208285467.39
485.0	1.017	2229635286.51
486.0	1.0172	2250974869.4
487.0	1.0174	2272304270.6
488.0	1.0176	2293623606.91
489.0	1.0178	2314932927.88
490.0	1.018	2336232344.17
491.0	1.0182	2357521900.44
492.0	1.0184	2378801701.56
493.0	1.0186	2400071787.82
494.0	1.0188	2421332258.89
495.0	1.019	2442583151.09
496.0	1.0192	2463824559.42
497.0	1.0194	2485056516.74
498.0	1.0196	2506279113.95
499.0	1.0198	2527492381.33
500.0	1.02	2548696406.91
501.0	1.02	2548696406.91
